[2023-06-09 15:08:33,709] {taskinstance.py:1035} INFO - Dependencies all met for <TaskInstance: sftp_raw_data_full_load_pipeline.extract_from_file_data_8.csv scheduled__2023-06-08T00:00:00+00:00 [queued]>
[2023-06-09 15:08:33,856] {taskinstance.py:1035} INFO - Dependencies all met for <TaskInstance: sftp_raw_data_full_load_pipeline.extract_from_file_data_8.csv scheduled__2023-06-08T00:00:00+00:00 [queued]>
[2023-06-09 15:08:33,857] {taskinstance.py:1241} INFO - 
--------------------------------------------------------------------------------
[2023-06-09 15:08:33,858] {taskinstance.py:1242} INFO - Starting attempt 1 of 1
[2023-06-09 15:08:33,859] {taskinstance.py:1243} INFO - 
--------------------------------------------------------------------------------
[2023-06-09 15:08:34,038] {taskinstance.py:1262} INFO - Executing <Task(PythonOperator): extract_from_file_data_8.csv> on 2023-06-08 00:00:00+00:00
[2023-06-09 15:08:34,060] {standard_task_runner.py:52} INFO - Started process 1492 to run task
[2023-06-09 15:08:34,113] {standard_task_runner.py:76} INFO - Running: ['***', 'tasks', 'run', 'sftp_raw_data_full_load_pipeline', 'extract_from_file_data_8.csv', 'scheduled__2023-06-08T00:00:00+00:00', '--job-id', '30', '--raw', '--subdir', 'DAGS_FOLDER/sftp_raw_data_full_load_pipeline.py', '--cfg-path', '/tmp/tmpch6k90t8', '--error-file', '/tmp/tmpwv9ybah6']
[2023-06-09 15:08:34,167] {standard_task_runner.py:77} INFO - Job 30: Subtask extract_from_file_data_8.csv
[2023-06-09 15:08:34,549] {logging_mixin.py:109} INFO - Running <TaskInstance: sftp_raw_data_full_load_pipeline.extract_from_file_data_8.csv scheduled__2023-06-08T00:00:00+00:00 [running]> on host 8cb5811d1998
[2023-06-09 15:08:34,819] {taskinstance.py:1414} INFO - Exporting the following env vars:
AIRFLOW_CTX_DAG_EMAIL=Hassan@gmail.com
AIRFLOW_CTX_DAG_OWNER=Hassan
AIRFLOW_CTX_DAG_ID=sftp_raw_data_full_load_pipeline
AIRFLOW_CTX_TASK_ID=extract_from_file_data_8.csv
AIRFLOW_CTX_EXECUTION_DATE=2023-06-08T00:00:00+00:00
AIRFLOW_CTX_DAG_RUN_ID=scheduled__2023-06-08T00:00:00+00:00
[2023-06-09 15:08:34,835] {logging_mixin.py:109} INFO - ((), ())
[2023-06-09 15:08:35,023] {logging_mixin.py:109} INFO - Empty DataFrame
Columns: []
Index: []
[2023-06-09 15:08:35,085] {logging_mixin.py:109} INFO - [Errno 2] No such file or directory: './data/temp_files/2023-06-09_15:08:35.041939_leads_sftp.json'
[2023-06-09 15:08:35,233] {python.py:152} INFO - Done. Returned value was: None
[2023-06-09 15:08:38,495] {taskinstance.py:1280} INFO - Marking task as SUCCESS. dag_id=sftp_raw_data_full_load_pipeline, task_id=extract_from_file_data_8.csv, execution_date=20230608T000000, start_date=20230609T150833, end_date=20230609T150838
[2023-06-09 15:08:38,655] {local_task_job.py:154} INFO - Task exited with return code 0
[2023-06-09 15:08:40,996] {local_task_job.py:264} INFO - 1 downstream tasks scheduled from follow-on schedule check
[2023-06-09 15:22:11,818] {taskinstance.py:1035} INFO - Dependencies all met for <TaskInstance: sftp_raw_data_full_load_pipeline.extract_from_file_data_8.csv manual__2023-06-09T15:20:24.730543+00:00 [queued]>
[2023-06-09 15:22:11,980] {taskinstance.py:1035} INFO - Dependencies all met for <TaskInstance: sftp_raw_data_full_load_pipeline.extract_from_file_data_8.csv manual__2023-06-09T15:20:24.730543+00:00 [queued]>
[2023-06-09 15:22:11,981] {taskinstance.py:1241} INFO - 
--------------------------------------------------------------------------------
[2023-06-09 15:22:11,982] {taskinstance.py:1242} INFO - Starting attempt 1 of 1
[2023-06-09 15:22:11,983] {taskinstance.py:1243} INFO - 
--------------------------------------------------------------------------------
[2023-06-09 15:22:12,217] {taskinstance.py:1262} INFO - Executing <Task(PythonOperator): extract_from_file_data_8.csv> on 2023-06-09 15:20:24.730543+00:00
[2023-06-09 15:22:12,259] {standard_task_runner.py:52} INFO - Started process 3428 to run task
[2023-06-09 15:22:12,279] {standard_task_runner.py:76} INFO - Running: ['***', 'tasks', 'run', 'sftp_raw_data_full_load_pipeline', 'extract_from_file_data_8.csv', 'manual__2023-06-09T15:20:24.730543+00:00', '--job-id', '64', '--raw', '--subdir', 'DAGS_FOLDER/sftp_raw_data_full_load_pipeline.py', '--cfg-path', '/tmp/tmp760m4dan', '--error-file', '/tmp/tmpp8s5us7j']
[2023-06-09 15:22:12,310] {standard_task_runner.py:77} INFO - Job 64: Subtask extract_from_file_data_8.csv
[2023-06-09 15:22:12,499] {logging_mixin.py:109} INFO - Running <TaskInstance: sftp_raw_data_full_load_pipeline.extract_from_file_data_8.csv manual__2023-06-09T15:20:24.730543+00:00 [running]> on host 8cb5811d1998
[2023-06-09 15:22:12,963] {taskinstance.py:1414} INFO - Exporting the following env vars:
AIRFLOW_CTX_DAG_EMAIL=Hassan@gmail.com
AIRFLOW_CTX_DAG_OWNER=Hassan
AIRFLOW_CTX_DAG_ID=sftp_raw_data_full_load_pipeline
AIRFLOW_CTX_TASK_ID=extract_from_file_data_8.csv
AIRFLOW_CTX_EXECUTION_DATE=2023-06-09T15:20:24.730543+00:00
AIRFLOW_CTX_DAG_RUN_ID=manual__2023-06-09T15:20:24.730543+00:00
[2023-06-09 15:22:12,992] {logging_mixin.py:109} INFO - ((), ())
[2023-06-09 15:22:13,101] {logging_mixin.py:109} INFO - Empty DataFrame
Columns: []
Index: []
[2023-06-09 15:22:13,116] {logging_mixin.py:109} INFO - [Errno 2] No such file or directory: './data/temp_files/2023-06-09_15:22:13.104314_leads_sftp.json'
[2023-06-09 15:22:13,167] {python.py:152} INFO - Done. Returned value was: None
[2023-06-09 15:22:13,543] {taskinstance.py:1280} INFO - Marking task as SUCCESS. dag_id=sftp_raw_data_full_load_pipeline, task_id=extract_from_file_data_8.csv, execution_date=20230609T152024, start_date=20230609T152211, end_date=20230609T152213
[2023-06-09 15:22:13,760] {local_task_job.py:154} INFO - Task exited with return code 0
[2023-06-09 15:22:14,630] {local_task_job.py:264} INFO - 1 downstream tasks scheduled from follow-on schedule check
[2023-06-09 16:52:28,053] {taskinstance.py:1035} INFO - Dependencies all met for <TaskInstance: sftp_raw_data_full_load_pipeline.extract_from_file_data_8.csv scheduled__2023-06-08T00:00:00+00:00 [queued]>
[2023-06-09 16:52:28,263] {taskinstance.py:1035} INFO - Dependencies all met for <TaskInstance: sftp_raw_data_full_load_pipeline.extract_from_file_data_8.csv scheduled__2023-06-08T00:00:00+00:00 [queued]>
[2023-06-09 16:52:28,265] {taskinstance.py:1241} INFO - 
--------------------------------------------------------------------------------
[2023-06-09 16:52:28,266] {taskinstance.py:1242} INFO - Starting attempt 1 of 1
[2023-06-09 16:52:28,267] {taskinstance.py:1243} INFO - 
--------------------------------------------------------------------------------
[2023-06-09 16:52:28,473] {taskinstance.py:1262} INFO - Executing <Task(PythonOperator): extract_from_file_data_8.csv> on 2023-06-08 00:00:00+00:00
[2023-06-09 16:52:28,519] {standard_task_runner.py:52} INFO - Started process 810 to run task
[2023-06-09 16:52:28,538] {standard_task_runner.py:76} INFO - Running: ['***', 'tasks', 'run', 'sftp_raw_data_full_load_pipeline', 'extract_from_file_data_8.csv', 'scheduled__2023-06-08T00:00:00+00:00', '--job-id', '21', '--raw', '--subdir', 'DAGS_FOLDER/sftp_raw_data_full_load_pipeline.py', '--cfg-path', '/tmp/tmp48uty0p8', '--error-file', '/tmp/tmp8v13ulov']
[2023-06-09 16:52:28,579] {standard_task_runner.py:77} INFO - Job 21: Subtask extract_from_file_data_8.csv
[2023-06-09 16:52:28,959] {logging_mixin.py:109} INFO - Running <TaskInstance: sftp_raw_data_full_load_pipeline.extract_from_file_data_8.csv scheduled__2023-06-08T00:00:00+00:00 [running]> on host 6ba608d2de6e
[2023-06-09 16:52:29,510] {taskinstance.py:1414} INFO - Exporting the following env vars:
AIRFLOW_CTX_DAG_EMAIL=Hassan@gmail.com
AIRFLOW_CTX_DAG_OWNER=Hassan
AIRFLOW_CTX_DAG_ID=sftp_raw_data_full_load_pipeline
AIRFLOW_CTX_TASK_ID=extract_from_file_data_8.csv
AIRFLOW_CTX_EXECUTION_DATE=2023-06-08T00:00:00+00:00
AIRFLOW_CTX_DAG_RUN_ID=scheduled__2023-06-08T00:00:00+00:00
[2023-06-09 16:52:33,041] {python.py:152} INFO - Done. Returned value was: None
[2023-06-09 16:52:34,568] {taskinstance.py:1280} INFO - Marking task as SUCCESS. dag_id=sftp_raw_data_full_load_pipeline, task_id=extract_from_file_data_8.csv, execution_date=20230608T000000, start_date=20230609T165228, end_date=20230609T165234
[2023-06-09 16:52:34,979] {local_task_job.py:154} INFO - Task exited with return code 0
[2023-06-09 16:52:37,489] {local_task_job.py:264} INFO - 1 downstream tasks scheduled from follow-on schedule check
