[2023-06-09 22:15:24,842] {taskinstance.py:1035} INFO - Dependencies all met for <TaskInstance: sftp_raw_data_inc_load_pipeline.extract_from_file_data_13.csv manual__2023-06-09T22:03:08.195880+00:00 [queued]>
[2023-06-09 22:15:24,940] {taskinstance.py:1035} INFO - Dependencies all met for <TaskInstance: sftp_raw_data_inc_load_pipeline.extract_from_file_data_13.csv manual__2023-06-09T22:03:08.195880+00:00 [queued]>
[2023-06-09 22:15:24,946] {taskinstance.py:1241} INFO - 
--------------------------------------------------------------------------------
[2023-06-09 22:15:24,949] {taskinstance.py:1242} INFO - Starting attempt 2 of 2
[2023-06-09 22:15:24,950] {taskinstance.py:1243} INFO - 
--------------------------------------------------------------------------------
[2023-06-09 22:15:25,128] {taskinstance.py:1262} INFO - Executing <Task(PythonOperator): extract_from_file_data_13.csv> on 2023-06-09 22:03:08.195880+00:00
[2023-06-09 22:15:25,161] {standard_task_runner.py:52} INFO - Started process 14802 to run task
[2023-06-09 22:15:25,181] {standard_task_runner.py:76} INFO - Running: ['***', 'tasks', 'run', 'sftp_raw_data_inc_load_pipeline', 'extract_from_file_data_13.csv', 'manual__2023-06-09T22:03:08.195880+00:00', '--job-id', '152', '--raw', '--subdir', 'DAGS_FOLDER/sftp_raw_data_inc_load_pipeline.py', '--cfg-path', '/tmp/tmpietc9p_t', '--error-file', '/tmp/tmpbj8fa86g']
[2023-06-09 22:15:25,237] {standard_task_runner.py:77} INFO - Job 152: Subtask extract_from_file_data_13.csv
[2023-06-09 22:15:25,459] {logging_mixin.py:109} INFO - Running <TaskInstance: sftp_raw_data_inc_load_pipeline.extract_from_file_data_13.csv manual__2023-06-09T22:03:08.195880+00:00 [running]> on host 6ba608d2de6e
[2023-06-09 22:15:25,764] {taskinstance.py:1414} INFO - Exporting the following env vars:
AIRFLOW_CTX_DAG_EMAIL=Hassan@gmail.com
AIRFLOW_CTX_DAG_OWNER=Hassan
AIRFLOW_CTX_DAG_ID=sftp_raw_data_inc_load_pipeline
AIRFLOW_CTX_TASK_ID=extract_from_file_data_13.csv
AIRFLOW_CTX_EXECUTION_DATE=2023-06-09T22:03:08.195880+00:00
AIRFLOW_CTX_DAG_RUN_ID=manual__2023-06-09T22:03:08.195880+00:00
[2023-06-09 22:15:28,099] {python.py:152} INFO - Done. Returned value was: None
[2023-06-09 22:15:28,438] {taskinstance.py:1280} INFO - Marking task as SUCCESS. dag_id=sftp_raw_data_inc_load_pipeline, task_id=extract_from_file_data_13.csv, execution_date=20230609T220308, start_date=20230609T221524, end_date=20230609T221528
[2023-06-09 22:15:28,686] {local_task_job.py:154} INFO - Task exited with return code 0
[2023-06-09 22:15:29,335] {local_task_job.py:264} INFO - 1 downstream tasks scheduled from follow-on schedule check
