[2023-06-09 23:27:07,521] {taskinstance.py:1035} INFO - Dependencies all met for <TaskInstance: leads_raw_data_full_load_pipeline.parquet_to_postgres scheduled__2023-03-12T00:00:00+00:00 [queued]>
[2023-06-09 23:27:07,723] {taskinstance.py:1035} INFO - Dependencies all met for <TaskInstance: leads_raw_data_full_load_pipeline.parquet_to_postgres scheduled__2023-03-12T00:00:00+00:00 [queued]>
[2023-06-09 23:27:07,725] {taskinstance.py:1241} INFO - 
--------------------------------------------------------------------------------
[2023-06-09 23:27:07,726] {taskinstance.py:1242} INFO - Starting attempt 1 of 1
[2023-06-09 23:27:07,729] {taskinstance.py:1243} INFO - 
--------------------------------------------------------------------------------
[2023-06-09 23:27:07,904] {taskinstance.py:1262} INFO - Executing <Task(PythonOperator): parquet_to_postgres> on 2023-03-12 00:00:00+00:00
[2023-06-09 23:27:07,931] {standard_task_runner.py:52} INFO - Started process 25956 to run task
[2023-06-09 23:27:07,956] {standard_task_runner.py:76} INFO - Running: ['***', 'tasks', 'run', 'leads_raw_data_full_load_pipeline', 'parquet_to_postgres', 'scheduled__2023-03-12T00:00:00+00:00', '--job-id', '503', '--raw', '--subdir', 'DAGS_FOLDER/leads_raw_data_full_load_pipeline.py', '--cfg-path', '/tmp/tmpe8wjqevu', '--error-file', '/tmp/tmpoj_1keav']
[2023-06-09 23:27:07,982] {standard_task_runner.py:77} INFO - Job 503: Subtask parquet_to_postgres
[2023-06-09 23:27:08,303] {logging_mixin.py:109} INFO - Running <TaskInstance: leads_raw_data_full_load_pipeline.parquet_to_postgres scheduled__2023-03-12T00:00:00+00:00 [running]> on host 6ba608d2de6e
[2023-06-09 23:27:08,615] {taskinstance.py:1414} INFO - Exporting the following env vars:
AIRFLOW_CTX_DAG_OWNER=***
AIRFLOW_CTX_DAG_ID=leads_raw_data_full_load_pipeline
AIRFLOW_CTX_TASK_ID=parquet_to_postgres
AIRFLOW_CTX_EXECUTION_DATE=2023-03-12T00:00:00+00:00
AIRFLOW_CTX_DAG_RUN_ID=scheduled__2023-03-12T00:00:00+00:00
[2023-06-09 23:27:15,862] {logging_mixin.py:109} INFO - Parquet file loaded into PostgreSQL successfully.
[2023-06-09 23:27:15,871] {python.py:152} INFO - Done. Returned value was: None
[2023-06-09 23:27:17,622] {taskinstance.py:1280} INFO - Marking task as SUCCESS. dag_id=leads_raw_data_full_load_pipeline, task_id=parquet_to_postgres, execution_date=20230312T000000, start_date=20230609T232707, end_date=20230609T232717
[2023-06-09 23:27:18,191] {local_task_job.py:154} INFO - Task exited with return code 0
[2023-06-09 23:27:20,982] {local_task_job.py:264} INFO - 0 downstream tasks scheduled from follow-on schedule check
