[2023-06-09 22:16:19,060] {taskinstance.py:1035} INFO - Dependencies all met for <TaskInstance: sftp_raw_data_inc_load_pipeline.load_sftp_data_data_1.csv manual__2023-06-09T22:03:08.195880+00:00 [queued]>
[2023-06-09 22:16:19,413] {taskinstance.py:1035} INFO - Dependencies all met for <TaskInstance: sftp_raw_data_inc_load_pipeline.load_sftp_data_data_1.csv manual__2023-06-09T22:03:08.195880+00:00 [queued]>
[2023-06-09 22:16:19,420] {taskinstance.py:1241} INFO - 
--------------------------------------------------------------------------------
[2023-06-09 22:16:19,435] {taskinstance.py:1242} INFO - Starting attempt 1 of 1
[2023-06-09 22:16:19,436] {taskinstance.py:1243} INFO - 
--------------------------------------------------------------------------------
[2023-06-09 22:16:19,784] {taskinstance.py:1262} INFO - Executing <Task(PythonOperator): load_sftp_data_data_1.csv> on 2023-06-09 22:03:08.195880+00:00
[2023-06-09 22:16:19,836] {standard_task_runner.py:52} INFO - Started process 15187 to run task
[2023-06-09 22:16:19,834] {standard_task_runner.py:76} INFO - Running: ['***', 'tasks', 'run', 'sftp_raw_data_inc_load_pipeline', 'load_sftp_data_data_1.csv', 'manual__2023-06-09T22:03:08.195880+00:00', '--job-id', '190', '--raw', '--subdir', 'DAGS_FOLDER/sftp_raw_data_inc_load_pipeline.py', '--cfg-path', '/tmp/tmp76xjczw9', '--error-file', '/tmp/tmpz_jajwhx']
[2023-06-09 22:16:19,865] {standard_task_runner.py:77} INFO - Job 190: Subtask load_sftp_data_data_1.csv
[2023-06-09 22:16:20,119] {logging_mixin.py:109} INFO - Running <TaskInstance: sftp_raw_data_inc_load_pipeline.load_sftp_data_data_1.csv manual__2023-06-09T22:03:08.195880+00:00 [running]> on host 6ba608d2de6e
[2023-06-09 22:16:20,636] {taskinstance.py:1414} INFO - Exporting the following env vars:
AIRFLOW_CTX_DAG_EMAIL=Hassan@gmail.com
AIRFLOW_CTX_DAG_OWNER=Hassan
AIRFLOW_CTX_DAG_ID=sftp_raw_data_inc_load_pipeline
AIRFLOW_CTX_TASK_ID=load_sftp_data_data_1.csv
AIRFLOW_CTX_EXECUTION_DATE=2023-06-09T22:03:08.195880+00:00
AIRFLOW_CTX_DAG_RUN_ID=manual__2023-06-09T22:03:08.195880+00:00
[2023-06-09 22:16:30,009] {python.py:152} INFO - Done. Returned value was: None
[2023-06-09 22:16:30,161] {taskinstance.py:1280} INFO - Marking task as SUCCESS. dag_id=sftp_raw_data_inc_load_pipeline, task_id=load_sftp_data_data_1.csv, execution_date=20230609T220308, start_date=20230609T221619, end_date=20230609T221630
[2023-06-09 22:16:30,670] {local_task_job.py:154} INFO - Task exited with return code 0
[2023-06-09 22:16:31,439] {local_task_job.py:264} INFO - 0 downstream tasks scheduled from follow-on schedule check
