[2023-06-09 22:34:43,249] {taskinstance.py:1035} INFO - Dependencies all met for <TaskInstance: sftp_raw_data_inc_load_pipeline.load_sftp_data_data_7.csv manual__2023-06-09T22:03:08.195880+00:00 [queued]>
[2023-06-09 22:34:43,812] {taskinstance.py:1035} INFO - Dependencies all met for <TaskInstance: sftp_raw_data_inc_load_pipeline.load_sftp_data_data_7.csv manual__2023-06-09T22:03:08.195880+00:00 [queued]>
[2023-06-09 22:34:43,823] {taskinstance.py:1241} INFO - 
--------------------------------------------------------------------------------
[2023-06-09 22:34:43,833] {taskinstance.py:1242} INFO - Starting attempt 5 of 5
[2023-06-09 22:34:43,844] {taskinstance.py:1243} INFO - 
--------------------------------------------------------------------------------
[2023-06-09 22:34:44,339] {taskinstance.py:1262} INFO - Executing <Task(PythonOperator): load_sftp_data_data_7.csv> on 2023-06-09 22:03:08.195880+00:00
[2023-06-09 22:34:44,435] {standard_task_runner.py:52} INFO - Started process 19040 to run task
[2023-06-09 22:34:44,550] {standard_task_runner.py:76} INFO - Running: ['***', 'tasks', 'run', 'sftp_raw_data_inc_load_pipeline', 'load_sftp_data_data_7.csv', 'manual__2023-06-09T22:03:08.195880+00:00', '--job-id', '404', '--raw', '--subdir', 'DAGS_FOLDER/sftp_raw_data_inc_load_pipeline.py', '--cfg-path', '/tmp/tmpm5za1rjk', '--error-file', '/tmp/tmpvygn_cu1']
[2023-06-09 22:34:44,637] {standard_task_runner.py:77} INFO - Job 404: Subtask load_sftp_data_data_7.csv
[2023-06-09 22:34:45,480] {logging_mixin.py:109} INFO - Running <TaskInstance: sftp_raw_data_inc_load_pipeline.load_sftp_data_data_7.csv manual__2023-06-09T22:03:08.195880+00:00 [running]> on host 6ba608d2de6e
[2023-06-09 22:34:46,436] {taskinstance.py:1414} INFO - Exporting the following env vars:
AIRFLOW_CTX_DAG_EMAIL=Hassan@gmail.com
AIRFLOW_CTX_DAG_OWNER=Hassan
AIRFLOW_CTX_DAG_ID=sftp_raw_data_inc_load_pipeline
AIRFLOW_CTX_TASK_ID=load_sftp_data_data_7.csv
AIRFLOW_CTX_EXECUTION_DATE=2023-06-09T22:03:08.195880+00:00
AIRFLOW_CTX_DAG_RUN_ID=manual__2023-06-09T22:03:08.195880+00:00
[2023-06-09 22:35:02,711] {python.py:152} INFO - Done. Returned value was: None
[2023-06-09 22:35:02,982] {taskinstance.py:1280} INFO - Marking task as SUCCESS. dag_id=sftp_raw_data_inc_load_pipeline, task_id=load_sftp_data_data_7.csv, execution_date=20230609T220308, start_date=20230609T223443, end_date=20230609T223502
[2023-06-09 22:35:03,286] {local_task_job.py:154} INFO - Task exited with return code 0
[2023-06-09 22:35:04,063] {local_task_job.py:264} INFO - 1 downstream tasks scheduled from follow-on schedule check
