[2023-06-09 23:25:04,952] {taskinstance.py:1035} INFO - Dependencies all met for <TaskInstance: leads_raw_data_full_load_pipeline.parquet_to_postgres scheduled__2023-01-21T00:00:00+00:00 [queued]>
[2023-06-09 23:25:05,172] {taskinstance.py:1035} INFO - Dependencies all met for <TaskInstance: leads_raw_data_full_load_pipeline.parquet_to_postgres scheduled__2023-01-21T00:00:00+00:00 [queued]>
[2023-06-09 23:25:05,175] {taskinstance.py:1241} INFO - 
--------------------------------------------------------------------------------
[2023-06-09 23:25:05,175] {taskinstance.py:1242} INFO - Starting attempt 1 of 1
[2023-06-09 23:25:05,176] {taskinstance.py:1243} INFO - 
--------------------------------------------------------------------------------
[2023-06-09 23:25:05,254] {taskinstance.py:1262} INFO - Executing <Task(PythonOperator): parquet_to_postgres> on 2023-01-21 00:00:00+00:00
[2023-06-09 23:25:05,266] {standard_task_runner.py:52} INFO - Started process 24922 to run task
[2023-06-09 23:25:05,290] {standard_task_runner.py:76} INFO - Running: ['***', 'tasks', 'run', 'leads_raw_data_full_load_pipeline', 'parquet_to_postgres', 'scheduled__2023-01-21T00:00:00+00:00', '--job-id', '453', '--raw', '--subdir', 'DAGS_FOLDER/leads_raw_data_full_load_pipeline.py', '--cfg-path', '/tmp/tmprhm5h__4', '--error-file', '/tmp/tmpydqfyjru']
[2023-06-09 23:25:05,312] {standard_task_runner.py:77} INFO - Job 453: Subtask parquet_to_postgres
[2023-06-09 23:25:05,545] {logging_mixin.py:109} INFO - Running <TaskInstance: leads_raw_data_full_load_pipeline.parquet_to_postgres scheduled__2023-01-21T00:00:00+00:00 [running]> on host 6ba608d2de6e
[2023-06-09 23:25:05,814] {taskinstance.py:1414} INFO - Exporting the following env vars:
AIRFLOW_CTX_DAG_OWNER=***
AIRFLOW_CTX_DAG_ID=leads_raw_data_full_load_pipeline
AIRFLOW_CTX_TASK_ID=parquet_to_postgres
AIRFLOW_CTX_EXECUTION_DATE=2023-01-21T00:00:00+00:00
AIRFLOW_CTX_DAG_RUN_ID=scheduled__2023-01-21T00:00:00+00:00
[2023-06-09 23:25:17,188] {logging_mixin.py:109} INFO - Parquet file loaded into PostgreSQL successfully.
[2023-06-09 23:25:17,195] {python.py:152} INFO - Done. Returned value was: None
[2023-06-09 23:25:18,381] {taskinstance.py:1280} INFO - Marking task as SUCCESS. dag_id=leads_raw_data_full_load_pipeline, task_id=parquet_to_postgres, execution_date=20230121T000000, start_date=20230609T232504, end_date=20230609T232518
[2023-06-09 23:25:18,733] {local_task_job.py:154} INFO - Task exited with return code 0
[2023-06-09 23:25:19,261] {local_task_job.py:264} INFO - 1 downstream tasks scheduled from follow-on schedule check
