[2023-06-09 22:03:26,862] {taskinstance.py:1029} INFO - Dependencies not met for <TaskInstance: sftp_raw_data_inc_load_pipeline.extract_from_file_data_11.csv scheduled__2023-06-08T00:00:00+00:00 [success]>, dependency 'Task Instance State' FAILED: Task is in the 'success' state which is not a valid state for execution. The task must be cleared in order to be run.
[2023-06-09 22:03:26,876] {local_task_job.py:99} INFO - Task is not able to be run
[2023-06-09 22:03:28,493] {taskinstance.py:1035} INFO - Dependencies all met for <TaskInstance: sftp_raw_data_inc_load_pipeline.extract_from_file_data_11.csv manual__2023-06-09T22:03:08.195880+00:00 [queued]>
[2023-06-09 22:03:28,923] {taskinstance.py:1035} INFO - Dependencies all met for <TaskInstance: sftp_raw_data_inc_load_pipeline.extract_from_file_data_11.csv manual__2023-06-09T22:03:08.195880+00:00 [queued]>
[2023-06-09 22:03:28,929] {taskinstance.py:1241} INFO - 
--------------------------------------------------------------------------------
[2023-06-09 22:03:28,934] {taskinstance.py:1242} INFO - Starting attempt 1 of 1
[2023-06-09 22:03:28,939] {taskinstance.py:1243} INFO - 
--------------------------------------------------------------------------------
[2023-06-09 22:03:29,192] {taskinstance.py:1262} INFO - Executing <Task(PythonOperator): extract_from_file_data_11.csv> on 2023-06-09 22:03:08.195880+00:00
[2023-06-09 22:03:29,258] {standard_task_runner.py:52} INFO - Started process 13202 to run task
[2023-06-09 22:03:29,272] {standard_task_runner.py:76} INFO - Running: ['***', 'tasks', 'run', 'sftp_raw_data_inc_load_pipeline', 'extract_from_file_data_11.csv', 'manual__2023-06-09T22:03:08.195880+00:00', '--job-id', '120', '--raw', '--subdir', 'DAGS_FOLDER/sftp_raw_data_inc_load_pipeline.py', '--cfg-path', '/tmp/tmpw5d4uiq9', '--error-file', '/tmp/tmp60aq9hn2']
[2023-06-09 22:03:29,309] {standard_task_runner.py:77} INFO - Job 120: Subtask extract_from_file_data_11.csv
[2023-06-09 22:03:29,781] {logging_mixin.py:109} INFO - Running <TaskInstance: sftp_raw_data_inc_load_pipeline.extract_from_file_data_11.csv manual__2023-06-09T22:03:08.195880+00:00 [running]> on host 6ba608d2de6e
[2023-06-09 22:03:30,209] {taskinstance.py:1414} INFO - Exporting the following env vars:
AIRFLOW_CTX_DAG_EMAIL=Hassan@gmail.com
AIRFLOW_CTX_DAG_OWNER=Hassan
AIRFLOW_CTX_DAG_ID=sftp_raw_data_inc_load_pipeline
AIRFLOW_CTX_TASK_ID=extract_from_file_data_11.csv
AIRFLOW_CTX_EXECUTION_DATE=2023-06-09T22:03:08.195880+00:00
AIRFLOW_CTX_DAG_RUN_ID=manual__2023-06-09T22:03:08.195880+00:00
[2023-06-09 22:03:33,509] {python.py:152} INFO - Done. Returned value was: None
[2023-06-09 22:03:33,845] {taskinstance.py:1280} INFO - Marking task as SUCCESS. dag_id=sftp_raw_data_inc_load_pipeline, task_id=extract_from_file_data_11.csv, execution_date=20230609T220308, start_date=20230609T220328, end_date=20230609T220333
[2023-06-09 22:03:34,096] {local_task_job.py:154} INFO - Task exited with return code 0
[2023-06-09 22:03:34,282] {local_task_job.py:264} INFO - 1 downstream tasks scheduled from follow-on schedule check
