[2023-06-09 22:30:59,903] {taskinstance.py:1035} INFO - Dependencies all met for <TaskInstance: sftp_raw_data_inc_load_pipeline.extract_from_file_data_11.csv manual__2023-06-09T22:03:08.195880+00:00 [queued]>
[2023-06-09 22:31:00,164] {taskinstance.py:1035} INFO - Dependencies all met for <TaskInstance: sftp_raw_data_inc_load_pipeline.extract_from_file_data_11.csv manual__2023-06-09T22:03:08.195880+00:00 [queued]>
[2023-06-09 22:31:00,166] {taskinstance.py:1241} INFO - 
--------------------------------------------------------------------------------
[2023-06-09 22:31:00,168] {taskinstance.py:1242} INFO - Starting attempt 6 of 6
[2023-06-09 22:31:00,170] {taskinstance.py:1243} INFO - 
--------------------------------------------------------------------------------
[2023-06-09 22:31:00,312] {taskinstance.py:1262} INFO - Executing <Task(PythonOperator): extract_from_file_data_11.csv> on 2023-06-09 22:03:08.195880+00:00
[2023-06-09 22:31:00,329] {standard_task_runner.py:52} INFO - Started process 18121 to run task
[2023-06-09 22:31:00,366] {standard_task_runner.py:76} INFO - Running: ['***', 'tasks', 'run', 'sftp_raw_data_inc_load_pipeline', 'extract_from_file_data_11.csv', 'manual__2023-06-09T22:03:08.195880+00:00', '--job-id', '337', '--raw', '--subdir', 'DAGS_FOLDER/sftp_raw_data_inc_load_pipeline.py', '--cfg-path', '/tmp/tmpluuou9jd', '--error-file', '/tmp/tmpfd8omg4_']
[2023-06-09 22:31:00,408] {standard_task_runner.py:77} INFO - Job 337: Subtask extract_from_file_data_11.csv
[2023-06-09 22:31:00,798] {logging_mixin.py:109} INFO - Running <TaskInstance: sftp_raw_data_inc_load_pipeline.extract_from_file_data_11.csv manual__2023-06-09T22:03:08.195880+00:00 [running]> on host 6ba608d2de6e
[2023-06-09 22:31:01,409] {taskinstance.py:1414} INFO - Exporting the following env vars:
AIRFLOW_CTX_DAG_EMAIL=Hassan@gmail.com
AIRFLOW_CTX_DAG_OWNER=Hassan
AIRFLOW_CTX_DAG_ID=sftp_raw_data_inc_load_pipeline
AIRFLOW_CTX_TASK_ID=extract_from_file_data_11.csv
AIRFLOW_CTX_EXECUTION_DATE=2023-06-09T22:03:08.195880+00:00
AIRFLOW_CTX_DAG_RUN_ID=manual__2023-06-09T22:03:08.195880+00:00
[2023-06-09 22:31:03,600] {python.py:152} INFO - Done. Returned value was: None
[2023-06-09 22:31:04,285] {taskinstance.py:1280} INFO - Marking task as SUCCESS. dag_id=sftp_raw_data_inc_load_pipeline, task_id=extract_from_file_data_11.csv, execution_date=20230609T220308, start_date=20230609T223059, end_date=20230609T223104
[2023-06-09 22:31:04,779] {local_task_job.py:154} INFO - Task exited with return code 0
[2023-06-09 22:31:06,093] {local_task_job.py:264} INFO - 1 downstream tasks scheduled from follow-on schedule check
