[2023-06-09 15:08:13,756] {taskinstance.py:1035} INFO - Dependencies all met for <TaskInstance: sftp_raw_data_full_load_pipeline.extract_from_file_data_10.csv scheduled__2023-06-08T00:00:00+00:00 [queued]>
[2023-06-09 15:08:13,982] {taskinstance.py:1035} INFO - Dependencies all met for <TaskInstance: sftp_raw_data_full_load_pipeline.extract_from_file_data_10.csv scheduled__2023-06-08T00:00:00+00:00 [queued]>
[2023-06-09 15:08:13,984] {taskinstance.py:1241} INFO - 
--------------------------------------------------------------------------------
[2023-06-09 15:08:13,985] {taskinstance.py:1242} INFO - Starting attempt 1 of 1
[2023-06-09 15:08:13,986] {taskinstance.py:1243} INFO - 
--------------------------------------------------------------------------------
[2023-06-09 15:08:15,284] {taskinstance.py:1262} INFO - Executing <Task(PythonOperator): extract_from_file_data_10.csv> on 2023-06-08 00:00:00+00:00
[2023-06-09 15:08:15,293] {standard_task_runner.py:52} INFO - Started process 1324 to run task
[2023-06-09 15:08:15,303] {standard_task_runner.py:76} INFO - Running: ['***', 'tasks', 'run', 'sftp_raw_data_full_load_pipeline', 'extract_from_file_data_10.csv', 'scheduled__2023-06-08T00:00:00+00:00', '--job-id', '13', '--raw', '--subdir', 'DAGS_FOLDER/sftp_raw_data_full_load_pipeline.py', '--cfg-path', '/tmp/tmpky6_9nt8', '--error-file', '/tmp/tmps565qceb']
[2023-06-09 15:08:15,314] {standard_task_runner.py:77} INFO - Job 13: Subtask extract_from_file_data_10.csv
[2023-06-09 15:08:15,439] {logging_mixin.py:109} INFO - Running <TaskInstance: sftp_raw_data_full_load_pipeline.extract_from_file_data_10.csv scheduled__2023-06-08T00:00:00+00:00 [running]> on host 8cb5811d1998
[2023-06-09 15:08:15,655] {taskinstance.py:1414} INFO - Exporting the following env vars:
AIRFLOW_CTX_DAG_EMAIL=Hassan@gmail.com
AIRFLOW_CTX_DAG_OWNER=Hassan
AIRFLOW_CTX_DAG_ID=sftp_raw_data_full_load_pipeline
AIRFLOW_CTX_TASK_ID=extract_from_file_data_10.csv
AIRFLOW_CTX_EXECUTION_DATE=2023-06-08T00:00:00+00:00
AIRFLOW_CTX_DAG_RUN_ID=scheduled__2023-06-08T00:00:00+00:00
[2023-06-09 15:08:15,673] {logging_mixin.py:109} INFO - ((), ())
[2023-06-09 15:08:15,718] {logging_mixin.py:109} INFO - Empty DataFrame
Columns: []
Index: []
[2023-06-09 15:08:15,726] {logging_mixin.py:109} INFO - [Errno 2] No such file or directory: './data/temp_files/2023-06-09_15:08:15.720140_leads_sftp.json'
[2023-06-09 15:08:15,755] {python.py:152} INFO - Done. Returned value was: None
[2023-06-09 15:08:16,403] {taskinstance.py:1280} INFO - Marking task as SUCCESS. dag_id=sftp_raw_data_full_load_pipeline, task_id=extract_from_file_data_10.csv, execution_date=20230608T000000, start_date=20230609T150813, end_date=20230609T150816
[2023-06-09 15:08:16,564] {local_task_job.py:154} INFO - Task exited with return code 0
[2023-06-09 15:08:16,901] {local_task_job.py:264} INFO - 1 downstream tasks scheduled from follow-on schedule check
[2023-06-09 15:21:56,239] {taskinstance.py:1035} INFO - Dependencies all met for <TaskInstance: sftp_raw_data_full_load_pipeline.extract_from_file_data_10.csv manual__2023-06-09T15:20:24.730543+00:00 [queued]>
[2023-06-09 15:21:56,343] {taskinstance.py:1035} INFO - Dependencies all met for <TaskInstance: sftp_raw_data_full_load_pipeline.extract_from_file_data_10.csv manual__2023-06-09T15:20:24.730543+00:00 [queued]>
[2023-06-09 15:21:56,349] {taskinstance.py:1241} INFO - 
--------------------------------------------------------------------------------
[2023-06-09 15:21:56,352] {taskinstance.py:1242} INFO - Starting attempt 1 of 1
[2023-06-09 15:21:56,353] {taskinstance.py:1243} INFO - 
--------------------------------------------------------------------------------
[2023-06-09 15:21:58,845] {taskinstance.py:1262} INFO - Executing <Task(PythonOperator): extract_from_file_data_10.csv> on 2023-06-09 15:20:24.730543+00:00
[2023-06-09 15:21:58,888] {standard_task_runner.py:52} INFO - Started process 3330 to run task
[2023-06-09 15:21:58,914] {standard_task_runner.py:76} INFO - Running: ['***', 'tasks', 'run', 'sftp_raw_data_full_load_pipeline', 'extract_from_file_data_10.csv', 'manual__2023-06-09T15:20:24.730543+00:00', '--job-id', '55', '--raw', '--subdir', 'DAGS_FOLDER/sftp_raw_data_full_load_pipeline.py', '--cfg-path', '/tmp/tmpszeeuk_p', '--error-file', '/tmp/tmpg4mbhrr8']
[2023-06-09 15:21:58,959] {standard_task_runner.py:77} INFO - Job 55: Subtask extract_from_file_data_10.csv
[2023-06-09 15:21:59,497] {logging_mixin.py:109} INFO - Running <TaskInstance: sftp_raw_data_full_load_pipeline.extract_from_file_data_10.csv manual__2023-06-09T15:20:24.730543+00:00 [running]> on host 8cb5811d1998
[2023-06-09 15:22:00,209] {taskinstance.py:1414} INFO - Exporting the following env vars:
AIRFLOW_CTX_DAG_EMAIL=Hassan@gmail.com
AIRFLOW_CTX_DAG_OWNER=Hassan
AIRFLOW_CTX_DAG_ID=sftp_raw_data_full_load_pipeline
AIRFLOW_CTX_TASK_ID=extract_from_file_data_10.csv
AIRFLOW_CTX_EXECUTION_DATE=2023-06-09T15:20:24.730543+00:00
AIRFLOW_CTX_DAG_RUN_ID=manual__2023-06-09T15:20:24.730543+00:00
[2023-06-09 15:22:00,218] {logging_mixin.py:109} INFO - ((), ())
[2023-06-09 15:22:00,507] {logging_mixin.py:109} INFO - Empty DataFrame
Columns: []
Index: []
[2023-06-09 15:22:00,574] {logging_mixin.py:109} INFO - [Errno 2] No such file or directory: './data/temp_files/2023-06-09_15:22:00.537029_leads_sftp.json'
[2023-06-09 15:22:00,665] {python.py:152} INFO - Done. Returned value was: None
[2023-06-09 15:22:01,606] {taskinstance.py:1280} INFO - Marking task as SUCCESS. dag_id=sftp_raw_data_full_load_pipeline, task_id=extract_from_file_data_10.csv, execution_date=20230609T152024, start_date=20230609T152156, end_date=20230609T152201
[2023-06-09 15:22:01,949] {local_task_job.py:154} INFO - Task exited with return code 0
[2023-06-09 15:22:03,742] {local_task_job.py:264} INFO - 1 downstream tasks scheduled from follow-on schedule check
[2023-06-09 16:52:02,335] {taskinstance.py:1035} INFO - Dependencies all met for <TaskInstance: sftp_raw_data_full_load_pipeline.extract_from_file_data_10.csv scheduled__2023-06-08T00:00:00+00:00 [queued]>
[2023-06-09 16:52:02,583] {taskinstance.py:1035} INFO - Dependencies all met for <TaskInstance: sftp_raw_data_full_load_pipeline.extract_from_file_data_10.csv scheduled__2023-06-08T00:00:00+00:00 [queued]>
[2023-06-09 16:52:02,587] {taskinstance.py:1241} INFO - 
--------------------------------------------------------------------------------
[2023-06-09 16:52:02,589] {taskinstance.py:1242} INFO - Starting attempt 1 of 1
[2023-06-09 16:52:02,594] {taskinstance.py:1243} INFO - 
--------------------------------------------------------------------------------
[2023-06-09 16:52:04,908] {taskinstance.py:1262} INFO - Executing <Task(PythonOperator): extract_from_file_data_10.csv> on 2023-06-08 00:00:00+00:00
[2023-06-09 16:52:05,020] {standard_task_runner.py:52} INFO - Started process 674 to run task
[2023-06-09 16:52:05,125] {standard_task_runner.py:76} INFO - Running: ['***', 'tasks', 'run', 'sftp_raw_data_full_load_pipeline', 'extract_from_file_data_10.csv', 'scheduled__2023-06-08T00:00:00+00:00', '--job-id', '6', '--raw', '--subdir', 'DAGS_FOLDER/sftp_raw_data_full_load_pipeline.py', '--cfg-path', '/tmp/tmp_w7nj9el', '--error-file', '/tmp/tmp2a14zf0a']
[2023-06-09 16:52:05,237] {standard_task_runner.py:77} INFO - Job 6: Subtask extract_from_file_data_10.csv
[2023-06-09 16:52:06,054] {logging_mixin.py:109} INFO - Running <TaskInstance: sftp_raw_data_full_load_pipeline.extract_from_file_data_10.csv scheduled__2023-06-08T00:00:00+00:00 [running]> on host 6ba608d2de6e
[2023-06-09 16:52:06,926] {taskinstance.py:1414} INFO - Exporting the following env vars:
AIRFLOW_CTX_DAG_EMAIL=Hassan@gmail.com
AIRFLOW_CTX_DAG_OWNER=Hassan
AIRFLOW_CTX_DAG_ID=sftp_raw_data_full_load_pipeline
AIRFLOW_CTX_TASK_ID=extract_from_file_data_10.csv
AIRFLOW_CTX_EXECUTION_DATE=2023-06-08T00:00:00+00:00
AIRFLOW_CTX_DAG_RUN_ID=scheduled__2023-06-08T00:00:00+00:00
[2023-06-09 16:52:11,268] {python.py:152} INFO - Done. Returned value was: None
[2023-06-09 16:52:12,992] {taskinstance.py:1280} INFO - Marking task as SUCCESS. dag_id=sftp_raw_data_full_load_pipeline, task_id=extract_from_file_data_10.csv, execution_date=20230608T000000, start_date=20230609T165202, end_date=20230609T165212
[2023-06-09 16:52:13,409] {local_task_job.py:154} INFO - Task exited with return code 0
[2023-06-09 16:52:15,873] {local_task_job.py:264} INFO - 1 downstream tasks scheduled from follow-on schedule check
