[2023-06-09 15:08:13,441] {taskinstance.py:1035} INFO - Dependencies all met for <TaskInstance: sftp_raw_data_full_load_pipeline.extract_from_file_data_1.csv scheduled__2023-06-08T00:00:00+00:00 [queued]>
[2023-06-09 15:08:13,624] {taskinstance.py:1035} INFO - Dependencies all met for <TaskInstance: sftp_raw_data_full_load_pipeline.extract_from_file_data_1.csv scheduled__2023-06-08T00:00:00+00:00 [queued]>
[2023-06-09 15:08:13,635] {taskinstance.py:1241} INFO - 
--------------------------------------------------------------------------------
[2023-06-09 15:08:13,637] {taskinstance.py:1242} INFO - Starting attempt 1 of 1
[2023-06-09 15:08:13,638] {taskinstance.py:1243} INFO - 
--------------------------------------------------------------------------------
[2023-06-09 15:08:13,771] {taskinstance.py:1262} INFO - Executing <Task(PythonOperator): extract_from_file_data_1.csv> on 2023-06-08 00:00:00+00:00
[2023-06-09 15:08:13,790] {standard_task_runner.py:52} INFO - Started process 1314 to run task
[2023-06-09 15:08:13,806] {standard_task_runner.py:76} INFO - Running: ['***', 'tasks', 'run', 'sftp_raw_data_full_load_pipeline', 'extract_from_file_data_1.csv', 'scheduled__2023-06-08T00:00:00+00:00', '--job-id', '8', '--raw', '--subdir', 'DAGS_FOLDER/sftp_raw_data_full_load_pipeline.py', '--cfg-path', '/tmp/tmpvistpgb9', '--error-file', '/tmp/tmp3ps0n072']
[2023-06-09 15:08:13,836] {standard_task_runner.py:77} INFO - Job 8: Subtask extract_from_file_data_1.csv
[2023-06-09 15:08:14,233] {logging_mixin.py:109} INFO - Running <TaskInstance: sftp_raw_data_full_load_pipeline.extract_from_file_data_1.csv scheduled__2023-06-08T00:00:00+00:00 [running]> on host 8cb5811d1998
[2023-06-09 15:08:14,491] {taskinstance.py:1414} INFO - Exporting the following env vars:
AIRFLOW_CTX_DAG_EMAIL=Hassan@gmail.com
AIRFLOW_CTX_DAG_OWNER=Hassan
AIRFLOW_CTX_DAG_ID=sftp_raw_data_full_load_pipeline
AIRFLOW_CTX_TASK_ID=extract_from_file_data_1.csv
AIRFLOW_CTX_EXECUTION_DATE=2023-06-08T00:00:00+00:00
AIRFLOW_CTX_DAG_RUN_ID=scheduled__2023-06-08T00:00:00+00:00
[2023-06-09 15:08:14,500] {logging_mixin.py:109} INFO - ((), ())
[2023-06-09 15:08:14,607] {logging_mixin.py:109} INFO - Empty DataFrame
Columns: []
Index: []
[2023-06-09 15:08:14,618] {logging_mixin.py:109} INFO - [Errno 2] No such file or directory: './data/temp_files/2023-06-09_15:08:14.609073_leads_sftp.json'
[2023-06-09 15:08:14,653] {python.py:152} INFO - Done. Returned value was: None
[2023-06-09 15:08:15,717] {taskinstance.py:1280} INFO - Marking task as SUCCESS. dag_id=sftp_raw_data_full_load_pipeline, task_id=extract_from_file_data_1.csv, execution_date=20230608T000000, start_date=20230609T150813, end_date=20230609T150815
[2023-06-09 15:08:15,820] {local_task_job.py:154} INFO - Task exited with return code 0
[2023-06-09 15:08:16,212] {local_task_job.py:264} INFO - 1 downstream tasks scheduled from follow-on schedule check
[2023-06-09 15:21:56,084] {taskinstance.py:1035} INFO - Dependencies all met for <TaskInstance: sftp_raw_data_full_load_pipeline.extract_from_file_data_1.csv manual__2023-06-09T15:20:24.730543+00:00 [queued]>
[2023-06-09 15:21:56,172] {taskinstance.py:1035} INFO - Dependencies all met for <TaskInstance: sftp_raw_data_full_load_pipeline.extract_from_file_data_1.csv manual__2023-06-09T15:20:24.730543+00:00 [queued]>
[2023-06-09 15:21:56,176] {taskinstance.py:1241} INFO - 
--------------------------------------------------------------------------------
[2023-06-09 15:21:56,178] {taskinstance.py:1242} INFO - Starting attempt 1 of 1
[2023-06-09 15:21:56,179] {taskinstance.py:1243} INFO - 
--------------------------------------------------------------------------------
[2023-06-09 15:21:57,284] {taskinstance.py:1262} INFO - Executing <Task(PythonOperator): extract_from_file_data_1.csv> on 2023-06-09 15:20:24.730543+00:00
[2023-06-09 15:21:57,298] {standard_task_runner.py:52} INFO - Started process 3298 to run task
[2023-06-09 15:21:57,320] {standard_task_runner.py:76} INFO - Running: ['***', 'tasks', 'run', 'sftp_raw_data_full_load_pipeline', 'extract_from_file_data_1.csv', 'manual__2023-06-09T15:20:24.730543+00:00', '--job-id', '54', '--raw', '--subdir', 'DAGS_FOLDER/sftp_raw_data_full_load_pipeline.py', '--cfg-path', '/tmp/tmpel43ron7', '--error-file', '/tmp/tmphi9mv9vy']
[2023-06-09 15:21:57,349] {standard_task_runner.py:77} INFO - Job 54: Subtask extract_from_file_data_1.csv
[2023-06-09 15:21:57,648] {logging_mixin.py:109} INFO - Running <TaskInstance: sftp_raw_data_full_load_pipeline.extract_from_file_data_1.csv manual__2023-06-09T15:20:24.730543+00:00 [running]> on host 8cb5811d1998
[2023-06-09 15:21:59,266] {taskinstance.py:1414} INFO - Exporting the following env vars:
AIRFLOW_CTX_DAG_EMAIL=Hassan@gmail.com
AIRFLOW_CTX_DAG_OWNER=Hassan
AIRFLOW_CTX_DAG_ID=sftp_raw_data_full_load_pipeline
AIRFLOW_CTX_TASK_ID=extract_from_file_data_1.csv
AIRFLOW_CTX_EXECUTION_DATE=2023-06-09T15:20:24.730543+00:00
AIRFLOW_CTX_DAG_RUN_ID=manual__2023-06-09T15:20:24.730543+00:00
[2023-06-09 15:21:59,328] {logging_mixin.py:109} INFO - ((), ())
[2023-06-09 15:21:59,575] {logging_mixin.py:109} INFO - Empty DataFrame
Columns: []
Index: []
[2023-06-09 15:21:59,605] {logging_mixin.py:109} INFO - [Errno 2] No such file or directory: './data/temp_files/2023-06-09_15:21:59.581218_leads_sftp.json'
[2023-06-09 15:21:59,768] {python.py:152} INFO - Done. Returned value was: None
[2023-06-09 15:22:01,443] {taskinstance.py:1280} INFO - Marking task as SUCCESS. dag_id=sftp_raw_data_full_load_pipeline, task_id=extract_from_file_data_1.csv, execution_date=20230609T152024, start_date=20230609T152156, end_date=20230609T152201
[2023-06-09 15:22:01,740] {local_task_job.py:154} INFO - Task exited with return code 0
[2023-06-09 15:22:03,981] {local_task_job.py:264} INFO - 1 downstream tasks scheduled from follow-on schedule check
[2023-06-09 16:52:01,130] {taskinstance.py:1035} INFO - Dependencies all met for <TaskInstance: sftp_raw_data_full_load_pipeline.extract_from_file_data_1.csv scheduled__2023-06-08T00:00:00+00:00 [queued]>
[2023-06-09 16:52:01,499] {taskinstance.py:1035} INFO - Dependencies all met for <TaskInstance: sftp_raw_data_full_load_pipeline.extract_from_file_data_1.csv scheduled__2023-06-08T00:00:00+00:00 [queued]>
[2023-06-09 16:52:01,505] {taskinstance.py:1241} INFO - 
--------------------------------------------------------------------------------
[2023-06-09 16:52:01,506] {taskinstance.py:1242} INFO - Starting attempt 1 of 1
[2023-06-09 16:52:01,524] {taskinstance.py:1243} INFO - 
--------------------------------------------------------------------------------
[2023-06-09 16:52:03,098] {taskinstance.py:1262} INFO - Executing <Task(PythonOperator): extract_from_file_data_1.csv> on 2023-06-08 00:00:00+00:00
[2023-06-09 16:52:03,117] {standard_task_runner.py:52} INFO - Started process 637 to run task
[2023-06-09 16:52:03,143] {standard_task_runner.py:76} INFO - Running: ['***', 'tasks', 'run', 'sftp_raw_data_full_load_pipeline', 'extract_from_file_data_1.csv', 'scheduled__2023-06-08T00:00:00+00:00', '--job-id', '4', '--raw', '--subdir', 'DAGS_FOLDER/sftp_raw_data_full_load_pipeline.py', '--cfg-path', '/tmp/tmpv07hapwc', '--error-file', '/tmp/tmp145mdbqj']
[2023-06-09 16:52:03,161] {standard_task_runner.py:77} INFO - Job 4: Subtask extract_from_file_data_1.csv
[2023-06-09 16:52:03,420] {logging_mixin.py:109} INFO - Running <TaskInstance: sftp_raw_data_full_load_pipeline.extract_from_file_data_1.csv scheduled__2023-06-08T00:00:00+00:00 [running]> on host 6ba608d2de6e
[2023-06-09 16:52:04,022] {taskinstance.py:1414} INFO - Exporting the following env vars:
AIRFLOW_CTX_DAG_EMAIL=Hassan@gmail.com
AIRFLOW_CTX_DAG_OWNER=Hassan
AIRFLOW_CTX_DAG_ID=sftp_raw_data_full_load_pipeline
AIRFLOW_CTX_TASK_ID=extract_from_file_data_1.csv
AIRFLOW_CTX_EXECUTION_DATE=2023-06-08T00:00:00+00:00
AIRFLOW_CTX_DAG_RUN_ID=scheduled__2023-06-08T00:00:00+00:00
[2023-06-09 16:52:09,074] {python.py:152} INFO - Done. Returned value was: None
[2023-06-09 16:52:09,307] {taskinstance.py:1280} INFO - Marking task as SUCCESS. dag_id=sftp_raw_data_full_load_pipeline, task_id=extract_from_file_data_1.csv, execution_date=20230608T000000, start_date=20230609T165201, end_date=20230609T165209
[2023-06-09 16:52:09,595] {local_task_job.py:154} INFO - Task exited with return code 0
[2023-06-09 16:52:10,717] {local_task_job.py:264} INFO - 1 downstream tasks scheduled from follow-on schedule check
