[2023-06-09 15:08:14,061] {taskinstance.py:1035} INFO - Dependencies all met for <TaskInstance: sftp_raw_data_full_load_pipeline.extract_from_file_data_15.csv scheduled__2023-06-08T00:00:00+00:00 [queued]>
[2023-06-09 15:08:14,210] {taskinstance.py:1035} INFO - Dependencies all met for <TaskInstance: sftp_raw_data_full_load_pipeline.extract_from_file_data_15.csv scheduled__2023-06-08T00:00:00+00:00 [queued]>
[2023-06-09 15:08:14,214] {taskinstance.py:1241} INFO - 
--------------------------------------------------------------------------------
[2023-06-09 15:08:14,215] {taskinstance.py:1242} INFO - Starting attempt 1 of 1
[2023-06-09 15:08:14,229] {taskinstance.py:1243} INFO - 
--------------------------------------------------------------------------------
[2023-06-09 15:08:14,317] {taskinstance.py:1262} INFO - Executing <Task(PythonOperator): extract_from_file_data_15.csv> on 2023-06-08 00:00:00+00:00
[2023-06-09 15:08:14,327] {standard_task_runner.py:52} INFO - Started process 1316 to run task
[2023-06-09 15:08:14,349] {standard_task_runner.py:76} INFO - Running: ['***', 'tasks', 'run', 'sftp_raw_data_full_load_pipeline', 'extract_from_file_data_15.csv', 'scheduled__2023-06-08T00:00:00+00:00', '--job-id', '11', '--raw', '--subdir', 'DAGS_FOLDER/sftp_raw_data_full_load_pipeline.py', '--cfg-path', '/tmp/tmp77qk2dy4', '--error-file', '/tmp/tmp82p9jskq']
[2023-06-09 15:08:14,370] {standard_task_runner.py:77} INFO - Job 11: Subtask extract_from_file_data_15.csv
[2023-06-09 15:08:14,627] {logging_mixin.py:109} INFO - Running <TaskInstance: sftp_raw_data_full_load_pipeline.extract_from_file_data_15.csv scheduled__2023-06-08T00:00:00+00:00 [running]> on host 8cb5811d1998
[2023-06-09 15:08:14,867] {taskinstance.py:1414} INFO - Exporting the following env vars:
AIRFLOW_CTX_DAG_EMAIL=Hassan@gmail.com
AIRFLOW_CTX_DAG_OWNER=Hassan
AIRFLOW_CTX_DAG_ID=sftp_raw_data_full_load_pipeline
AIRFLOW_CTX_TASK_ID=extract_from_file_data_15.csv
AIRFLOW_CTX_EXECUTION_DATE=2023-06-08T00:00:00+00:00
AIRFLOW_CTX_DAG_RUN_ID=scheduled__2023-06-08T00:00:00+00:00
[2023-06-09 15:08:14,878] {logging_mixin.py:109} INFO - ((), ())
[2023-06-09 15:08:14,937] {logging_mixin.py:109} INFO - Empty DataFrame
Columns: []
Index: []
[2023-06-09 15:08:14,945] {logging_mixin.py:109} INFO - [Errno 2] No such file or directory: './data/temp_files/2023-06-09_15:08:14.938827_leads_sftp.json'
[2023-06-09 15:08:14,995] {python.py:152} INFO - Done. Returned value was: None
[2023-06-09 15:08:16,228] {taskinstance.py:1280} INFO - Marking task as SUCCESS. dag_id=sftp_raw_data_full_load_pipeline, task_id=extract_from_file_data_15.csv, execution_date=20230608T000000, start_date=20230609T150814, end_date=20230609T150816
[2023-06-09 15:08:16,356] {local_task_job.py:154} INFO - Task exited with return code 0
[2023-06-09 15:08:17,212] {local_task_job.py:264} INFO - 1 downstream tasks scheduled from follow-on schedule check
[2023-06-09 15:21:54,113] {taskinstance.py:1035} INFO - Dependencies all met for <TaskInstance: sftp_raw_data_full_load_pipeline.extract_from_file_data_15.csv manual__2023-06-09T15:20:24.730543+00:00 [queued]>
[2023-06-09 15:21:54,210] {taskinstance.py:1035} INFO - Dependencies all met for <TaskInstance: sftp_raw_data_full_load_pipeline.extract_from_file_data_15.csv manual__2023-06-09T15:20:24.730543+00:00 [queued]>
[2023-06-09 15:21:54,212] {taskinstance.py:1241} INFO - 
--------------------------------------------------------------------------------
[2023-06-09 15:21:54,215] {taskinstance.py:1242} INFO - Starting attempt 1 of 1
[2023-06-09 15:21:54,216] {taskinstance.py:1243} INFO - 
--------------------------------------------------------------------------------
[2023-06-09 15:21:55,000] {taskinstance.py:1262} INFO - Executing <Task(PythonOperator): extract_from_file_data_15.csv> on 2023-06-09 15:20:24.730543+00:00
[2023-06-09 15:21:55,024] {standard_task_runner.py:52} INFO - Started process 3266 to run task
[2023-06-09 15:21:55,048] {standard_task_runner.py:76} INFO - Running: ['***', 'tasks', 'run', 'sftp_raw_data_full_load_pipeline', 'extract_from_file_data_15.csv', 'manual__2023-06-09T15:20:24.730543+00:00', '--job-id', '48', '--raw', '--subdir', 'DAGS_FOLDER/sftp_raw_data_full_load_pipeline.py', '--cfg-path', '/tmp/tmp27ud6g6z', '--error-file', '/tmp/tmp06h9k8nx']
[2023-06-09 15:21:55,079] {standard_task_runner.py:77} INFO - Job 48: Subtask extract_from_file_data_15.csv
[2023-06-09 15:21:55,388] {logging_mixin.py:109} INFO - Running <TaskInstance: sftp_raw_data_full_load_pipeline.extract_from_file_data_15.csv manual__2023-06-09T15:20:24.730543+00:00 [running]> on host 8cb5811d1998
[2023-06-09 15:21:55,619] {taskinstance.py:1414} INFO - Exporting the following env vars:
AIRFLOW_CTX_DAG_EMAIL=Hassan@gmail.com
AIRFLOW_CTX_DAG_OWNER=Hassan
AIRFLOW_CTX_DAG_ID=sftp_raw_data_full_load_pipeline
AIRFLOW_CTX_TASK_ID=extract_from_file_data_15.csv
AIRFLOW_CTX_EXECUTION_DATE=2023-06-09T15:20:24.730543+00:00
AIRFLOW_CTX_DAG_RUN_ID=manual__2023-06-09T15:20:24.730543+00:00
[2023-06-09 15:21:55,629] {logging_mixin.py:109} INFO - ((), ())
[2023-06-09 15:21:55,804] {logging_mixin.py:109} INFO - Empty DataFrame
Columns: []
Index: []
[2023-06-09 15:21:55,824] {logging_mixin.py:109} INFO - [Errno 2] No such file or directory: './data/temp_files/2023-06-09_15:21:55.805954_leads_sftp.json'
[2023-06-09 15:21:55,876] {python.py:152} INFO - Done. Returned value was: None
[2023-06-09 15:21:56,859] {taskinstance.py:1280} INFO - Marking task as SUCCESS. dag_id=sftp_raw_data_full_load_pipeline, task_id=extract_from_file_data_15.csv, execution_date=20230609T152024, start_date=20230609T152154, end_date=20230609T152156
[2023-06-09 15:21:56,959] {local_task_job.py:154} INFO - Task exited with return code 0
[2023-06-09 15:21:58,633] {local_task_job.py:264} INFO - 1 downstream tasks scheduled from follow-on schedule check
[2023-06-09 16:52:03,449] {taskinstance.py:1035} INFO - Dependencies all met for <TaskInstance: sftp_raw_data_full_load_pipeline.extract_from_file_data_15.csv scheduled__2023-06-08T00:00:00+00:00 [queued]>
[2023-06-09 16:52:03,621] {taskinstance.py:1035} INFO - Dependencies all met for <TaskInstance: sftp_raw_data_full_load_pipeline.extract_from_file_data_15.csv scheduled__2023-06-08T00:00:00+00:00 [queued]>
[2023-06-09 16:52:03,629] {taskinstance.py:1241} INFO - 
--------------------------------------------------------------------------------
[2023-06-09 16:52:03,635] {taskinstance.py:1242} INFO - Starting attempt 1 of 1
[2023-06-09 16:52:03,655] {taskinstance.py:1243} INFO - 
--------------------------------------------------------------------------------
[2023-06-09 16:52:03,921] {taskinstance.py:1262} INFO - Executing <Task(PythonOperator): extract_from_file_data_15.csv> on 2023-06-08 00:00:00+00:00
[2023-06-09 16:52:03,953] {standard_task_runner.py:52} INFO - Started process 651 to run task
[2023-06-09 16:52:03,966] {standard_task_runner.py:76} INFO - Running: ['***', 'tasks', 'run', 'sftp_raw_data_full_load_pipeline', 'extract_from_file_data_15.csv', 'scheduled__2023-06-08T00:00:00+00:00', '--job-id', '12', '--raw', '--subdir', 'DAGS_FOLDER/sftp_raw_data_full_load_pipeline.py', '--cfg-path', '/tmp/tmp23vbiikm', '--error-file', '/tmp/tmp0p4mnlkl']
[2023-06-09 16:52:03,976] {standard_task_runner.py:77} INFO - Job 12: Subtask extract_from_file_data_15.csv
[2023-06-09 16:52:04,375] {logging_mixin.py:109} INFO - Running <TaskInstance: sftp_raw_data_full_load_pipeline.extract_from_file_data_15.csv scheduled__2023-06-08T00:00:00+00:00 [running]> on host 6ba608d2de6e
[2023-06-09 16:52:05,439] {taskinstance.py:1414} INFO - Exporting the following env vars:
AIRFLOW_CTX_DAG_EMAIL=Hassan@gmail.com
AIRFLOW_CTX_DAG_OWNER=Hassan
AIRFLOW_CTX_DAG_ID=sftp_raw_data_full_load_pipeline
AIRFLOW_CTX_TASK_ID=extract_from_file_data_15.csv
AIRFLOW_CTX_EXECUTION_DATE=2023-06-08T00:00:00+00:00
AIRFLOW_CTX_DAG_RUN_ID=scheduled__2023-06-08T00:00:00+00:00
[2023-06-09 16:52:09,601] {python.py:152} INFO - Done. Returned value was: None
[2023-06-09 16:52:09,868] {taskinstance.py:1280} INFO - Marking task as SUCCESS. dag_id=sftp_raw_data_full_load_pipeline, task_id=extract_from_file_data_15.csv, execution_date=20230608T000000, start_date=20230609T165203, end_date=20230609T165209
[2023-06-09 16:52:10,214] {local_task_job.py:154} INFO - Task exited with return code 0
[2023-06-09 16:52:12,102] {local_task_job.py:264} INFO - 1 downstream tasks scheduled from follow-on schedule check
