[2023-06-09 22:34:45,432] {taskinstance.py:1035} INFO - Dependencies all met for <TaskInstance: sftp_raw_data_inc_load_pipeline.load_sftp_data_data_20.csv manual__2023-06-09T22:03:08.195880+00:00 [queued]>
[2023-06-09 22:34:46,228] {taskinstance.py:1035} INFO - Dependencies all met for <TaskInstance: sftp_raw_data_inc_load_pipeline.load_sftp_data_data_20.csv manual__2023-06-09T22:03:08.195880+00:00 [queued]>
[2023-06-09 22:34:46,233] {taskinstance.py:1241} INFO - 
--------------------------------------------------------------------------------
[2023-06-09 22:34:46,235] {taskinstance.py:1242} INFO - Starting attempt 7 of 7
[2023-06-09 22:34:46,242] {taskinstance.py:1243} INFO - 
--------------------------------------------------------------------------------
[2023-06-09 22:34:46,714] {taskinstance.py:1262} INFO - Executing <Task(PythonOperator): load_sftp_data_data_20.csv> on 2023-06-09 22:03:08.195880+00:00
[2023-06-09 22:34:46,845] {standard_task_runner.py:52} INFO - Started process 19056 to run task
[2023-06-09 22:34:46,936] {standard_task_runner.py:76} INFO - Running: ['***', 'tasks', 'run', 'sftp_raw_data_inc_load_pipeline', 'load_sftp_data_data_20.csv', 'manual__2023-06-09T22:03:08.195880+00:00', '--job-id', '409', '--raw', '--subdir', 'DAGS_FOLDER/sftp_raw_data_inc_load_pipeline.py', '--cfg-path', '/tmp/tmpsi3g2ilo', '--error-file', '/tmp/tmpn0g0834i']
[2023-06-09 22:34:47,100] {standard_task_runner.py:77} INFO - Job 409: Subtask load_sftp_data_data_20.csv
[2023-06-09 22:34:47,887] {logging_mixin.py:109} INFO - Running <TaskInstance: sftp_raw_data_inc_load_pipeline.load_sftp_data_data_20.csv manual__2023-06-09T22:03:08.195880+00:00 [running]> on host 6ba608d2de6e
[2023-06-09 22:34:48,664] {taskinstance.py:1414} INFO - Exporting the following env vars:
AIRFLOW_CTX_DAG_EMAIL=Hassan@gmail.com
AIRFLOW_CTX_DAG_OWNER=Hassan
AIRFLOW_CTX_DAG_ID=sftp_raw_data_inc_load_pipeline
AIRFLOW_CTX_TASK_ID=load_sftp_data_data_20.csv
AIRFLOW_CTX_EXECUTION_DATE=2023-06-09T22:03:08.195880+00:00
AIRFLOW_CTX_DAG_RUN_ID=manual__2023-06-09T22:03:08.195880+00:00
[2023-06-09 22:35:05,495] {python.py:152} INFO - Done. Returned value was: None
[2023-06-09 22:35:05,849] {taskinstance.py:1280} INFO - Marking task as SUCCESS. dag_id=sftp_raw_data_inc_load_pipeline, task_id=load_sftp_data_data_20.csv, execution_date=20230609T220308, start_date=20230609T223445, end_date=20230609T223505
[2023-06-09 22:35:06,270] {local_task_job.py:154} INFO - Task exited with return code 0
[2023-06-09 22:35:07,157] {local_task_job.py:264} INFO - 1 downstream tasks scheduled from follow-on schedule check
