[2023-06-09 23:28:38,028] {taskinstance.py:1035} INFO - Dependencies all met for <TaskInstance: leads_raw_data_full_load_pipeline.parquet_to_postgres scheduled__2023-04-18T00:00:00+00:00 [queued]>
[2023-06-09 23:28:38,492] {taskinstance.py:1035} INFO - Dependencies all met for <TaskInstance: leads_raw_data_full_load_pipeline.parquet_to_postgres scheduled__2023-04-18T00:00:00+00:00 [queued]>
[2023-06-09 23:28:38,499] {taskinstance.py:1241} INFO - 
--------------------------------------------------------------------------------
[2023-06-09 23:28:38,502] {taskinstance.py:1242} INFO - Starting attempt 1 of 1
[2023-06-09 23:28:38,508] {taskinstance.py:1243} INFO - 
--------------------------------------------------------------------------------
[2023-06-09 23:28:38,781] {taskinstance.py:1262} INFO - Executing <Task(PythonOperator): parquet_to_postgres> on 2023-04-18 00:00:00+00:00
[2023-06-09 23:28:38,828] {standard_task_runner.py:52} INFO - Started process 26708 to run task
[2023-06-09 23:28:38,843] {standard_task_runner.py:76} INFO - Running: ['***', 'tasks', 'run', 'leads_raw_data_full_load_pipeline', 'parquet_to_postgres', 'scheduled__2023-04-18T00:00:00+00:00', '--job-id', '540', '--raw', '--subdir', 'DAGS_FOLDER/leads_raw_data_full_load_pipeline.py', '--cfg-path', '/tmp/tmpn5a1rhf4', '--error-file', '/tmp/tmpb6w8uk6h']
[2023-06-09 23:28:38,871] {standard_task_runner.py:77} INFO - Job 540: Subtask parquet_to_postgres
[2023-06-09 23:28:39,322] {logging_mixin.py:109} INFO - Running <TaskInstance: leads_raw_data_full_load_pipeline.parquet_to_postgres scheduled__2023-04-18T00:00:00+00:00 [running]> on host 6ba608d2de6e
[2023-06-09 23:28:39,822] {taskinstance.py:1414} INFO - Exporting the following env vars:
AIRFLOW_CTX_DAG_OWNER=***
AIRFLOW_CTX_DAG_ID=leads_raw_data_full_load_pipeline
AIRFLOW_CTX_TASK_ID=parquet_to_postgres
AIRFLOW_CTX_EXECUTION_DATE=2023-04-18T00:00:00+00:00
AIRFLOW_CTX_DAG_RUN_ID=scheduled__2023-04-18T00:00:00+00:00
[2023-06-09 23:28:49,274] {logging_mixin.py:109} INFO - Parquet file loaded into PostgreSQL successfully.
[2023-06-09 23:28:49,278] {python.py:152} INFO - Done. Returned value was: None
[2023-06-09 23:28:49,371] {taskinstance.py:1280} INFO - Marking task as SUCCESS. dag_id=leads_raw_data_full_load_pipeline, task_id=parquet_to_postgres, execution_date=20230418T000000, start_date=20230609T232838, end_date=20230609T232849
[2023-06-09 23:28:49,620] {local_task_job.py:154} INFO - Task exited with return code 0
[2023-06-09 23:28:50,574] {local_task_job.py:264} INFO - 0 downstream tasks scheduled from follow-on schedule check
