[2023-06-09 15:08:33,478] {taskinstance.py:1035} INFO - Dependencies all met for <TaskInstance: sftp_raw_data_full_load_pipeline.extract_from_file_data_7.csv scheduled__2023-06-08T00:00:00+00:00 [queued]>
[2023-06-09 15:08:33,610] {taskinstance.py:1035} INFO - Dependencies all met for <TaskInstance: sftp_raw_data_full_load_pipeline.extract_from_file_data_7.csv scheduled__2023-06-08T00:00:00+00:00 [queued]>
[2023-06-09 15:08:33,611] {taskinstance.py:1241} INFO - 
--------------------------------------------------------------------------------
[2023-06-09 15:08:33,614] {taskinstance.py:1242} INFO - Starting attempt 1 of 1
[2023-06-09 15:08:33,615] {taskinstance.py:1243} INFO - 
--------------------------------------------------------------------------------
[2023-06-09 15:08:33,757] {taskinstance.py:1262} INFO - Executing <Task(PythonOperator): extract_from_file_data_7.csv> on 2023-06-08 00:00:00+00:00
[2023-06-09 15:08:33,766] {standard_task_runner.py:52} INFO - Started process 1489 to run task
[2023-06-09 15:08:33,794] {standard_task_runner.py:76} INFO - Running: ['***', 'tasks', 'run', 'sftp_raw_data_full_load_pipeline', 'extract_from_file_data_7.csv', 'scheduled__2023-06-08T00:00:00+00:00', '--job-id', '29', '--raw', '--subdir', 'DAGS_FOLDER/sftp_raw_data_full_load_pipeline.py', '--cfg-path', '/tmp/tmpfnjiv5a3', '--error-file', '/tmp/tmp82jl8_wd']
[2023-06-09 15:08:33,822] {standard_task_runner.py:77} INFO - Job 29: Subtask extract_from_file_data_7.csv
[2023-06-09 15:08:34,012] {logging_mixin.py:109} INFO - Running <TaskInstance: sftp_raw_data_full_load_pipeline.extract_from_file_data_7.csv scheduled__2023-06-08T00:00:00+00:00 [running]> on host 8cb5811d1998
[2023-06-09 15:08:34,332] {taskinstance.py:1414} INFO - Exporting the following env vars:
AIRFLOW_CTX_DAG_EMAIL=Hassan@gmail.com
AIRFLOW_CTX_DAG_OWNER=Hassan
AIRFLOW_CTX_DAG_ID=sftp_raw_data_full_load_pipeline
AIRFLOW_CTX_TASK_ID=extract_from_file_data_7.csv
AIRFLOW_CTX_EXECUTION_DATE=2023-06-08T00:00:00+00:00
AIRFLOW_CTX_DAG_RUN_ID=scheduled__2023-06-08T00:00:00+00:00
[2023-06-09 15:08:34,352] {logging_mixin.py:109} INFO - ((), ())
[2023-06-09 15:08:34,500] {logging_mixin.py:109} INFO - Empty DataFrame
Columns: []
Index: []
[2023-06-09 15:08:34,526] {logging_mixin.py:109} INFO - [Errno 2] No such file or directory: './data/temp_files/2023-06-09_15:08:34.515658_leads_sftp.json'
[2023-06-09 15:08:34,600] {python.py:152} INFO - Done. Returned value was: None
[2023-06-09 15:08:37,979] {taskinstance.py:1280} INFO - Marking task as SUCCESS. dag_id=sftp_raw_data_full_load_pipeline, task_id=extract_from_file_data_7.csv, execution_date=20230608T000000, start_date=20230609T150833, end_date=20230609T150837
[2023-06-09 15:08:38,260] {local_task_job.py:154} INFO - Task exited with return code 0
[2023-06-09 15:08:40,547] {local_task_job.py:264} INFO - 1 downstream tasks scheduled from follow-on schedule check
[2023-06-09 15:22:12,645] {taskinstance.py:1035} INFO - Dependencies all met for <TaskInstance: sftp_raw_data_full_load_pipeline.extract_from_file_data_7.csv manual__2023-06-09T15:20:24.730543+00:00 [queued]>
[2023-06-09 15:22:12,909] {taskinstance.py:1035} INFO - Dependencies all met for <TaskInstance: sftp_raw_data_full_load_pipeline.extract_from_file_data_7.csv manual__2023-06-09T15:20:24.730543+00:00 [queued]>
[2023-06-09 15:22:12,914] {taskinstance.py:1241} INFO - 
--------------------------------------------------------------------------------
[2023-06-09 15:22:12,917] {taskinstance.py:1242} INFO - Starting attempt 1 of 1
[2023-06-09 15:22:12,919] {taskinstance.py:1243} INFO - 
--------------------------------------------------------------------------------
[2023-06-09 15:22:13,153] {taskinstance.py:1262} INFO - Executing <Task(PythonOperator): extract_from_file_data_7.csv> on 2023-06-09 15:20:24.730543+00:00
[2023-06-09 15:22:13,173] {standard_task_runner.py:52} INFO - Started process 3432 to run task
[2023-06-09 15:22:13,230] {standard_task_runner.py:76} INFO - Running: ['***', 'tasks', 'run', 'sftp_raw_data_full_load_pipeline', 'extract_from_file_data_7.csv', 'manual__2023-06-09T15:20:24.730543+00:00', '--job-id', '66', '--raw', '--subdir', 'DAGS_FOLDER/sftp_raw_data_full_load_pipeline.py', '--cfg-path', '/tmp/tmpzqmdstp2', '--error-file', '/tmp/tmpyqdeehnb']
[2023-06-09 15:22:13,277] {standard_task_runner.py:77} INFO - Job 66: Subtask extract_from_file_data_7.csv
[2023-06-09 15:22:13,603] {logging_mixin.py:109} INFO - Running <TaskInstance: sftp_raw_data_full_load_pipeline.extract_from_file_data_7.csv manual__2023-06-09T15:20:24.730543+00:00 [running]> on host 8cb5811d1998
[2023-06-09 15:22:14,141] {taskinstance.py:1414} INFO - Exporting the following env vars:
AIRFLOW_CTX_DAG_EMAIL=Hassan@gmail.com
AIRFLOW_CTX_DAG_OWNER=Hassan
AIRFLOW_CTX_DAG_ID=sftp_raw_data_full_load_pipeline
AIRFLOW_CTX_TASK_ID=extract_from_file_data_7.csv
AIRFLOW_CTX_EXECUTION_DATE=2023-06-09T15:20:24.730543+00:00
AIRFLOW_CTX_DAG_RUN_ID=manual__2023-06-09T15:20:24.730543+00:00
[2023-06-09 15:22:14,165] {logging_mixin.py:109} INFO - ((), ())
[2023-06-09 15:22:14,388] {logging_mixin.py:109} INFO - Empty DataFrame
Columns: []
Index: []
[2023-06-09 15:22:14,433] {logging_mixin.py:109} INFO - [Errno 2] No such file or directory: './data/temp_files/2023-06-09_15:22:14.405422_leads_sftp.json'
[2023-06-09 15:22:14,581] {python.py:152} INFO - Done. Returned value was: None
[2023-06-09 15:22:15,502] {taskinstance.py:1280} INFO - Marking task as SUCCESS. dag_id=sftp_raw_data_full_load_pipeline, task_id=extract_from_file_data_7.csv, execution_date=20230609T152024, start_date=20230609T152212, end_date=20230609T152215
[2023-06-09 15:22:15,697] {local_task_job.py:154} INFO - Task exited with return code 0
[2023-06-09 15:22:17,171] {local_task_job.py:264} INFO - 1 downstream tasks scheduled from follow-on schedule check
[2023-06-09 16:52:29,171] {taskinstance.py:1035} INFO - Dependencies all met for <TaskInstance: sftp_raw_data_full_load_pipeline.extract_from_file_data_7.csv scheduled__2023-06-08T00:00:00+00:00 [queued]>
[2023-06-09 16:52:29,378] {taskinstance.py:1035} INFO - Dependencies all met for <TaskInstance: sftp_raw_data_full_load_pipeline.extract_from_file_data_7.csv scheduled__2023-06-08T00:00:00+00:00 [queued]>
[2023-06-09 16:52:29,379] {taskinstance.py:1241} INFO - 
--------------------------------------------------------------------------------
[2023-06-09 16:52:29,380] {taskinstance.py:1242} INFO - Starting attempt 1 of 1
[2023-06-09 16:52:29,381] {taskinstance.py:1243} INFO - 
--------------------------------------------------------------------------------
[2023-06-09 16:52:29,522] {taskinstance.py:1262} INFO - Executing <Task(PythonOperator): extract_from_file_data_7.csv> on 2023-06-08 00:00:00+00:00
[2023-06-09 16:52:29,551] {standard_task_runner.py:52} INFO - Started process 816 to run task
[2023-06-09 16:52:29,568] {standard_task_runner.py:76} INFO - Running: ['***', 'tasks', 'run', 'sftp_raw_data_full_load_pipeline', 'extract_from_file_data_7.csv', 'scheduled__2023-06-08T00:00:00+00:00', '--job-id', '25', '--raw', '--subdir', 'DAGS_FOLDER/sftp_raw_data_full_load_pipeline.py', '--cfg-path', '/tmp/tmp65ga6j0d', '--error-file', '/tmp/tmpv3ifgk1h']
[2023-06-09 16:52:29,659] {standard_task_runner.py:77} INFO - Job 25: Subtask extract_from_file_data_7.csv
[2023-06-09 16:52:30,129] {logging_mixin.py:109} INFO - Running <TaskInstance: sftp_raw_data_full_load_pipeline.extract_from_file_data_7.csv scheduled__2023-06-08T00:00:00+00:00 [running]> on host 6ba608d2de6e
[2023-06-09 16:52:30,420] {taskinstance.py:1414} INFO - Exporting the following env vars:
AIRFLOW_CTX_DAG_EMAIL=Hassan@gmail.com
AIRFLOW_CTX_DAG_OWNER=Hassan
AIRFLOW_CTX_DAG_ID=sftp_raw_data_full_load_pipeline
AIRFLOW_CTX_TASK_ID=extract_from_file_data_7.csv
AIRFLOW_CTX_EXECUTION_DATE=2023-06-08T00:00:00+00:00
AIRFLOW_CTX_DAG_RUN_ID=scheduled__2023-06-08T00:00:00+00:00
[2023-06-09 16:52:34,750] {python.py:152} INFO - Done. Returned value was: None
[2023-06-09 16:52:36,402] {taskinstance.py:1280} INFO - Marking task as SUCCESS. dag_id=sftp_raw_data_full_load_pipeline, task_id=extract_from_file_data_7.csv, execution_date=20230608T000000, start_date=20230609T165229, end_date=20230609T165236
[2023-06-09 16:52:36,868] {local_task_job.py:154} INFO - Task exited with return code 0
[2023-06-09 16:52:39,851] {local_task_job.py:264} INFO - 1 downstream tasks scheduled from follow-on schedule check
