[2023-06-09 15:22:14,837] {taskinstance.py:1035} INFO - Dependencies all met for <TaskInstance: sftp_raw_data_full_load_pipeline.load_sftp_datadata_4.csv manual__2023-06-09T15:20:24.730543+00:00 [queued]>
[2023-06-09 15:22:15,103] {taskinstance.py:1035} INFO - Dependencies all met for <TaskInstance: sftp_raw_data_full_load_pipeline.load_sftp_datadata_4.csv manual__2023-06-09T15:20:24.730543+00:00 [queued]>
[2023-06-09 15:22:15,114] {taskinstance.py:1241} INFO - 
--------------------------------------------------------------------------------
[2023-06-09 15:22:15,118] {taskinstance.py:1242} INFO - Starting attempt 1 of 1
[2023-06-09 15:22:15,119] {taskinstance.py:1243} INFO - 
--------------------------------------------------------------------------------
[2023-06-09 15:22:15,329] {taskinstance.py:1262} INFO - Executing <Task(PythonOperator): load_sftp_datadata_4.csv> on 2023-06-09 15:20:24.730543+00:00
[2023-06-09 15:22:15,368] {standard_task_runner.py:52} INFO - Started process 3444 to run task
[2023-06-09 15:22:15,382] {standard_task_runner.py:76} INFO - Running: ['***', 'tasks', 'run', 'sftp_raw_data_full_load_pipeline', 'load_sftp_datadata_4.csv', 'manual__2023-06-09T15:20:24.730543+00:00', '--job-id', '69', '--raw', '--subdir', 'DAGS_FOLDER/sftp_raw_data_full_load_pipeline.py', '--cfg-path', '/tmp/tmpvg_3oj51', '--error-file', '/tmp/tmpszc0ayzz']
[2023-06-09 15:22:15,436] {standard_task_runner.py:77} INFO - Job 69: Subtask load_sftp_datadata_4.csv
[2023-06-09 15:22:15,573] {logging_mixin.py:109} INFO - Running <TaskInstance: sftp_raw_data_full_load_pipeline.load_sftp_datadata_4.csv manual__2023-06-09T15:20:24.730543+00:00 [running]> on host 8cb5811d1998
[2023-06-09 15:22:16,021] {taskinstance.py:1414} INFO - Exporting the following env vars:
AIRFLOW_CTX_DAG_EMAIL=Hassan@gmail.com
AIRFLOW_CTX_DAG_OWNER=Hassan
AIRFLOW_CTX_DAG_ID=sftp_raw_data_full_load_pipeline
AIRFLOW_CTX_TASK_ID=load_sftp_datadata_4.csv
AIRFLOW_CTX_EXECUTION_DATE=2023-06-09T15:20:24.730543+00:00
AIRFLOW_CTX_DAG_RUN_ID=manual__2023-06-09T15:20:24.730543+00:00
[2023-06-09 15:22:16,108] {logging_mixin.py:109} INFO - error while inserting to table: [Errno 2] No such file or directory: '../data/temp_files/None'
[2023-06-09 15:22:16,307] {local_task_job.py:154} INFO - Task exited with return code 1
[2023-06-09 15:22:16,541] {taskinstance.py:1280} INFO - Marking task as FAILED. dag_id=sftp_raw_data_full_load_pipeline, task_id=load_sftp_datadata_4.csv, execution_date=20230609T152024, start_date=20230609T152214, end_date=20230609T152216
[2023-06-09 15:22:17,695] {local_task_job.py:264} INFO - 0 downstream tasks scheduled from follow-on schedule check
[2023-06-09 16:52:52,372] {taskinstance.py:1035} INFO - Dependencies all met for <TaskInstance: sftp_raw_data_full_load_pipeline.load_sftp_datadata_4.csv scheduled__2023-06-08T00:00:00+00:00 [queued]>
[2023-06-09 16:52:52,621] {taskinstance.py:1035} INFO - Dependencies all met for <TaskInstance: sftp_raw_data_full_load_pipeline.load_sftp_datadata_4.csv scheduled__2023-06-08T00:00:00+00:00 [queued]>
[2023-06-09 16:52:52,623] {taskinstance.py:1241} INFO - 
--------------------------------------------------------------------------------
[2023-06-09 16:52:52,626] {taskinstance.py:1242} INFO - Starting attempt 1 of 1
[2023-06-09 16:52:52,628] {taskinstance.py:1243} INFO - 
--------------------------------------------------------------------------------
[2023-06-09 16:52:52,802] {taskinstance.py:1262} INFO - Executing <Task(PythonOperator): load_sftp_datadata_4.csv> on 2023-06-08 00:00:00+00:00
[2023-06-09 16:52:52,860] {standard_task_runner.py:52} INFO - Started process 990 to run task
[2023-06-09 16:52:52,859] {standard_task_runner.py:76} INFO - Running: ['***', 'tasks', 'run', 'sftp_raw_data_full_load_pipeline', 'load_sftp_datadata_4.csv', 'scheduled__2023-06-08T00:00:00+00:00', '--job-id', '44', '--raw', '--subdir', 'DAGS_FOLDER/sftp_raw_data_full_load_pipeline.py', '--cfg-path', '/tmp/tmpnf4nqsss', '--error-file', '/tmp/tmp5ct21nah']
[2023-06-09 16:52:52,868] {standard_task_runner.py:77} INFO - Job 44: Subtask load_sftp_datadata_4.csv
[2023-06-09 16:52:53,089] {logging_mixin.py:109} INFO - Running <TaskInstance: sftp_raw_data_full_load_pipeline.load_sftp_datadata_4.csv scheduled__2023-06-08T00:00:00+00:00 [running]> on host 6ba608d2de6e
[2023-06-09 16:52:53,541] {taskinstance.py:1414} INFO - Exporting the following env vars:
AIRFLOW_CTX_DAG_EMAIL=Hassan@gmail.com
AIRFLOW_CTX_DAG_OWNER=Hassan
AIRFLOW_CTX_DAG_ID=sftp_raw_data_full_load_pipeline
AIRFLOW_CTX_TASK_ID=load_sftp_datadata_4.csv
AIRFLOW_CTX_EXECUTION_DATE=2023-06-08T00:00:00+00:00
AIRFLOW_CTX_DAG_RUN_ID=scheduled__2023-06-08T00:00:00+00:00
[2023-06-09 16:52:53,627] {logging_mixin.py:109} INFO - error while inserting to table: [Errno 2] No such file or directory: '/opt/data/temp_files/None'
[2023-06-09 16:52:53,817] {local_task_job.py:154} INFO - Task exited with return code 1
[2023-06-09 16:52:54,041] {taskinstance.py:1280} INFO - Marking task as FAILED. dag_id=sftp_raw_data_full_load_pipeline, task_id=load_sftp_datadata_4.csv, execution_date=20230608T000000, start_date=20230609T165252, end_date=20230609T165254
[2023-06-09 16:52:54,774] {local_task_job.py:264} INFO - 0 downstream tasks scheduled from follow-on schedule check
