[2023-06-09 23:26:36,320] {taskinstance.py:1035} INFO - Dependencies all met for <TaskInstance: leads_raw_data_full_load_pipeline.parquet_to_postgres scheduled__2023-02-26T00:00:00+00:00 [queued]>
[2023-06-09 23:26:36,537] {taskinstance.py:1035} INFO - Dependencies all met for <TaskInstance: leads_raw_data_full_load_pipeline.parquet_to_postgres scheduled__2023-02-26T00:00:00+00:00 [queued]>
[2023-06-09 23:26:36,539] {taskinstance.py:1241} INFO - 
--------------------------------------------------------------------------------
[2023-06-09 23:26:36,540] {taskinstance.py:1242} INFO - Starting attempt 1 of 1
[2023-06-09 23:26:36,541] {taskinstance.py:1243} INFO - 
--------------------------------------------------------------------------------
[2023-06-09 23:26:36,781] {taskinstance.py:1262} INFO - Executing <Task(PythonOperator): parquet_to_postgres> on 2023-02-26 00:00:00+00:00
[2023-06-09 23:26:36,868] {standard_task_runner.py:52} INFO - Started process 25684 to run task
[2023-06-09 23:26:36,945] {standard_task_runner.py:76} INFO - Running: ['***', 'tasks', 'run', 'leads_raw_data_full_load_pipeline', 'parquet_to_postgres', 'scheduled__2023-02-26T00:00:00+00:00', '--job-id', '488', '--raw', '--subdir', 'DAGS_FOLDER/leads_raw_data_full_load_pipeline.py', '--cfg-path', '/tmp/tmpgb3g3g_v', '--error-file', '/tmp/tmprd_3nxyj']
[2023-06-09 23:26:36,968] {standard_task_runner.py:77} INFO - Job 488: Subtask parquet_to_postgres
[2023-06-09 23:26:37,221] {logging_mixin.py:109} INFO - Running <TaskInstance: leads_raw_data_full_load_pipeline.parquet_to_postgres scheduled__2023-02-26T00:00:00+00:00 [running]> on host 6ba608d2de6e
[2023-06-09 23:26:37,521] {taskinstance.py:1414} INFO - Exporting the following env vars:
AIRFLOW_CTX_DAG_OWNER=***
AIRFLOW_CTX_DAG_ID=leads_raw_data_full_load_pipeline
AIRFLOW_CTX_TASK_ID=parquet_to_postgres
AIRFLOW_CTX_EXECUTION_DATE=2023-02-26T00:00:00+00:00
AIRFLOW_CTX_DAG_RUN_ID=scheduled__2023-02-26T00:00:00+00:00
[2023-06-09 23:26:45,224] {logging_mixin.py:109} INFO - Parquet file loaded into PostgreSQL successfully.
[2023-06-09 23:26:45,235] {python.py:152} INFO - Done. Returned value was: None
[2023-06-09 23:26:45,432] {taskinstance.py:1280} INFO - Marking task as SUCCESS. dag_id=leads_raw_data_full_load_pipeline, task_id=parquet_to_postgres, execution_date=20230226T000000, start_date=20230609T232636, end_date=20230609T232645
[2023-06-09 23:26:45,659] {local_task_job.py:154} INFO - Task exited with return code 0
[2023-06-09 23:26:45,848] {local_task_job.py:264} INFO - 1 downstream tasks scheduled from follow-on schedule check
