[2023-06-09 15:08:14,643] {taskinstance.py:1035} INFO - Dependencies all met for <TaskInstance: sftp_raw_data_full_load_pipeline.extract_from_file_data_17.csv scheduled__2023-06-08T00:00:00+00:00 [queued]>
[2023-06-09 15:08:14,749] {taskinstance.py:1035} INFO - Dependencies all met for <TaskInstance: sftp_raw_data_full_load_pipeline.extract_from_file_data_17.csv scheduled__2023-06-08T00:00:00+00:00 [queued]>
[2023-06-09 15:08:14,753] {taskinstance.py:1241} INFO - 
--------------------------------------------------------------------------------
[2023-06-09 15:08:14,754] {taskinstance.py:1242} INFO - Starting attempt 1 of 1
[2023-06-09 15:08:14,755] {taskinstance.py:1243} INFO - 
--------------------------------------------------------------------------------
[2023-06-09 15:08:15,778] {taskinstance.py:1262} INFO - Executing <Task(PythonOperator): extract_from_file_data_17.csv> on 2023-06-08 00:00:00+00:00
[2023-06-09 15:08:15,790] {standard_task_runner.py:52} INFO - Started process 1329 to run task
[2023-06-09 15:08:15,800] {standard_task_runner.py:76} INFO - Running: ['***', 'tasks', 'run', 'sftp_raw_data_full_load_pipeline', 'extract_from_file_data_17.csv', 'scheduled__2023-06-08T00:00:00+00:00', '--job-id', '12', '--raw', '--subdir', 'DAGS_FOLDER/sftp_raw_data_full_load_pipeline.py', '--cfg-path', '/tmp/tmp87d3hha8', '--error-file', '/tmp/tmpv6_ml003']
[2023-06-09 15:08:15,812] {standard_task_runner.py:77} INFO - Job 12: Subtask extract_from_file_data_17.csv
[2023-06-09 15:08:15,979] {logging_mixin.py:109} INFO - Running <TaskInstance: sftp_raw_data_full_load_pipeline.extract_from_file_data_17.csv scheduled__2023-06-08T00:00:00+00:00 [running]> on host 8cb5811d1998
[2023-06-09 15:08:16,318] {taskinstance.py:1414} INFO - Exporting the following env vars:
AIRFLOW_CTX_DAG_EMAIL=Hassan@gmail.com
AIRFLOW_CTX_DAG_OWNER=Hassan
AIRFLOW_CTX_DAG_ID=sftp_raw_data_full_load_pipeline
AIRFLOW_CTX_TASK_ID=extract_from_file_data_17.csv
AIRFLOW_CTX_EXECUTION_DATE=2023-06-08T00:00:00+00:00
AIRFLOW_CTX_DAG_RUN_ID=scheduled__2023-06-08T00:00:00+00:00
[2023-06-09 15:08:16,335] {logging_mixin.py:109} INFO - ((), ())
[2023-06-09 15:08:16,431] {logging_mixin.py:109} INFO - Empty DataFrame
Columns: []
Index: []
[2023-06-09 15:08:16,442] {logging_mixin.py:109} INFO - [Errno 2] No such file or directory: './data/temp_files/2023-06-09_15:08:16.433313_leads_sftp.json'
[2023-06-09 15:08:16,499] {python.py:152} INFO - Done. Returned value was: None
[2023-06-09 15:08:18,402] {taskinstance.py:1280} INFO - Marking task as SUCCESS. dag_id=sftp_raw_data_full_load_pipeline, task_id=extract_from_file_data_17.csv, execution_date=20230608T000000, start_date=20230609T150814, end_date=20230609T150818
[2023-06-09 15:08:18,621] {local_task_job.py:154} INFO - Task exited with return code 0
[2023-06-09 15:08:20,807] {local_task_job.py:264} INFO - 1 downstream tasks scheduled from follow-on schedule check
[2023-06-09 15:21:54,619] {taskinstance.py:1035} INFO - Dependencies all met for <TaskInstance: sftp_raw_data_full_load_pipeline.extract_from_file_data_17.csv manual__2023-06-09T15:20:24.730543+00:00 [queued]>
[2023-06-09 15:21:54,789] {taskinstance.py:1035} INFO - Dependencies all met for <TaskInstance: sftp_raw_data_full_load_pipeline.extract_from_file_data_17.csv manual__2023-06-09T15:20:24.730543+00:00 [queued]>
[2023-06-09 15:21:54,795] {taskinstance.py:1241} INFO - 
--------------------------------------------------------------------------------
[2023-06-09 15:21:54,801] {taskinstance.py:1242} INFO - Starting attempt 1 of 1
[2023-06-09 15:21:54,801] {taskinstance.py:1243} INFO - 
--------------------------------------------------------------------------------
[2023-06-09 15:21:56,202] {taskinstance.py:1262} INFO - Executing <Task(PythonOperator): extract_from_file_data_17.csv> on 2023-06-09 15:20:24.730543+00:00
[2023-06-09 15:21:56,216] {standard_task_runner.py:52} INFO - Started process 3284 to run task
[2023-06-09 15:21:56,249] {standard_task_runner.py:76} INFO - Running: ['***', 'tasks', 'run', 'sftp_raw_data_full_load_pipeline', 'extract_from_file_data_17.csv', 'manual__2023-06-09T15:20:24.730543+00:00', '--job-id', '50', '--raw', '--subdir', 'DAGS_FOLDER/sftp_raw_data_full_load_pipeline.py', '--cfg-path', '/tmp/tmp03ft0ev3', '--error-file', '/tmp/tmp31oyvp8t']
[2023-06-09 15:21:56,261] {standard_task_runner.py:77} INFO - Job 50: Subtask extract_from_file_data_17.csv
[2023-06-09 15:21:56,446] {logging_mixin.py:109} INFO - Running <TaskInstance: sftp_raw_data_full_load_pipeline.extract_from_file_data_17.csv manual__2023-06-09T15:20:24.730543+00:00 [running]> on host 8cb5811d1998
[2023-06-09 15:21:56,592] {taskinstance.py:1414} INFO - Exporting the following env vars:
AIRFLOW_CTX_DAG_EMAIL=Hassan@gmail.com
AIRFLOW_CTX_DAG_OWNER=Hassan
AIRFLOW_CTX_DAG_ID=sftp_raw_data_full_load_pipeline
AIRFLOW_CTX_TASK_ID=extract_from_file_data_17.csv
AIRFLOW_CTX_EXECUTION_DATE=2023-06-09T15:20:24.730543+00:00
AIRFLOW_CTX_DAG_RUN_ID=manual__2023-06-09T15:20:24.730543+00:00
[2023-06-09 15:21:56,600] {logging_mixin.py:109} INFO - ((), ())
[2023-06-09 15:21:56,661] {logging_mixin.py:109} INFO - Empty DataFrame
Columns: []
Index: []
[2023-06-09 15:21:56,671] {logging_mixin.py:109} INFO - [Errno 2] No such file or directory: './data/temp_files/2023-06-09_15:21:56.663364_leads_sftp.json'
[2023-06-09 15:21:56,718] {python.py:152} INFO - Done. Returned value was: None
[2023-06-09 15:21:57,582] {taskinstance.py:1280} INFO - Marking task as SUCCESS. dag_id=sftp_raw_data_full_load_pipeline, task_id=extract_from_file_data_17.csv, execution_date=20230609T152024, start_date=20230609T152154, end_date=20230609T152157
[2023-06-09 15:21:57,754] {local_task_job.py:154} INFO - Task exited with return code 0
[2023-06-09 15:22:00,327] {local_task_job.py:264} INFO - 1 downstream tasks scheduled from follow-on schedule check
[2023-06-09 16:52:03,973] {taskinstance.py:1035} INFO - Dependencies all met for <TaskInstance: sftp_raw_data_full_load_pipeline.extract_from_file_data_17.csv scheduled__2023-06-08T00:00:00+00:00 [queued]>
[2023-06-09 16:52:04,264] {taskinstance.py:1035} INFO - Dependencies all met for <TaskInstance: sftp_raw_data_full_load_pipeline.extract_from_file_data_17.csv scheduled__2023-06-08T00:00:00+00:00 [queued]>
[2023-06-09 16:52:04,268] {taskinstance.py:1241} INFO - 
--------------------------------------------------------------------------------
[2023-06-09 16:52:04,274] {taskinstance.py:1242} INFO - Starting attempt 1 of 1
[2023-06-09 16:52:04,279] {taskinstance.py:1243} INFO - 
--------------------------------------------------------------------------------
[2023-06-09 16:52:04,501] {taskinstance.py:1262} INFO - Executing <Task(PythonOperator): extract_from_file_data_17.csv> on 2023-06-08 00:00:00+00:00
[2023-06-09 16:52:04,556] {standard_task_runner.py:52} INFO - Started process 659 to run task
[2023-06-09 16:52:04,576] {standard_task_runner.py:76} INFO - Running: ['***', 'tasks', 'run', 'sftp_raw_data_full_load_pipeline', 'extract_from_file_data_17.csv', 'scheduled__2023-06-08T00:00:00+00:00', '--job-id', '16', '--raw', '--subdir', 'DAGS_FOLDER/sftp_raw_data_full_load_pipeline.py', '--cfg-path', '/tmp/tmpgaf1wk26', '--error-file', '/tmp/tmphtjymz6f']
[2023-06-09 16:52:04,599] {standard_task_runner.py:77} INFO - Job 16: Subtask extract_from_file_data_17.csv
[2023-06-09 16:52:05,380] {logging_mixin.py:109} INFO - Running <TaskInstance: sftp_raw_data_full_load_pipeline.extract_from_file_data_17.csv scheduled__2023-06-08T00:00:00+00:00 [running]> on host 6ba608d2de6e
[2023-06-09 16:52:06,378] {taskinstance.py:1414} INFO - Exporting the following env vars:
AIRFLOW_CTX_DAG_EMAIL=Hassan@gmail.com
AIRFLOW_CTX_DAG_OWNER=Hassan
AIRFLOW_CTX_DAG_ID=sftp_raw_data_full_load_pipeline
AIRFLOW_CTX_TASK_ID=extract_from_file_data_17.csv
AIRFLOW_CTX_EXECUTION_DATE=2023-06-08T00:00:00+00:00
AIRFLOW_CTX_DAG_RUN_ID=scheduled__2023-06-08T00:00:00+00:00
[2023-06-09 16:52:09,621] {python.py:152} INFO - Done. Returned value was: None
[2023-06-09 16:52:10,048] {taskinstance.py:1280} INFO - Marking task as SUCCESS. dag_id=sftp_raw_data_full_load_pipeline, task_id=extract_from_file_data_17.csv, execution_date=20230608T000000, start_date=20230609T165204, end_date=20230609T165210
[2023-06-09 16:52:10,452] {local_task_job.py:154} INFO - Task exited with return code 0
[2023-06-09 16:52:12,500] {local_task_job.py:264} INFO - 1 downstream tasks scheduled from follow-on schedule check
