[2023-06-09 21:53:59,230] {taskinstance.py:1035} INFO - Dependencies all met for <TaskInstance: sftp_raw_data_full_load_pipeline.extract_from_file_data_17.csv scheduled__2023-06-08T00:00:00+00:00 [queued]>
[2023-06-09 21:53:59,452] {taskinstance.py:1035} INFO - Dependencies all met for <TaskInstance: sftp_raw_data_full_load_pipeline.extract_from_file_data_17.csv scheduled__2023-06-08T00:00:00+00:00 [queued]>
[2023-06-09 21:53:59,463] {taskinstance.py:1241} INFO - 
--------------------------------------------------------------------------------
[2023-06-09 21:53:59,465] {taskinstance.py:1242} INFO - Starting attempt 2 of 2
[2023-06-09 21:53:59,474] {taskinstance.py:1243} INFO - 
--------------------------------------------------------------------------------
[2023-06-09 21:53:59,785] {taskinstance.py:1262} INFO - Executing <Task(PythonOperator): extract_from_file_data_17.csv> on 2023-06-08 00:00:00+00:00
[2023-06-09 21:53:59,829] {standard_task_runner.py:52} INFO - Started process 11611 to run task
[2023-06-09 21:53:59,911] {standard_task_runner.py:76} INFO - Running: ['***', 'tasks', 'run', 'sftp_raw_data_full_load_pipeline', 'extract_from_file_data_17.csv', 'scheduled__2023-06-08T00:00:00+00:00', '--job-id', '73', '--raw', '--subdir', 'DAGS_FOLDER/sftp_raw_data_full_load_pipeline.py', '--cfg-path', '/tmp/tmpd_qtgkhc', '--error-file', '/tmp/tmpecajjbvi']
[2023-06-09 21:53:59,984] {standard_task_runner.py:77} INFO - Job 73: Subtask extract_from_file_data_17.csv
[2023-06-09 21:54:00,315] {logging_mixin.py:109} INFO - Running <TaskInstance: sftp_raw_data_full_load_pipeline.extract_from_file_data_17.csv scheduled__2023-06-08T00:00:00+00:00 [running]> on host 6ba608d2de6e
[2023-06-09 21:54:01,113] {taskinstance.py:1414} INFO - Exporting the following env vars:
AIRFLOW_CTX_DAG_EMAIL=Hassan@gmail.com
AIRFLOW_CTX_DAG_OWNER=Hassan
AIRFLOW_CTX_DAG_ID=sftp_raw_data_full_load_pipeline
AIRFLOW_CTX_TASK_ID=extract_from_file_data_17.csv
AIRFLOW_CTX_EXECUTION_DATE=2023-06-08T00:00:00+00:00
AIRFLOW_CTX_DAG_RUN_ID=scheduled__2023-06-08T00:00:00+00:00
[2023-06-09 21:54:03,173] {python.py:152} INFO - Done. Returned value was: None
[2023-06-09 21:54:04,916] {taskinstance.py:1280} INFO - Marking task as SUCCESS. dag_id=sftp_raw_data_full_load_pipeline, task_id=extract_from_file_data_17.csv, execution_date=20230608T000000, start_date=20230609T215359, end_date=20230609T215404
[2023-06-09 21:54:05,295] {local_task_job.py:154} INFO - Task exited with return code 0
[2023-06-09 21:54:07,893] {local_task_job.py:264} INFO - 1 downstream tasks scheduled from follow-on schedule check
