[2023-06-09 23:30:08,536] {taskinstance.py:1035} INFO - Dependencies all met for <TaskInstance: leads_raw_data_full_load_pipeline.parquet_to_postgres scheduled__2023-05-23T00:00:00+00:00 [queued]>
[2023-06-09 23:30:08,698] {taskinstance.py:1035} INFO - Dependencies all met for <TaskInstance: leads_raw_data_full_load_pipeline.parquet_to_postgres scheduled__2023-05-23T00:00:00+00:00 [queued]>
[2023-06-09 23:30:08,701] {taskinstance.py:1241} INFO - 
--------------------------------------------------------------------------------
[2023-06-09 23:30:08,703] {taskinstance.py:1242} INFO - Starting attempt 1 of 1
[2023-06-09 23:30:08,705] {taskinstance.py:1243} INFO - 
--------------------------------------------------------------------------------
[2023-06-09 23:30:09,515] {taskinstance.py:1262} INFO - Executing <Task(PythonOperator): parquet_to_postgres> on 2023-05-23 00:00:00+00:00
[2023-06-09 23:30:09,546] {standard_task_runner.py:52} INFO - Started process 27426 to run task
[2023-06-09 23:30:09,563] {standard_task_runner.py:76} INFO - Running: ['***', 'tasks', 'run', 'leads_raw_data_full_load_pipeline', 'parquet_to_postgres', 'scheduled__2023-05-23T00:00:00+00:00', '--job-id', '575', '--raw', '--subdir', 'DAGS_FOLDER/leads_raw_data_full_load_pipeline.py', '--cfg-path', '/tmp/tmpzwd9_zww', '--error-file', '/tmp/tmpi_rqj437']
[2023-06-09 23:30:09,614] {standard_task_runner.py:77} INFO - Job 575: Subtask parquet_to_postgres
[2023-06-09 23:30:10,046] {logging_mixin.py:109} INFO - Running <TaskInstance: leads_raw_data_full_load_pipeline.parquet_to_postgres scheduled__2023-05-23T00:00:00+00:00 [running]> on host 6ba608d2de6e
[2023-06-09 23:30:10,455] {taskinstance.py:1414} INFO - Exporting the following env vars:
AIRFLOW_CTX_DAG_OWNER=***
AIRFLOW_CTX_DAG_ID=leads_raw_data_full_load_pipeline
AIRFLOW_CTX_TASK_ID=parquet_to_postgres
AIRFLOW_CTX_EXECUTION_DATE=2023-05-23T00:00:00+00:00
AIRFLOW_CTX_DAG_RUN_ID=scheduled__2023-05-23T00:00:00+00:00
[2023-06-09 23:30:14,256] {logging_mixin.py:109} INFO - Error loading Parquet file into PostgreSQL: (psycopg2.errors.UndefinedTable) table "leads_sft" does not exist

[SQL: 
DROP TABLE leads_sft]
(Background on this error at: http://sqlalche.me/e/13/f405)
[2023-06-09 23:30:14,259] {python.py:152} INFO - Done. Returned value was: None
[2023-06-09 23:30:15,706] {taskinstance.py:1280} INFO - Marking task as SUCCESS. dag_id=leads_raw_data_full_load_pipeline, task_id=parquet_to_postgres, execution_date=20230523T000000, start_date=20230609T233008, end_date=20230609T233015
[2023-06-09 23:30:16,119] {local_task_job.py:154} INFO - Task exited with return code 0
[2023-06-09 23:30:16,371] {local_task_job.py:264} INFO - 1 downstream tasks scheduled from follow-on schedule check
