[2023-06-09 22:34:46,964] {taskinstance.py:1035} INFO - Dependencies all met for <TaskInstance: sftp_raw_data_inc_load_pipeline.load_sftp_data_data_14.csv manual__2023-06-09T22:03:08.195880+00:00 [queued]>
[2023-06-09 22:34:47,414] {taskinstance.py:1035} INFO - Dependencies all met for <TaskInstance: sftp_raw_data_inc_load_pipeline.load_sftp_data_data_14.csv manual__2023-06-09T22:03:08.195880+00:00 [queued]>
[2023-06-09 22:34:47,416] {taskinstance.py:1241} INFO - 
--------------------------------------------------------------------------------
[2023-06-09 22:34:47,420] {taskinstance.py:1242} INFO - Starting attempt 7 of 7
[2023-06-09 22:34:47,425] {taskinstance.py:1243} INFO - 
--------------------------------------------------------------------------------
[2023-06-09 22:34:48,141] {taskinstance.py:1262} INFO - Executing <Task(PythonOperator): load_sftp_data_data_14.csv> on 2023-06-09 22:03:08.195880+00:00
[2023-06-09 22:34:48,296] {standard_task_runner.py:52} INFO - Started process 19062 to run task
[2023-06-09 22:34:48,397] {standard_task_runner.py:76} INFO - Running: ['***', 'tasks', 'run', 'sftp_raw_data_inc_load_pipeline', 'load_sftp_data_data_14.csv', 'manual__2023-06-09T22:03:08.195880+00:00', '--job-id', '410', '--raw', '--subdir', 'DAGS_FOLDER/sftp_raw_data_inc_load_pipeline.py', '--cfg-path', '/tmp/tmptq31or4m', '--error-file', '/tmp/tmpwccw6jz3']
[2023-06-09 22:34:48,518] {standard_task_runner.py:77} INFO - Job 410: Subtask load_sftp_data_data_14.csv
[2023-06-09 22:34:49,353] {logging_mixin.py:109} INFO - Running <TaskInstance: sftp_raw_data_inc_load_pipeline.load_sftp_data_data_14.csv manual__2023-06-09T22:03:08.195880+00:00 [running]> on host 6ba608d2de6e
[2023-06-09 22:34:50,262] {taskinstance.py:1414} INFO - Exporting the following env vars:
AIRFLOW_CTX_DAG_EMAIL=Hassan@gmail.com
AIRFLOW_CTX_DAG_OWNER=Hassan
AIRFLOW_CTX_DAG_ID=sftp_raw_data_inc_load_pipeline
AIRFLOW_CTX_TASK_ID=load_sftp_data_data_14.csv
AIRFLOW_CTX_EXECUTION_DATE=2023-06-09T22:03:08.195880+00:00
AIRFLOW_CTX_DAG_RUN_ID=manual__2023-06-09T22:03:08.195880+00:00
[2023-06-09 22:35:04,602] {python.py:152} INFO - Done. Returned value was: None
[2023-06-09 22:35:05,180] {taskinstance.py:1280} INFO - Marking task as SUCCESS. dag_id=sftp_raw_data_inc_load_pipeline, task_id=load_sftp_data_data_14.csv, execution_date=20230609T220308, start_date=20230609T223447, end_date=20230609T223505
[2023-06-09 22:35:05,569] {local_task_job.py:154} INFO - Task exited with return code 0
[2023-06-09 22:35:06,646] {local_task_job.py:264} INFO - 1 downstream tasks scheduled from follow-on schedule check
