[2023-06-09 22:03:29,526] {taskinstance.py:1029} INFO - Dependencies not met for <TaskInstance: sftp_raw_data_inc_load_pipeline.extract_from_file_data_18.csv scheduled__2023-06-08T00:00:00+00:00 [success]>, dependency 'Task Instance State' FAILED: Task is in the 'success' state which is not a valid state for execution. The task must be cleared in order to be run.
[2023-06-09 22:03:29,544] {local_task_job.py:99} INFO - Task is not able to be run
[2023-06-09 22:03:39,231] {taskinstance.py:1035} INFO - Dependencies all met for <TaskInstance: sftp_raw_data_inc_load_pipeline.extract_from_file_data_18.csv manual__2023-06-09T22:03:08.195880+00:00 [queued]>
[2023-06-09 22:03:39,389] {taskinstance.py:1035} INFO - Dependencies all met for <TaskInstance: sftp_raw_data_inc_load_pipeline.extract_from_file_data_18.csv manual__2023-06-09T22:03:08.195880+00:00 [queued]>
[2023-06-09 22:03:39,394] {taskinstance.py:1241} INFO - 
--------------------------------------------------------------------------------
[2023-06-09 22:03:39,395] {taskinstance.py:1242} INFO - Starting attempt 1 of 1
[2023-06-09 22:03:39,396] {taskinstance.py:1243} INFO - 
--------------------------------------------------------------------------------
[2023-06-09 22:03:39,554] {taskinstance.py:1262} INFO - Executing <Task(PythonOperator): extract_from_file_data_18.csv> on 2023-06-09 22:03:08.195880+00:00
[2023-06-09 22:03:39,593] {standard_task_runner.py:52} INFO - Started process 13256 to run task
[2023-06-09 22:03:39,595] {standard_task_runner.py:76} INFO - Running: ['***', 'tasks', 'run', 'sftp_raw_data_inc_load_pipeline', 'extract_from_file_data_18.csv', 'manual__2023-06-09T22:03:08.195880+00:00', '--job-id', '134', '--raw', '--subdir', 'DAGS_FOLDER/sftp_raw_data_inc_load_pipeline.py', '--cfg-path', '/tmp/tmpj50nngqc', '--error-file', '/tmp/tmpyu8unqsy']
[2023-06-09 22:03:39,614] {standard_task_runner.py:77} INFO - Job 134: Subtask extract_from_file_data_18.csv
[2023-06-09 22:03:39,993] {logging_mixin.py:109} INFO - Running <TaskInstance: sftp_raw_data_inc_load_pipeline.extract_from_file_data_18.csv manual__2023-06-09T22:03:08.195880+00:00 [running]> on host 6ba608d2de6e
[2023-06-09 22:03:40,271] {taskinstance.py:1414} INFO - Exporting the following env vars:
AIRFLOW_CTX_DAG_EMAIL=Hassan@gmail.com
AIRFLOW_CTX_DAG_OWNER=Hassan
AIRFLOW_CTX_DAG_ID=sftp_raw_data_inc_load_pipeline
AIRFLOW_CTX_TASK_ID=extract_from_file_data_18.csv
AIRFLOW_CTX_EXECUTION_DATE=2023-06-09T22:03:08.195880+00:00
AIRFLOW_CTX_DAG_RUN_ID=manual__2023-06-09T22:03:08.195880+00:00
[2023-06-09 22:03:42,402] {python.py:152} INFO - Done. Returned value was: None
[2023-06-09 22:03:42,820] {taskinstance.py:1280} INFO - Marking task as SUCCESS. dag_id=sftp_raw_data_inc_load_pipeline, task_id=extract_from_file_data_18.csv, execution_date=20230609T220308, start_date=20230609T220339, end_date=20230609T220342
[2023-06-09 22:03:42,994] {local_task_job.py:154} INFO - Task exited with return code 0
[2023-06-09 22:03:43,670] {local_task_job.py:264} INFO - 0 downstream tasks scheduled from follow-on schedule check
