[2023-06-09 22:26:41,581] {taskinstance.py:1035} INFO - Dependencies all met for <TaskInstance: sftp_raw_data_inc_load_pipeline.extract_from_file_data_18.csv manual__2023-06-09T22:03:08.195880+00:00 [queued]>
[2023-06-09 22:26:41,889] {taskinstance.py:1035} INFO - Dependencies all met for <TaskInstance: sftp_raw_data_inc_load_pipeline.extract_from_file_data_18.csv manual__2023-06-09T22:03:08.195880+00:00 [queued]>
[2023-06-09 22:26:41,892] {taskinstance.py:1241} INFO - 
--------------------------------------------------------------------------------
[2023-06-09 22:26:41,893] {taskinstance.py:1242} INFO - Starting attempt 4 of 4
[2023-06-09 22:26:41,894] {taskinstance.py:1243} INFO - 
--------------------------------------------------------------------------------
[2023-06-09 22:26:42,166] {taskinstance.py:1262} INFO - Executing <Task(PythonOperator): extract_from_file_data_18.csv> on 2023-06-09 22:03:08.195880+00:00
[2023-06-09 22:26:42,230] {standard_task_runner.py:52} INFO - Started process 16783 to run task
[2023-06-09 22:26:42,244] {standard_task_runner.py:76} INFO - Running: ['***', 'tasks', 'run', 'sftp_raw_data_inc_load_pipeline', 'extract_from_file_data_18.csv', 'manual__2023-06-09T22:03:08.195880+00:00', '--job-id', '235', '--raw', '--subdir', 'DAGS_FOLDER/sftp_raw_data_inc_load_pipeline.py', '--cfg-path', '/tmp/tmpprca8766', '--error-file', '/tmp/tmpn1esbls4']
[2023-06-09 22:26:42,301] {standard_task_runner.py:77} INFO - Job 235: Subtask extract_from_file_data_18.csv
[2023-06-09 22:26:42,737] {logging_mixin.py:109} INFO - Running <TaskInstance: sftp_raw_data_inc_load_pipeline.extract_from_file_data_18.csv manual__2023-06-09T22:03:08.195880+00:00 [running]> on host 6ba608d2de6e
[2023-06-09 22:26:43,283] {taskinstance.py:1414} INFO - Exporting the following env vars:
AIRFLOW_CTX_DAG_EMAIL=Hassan@gmail.com
AIRFLOW_CTX_DAG_OWNER=Hassan
AIRFLOW_CTX_DAG_ID=sftp_raw_data_inc_load_pipeline
AIRFLOW_CTX_TASK_ID=extract_from_file_data_18.csv
AIRFLOW_CTX_EXECUTION_DATE=2023-06-09T22:03:08.195880+00:00
AIRFLOW_CTX_DAG_RUN_ID=manual__2023-06-09T22:03:08.195880+00:00
[2023-06-09 22:26:45,181] {python.py:152} INFO - Done. Returned value was: None
[2023-06-09 22:26:46,010] {taskinstance.py:1280} INFO - Marking task as SUCCESS. dag_id=sftp_raw_data_inc_load_pipeline, task_id=extract_from_file_data_18.csv, execution_date=20230609T220308, start_date=20230609T222641, end_date=20230609T222646
[2023-06-09 22:26:46,562] {local_task_job.py:154} INFO - Task exited with return code 0
[2023-06-09 22:26:47,947] {local_task_job.py:264} INFO - 1 downstream tasks scheduled from follow-on schedule check
