[2023-06-09 22:20:25,751] {taskinstance.py:1035} INFO - Dependencies all met for <TaskInstance: sftp_raw_data_inc_load_pipeline.extract_from_file_data_19.csv manual__2023-06-09T22:03:08.195880+00:00 [queued]>
[2023-06-09 22:20:25,918] {taskinstance.py:1035} INFO - Dependencies all met for <TaskInstance: sftp_raw_data_inc_load_pipeline.extract_from_file_data_19.csv manual__2023-06-09T22:03:08.195880+00:00 [queued]>
[2023-06-09 22:20:25,921] {taskinstance.py:1241} INFO - 
--------------------------------------------------------------------------------
[2023-06-09 22:20:25,923] {taskinstance.py:1242} INFO - Starting attempt 3 of 3
[2023-06-09 22:20:25,927] {taskinstance.py:1243} INFO - 
--------------------------------------------------------------------------------
[2023-06-09 22:20:26,103] {taskinstance.py:1262} INFO - Executing <Task(PythonOperator): extract_from_file_data_19.csv> on 2023-06-09 22:03:08.195880+00:00
[2023-06-09 22:20:26,121] {standard_task_runner.py:52} INFO - Started process 15857 to run task
[2023-06-09 22:20:26,159] {standard_task_runner.py:76} INFO - Running: ['***', 'tasks', 'run', 'sftp_raw_data_inc_load_pipeline', 'extract_from_file_data_19.csv', 'manual__2023-06-09T22:03:08.195880+00:00', '--job-id', '216', '--raw', '--subdir', 'DAGS_FOLDER/sftp_raw_data_inc_load_pipeline.py', '--cfg-path', '/tmp/tmpma5kwq_o', '--error-file', '/tmp/tmp77_gn7l6']
[2023-06-09 22:20:26,206] {standard_task_runner.py:77} INFO - Job 216: Subtask extract_from_file_data_19.csv
[2023-06-09 22:20:26,696] {logging_mixin.py:109} INFO - Running <TaskInstance: sftp_raw_data_inc_load_pipeline.extract_from_file_data_19.csv manual__2023-06-09T22:03:08.195880+00:00 [running]> on host 6ba608d2de6e
[2023-06-09 22:20:27,157] {taskinstance.py:1414} INFO - Exporting the following env vars:
AIRFLOW_CTX_DAG_EMAIL=Hassan@gmail.com
AIRFLOW_CTX_DAG_OWNER=Hassan
AIRFLOW_CTX_DAG_ID=sftp_raw_data_inc_load_pipeline
AIRFLOW_CTX_TASK_ID=extract_from_file_data_19.csv
AIRFLOW_CTX_EXECUTION_DATE=2023-06-09T22:03:08.195880+00:00
AIRFLOW_CTX_DAG_RUN_ID=manual__2023-06-09T22:03:08.195880+00:00
[2023-06-09 22:20:29,295] {python.py:152} INFO - Done. Returned value was: None
[2023-06-09 22:20:30,180] {taskinstance.py:1280} INFO - Marking task as SUCCESS. dag_id=sftp_raw_data_inc_load_pipeline, task_id=extract_from_file_data_19.csv, execution_date=20230609T220308, start_date=20230609T222025, end_date=20230609T222030
[2023-06-09 22:20:30,304] {local_task_job.py:154} INFO - Task exited with return code 0
[2023-06-09 22:20:31,773] {local_task_job.py:264} INFO - 1 downstream tasks scheduled from follow-on schedule check
