[2023-06-09 22:33:48,673] {taskinstance.py:1035} INFO - Dependencies all met for <TaskInstance: sftp_raw_data_inc_load_pipeline.extract_from_file_data_19.csv manual__2023-06-09T22:03:08.195880+00:00 [queued]>
[2023-06-09 22:33:49,039] {taskinstance.py:1035} INFO - Dependencies all met for <TaskInstance: sftp_raw_data_inc_load_pipeline.extract_from_file_data_19.csv manual__2023-06-09T22:03:08.195880+00:00 [queued]>
[2023-06-09 22:33:49,043] {taskinstance.py:1241} INFO - 
--------------------------------------------------------------------------------
[2023-06-09 22:33:49,045] {taskinstance.py:1242} INFO - Starting attempt 7 of 7
[2023-06-09 22:33:49,051] {taskinstance.py:1243} INFO - 
--------------------------------------------------------------------------------
[2023-06-09 22:33:50,592] {taskinstance.py:1262} INFO - Executing <Task(PythonOperator): extract_from_file_data_19.csv> on 2023-06-09 22:03:08.195880+00:00
[2023-06-09 22:33:50,618] {standard_task_runner.py:52} INFO - Started process 18711 to run task
[2023-06-09 22:33:50,640] {standard_task_runner.py:76} INFO - Running: ['***', 'tasks', 'run', 'sftp_raw_data_inc_load_pipeline', 'extract_from_file_data_19.csv', 'manual__2023-06-09T22:03:08.195880+00:00', '--job-id', '381', '--raw', '--subdir', 'DAGS_FOLDER/sftp_raw_data_inc_load_pipeline.py', '--cfg-path', '/tmp/tmpu2tq4cwd', '--error-file', '/tmp/tmpfbpnoh7a']
[2023-06-09 22:33:50,693] {standard_task_runner.py:77} INFO - Job 381: Subtask extract_from_file_data_19.csv
[2023-06-09 22:33:51,305] {logging_mixin.py:109} INFO - Running <TaskInstance: sftp_raw_data_inc_load_pipeline.extract_from_file_data_19.csv manual__2023-06-09T22:03:08.195880+00:00 [running]> on host 6ba608d2de6e
[2023-06-09 22:33:52,016] {taskinstance.py:1414} INFO - Exporting the following env vars:
AIRFLOW_CTX_DAG_EMAIL=Hassan@gmail.com
AIRFLOW_CTX_DAG_OWNER=Hassan
AIRFLOW_CTX_DAG_ID=sftp_raw_data_inc_load_pipeline
AIRFLOW_CTX_TASK_ID=extract_from_file_data_19.csv
AIRFLOW_CTX_EXECUTION_DATE=2023-06-09T22:03:08.195880+00:00
AIRFLOW_CTX_DAG_RUN_ID=manual__2023-06-09T22:03:08.195880+00:00
[2023-06-09 22:33:56,244] {python.py:152} INFO - Done. Returned value was: None
[2023-06-09 22:33:57,863] {taskinstance.py:1280} INFO - Marking task as SUCCESS. dag_id=sftp_raw_data_inc_load_pipeline, task_id=extract_from_file_data_19.csv, execution_date=20230609T220308, start_date=20230609T223348, end_date=20230609T223357
[2023-06-09 22:33:58,089] {local_task_job.py:154} INFO - Task exited with return code 0
[2023-06-09 22:33:59,037] {local_task_job.py:264} INFO - 1 downstream tasks scheduled from follow-on schedule check
