[2023-06-09 15:08:32,953] {taskinstance.py:1035} INFO - Dependencies all met for <TaskInstance: sftp_raw_data_full_load_pipeline.extract_from_file_data_6.csv scheduled__2023-06-08T00:00:00+00:00 [queued]>
[2023-06-09 15:08:33,061] {taskinstance.py:1035} INFO - Dependencies all met for <TaskInstance: sftp_raw_data_full_load_pipeline.extract_from_file_data_6.csv scheduled__2023-06-08T00:00:00+00:00 [queued]>
[2023-06-09 15:08:33,063] {taskinstance.py:1241} INFO - 
--------------------------------------------------------------------------------
[2023-06-09 15:08:33,064] {taskinstance.py:1242} INFO - Starting attempt 1 of 1
[2023-06-09 15:08:33,065] {taskinstance.py:1243} INFO - 
--------------------------------------------------------------------------------
[2023-06-09 15:08:33,193] {taskinstance.py:1262} INFO - Executing <Task(PythonOperator): extract_from_file_data_6.csv> on 2023-06-08 00:00:00+00:00
[2023-06-09 15:08:33,234] {standard_task_runner.py:52} INFO - Started process 1481 to run task
[2023-06-09 15:08:33,295] {standard_task_runner.py:76} INFO - Running: ['***', 'tasks', 'run', 'sftp_raw_data_full_load_pipeline', 'extract_from_file_data_6.csv', 'scheduled__2023-06-08T00:00:00+00:00', '--job-id', '27', '--raw', '--subdir', 'DAGS_FOLDER/sftp_raw_data_full_load_pipeline.py', '--cfg-path', '/tmp/tmpk6hq2llq', '--error-file', '/tmp/tmp9_q_1u27']
[2023-06-09 15:08:33,345] {standard_task_runner.py:77} INFO - Job 27: Subtask extract_from_file_data_6.csv
[2023-06-09 15:08:33,530] {logging_mixin.py:109} INFO - Running <TaskInstance: sftp_raw_data_full_load_pipeline.extract_from_file_data_6.csv scheduled__2023-06-08T00:00:00+00:00 [running]> on host 8cb5811d1998
[2023-06-09 15:08:33,828] {taskinstance.py:1414} INFO - Exporting the following env vars:
AIRFLOW_CTX_DAG_EMAIL=Hassan@gmail.com
AIRFLOW_CTX_DAG_OWNER=Hassan
AIRFLOW_CTX_DAG_ID=sftp_raw_data_full_load_pipeline
AIRFLOW_CTX_TASK_ID=extract_from_file_data_6.csv
AIRFLOW_CTX_EXECUTION_DATE=2023-06-08T00:00:00+00:00
AIRFLOW_CTX_DAG_RUN_ID=scheduled__2023-06-08T00:00:00+00:00
[2023-06-09 15:08:33,838] {logging_mixin.py:109} INFO - ((), ())
[2023-06-09 15:08:34,026] {logging_mixin.py:109} INFO - Empty DataFrame
Columns: []
Index: []
[2023-06-09 15:08:34,053] {logging_mixin.py:109} INFO - [Errno 2] No such file or directory: './data/temp_files/2023-06-09_15:08:34.031989_leads_sftp.json'
[2023-06-09 15:08:34,131] {python.py:152} INFO - Done. Returned value was: None
[2023-06-09 15:08:36,958] {taskinstance.py:1280} INFO - Marking task as SUCCESS. dag_id=sftp_raw_data_full_load_pipeline, task_id=extract_from_file_data_6.csv, execution_date=20230608T000000, start_date=20230609T150832, end_date=20230609T150836
[2023-06-09 15:08:37,204] {local_task_job.py:154} INFO - Task exited with return code 0
[2023-06-09 15:08:39,891] {local_task_job.py:264} INFO - 1 downstream tasks scheduled from follow-on schedule check
[2023-06-09 15:22:11,142] {taskinstance.py:1035} INFO - Dependencies all met for <TaskInstance: sftp_raw_data_full_load_pipeline.extract_from_file_data_6.csv manual__2023-06-09T15:20:24.730543+00:00 [queued]>
[2023-06-09 15:22:11,377] {taskinstance.py:1035} INFO - Dependencies all met for <TaskInstance: sftp_raw_data_full_load_pipeline.extract_from_file_data_6.csv manual__2023-06-09T15:20:24.730543+00:00 [queued]>
[2023-06-09 15:22:11,382] {taskinstance.py:1241} INFO - 
--------------------------------------------------------------------------------
[2023-06-09 15:22:11,387] {taskinstance.py:1242} INFO - Starting attempt 1 of 1
[2023-06-09 15:22:11,391] {taskinstance.py:1243} INFO - 
--------------------------------------------------------------------------------
[2023-06-09 15:22:11,544] {taskinstance.py:1262} INFO - Executing <Task(PythonOperator): extract_from_file_data_6.csv> on 2023-06-09 15:20:24.730543+00:00
[2023-06-09 15:22:11,585] {standard_task_runner.py:52} INFO - Started process 3426 to run task
[2023-06-09 15:22:11,602] {standard_task_runner.py:76} INFO - Running: ['***', 'tasks', 'run', 'sftp_raw_data_full_load_pipeline', 'extract_from_file_data_6.csv', 'manual__2023-06-09T15:20:24.730543+00:00', '--job-id', '63', '--raw', '--subdir', 'DAGS_FOLDER/sftp_raw_data_full_load_pipeline.py', '--cfg-path', '/tmp/tmpnjpib8e3', '--error-file', '/tmp/tmpis382gq6']
[2023-06-09 15:22:11,618] {standard_task_runner.py:77} INFO - Job 63: Subtask extract_from_file_data_6.csv
[2023-06-09 15:22:11,906] {logging_mixin.py:109} INFO - Running <TaskInstance: sftp_raw_data_full_load_pipeline.extract_from_file_data_6.csv manual__2023-06-09T15:20:24.730543+00:00 [running]> on host 8cb5811d1998
[2023-06-09 15:22:12,364] {taskinstance.py:1414} INFO - Exporting the following env vars:
AIRFLOW_CTX_DAG_EMAIL=Hassan@gmail.com
AIRFLOW_CTX_DAG_OWNER=Hassan
AIRFLOW_CTX_DAG_ID=sftp_raw_data_full_load_pipeline
AIRFLOW_CTX_TASK_ID=extract_from_file_data_6.csv
AIRFLOW_CTX_EXECUTION_DATE=2023-06-09T15:20:24.730543+00:00
AIRFLOW_CTX_DAG_RUN_ID=manual__2023-06-09T15:20:24.730543+00:00
[2023-06-09 15:22:12,399] {logging_mixin.py:109} INFO - ((), ())
[2023-06-09 15:22:12,672] {logging_mixin.py:109} INFO - Empty DataFrame
Columns: []
Index: []
[2023-06-09 15:22:12,717] {logging_mixin.py:109} INFO - [Errno 2] No such file or directory: './data/temp_files/2023-06-09_15:22:12.674584_leads_sftp.json'
[2023-06-09 15:22:12,819] {python.py:152} INFO - Done. Returned value was: None
[2023-06-09 15:22:12,948] {taskinstance.py:1280} INFO - Marking task as SUCCESS. dag_id=sftp_raw_data_full_load_pipeline, task_id=extract_from_file_data_6.csv, execution_date=20230609T152024, start_date=20230609T152211, end_date=20230609T152212
[2023-06-09 15:22:13,250] {local_task_job.py:154} INFO - Task exited with return code 0
[2023-06-09 15:22:13,885] {local_task_job.py:264} INFO - 1 downstream tasks scheduled from follow-on schedule check
[2023-06-09 16:52:28,250] {taskinstance.py:1035} INFO - Dependencies all met for <TaskInstance: sftp_raw_data_full_load_pipeline.extract_from_file_data_6.csv scheduled__2023-06-08T00:00:00+00:00 [queued]>
[2023-06-09 16:52:28,376] {taskinstance.py:1035} INFO - Dependencies all met for <TaskInstance: sftp_raw_data_full_load_pipeline.extract_from_file_data_6.csv scheduled__2023-06-08T00:00:00+00:00 [queued]>
[2023-06-09 16:52:28,378] {taskinstance.py:1241} INFO - 
--------------------------------------------------------------------------------
[2023-06-09 16:52:28,380] {taskinstance.py:1242} INFO - Starting attempt 1 of 1
[2023-06-09 16:52:28,381] {taskinstance.py:1243} INFO - 
--------------------------------------------------------------------------------
[2023-06-09 16:52:28,478] {taskinstance.py:1262} INFO - Executing <Task(PythonOperator): extract_from_file_data_6.csv> on 2023-06-08 00:00:00+00:00
[2023-06-09 16:52:28,499] {standard_task_runner.py:52} INFO - Started process 808 to run task
[2023-06-09 16:52:28,531] {standard_task_runner.py:76} INFO - Running: ['***', 'tasks', 'run', 'sftp_raw_data_full_load_pipeline', 'extract_from_file_data_6.csv', 'scheduled__2023-06-08T00:00:00+00:00', '--job-id', '22', '--raw', '--subdir', 'DAGS_FOLDER/sftp_raw_data_full_load_pipeline.py', '--cfg-path', '/tmp/tmp6suz6s2_', '--error-file', '/tmp/tmp5p9quur6']
[2023-06-09 16:52:28,562] {standard_task_runner.py:77} INFO - Job 22: Subtask extract_from_file_data_6.csv
[2023-06-09 16:52:29,112] {logging_mixin.py:109} INFO - Running <TaskInstance: sftp_raw_data_full_load_pipeline.extract_from_file_data_6.csv scheduled__2023-06-08T00:00:00+00:00 [running]> on host 6ba608d2de6e
[2023-06-09 16:52:29,749] {taskinstance.py:1414} INFO - Exporting the following env vars:
AIRFLOW_CTX_DAG_EMAIL=Hassan@gmail.com
AIRFLOW_CTX_DAG_OWNER=Hassan
AIRFLOW_CTX_DAG_ID=sftp_raw_data_full_load_pipeline
AIRFLOW_CTX_TASK_ID=extract_from_file_data_6.csv
AIRFLOW_CTX_EXECUTION_DATE=2023-06-08T00:00:00+00:00
AIRFLOW_CTX_DAG_RUN_ID=scheduled__2023-06-08T00:00:00+00:00
[2023-06-09 16:52:34,217] {python.py:152} INFO - Done. Returned value was: None
[2023-06-09 16:52:35,767] {taskinstance.py:1280} INFO - Marking task as SUCCESS. dag_id=sftp_raw_data_full_load_pipeline, task_id=extract_from_file_data_6.csv, execution_date=20230608T000000, start_date=20230609T165228, end_date=20230609T165235
[2023-06-09 16:52:35,994] {local_task_job.py:154} INFO - Task exited with return code 0
[2023-06-09 16:52:39,121] {local_task_job.py:264} INFO - 1 downstream tasks scheduled from follow-on schedule check
