[2023-06-09 15:08:15,511] {taskinstance.py:1035} INFO - Dependencies all met for <TaskInstance: sftp_raw_data_full_load_pipeline.extract_from_file_data_22.csv scheduled__2023-06-08T00:00:00+00:00 [queued]>
[2023-06-09 15:08:15,573] {taskinstance.py:1035} INFO - Dependencies all met for <TaskInstance: sftp_raw_data_full_load_pipeline.extract_from_file_data_22.csv scheduled__2023-06-08T00:00:00+00:00 [queued]>
[2023-06-09 15:08:15,576] {taskinstance.py:1241} INFO - 
--------------------------------------------------------------------------------
[2023-06-09 15:08:15,578] {taskinstance.py:1242} INFO - Starting attempt 1 of 1
[2023-06-09 15:08:15,580] {taskinstance.py:1243} INFO - 
--------------------------------------------------------------------------------
[2023-06-09 15:08:16,739] {taskinstance.py:1262} INFO - Executing <Task(PythonOperator): extract_from_file_data_22.csv> on 2023-06-08 00:00:00+00:00
[2023-06-09 15:08:16,755] {standard_task_runner.py:52} INFO - Started process 1343 to run task
[2023-06-09 15:08:16,779] {standard_task_runner.py:76} INFO - Running: ['***', 'tasks', 'run', 'sftp_raw_data_full_load_pipeline', 'extract_from_file_data_22.csv', 'scheduled__2023-06-08T00:00:00+00:00', '--job-id', '20', '--raw', '--subdir', 'DAGS_FOLDER/sftp_raw_data_full_load_pipeline.py', '--cfg-path', '/tmp/tmpg2f4qfc5', '--error-file', '/tmp/tmpa4u2dq5u']
[2023-06-09 15:08:16,795] {standard_task_runner.py:77} INFO - Job 20: Subtask extract_from_file_data_22.csv
[2023-06-09 15:08:17,202] {logging_mixin.py:109} INFO - Running <TaskInstance: sftp_raw_data_full_load_pipeline.extract_from_file_data_22.csv scheduled__2023-06-08T00:00:00+00:00 [running]> on host 8cb5811d1998
[2023-06-09 15:08:17,591] {taskinstance.py:1414} INFO - Exporting the following env vars:
AIRFLOW_CTX_DAG_EMAIL=Hassan@gmail.com
AIRFLOW_CTX_DAG_OWNER=Hassan
AIRFLOW_CTX_DAG_ID=sftp_raw_data_full_load_pipeline
AIRFLOW_CTX_TASK_ID=extract_from_file_data_22.csv
AIRFLOW_CTX_EXECUTION_DATE=2023-06-08T00:00:00+00:00
AIRFLOW_CTX_DAG_RUN_ID=scheduled__2023-06-08T00:00:00+00:00
[2023-06-09 15:08:17,601] {logging_mixin.py:109} INFO - ((), ())
[2023-06-09 15:08:17,851] {logging_mixin.py:109} INFO - Empty DataFrame
Columns: []
Index: []
[2023-06-09 15:08:17,902] {logging_mixin.py:109} INFO - [Errno 2] No such file or directory: './data/temp_files/2023-06-09_15:08:17.854765_leads_sftp.json'
[2023-06-09 15:08:18,150] {python.py:152} INFO - Done. Returned value was: None
[2023-06-09 15:08:19,903] {taskinstance.py:1280} INFO - Marking task as SUCCESS. dag_id=sftp_raw_data_full_load_pipeline, task_id=extract_from_file_data_22.csv, execution_date=20230608T000000, start_date=20230609T150815, end_date=20230609T150819
[2023-06-09 15:08:20,140] {local_task_job.py:154} INFO - Task exited with return code 0
[2023-06-09 15:08:21,358] {local_task_job.py:264} INFO - 1 downstream tasks scheduled from follow-on schedule check
[2023-06-09 15:21:56,515] {taskinstance.py:1035} INFO - Dependencies all met for <TaskInstance: sftp_raw_data_full_load_pipeline.extract_from_file_data_22.csv manual__2023-06-09T15:20:24.730543+00:00 [queued]>
[2023-06-09 15:21:56,580] {taskinstance.py:1035} INFO - Dependencies all met for <TaskInstance: sftp_raw_data_full_load_pipeline.extract_from_file_data_22.csv manual__2023-06-09T15:20:24.730543+00:00 [queued]>
[2023-06-09 15:21:56,582] {taskinstance.py:1241} INFO - 
--------------------------------------------------------------------------------
[2023-06-09 15:21:56,583] {taskinstance.py:1242} INFO - Starting attempt 1 of 1
[2023-06-09 15:21:56,584] {taskinstance.py:1243} INFO - 
--------------------------------------------------------------------------------
[2023-06-09 15:21:57,576] {taskinstance.py:1262} INFO - Executing <Task(PythonOperator): extract_from_file_data_22.csv> on 2023-06-09 15:20:24.730543+00:00
[2023-06-09 15:21:57,602] {standard_task_runner.py:52} INFO - Started process 3306 to run task
[2023-06-09 15:21:57,610] {standard_task_runner.py:76} INFO - Running: ['***', 'tasks', 'run', 'sftp_raw_data_full_load_pipeline', 'extract_from_file_data_22.csv', 'manual__2023-06-09T15:20:24.730543+00:00', '--job-id', '59', '--raw', '--subdir', 'DAGS_FOLDER/sftp_raw_data_full_load_pipeline.py', '--cfg-path', '/tmp/tmp_hmzlu14', '--error-file', '/tmp/tmpuwcjmmrj']
[2023-06-09 15:21:57,635] {standard_task_runner.py:77} INFO - Job 59: Subtask extract_from_file_data_22.csv
[2023-06-09 15:21:57,904] {logging_mixin.py:109} INFO - Running <TaskInstance: sftp_raw_data_full_load_pipeline.extract_from_file_data_22.csv manual__2023-06-09T15:20:24.730543+00:00 [running]> on host 8cb5811d1998
[2023-06-09 15:21:58,338] {taskinstance.py:1414} INFO - Exporting the following env vars:
AIRFLOW_CTX_DAG_EMAIL=Hassan@gmail.com
AIRFLOW_CTX_DAG_OWNER=Hassan
AIRFLOW_CTX_DAG_ID=sftp_raw_data_full_load_pipeline
AIRFLOW_CTX_TASK_ID=extract_from_file_data_22.csv
AIRFLOW_CTX_EXECUTION_DATE=2023-06-09T15:20:24.730543+00:00
AIRFLOW_CTX_DAG_RUN_ID=manual__2023-06-09T15:20:24.730543+00:00
[2023-06-09 15:21:58,354] {logging_mixin.py:109} INFO - ((), ())
[2023-06-09 15:21:58,443] {logging_mixin.py:109} INFO - Empty DataFrame
Columns: []
Index: []
[2023-06-09 15:21:58,464] {logging_mixin.py:109} INFO - [Errno 2] No such file or directory: './data/temp_files/2023-06-09_15:21:58.446115_leads_sftp.json'
[2023-06-09 15:21:58,564] {python.py:152} INFO - Done. Returned value was: None
[2023-06-09 15:21:59,790] {taskinstance.py:1280} INFO - Marking task as SUCCESS. dag_id=sftp_raw_data_full_load_pipeline, task_id=extract_from_file_data_22.csv, execution_date=20230609T152024, start_date=20230609T152156, end_date=20230609T152159
[2023-06-09 15:22:00,176] {local_task_job.py:154} INFO - Task exited with return code 0
[2023-06-09 15:22:01,453] {local_task_job.py:264} INFO - 1 downstream tasks scheduled from follow-on schedule check
[2023-06-09 16:52:04,419] {taskinstance.py:1035} INFO - Dependencies all met for <TaskInstance: sftp_raw_data_full_load_pipeline.extract_from_file_data_22.csv scheduled__2023-06-08T00:00:00+00:00 [queued]>
[2023-06-09 16:52:04,627] {taskinstance.py:1035} INFO - Dependencies all met for <TaskInstance: sftp_raw_data_full_load_pipeline.extract_from_file_data_22.csv scheduled__2023-06-08T00:00:00+00:00 [queued]>
[2023-06-09 16:52:04,630] {taskinstance.py:1241} INFO - 
--------------------------------------------------------------------------------
[2023-06-09 16:52:04,632] {taskinstance.py:1242} INFO - Starting attempt 1 of 1
[2023-06-09 16:52:04,640] {taskinstance.py:1243} INFO - 
--------------------------------------------------------------------------------
[2023-06-09 16:52:05,103] {taskinstance.py:1262} INFO - Executing <Task(PythonOperator): extract_from_file_data_22.csv> on 2023-06-08 00:00:00+00:00
[2023-06-09 16:52:05,138] {standard_task_runner.py:52} INFO - Started process 679 to run task
[2023-06-09 16:52:05,156] {standard_task_runner.py:76} INFO - Running: ['***', 'tasks', 'run', 'sftp_raw_data_full_load_pipeline', 'extract_from_file_data_22.csv', 'scheduled__2023-06-08T00:00:00+00:00', '--job-id', '19', '--raw', '--subdir', 'DAGS_FOLDER/sftp_raw_data_full_load_pipeline.py', '--cfg-path', '/tmp/tmpifqu7bnp', '--error-file', '/tmp/tmpdnrvgp53']
[2023-06-09 16:52:05,176] {standard_task_runner.py:77} INFO - Job 19: Subtask extract_from_file_data_22.csv
[2023-06-09 16:52:06,112] {logging_mixin.py:109} INFO - Running <TaskInstance: sftp_raw_data_full_load_pipeline.extract_from_file_data_22.csv scheduled__2023-06-08T00:00:00+00:00 [running]> on host 6ba608d2de6e
[2023-06-09 16:52:06,882] {taskinstance.py:1414} INFO - Exporting the following env vars:
AIRFLOW_CTX_DAG_EMAIL=Hassan@gmail.com
AIRFLOW_CTX_DAG_OWNER=Hassan
AIRFLOW_CTX_DAG_ID=sftp_raw_data_full_load_pipeline
AIRFLOW_CTX_TASK_ID=extract_from_file_data_22.csv
AIRFLOW_CTX_EXECUTION_DATE=2023-06-08T00:00:00+00:00
AIRFLOW_CTX_DAG_RUN_ID=scheduled__2023-06-08T00:00:00+00:00
[2023-06-09 16:52:11,965] {python.py:152} INFO - Done. Returned value was: None
[2023-06-09 16:52:14,334] {taskinstance.py:1280} INFO - Marking task as SUCCESS. dag_id=sftp_raw_data_full_load_pipeline, task_id=extract_from_file_data_22.csv, execution_date=20230608T000000, start_date=20230609T165204, end_date=20230609T165214
[2023-06-09 16:52:14,612] {local_task_job.py:154} INFO - Task exited with return code 0
[2023-06-09 16:52:16,784] {local_task_job.py:264} INFO - 1 downstream tasks scheduled from follow-on schedule check
