[2023-06-09 21:55:05,893] {taskinstance.py:1035} INFO - Dependencies all met for <TaskInstance: sftp_raw_data_full_load_pipeline.clean_sftp_files_data_5.csv scheduled__2023-06-08T00:00:00+00:00 [queued]>
[2023-06-09 21:55:05,973] {taskinstance.py:1035} INFO - Dependencies all met for <TaskInstance: sftp_raw_data_full_load_pipeline.clean_sftp_files_data_5.csv scheduled__2023-06-08T00:00:00+00:00 [queued]>
[2023-06-09 21:55:05,975] {taskinstance.py:1241} INFO - 
--------------------------------------------------------------------------------
[2023-06-09 21:55:05,976] {taskinstance.py:1242} INFO - Starting attempt 1 of 1
[2023-06-09 21:55:05,977] {taskinstance.py:1243} INFO - 
--------------------------------------------------------------------------------
[2023-06-09 21:55:06,021] {taskinstance.py:1262} INFO - Executing <Task(PythonOperator): clean_sftp_files_data_5.csv> on 2023-06-08 00:00:00+00:00
[2023-06-09 21:55:06,032] {standard_task_runner.py:52} INFO - Started process 12017 to run task
[2023-06-09 21:55:06,046] {standard_task_runner.py:76} INFO - Running: ['***', 'tasks', 'run', 'sftp_raw_data_full_load_pipeline', 'clean_sftp_files_data_5.csv', 'scheduled__2023-06-08T00:00:00+00:00', '--job-id', '110', '--raw', '--subdir', 'DAGS_FOLDER/sftp_raw_data_full_load_pipeline.py', '--cfg-path', '/tmp/tmpi1o4kwp6', '--error-file', '/tmp/tmpw6fvv54i']
[2023-06-09 21:55:06,062] {standard_task_runner.py:77} INFO - Job 110: Subtask clean_sftp_files_data_5.csv
[2023-06-09 21:55:06,213] {logging_mixin.py:109} INFO - Running <TaskInstance: sftp_raw_data_full_load_pipeline.clean_sftp_files_data_5.csv scheduled__2023-06-08T00:00:00+00:00 [running]> on host 6ba608d2de6e
[2023-06-09 21:55:06,421] {taskinstance.py:1414} INFO - Exporting the following env vars:
AIRFLOW_CTX_DAG_EMAIL=Hassan@gmail.com
AIRFLOW_CTX_DAG_OWNER=Hassan
AIRFLOW_CTX_DAG_ID=sftp_raw_data_full_load_pipeline
AIRFLOW_CTX_TASK_ID=clean_sftp_files_data_5.csv
AIRFLOW_CTX_EXECUTION_DATE=2023-06-08T00:00:00+00:00
AIRFLOW_CTX_DAG_RUN_ID=scheduled__2023-06-08T00:00:00+00:00
[2023-06-09 21:55:06,429] {python.py:152} INFO - Done. Returned value was: None
[2023-06-09 21:55:06,461] {taskinstance.py:1280} INFO - Marking task as SUCCESS. dag_id=sftp_raw_data_full_load_pipeline, task_id=clean_sftp_files_data_5.csv, execution_date=20230608T000000, start_date=20230609T215505, end_date=20230609T215506
[2023-06-09 21:55:06,532] {local_task_job.py:154} INFO - Task exited with return code 0
[2023-06-09 21:55:06,617] {local_task_job.py:264} INFO - 0 downstream tasks scheduled from follow-on schedule check
