[2023-06-09 23:25:57,034] {taskinstance.py:1035} INFO - Dependencies all met for <TaskInstance: leads_raw_data_full_load_pipeline.parquet_to_postgres scheduled__2023-02-09T00:00:00+00:00 [queued]>
[2023-06-09 23:25:57,187] {taskinstance.py:1035} INFO - Dependencies all met for <TaskInstance: leads_raw_data_full_load_pipeline.parquet_to_postgres scheduled__2023-02-09T00:00:00+00:00 [queued]>
[2023-06-09 23:25:57,190] {taskinstance.py:1241} INFO - 
--------------------------------------------------------------------------------
[2023-06-09 23:25:57,193] {taskinstance.py:1242} INFO - Starting attempt 1 of 1
[2023-06-09 23:25:57,195] {taskinstance.py:1243} INFO - 
--------------------------------------------------------------------------------
[2023-06-09 23:25:57,309] {taskinstance.py:1262} INFO - Executing <Task(PythonOperator): parquet_to_postgres> on 2023-02-09 00:00:00+00:00
[2023-06-09 23:25:57,335] {standard_task_runner.py:52} INFO - Started process 25357 to run task
[2023-06-09 23:25:57,390] {standard_task_runner.py:76} INFO - Running: ['***', 'tasks', 'run', 'leads_raw_data_full_load_pipeline', 'parquet_to_postgres', 'scheduled__2023-02-09T00:00:00+00:00', '--job-id', '472', '--raw', '--subdir', 'DAGS_FOLDER/leads_raw_data_full_load_pipeline.py', '--cfg-path', '/tmp/tmpa9_nehvh', '--error-file', '/tmp/tmpxrfr5o93']
[2023-06-09 23:25:57,486] {standard_task_runner.py:77} INFO - Job 472: Subtask parquet_to_postgres
[2023-06-09 23:25:58,157] {logging_mixin.py:109} INFO - Running <TaskInstance: leads_raw_data_full_load_pipeline.parquet_to_postgres scheduled__2023-02-09T00:00:00+00:00 [running]> on host 6ba608d2de6e
[2023-06-09 23:25:58,582] {taskinstance.py:1414} INFO - Exporting the following env vars:
AIRFLOW_CTX_DAG_OWNER=***
AIRFLOW_CTX_DAG_ID=leads_raw_data_full_load_pipeline
AIRFLOW_CTX_TASK_ID=parquet_to_postgres
AIRFLOW_CTX_EXECUTION_DATE=2023-02-09T00:00:00+00:00
AIRFLOW_CTX_DAG_RUN_ID=scheduled__2023-02-09T00:00:00+00:00
[2023-06-09 23:26:07,707] {logging_mixin.py:109} INFO - Parquet file loaded into PostgreSQL successfully.
[2023-06-09 23:26:07,718] {python.py:152} INFO - Done. Returned value was: None
[2023-06-09 23:26:07,836] {taskinstance.py:1280} INFO - Marking task as SUCCESS. dag_id=leads_raw_data_full_load_pipeline, task_id=parquet_to_postgres, execution_date=20230209T000000, start_date=20230609T232557, end_date=20230609T232607
[2023-06-09 23:26:08,009] {local_task_job.py:154} INFO - Task exited with return code 0
[2023-06-09 23:26:08,194] {local_task_job.py:264} INFO - 1 downstream tasks scheduled from follow-on schedule check
