[2023-06-09 23:25:45,341] {taskinstance.py:1035} INFO - Dependencies all met for <TaskInstance: leads_raw_data_full_load_pipeline.parquet_to_postgres scheduled__2023-02-05T00:00:00+00:00 [queued]>
[2023-06-09 23:25:45,465] {taskinstance.py:1035} INFO - Dependencies all met for <TaskInstance: leads_raw_data_full_load_pipeline.parquet_to_postgres scheduled__2023-02-05T00:00:00+00:00 [queued]>
[2023-06-09 23:25:45,468] {taskinstance.py:1241} INFO - 
--------------------------------------------------------------------------------
[2023-06-09 23:25:45,469] {taskinstance.py:1242} INFO - Starting attempt 1 of 1
[2023-06-09 23:25:45,470] {taskinstance.py:1243} INFO - 
--------------------------------------------------------------------------------
[2023-06-09 23:25:45,624] {taskinstance.py:1262} INFO - Executing <Task(PythonOperator): parquet_to_postgres> on 2023-02-05 00:00:00+00:00
[2023-06-09 23:25:45,655] {standard_task_runner.py:52} INFO - Started process 25253 to run task
[2023-06-09 23:25:45,680] {standard_task_runner.py:76} INFO - Running: ['***', 'tasks', 'run', 'leads_raw_data_full_load_pipeline', 'parquet_to_postgres', 'scheduled__2023-02-05T00:00:00+00:00', '--job-id', '468', '--raw', '--subdir', 'DAGS_FOLDER/leads_raw_data_full_load_pipeline.py', '--cfg-path', '/tmp/tmptm8n7nkz', '--error-file', '/tmp/tmpchkscwy5']
[2023-06-09 23:25:45,701] {standard_task_runner.py:77} INFO - Job 468: Subtask parquet_to_postgres
[2023-06-09 23:25:45,942] {logging_mixin.py:109} INFO - Running <TaskInstance: leads_raw_data_full_load_pipeline.parquet_to_postgres scheduled__2023-02-05T00:00:00+00:00 [running]> on host 6ba608d2de6e
[2023-06-09 23:25:46,164] {taskinstance.py:1414} INFO - Exporting the following env vars:
AIRFLOW_CTX_DAG_OWNER=***
AIRFLOW_CTX_DAG_ID=leads_raw_data_full_load_pipeline
AIRFLOW_CTX_TASK_ID=parquet_to_postgres
AIRFLOW_CTX_EXECUTION_DATE=2023-02-05T00:00:00+00:00
AIRFLOW_CTX_DAG_RUN_ID=scheduled__2023-02-05T00:00:00+00:00
[2023-06-09 23:25:53,110] {logging_mixin.py:109} INFO - Parquet file loaded into PostgreSQL successfully.
[2023-06-09 23:25:53,113] {python.py:152} INFO - Done. Returned value was: None
[2023-06-09 23:25:53,232] {taskinstance.py:1280} INFO - Marking task as SUCCESS. dag_id=leads_raw_data_full_load_pipeline, task_id=parquet_to_postgres, execution_date=20230205T000000, start_date=20230609T232545, end_date=20230609T232553
[2023-06-09 23:25:53,649] {local_task_job.py:154} INFO - Task exited with return code 0
[2023-06-09 23:25:54,009] {local_task_job.py:264} INFO - 1 downstream tasks scheduled from follow-on schedule check
