[2023-06-09 15:08:46,650] {taskinstance.py:1029} INFO - Dependencies not met for <TaskInstance: sftp_raw_data_full_load_pipeline.load_sftp_datadata_22.csv scheduled__2023-06-08T00:00:00+00:00 [success]>, dependency 'Task Instance State' FAILED: Task is in the 'success' state which is not a valid state for execution. The task must be cleared in order to be run.
[2023-06-09 15:08:46,821] {local_task_job.py:99} INFO - Task is not able to be run
[2023-06-09 15:22:18,722] {taskinstance.py:1035} INFO - Dependencies all met for <TaskInstance: sftp_raw_data_full_load_pipeline.load_sftp_datadata_22.csv manual__2023-06-09T15:20:24.730543+00:00 [queued]>
[2023-06-09 15:22:19,045] {taskinstance.py:1035} INFO - Dependencies all met for <TaskInstance: sftp_raw_data_full_load_pipeline.load_sftp_datadata_22.csv manual__2023-06-09T15:20:24.730543+00:00 [queued]>
[2023-06-09 15:22:19,064] {taskinstance.py:1241} INFO - 
--------------------------------------------------------------------------------
[2023-06-09 15:22:19,066] {taskinstance.py:1242} INFO - Starting attempt 1 of 1
[2023-06-09 15:22:19,069] {taskinstance.py:1243} INFO - 
--------------------------------------------------------------------------------
[2023-06-09 15:22:19,471] {taskinstance.py:1262} INFO - Executing <Task(PythonOperator): load_sftp_datadata_22.csv> on 2023-06-09 15:20:24.730543+00:00
[2023-06-09 15:22:19,574] {standard_task_runner.py:52} INFO - Started process 3511 to run task
[2023-06-09 15:22:19,605] {standard_task_runner.py:76} INFO - Running: ['***', 'tasks', 'run', 'sftp_raw_data_full_load_pipeline', 'load_sftp_datadata_22.csv', 'manual__2023-06-09T15:20:24.730543+00:00', '--job-id', '74', '--raw', '--subdir', 'DAGS_FOLDER/sftp_raw_data_full_load_pipeline.py', '--cfg-path', '/tmp/tmpj0skf7xz', '--error-file', '/tmp/tmpxv6rp2qp']
[2023-06-09 15:22:19,631] {standard_task_runner.py:77} INFO - Job 74: Subtask load_sftp_datadata_22.csv
[2023-06-09 15:22:20,211] {logging_mixin.py:109} INFO - Running <TaskInstance: sftp_raw_data_full_load_pipeline.load_sftp_datadata_22.csv manual__2023-06-09T15:20:24.730543+00:00 [running]> on host 8cb5811d1998
[2023-06-09 15:22:20,970] {taskinstance.py:1414} INFO - Exporting the following env vars:
AIRFLOW_CTX_DAG_EMAIL=Hassan@gmail.com
AIRFLOW_CTX_DAG_OWNER=Hassan
AIRFLOW_CTX_DAG_ID=sftp_raw_data_full_load_pipeline
AIRFLOW_CTX_TASK_ID=load_sftp_datadata_22.csv
AIRFLOW_CTX_EXECUTION_DATE=2023-06-09T15:20:24.730543+00:00
AIRFLOW_CTX_DAG_RUN_ID=manual__2023-06-09T15:20:24.730543+00:00
[2023-06-09 15:22:21,056] {logging_mixin.py:109} INFO - error while inserting to table: [Errno 2] No such file or directory: '../data/temp_files/None'
[2023-06-09 15:22:21,182] {local_task_job.py:154} INFO - Task exited with return code 1
[2023-06-09 15:22:21,486] {taskinstance.py:1280} INFO - Marking task as FAILED. dag_id=sftp_raw_data_full_load_pipeline, task_id=load_sftp_datadata_22.csv, execution_date=20230609T152024, start_date=20230609T152218, end_date=20230609T152221
[2023-06-09 15:22:23,215] {local_task_job.py:264} INFO - 0 downstream tasks scheduled from follow-on schedule check
[2023-06-09 16:52:49,273] {taskinstance.py:1035} INFO - Dependencies all met for <TaskInstance: sftp_raw_data_full_load_pipeline.load_sftp_datadata_22.csv scheduled__2023-06-08T00:00:00+00:00 [queued]>
[2023-06-09 16:52:49,569] {taskinstance.py:1035} INFO - Dependencies all met for <TaskInstance: sftp_raw_data_full_load_pipeline.load_sftp_datadata_22.csv scheduled__2023-06-08T00:00:00+00:00 [queued]>
[2023-06-09 16:52:49,571] {taskinstance.py:1241} INFO - 
--------------------------------------------------------------------------------
[2023-06-09 16:52:49,571] {taskinstance.py:1242} INFO - Starting attempt 1 of 1
[2023-06-09 16:52:49,572] {taskinstance.py:1243} INFO - 
--------------------------------------------------------------------------------
[2023-06-09 16:52:49,725] {taskinstance.py:1262} INFO - Executing <Task(PythonOperator): load_sftp_datadata_22.csv> on 2023-06-08 00:00:00+00:00
[2023-06-09 16:52:49,758] {standard_task_runner.py:52} INFO - Started process 963 to run task
[2023-06-09 16:52:49,799] {standard_task_runner.py:76} INFO - Running: ['***', 'tasks', 'run', 'sftp_raw_data_full_load_pipeline', 'load_sftp_datadata_22.csv', 'scheduled__2023-06-08T00:00:00+00:00', '--job-id', '38', '--raw', '--subdir', 'DAGS_FOLDER/sftp_raw_data_full_load_pipeline.py', '--cfg-path', '/tmp/tmp7r0e834r', '--error-file', '/tmp/tmpl8voxi1m']
[2023-06-09 16:52:49,856] {standard_task_runner.py:77} INFO - Job 38: Subtask load_sftp_datadata_22.csv
[2023-06-09 16:52:50,258] {logging_mixin.py:109} INFO - Running <TaskInstance: sftp_raw_data_full_load_pipeline.load_sftp_datadata_22.csv scheduled__2023-06-08T00:00:00+00:00 [running]> on host 6ba608d2de6e
[2023-06-09 16:52:50,598] {taskinstance.py:1414} INFO - Exporting the following env vars:
AIRFLOW_CTX_DAG_EMAIL=Hassan@gmail.com
AIRFLOW_CTX_DAG_OWNER=Hassan
AIRFLOW_CTX_DAG_ID=sftp_raw_data_full_load_pipeline
AIRFLOW_CTX_TASK_ID=load_sftp_datadata_22.csv
AIRFLOW_CTX_EXECUTION_DATE=2023-06-08T00:00:00+00:00
AIRFLOW_CTX_DAG_RUN_ID=scheduled__2023-06-08T00:00:00+00:00
[2023-06-09 16:52:50,664] {logging_mixin.py:109} INFO - error while inserting to table: [Errno 2] No such file or directory: '/opt/data/temp_files/None'
[2023-06-09 16:52:50,769] {local_task_job.py:154} INFO - Task exited with return code 1
[2023-06-09 16:52:50,964] {taskinstance.py:1280} INFO - Marking task as FAILED. dag_id=sftp_raw_data_full_load_pipeline, task_id=load_sftp_datadata_22.csv, execution_date=20230608T000000, start_date=20230609T165249, end_date=20230609T165250
[2023-06-09 16:52:51,999] {local_task_job.py:264} INFO - 0 downstream tasks scheduled from follow-on schedule check
