[2023-06-09 23:30:05,306] {taskinstance.py:1035} INFO - Dependencies all met for <TaskInstance: leads_raw_data_full_load_pipeline.parquet_to_postgres scheduled__2023-05-22T00:00:00+00:00 [queued]>
[2023-06-09 23:30:05,407] {taskinstance.py:1035} INFO - Dependencies all met for <TaskInstance: leads_raw_data_full_load_pipeline.parquet_to_postgres scheduled__2023-05-22T00:00:00+00:00 [queued]>
[2023-06-09 23:30:05,410] {taskinstance.py:1241} INFO - 
--------------------------------------------------------------------------------
[2023-06-09 23:30:05,411] {taskinstance.py:1242} INFO - Starting attempt 1 of 1
[2023-06-09 23:30:05,413] {taskinstance.py:1243} INFO - 
--------------------------------------------------------------------------------
[2023-06-09 23:30:05,544] {taskinstance.py:1262} INFO - Executing <Task(PythonOperator): parquet_to_postgres> on 2023-05-22 00:00:00+00:00
[2023-06-09 23:30:05,570] {standard_task_runner.py:52} INFO - Started process 27401 to run task
[2023-06-09 23:30:05,596] {standard_task_runner.py:76} INFO - Running: ['***', 'tasks', 'run', 'leads_raw_data_full_load_pipeline', 'parquet_to_postgres', 'scheduled__2023-05-22T00:00:00+00:00', '--job-id', '574', '--raw', '--subdir', 'DAGS_FOLDER/leads_raw_data_full_load_pipeline.py', '--cfg-path', '/tmp/tmpw8evp5fv', '--error-file', '/tmp/tmpwpkparsi']
[2023-06-09 23:30:05,631] {standard_task_runner.py:77} INFO - Job 574: Subtask parquet_to_postgres
[2023-06-09 23:30:05,954] {logging_mixin.py:109} INFO - Running <TaskInstance: leads_raw_data_full_load_pipeline.parquet_to_postgres scheduled__2023-05-22T00:00:00+00:00 [running]> on host 6ba608d2de6e
[2023-06-09 23:30:06,174] {taskinstance.py:1414} INFO - Exporting the following env vars:
AIRFLOW_CTX_DAG_OWNER=***
AIRFLOW_CTX_DAG_ID=leads_raw_data_full_load_pipeline
AIRFLOW_CTX_TASK_ID=parquet_to_postgres
AIRFLOW_CTX_EXECUTION_DATE=2023-05-22T00:00:00+00:00
AIRFLOW_CTX_DAG_RUN_ID=scheduled__2023-05-22T00:00:00+00:00
[2023-06-09 23:30:14,251] {logging_mixin.py:109} INFO - Parquet file loaded into PostgreSQL successfully.
[2023-06-09 23:30:14,254] {python.py:152} INFO - Done. Returned value was: None
[2023-06-09 23:30:15,743] {taskinstance.py:1280} INFO - Marking task as SUCCESS. dag_id=leads_raw_data_full_load_pipeline, task_id=parquet_to_postgres, execution_date=20230522T000000, start_date=20230609T233005, end_date=20230609T233015
[2023-06-09 23:30:16,037] {local_task_job.py:212} WARNING - State of this instance has been externally set to success. Terminating instance.
[2023-06-09 23:30:16,146] {process_utils.py:100} INFO - Sending Signals.SIGTERM to GPID 27401
[2023-06-09 23:30:16,176] {process_utils.py:66} INFO - Process psutil.Process(pid=27401, status='terminated', exitcode=0, started='23:30:04') (27401) terminated with exit code 0
