[2023-06-09 15:08:15,327] {taskinstance.py:1035} INFO - Dependencies all met for <TaskInstance: sftp_raw_data_full_load_pipeline.extract_from_file_data_3.csv scheduled__2023-06-08T00:00:00+00:00 [queued]>
[2023-06-09 15:08:15,378] {taskinstance.py:1035} INFO - Dependencies all met for <TaskInstance: sftp_raw_data_full_load_pipeline.extract_from_file_data_3.csv scheduled__2023-06-08T00:00:00+00:00 [queued]>
[2023-06-09 15:08:15,379] {taskinstance.py:1241} INFO - 
--------------------------------------------------------------------------------
[2023-06-09 15:08:15,380] {taskinstance.py:1242} INFO - Starting attempt 1 of 1
[2023-06-09 15:08:15,381] {taskinstance.py:1243} INFO - 
--------------------------------------------------------------------------------
[2023-06-09 15:08:16,059] {taskinstance.py:1262} INFO - Executing <Task(PythonOperator): extract_from_file_data_3.csv> on 2023-06-08 00:00:00+00:00
[2023-06-09 15:08:16,084] {standard_task_runner.py:52} INFO - Started process 1337 to run task
[2023-06-09 15:08:16,113] {standard_task_runner.py:76} INFO - Running: ['***', 'tasks', 'run', 'sftp_raw_data_full_load_pipeline', 'extract_from_file_data_3.csv', 'scheduled__2023-06-08T00:00:00+00:00', '--job-id', '18', '--raw', '--subdir', 'DAGS_FOLDER/sftp_raw_data_full_load_pipeline.py', '--cfg-path', '/tmp/tmp5my3f_n4', '--error-file', '/tmp/tmp0bci0jol']
[2023-06-09 15:08:16,129] {standard_task_runner.py:77} INFO - Job 18: Subtask extract_from_file_data_3.csv
[2023-06-09 15:08:16,419] {logging_mixin.py:109} INFO - Running <TaskInstance: sftp_raw_data_full_load_pipeline.extract_from_file_data_3.csv scheduled__2023-06-08T00:00:00+00:00 [running]> on host 8cb5811d1998
[2023-06-09 15:08:17,637] {taskinstance.py:1414} INFO - Exporting the following env vars:
AIRFLOW_CTX_DAG_EMAIL=Hassan@gmail.com
AIRFLOW_CTX_DAG_OWNER=Hassan
AIRFLOW_CTX_DAG_ID=sftp_raw_data_full_load_pipeline
AIRFLOW_CTX_TASK_ID=extract_from_file_data_3.csv
AIRFLOW_CTX_EXECUTION_DATE=2023-06-08T00:00:00+00:00
AIRFLOW_CTX_DAG_RUN_ID=scheduled__2023-06-08T00:00:00+00:00
[2023-06-09 15:08:17,648] {logging_mixin.py:109} INFO - ((), ())
[2023-06-09 15:08:17,955] {logging_mixin.py:109} INFO - Empty DataFrame
Columns: []
Index: []
[2023-06-09 15:08:18,013] {logging_mixin.py:109} INFO - [Errno 2] No such file or directory: './data/temp_files/2023-06-09_15:08:17.969689_leads_sftp.json'
[2023-06-09 15:08:18,102] {python.py:152} INFO - Done. Returned value was: None
[2023-06-09 15:08:19,671] {taskinstance.py:1280} INFO - Marking task as SUCCESS. dag_id=sftp_raw_data_full_load_pipeline, task_id=extract_from_file_data_3.csv, execution_date=20230608T000000, start_date=20230609T150815, end_date=20230609T150819
[2023-06-09 15:08:20,028] {local_task_job.py:154} INFO - Task exited with return code 0
[2023-06-09 15:08:21,067] {local_task_job.py:264} INFO - 1 downstream tasks scheduled from follow-on schedule check
[2023-06-09 15:21:54,877] {taskinstance.py:1035} INFO - Dependencies all met for <TaskInstance: sftp_raw_data_full_load_pipeline.extract_from_file_data_3.csv manual__2023-06-09T15:20:24.730543+00:00 [queued]>
[2023-06-09 15:21:54,992] {taskinstance.py:1035} INFO - Dependencies all met for <TaskInstance: sftp_raw_data_full_load_pipeline.extract_from_file_data_3.csv manual__2023-06-09T15:20:24.730543+00:00 [queued]>
[2023-06-09 15:21:54,995] {taskinstance.py:1241} INFO - 
--------------------------------------------------------------------------------
[2023-06-09 15:21:54,997] {taskinstance.py:1242} INFO - Starting attempt 1 of 1
[2023-06-09 15:21:54,998] {taskinstance.py:1243} INFO - 
--------------------------------------------------------------------------------
[2023-06-09 15:21:55,097] {taskinstance.py:1262} INFO - Executing <Task(PythonOperator): extract_from_file_data_3.csv> on 2023-06-09 15:20:24.730543+00:00
[2023-06-09 15:21:55,118] {standard_task_runner.py:52} INFO - Started process 3272 to run task
[2023-06-09 15:21:55,139] {standard_task_runner.py:76} INFO - Running: ['***', 'tasks', 'run', 'sftp_raw_data_full_load_pipeline', 'extract_from_file_data_3.csv', 'manual__2023-06-09T15:20:24.730543+00:00', '--job-id', '49', '--raw', '--subdir', 'DAGS_FOLDER/sftp_raw_data_full_load_pipeline.py', '--cfg-path', '/tmp/tmpy14kj5bb', '--error-file', '/tmp/tmpm3rts2ws']
[2023-06-09 15:21:55,152] {standard_task_runner.py:77} INFO - Job 49: Subtask extract_from_file_data_3.csv
[2023-06-09 15:21:55,552] {logging_mixin.py:109} INFO - Running <TaskInstance: sftp_raw_data_full_load_pipeline.extract_from_file_data_3.csv manual__2023-06-09T15:20:24.730543+00:00 [running]> on host 8cb5811d1998
[2023-06-09 15:21:55,873] {taskinstance.py:1414} INFO - Exporting the following env vars:
AIRFLOW_CTX_DAG_EMAIL=Hassan@gmail.com
AIRFLOW_CTX_DAG_OWNER=Hassan
AIRFLOW_CTX_DAG_ID=sftp_raw_data_full_load_pipeline
AIRFLOW_CTX_TASK_ID=extract_from_file_data_3.csv
AIRFLOW_CTX_EXECUTION_DATE=2023-06-09T15:20:24.730543+00:00
AIRFLOW_CTX_DAG_RUN_ID=manual__2023-06-09T15:20:24.730543+00:00
[2023-06-09 15:21:55,885] {logging_mixin.py:109} INFO - ((), ())
[2023-06-09 15:21:55,952] {logging_mixin.py:109} INFO - Empty DataFrame
Columns: []
Index: []
[2023-06-09 15:21:55,968] {logging_mixin.py:109} INFO - [Errno 2] No such file or directory: './data/temp_files/2023-06-09_15:21:55.953741_leads_sftp.json'
[2023-06-09 15:21:56,014] {python.py:152} INFO - Done. Returned value was: None
[2023-06-09 15:21:56,999] {taskinstance.py:1280} INFO - Marking task as SUCCESS. dag_id=sftp_raw_data_full_load_pipeline, task_id=extract_from_file_data_3.csv, execution_date=20230609T152024, start_date=20230609T152154, end_date=20230609T152156
[2023-06-09 15:21:57,175] {local_task_job.py:154} INFO - Task exited with return code 0
[2023-06-09 15:21:57,530] {local_task_job.py:264} INFO - 1 downstream tasks scheduled from follow-on schedule check
[2023-06-09 16:52:04,515] {taskinstance.py:1035} INFO - Dependencies all met for <TaskInstance: sftp_raw_data_full_load_pipeline.extract_from_file_data_3.csv scheduled__2023-06-08T00:00:00+00:00 [queued]>
[2023-06-09 16:52:04,858] {taskinstance.py:1035} INFO - Dependencies all met for <TaskInstance: sftp_raw_data_full_load_pipeline.extract_from_file_data_3.csv scheduled__2023-06-08T00:00:00+00:00 [queued]>
[2023-06-09 16:52:04,868] {taskinstance.py:1241} INFO - 
--------------------------------------------------------------------------------
[2023-06-09 16:52:04,881] {taskinstance.py:1242} INFO - Starting attempt 1 of 1
[2023-06-09 16:52:04,888] {taskinstance.py:1243} INFO - 
--------------------------------------------------------------------------------
[2023-06-09 16:52:05,365] {taskinstance.py:1262} INFO - Executing <Task(PythonOperator): extract_from_file_data_3.csv> on 2023-06-08 00:00:00+00:00
[2023-06-09 16:52:05,447] {standard_task_runner.py:52} INFO - Started process 687 to run task
[2023-06-09 16:52:05,624] {standard_task_runner.py:76} INFO - Running: ['***', 'tasks', 'run', 'sftp_raw_data_full_load_pipeline', 'extract_from_file_data_3.csv', 'scheduled__2023-06-08T00:00:00+00:00', '--job-id', '17', '--raw', '--subdir', 'DAGS_FOLDER/sftp_raw_data_full_load_pipeline.py', '--cfg-path', '/tmp/tmprh0cbndh', '--error-file', '/tmp/tmp32y82ibn']
[2023-06-09 16:52:05,781] {standard_task_runner.py:77} INFO - Job 17: Subtask extract_from_file_data_3.csv
[2023-06-09 16:52:06,609] {logging_mixin.py:109} INFO - Running <TaskInstance: sftp_raw_data_full_load_pipeline.extract_from_file_data_3.csv scheduled__2023-06-08T00:00:00+00:00 [running]> on host 6ba608d2de6e
[2023-06-09 16:52:07,965] {taskinstance.py:1414} INFO - Exporting the following env vars:
AIRFLOW_CTX_DAG_EMAIL=Hassan@gmail.com
AIRFLOW_CTX_DAG_OWNER=Hassan
AIRFLOW_CTX_DAG_ID=sftp_raw_data_full_load_pipeline
AIRFLOW_CTX_TASK_ID=extract_from_file_data_3.csv
AIRFLOW_CTX_EXECUTION_DATE=2023-06-08T00:00:00+00:00
AIRFLOW_CTX_DAG_RUN_ID=scheduled__2023-06-08T00:00:00+00:00
[2023-06-09 16:52:13,092] {python.py:152} INFO - Done. Returned value was: None
[2023-06-09 16:52:15,050] {taskinstance.py:1280} INFO - Marking task as SUCCESS. dag_id=sftp_raw_data_full_load_pipeline, task_id=extract_from_file_data_3.csv, execution_date=20230608T000000, start_date=20230609T165204, end_date=20230609T165215
[2023-06-09 16:52:15,430] {local_task_job.py:154} INFO - Task exited with return code 0
[2023-06-09 16:52:17,767] {local_task_job.py:264} INFO - 1 downstream tasks scheduled from follow-on schedule check
