[2023-06-09 22:20:24,314] {taskinstance.py:1035} INFO - Dependencies all met for <TaskInstance: sftp_raw_data_inc_load_pipeline.extract_from_file_data_22.csv manual__2023-06-09T22:03:08.195880+00:00 [queued]>
[2023-06-09 22:20:24,391] {taskinstance.py:1035} INFO - Dependencies all met for <TaskInstance: sftp_raw_data_inc_load_pipeline.extract_from_file_data_22.csv manual__2023-06-09T22:03:08.195880+00:00 [queued]>
[2023-06-09 22:20:24,393] {taskinstance.py:1241} INFO - 
--------------------------------------------------------------------------------
[2023-06-09 22:20:24,394] {taskinstance.py:1242} INFO - Starting attempt 3 of 3
[2023-06-09 22:20:24,395] {taskinstance.py:1243} INFO - 
--------------------------------------------------------------------------------
[2023-06-09 22:20:24,734] {taskinstance.py:1262} INFO - Executing <Task(PythonOperator): extract_from_file_data_22.csv> on 2023-06-09 22:03:08.195880+00:00
[2023-06-09 22:20:24,749] {standard_task_runner.py:52} INFO - Started process 15827 to run task
[2023-06-09 22:20:24,762] {standard_task_runner.py:76} INFO - Running: ['***', 'tasks', 'run', 'sftp_raw_data_inc_load_pipeline', 'extract_from_file_data_22.csv', 'manual__2023-06-09T22:03:08.195880+00:00', '--job-id', '206', '--raw', '--subdir', 'DAGS_FOLDER/sftp_raw_data_inc_load_pipeline.py', '--cfg-path', '/tmp/tmpak5rfq9x', '--error-file', '/tmp/tmpq3pei5di']
[2023-06-09 22:20:24,773] {standard_task_runner.py:77} INFO - Job 206: Subtask extract_from_file_data_22.csv
[2023-06-09 22:20:24,970] {logging_mixin.py:109} INFO - Running <TaskInstance: sftp_raw_data_inc_load_pipeline.extract_from_file_data_22.csv manual__2023-06-09T22:03:08.195880+00:00 [running]> on host 6ba608d2de6e
[2023-06-09 22:20:25,273] {taskinstance.py:1414} INFO - Exporting the following env vars:
AIRFLOW_CTX_DAG_EMAIL=Hassan@gmail.com
AIRFLOW_CTX_DAG_OWNER=Hassan
AIRFLOW_CTX_DAG_ID=sftp_raw_data_inc_load_pipeline
AIRFLOW_CTX_TASK_ID=extract_from_file_data_22.csv
AIRFLOW_CTX_EXECUTION_DATE=2023-06-09T22:03:08.195880+00:00
AIRFLOW_CTX_DAG_RUN_ID=manual__2023-06-09T22:03:08.195880+00:00
[2023-06-09 22:20:28,340] {python.py:152} INFO - Done. Returned value was: None
[2023-06-09 22:20:28,714] {taskinstance.py:1280} INFO - Marking task as SUCCESS. dag_id=sftp_raw_data_inc_load_pipeline, task_id=extract_from_file_data_22.csv, execution_date=20230609T220308, start_date=20230609T222024, end_date=20230609T222028
[2023-06-09 22:20:28,903] {local_task_job.py:154} INFO - Task exited with return code 0
[2023-06-09 22:20:29,344] {local_task_job.py:264} INFO - 1 downstream tasks scheduled from follow-on schedule check
