[2023-06-09 22:28:58,432] {taskinstance.py:1035} INFO - Dependencies all met for <TaskInstance: sftp_raw_data_inc_load_pipeline.extract_from_file_data_22.csv manual__2023-06-09T22:03:08.195880+00:00 [queued]>
[2023-06-09 22:28:58,606] {taskinstance.py:1035} INFO - Dependencies all met for <TaskInstance: sftp_raw_data_inc_load_pipeline.extract_from_file_data_22.csv manual__2023-06-09T22:03:08.195880+00:00 [queued]>
[2023-06-09 22:28:58,608] {taskinstance.py:1241} INFO - 
--------------------------------------------------------------------------------
[2023-06-09 22:28:58,616] {taskinstance.py:1242} INFO - Starting attempt 5 of 5
[2023-06-09 22:28:58,624] {taskinstance.py:1243} INFO - 
--------------------------------------------------------------------------------
[2023-06-09 22:28:59,560] {taskinstance.py:1262} INFO - Executing <Task(PythonOperator): extract_from_file_data_22.csv> on 2023-06-09 22:03:08.195880+00:00
[2023-06-09 22:28:59,632] {standard_task_runner.py:52} INFO - Started process 17424 to run task
[2023-06-09 22:28:59,642] {standard_task_runner.py:76} INFO - Running: ['***', 'tasks', 'run', 'sftp_raw_data_inc_load_pipeline', 'extract_from_file_data_22.csv', 'manual__2023-06-09T22:03:08.195880+00:00', '--job-id', '288', '--raw', '--subdir', 'DAGS_FOLDER/sftp_raw_data_inc_load_pipeline.py', '--cfg-path', '/tmp/tmpcag61eaa', '--error-file', '/tmp/tmpid_0y8bf']
[2023-06-09 22:28:59,668] {standard_task_runner.py:77} INFO - Job 288: Subtask extract_from_file_data_22.csv
[2023-06-09 22:28:59,922] {logging_mixin.py:109} INFO - Running <TaskInstance: sftp_raw_data_inc_load_pipeline.extract_from_file_data_22.csv manual__2023-06-09T22:03:08.195880+00:00 [running]> on host 6ba608d2de6e
[2023-06-09 22:29:00,497] {taskinstance.py:1414} INFO - Exporting the following env vars:
AIRFLOW_CTX_DAG_EMAIL=Hassan@gmail.com
AIRFLOW_CTX_DAG_OWNER=Hassan
AIRFLOW_CTX_DAG_ID=sftp_raw_data_inc_load_pipeline
AIRFLOW_CTX_TASK_ID=extract_from_file_data_22.csv
AIRFLOW_CTX_EXECUTION_DATE=2023-06-09T22:03:08.195880+00:00
AIRFLOW_CTX_DAG_RUN_ID=manual__2023-06-09T22:03:08.195880+00:00
[2023-06-09 22:29:02,681] {python.py:152} INFO - Done. Returned value was: None
[2023-06-09 22:29:03,752] {taskinstance.py:1280} INFO - Marking task as SUCCESS. dag_id=sftp_raw_data_inc_load_pipeline, task_id=extract_from_file_data_22.csv, execution_date=20230609T220308, start_date=20230609T222858, end_date=20230609T222903
[2023-06-09 22:29:04,013] {local_task_job.py:154} INFO - Task exited with return code 0
[2023-06-09 22:29:07,516] {local_task_job.py:264} INFO - 1 downstream tasks scheduled from follow-on schedule check
