[2023-06-09 22:16:22,711] {taskinstance.py:1035} INFO - Dependencies all met for <TaskInstance: sftp_raw_data_inc_load_pipeline.clean_sftp_files_data_10.csv manual__2023-06-09T22:03:08.195880+00:00 [queued]>
[2023-06-09 22:16:22,898] {taskinstance.py:1035} INFO - Dependencies all met for <TaskInstance: sftp_raw_data_inc_load_pipeline.clean_sftp_files_data_10.csv manual__2023-06-09T22:03:08.195880+00:00 [queued]>
[2023-06-09 22:16:22,903] {taskinstance.py:1241} INFO - 
--------------------------------------------------------------------------------
[2023-06-09 22:16:22,910] {taskinstance.py:1242} INFO - Starting attempt 1 of 1
[2023-06-09 22:16:22,911] {taskinstance.py:1243} INFO - 
--------------------------------------------------------------------------------
[2023-06-09 22:16:23,071] {taskinstance.py:1262} INFO - Executing <Task(PythonOperator): clean_sftp_files_data_10.csv> on 2023-06-09 22:03:08.195880+00:00
[2023-06-09 22:16:23,087] {standard_task_runner.py:52} INFO - Started process 15224 to run task
[2023-06-09 22:16:23,202] {standard_task_runner.py:76} INFO - Running: ['***', 'tasks', 'run', 'sftp_raw_data_inc_load_pipeline', 'clean_sftp_files_data_10.csv', 'manual__2023-06-09T22:03:08.195880+00:00', '--job-id', '194', '--raw', '--subdir', 'DAGS_FOLDER/sftp_raw_data_inc_load_pipeline.py', '--cfg-path', '/tmp/tmpe4bb_ef6', '--error-file', '/tmp/tmpv5pne_m_']
[2023-06-09 22:16:23,267] {standard_task_runner.py:77} INFO - Job 194: Subtask clean_sftp_files_data_10.csv
[2023-06-09 22:16:23,597] {logging_mixin.py:109} INFO - Running <TaskInstance: sftp_raw_data_inc_load_pipeline.clean_sftp_files_data_10.csv manual__2023-06-09T22:03:08.195880+00:00 [running]> on host 6ba608d2de6e
[2023-06-09 22:16:24,246] {taskinstance.py:1414} INFO - Exporting the following env vars:
AIRFLOW_CTX_DAG_EMAIL=Hassan@gmail.com
AIRFLOW_CTX_DAG_OWNER=Hassan
AIRFLOW_CTX_DAG_ID=sftp_raw_data_inc_load_pipeline
AIRFLOW_CTX_TASK_ID=clean_sftp_files_data_10.csv
AIRFLOW_CTX_EXECUTION_DATE=2023-06-09T22:03:08.195880+00:00
AIRFLOW_CTX_DAG_RUN_ID=manual__2023-06-09T22:03:08.195880+00:00
[2023-06-09 22:16:24,285] {python.py:152} INFO - Done. Returned value was: None
[2023-06-09 22:16:24,479] {taskinstance.py:1280} INFO - Marking task as SUCCESS. dag_id=sftp_raw_data_inc_load_pipeline, task_id=clean_sftp_files_data_10.csv, execution_date=20230609T220308, start_date=20230609T221622, end_date=20230609T221624
[2023-06-09 22:16:24,811] {local_task_job.py:154} INFO - Task exited with return code 0
[2023-06-09 22:16:25,172] {local_task_job.py:264} INFO - 0 downstream tasks scheduled from follow-on schedule check
