[2023-06-09 22:34:08,341] {taskinstance.py:1035} INFO - Dependencies all met for <TaskInstance: sftp_raw_data_inc_load_pipeline.load_sftp_data_data_2.csv manual__2023-06-09T22:03:08.195880+00:00 [queued]>
[2023-06-09 22:34:08,709] {taskinstance.py:1035} INFO - Dependencies all met for <TaskInstance: sftp_raw_data_inc_load_pipeline.load_sftp_data_data_2.csv manual__2023-06-09T22:03:08.195880+00:00 [queued]>
[2023-06-09 22:34:08,715] {taskinstance.py:1241} INFO - 
--------------------------------------------------------------------------------
[2023-06-09 22:34:08,721] {taskinstance.py:1242} INFO - Starting attempt 6 of 6
[2023-06-09 22:34:08,728] {taskinstance.py:1243} INFO - 
--------------------------------------------------------------------------------
[2023-06-09 22:34:09,008] {taskinstance.py:1262} INFO - Executing <Task(PythonOperator): load_sftp_data_data_2.csv> on 2023-06-09 22:03:08.195880+00:00
[2023-06-09 22:34:09,025] {standard_task_runner.py:52} INFO - Started process 18866 to run task
[2023-06-09 22:34:09,077] {standard_task_runner.py:76} INFO - Running: ['***', 'tasks', 'run', 'sftp_raw_data_inc_load_pipeline', 'load_sftp_data_data_2.csv', 'manual__2023-06-09T22:03:08.195880+00:00', '--job-id', '390', '--raw', '--subdir', 'DAGS_FOLDER/sftp_raw_data_inc_load_pipeline.py', '--cfg-path', '/tmp/tmp7r_f2zc4', '--error-file', '/tmp/tmpm5l503eh']
[2023-06-09 22:34:09,134] {standard_task_runner.py:77} INFO - Job 390: Subtask load_sftp_data_data_2.csv
[2023-06-09 22:34:09,501] {logging_mixin.py:109} INFO - Running <TaskInstance: sftp_raw_data_inc_load_pipeline.load_sftp_data_data_2.csv manual__2023-06-09T22:03:08.195880+00:00 [running]> on host 6ba608d2de6e
[2023-06-09 22:34:09,939] {taskinstance.py:1414} INFO - Exporting the following env vars:
AIRFLOW_CTX_DAG_EMAIL=Hassan@gmail.com
AIRFLOW_CTX_DAG_OWNER=Hassan
AIRFLOW_CTX_DAG_ID=sftp_raw_data_inc_load_pipeline
AIRFLOW_CTX_TASK_ID=load_sftp_data_data_2.csv
AIRFLOW_CTX_EXECUTION_DATE=2023-06-09T22:03:08.195880+00:00
AIRFLOW_CTX_DAG_RUN_ID=manual__2023-06-09T22:03:08.195880+00:00
[2023-06-09 22:34:24,769] {python.py:152} INFO - Done. Returned value was: None
[2023-06-09 22:34:25,479] {taskinstance.py:1280} INFO - Marking task as SUCCESS. dag_id=sftp_raw_data_inc_load_pipeline, task_id=load_sftp_data_data_2.csv, execution_date=20230609T220308, start_date=20230609T223408, end_date=20230609T223425
[2023-06-09 22:34:25,796] {local_task_job.py:154} INFO - Task exited with return code 0
[2023-06-09 22:34:26,689] {local_task_job.py:264} INFO - 1 downstream tasks scheduled from follow-on schedule check
