[2023-06-09 22:16:37,340] {taskinstance.py:1035} INFO - Dependencies all met for <TaskInstance: sftp_raw_data_inc_load_pipeline.clean_sftp_files_data_1.csv manual__2023-06-09T22:03:08.195880+00:00 [queued]>
[2023-06-09 22:16:37,495] {taskinstance.py:1035} INFO - Dependencies all met for <TaskInstance: sftp_raw_data_inc_load_pipeline.clean_sftp_files_data_1.csv manual__2023-06-09T22:03:08.195880+00:00 [queued]>
[2023-06-09 22:16:37,496] {taskinstance.py:1241} INFO - 
--------------------------------------------------------------------------------
[2023-06-09 22:16:37,497] {taskinstance.py:1242} INFO - Starting attempt 1 of 1
[2023-06-09 22:16:37,498] {taskinstance.py:1243} INFO - 
--------------------------------------------------------------------------------
[2023-06-09 22:16:37,577] {taskinstance.py:1262} INFO - Executing <Task(PythonOperator): clean_sftp_files_data_1.csv> on 2023-06-09 22:03:08.195880+00:00
[2023-06-09 22:16:37,590] {standard_task_runner.py:52} INFO - Started process 15281 to run task
[2023-06-09 22:16:37,608] {standard_task_runner.py:76} INFO - Running: ['***', 'tasks', 'run', 'sftp_raw_data_inc_load_pipeline', 'clean_sftp_files_data_1.csv', 'manual__2023-06-09T22:03:08.195880+00:00', '--job-id', '200', '--raw', '--subdir', 'DAGS_FOLDER/sftp_raw_data_inc_load_pipeline.py', '--cfg-path', '/tmp/tmpt_2qxe4a', '--error-file', '/tmp/tmpnvw5m7gm']
[2023-06-09 22:16:37,642] {standard_task_runner.py:77} INFO - Job 200: Subtask clean_sftp_files_data_1.csv
[2023-06-09 22:16:37,814] {logging_mixin.py:109} INFO - Running <TaskInstance: sftp_raw_data_inc_load_pipeline.clean_sftp_files_data_1.csv manual__2023-06-09T22:03:08.195880+00:00 [running]> on host 6ba608d2de6e
[2023-06-09 22:16:37,999] {taskinstance.py:1414} INFO - Exporting the following env vars:
AIRFLOW_CTX_DAG_EMAIL=Hassan@gmail.com
AIRFLOW_CTX_DAG_OWNER=Hassan
AIRFLOW_CTX_DAG_ID=sftp_raw_data_inc_load_pipeline
AIRFLOW_CTX_TASK_ID=clean_sftp_files_data_1.csv
AIRFLOW_CTX_EXECUTION_DATE=2023-06-09T22:03:08.195880+00:00
AIRFLOW_CTX_DAG_RUN_ID=manual__2023-06-09T22:03:08.195880+00:00
[2023-06-09 22:16:38,015] {python.py:152} INFO - Done. Returned value was: None
[2023-06-09 22:16:38,085] {taskinstance.py:1280} INFO - Marking task as SUCCESS. dag_id=sftp_raw_data_inc_load_pipeline, task_id=clean_sftp_files_data_1.csv, execution_date=20230609T220308, start_date=20230609T221637, end_date=20230609T221638
[2023-06-09 22:16:38,219] {local_task_job.py:154} INFO - Task exited with return code 0
[2023-06-09 22:16:38,370] {local_task_job.py:264} INFO - 0 downstream tasks scheduled from follow-on schedule check
