[2023-06-09 21:55:02,072] {taskinstance.py:1035} INFO - Dependencies all met for <TaskInstance: sftp_raw_data_full_load_pipeline.clean_sftp_files_data_4.csv scheduled__2023-06-08T00:00:00+00:00 [queued]>
[2023-06-09 21:55:02,150] {taskinstance.py:1035} INFO - Dependencies all met for <TaskInstance: sftp_raw_data_full_load_pipeline.clean_sftp_files_data_4.csv scheduled__2023-06-08T00:00:00+00:00 [queued]>
[2023-06-09 21:55:02,152] {taskinstance.py:1241} INFO - 
--------------------------------------------------------------------------------
[2023-06-09 21:55:02,157] {taskinstance.py:1242} INFO - Starting attempt 1 of 1
[2023-06-09 21:55:02,163] {taskinstance.py:1243} INFO - 
--------------------------------------------------------------------------------
[2023-06-09 21:55:02,207] {taskinstance.py:1262} INFO - Executing <Task(PythonOperator): clean_sftp_files_data_4.csv> on 2023-06-08 00:00:00+00:00
[2023-06-09 21:55:02,219] {standard_task_runner.py:52} INFO - Started process 12000 to run task
[2023-06-09 21:55:02,241] {standard_task_runner.py:76} INFO - Running: ['***', 'tasks', 'run', 'sftp_raw_data_full_load_pipeline', 'clean_sftp_files_data_4.csv', 'scheduled__2023-06-08T00:00:00+00:00', '--job-id', '109', '--raw', '--subdir', 'DAGS_FOLDER/sftp_raw_data_full_load_pipeline.py', '--cfg-path', '/tmp/tmp2zhev0lg', '--error-file', '/tmp/tmpv2s438_5']
[2023-06-09 21:55:02,250] {standard_task_runner.py:77} INFO - Job 109: Subtask clean_sftp_files_data_4.csv
[2023-06-09 21:55:02,358] {logging_mixin.py:109} INFO - Running <TaskInstance: sftp_raw_data_full_load_pipeline.clean_sftp_files_data_4.csv scheduled__2023-06-08T00:00:00+00:00 [running]> on host 6ba608d2de6e
[2023-06-09 21:55:02,497] {taskinstance.py:1414} INFO - Exporting the following env vars:
AIRFLOW_CTX_DAG_EMAIL=Hassan@gmail.com
AIRFLOW_CTX_DAG_OWNER=Hassan
AIRFLOW_CTX_DAG_ID=sftp_raw_data_full_load_pipeline
AIRFLOW_CTX_TASK_ID=clean_sftp_files_data_4.csv
AIRFLOW_CTX_EXECUTION_DATE=2023-06-08T00:00:00+00:00
AIRFLOW_CTX_DAG_RUN_ID=scheduled__2023-06-08T00:00:00+00:00
[2023-06-09 21:55:02,507] {python.py:152} INFO - Done. Returned value was: None
[2023-06-09 21:55:02,599] {taskinstance.py:1280} INFO - Marking task as SUCCESS. dag_id=sftp_raw_data_full_load_pipeline, task_id=clean_sftp_files_data_4.csv, execution_date=20230608T000000, start_date=20230609T215502, end_date=20230609T215502
[2023-06-09 21:55:02,680] {local_task_job.py:154} INFO - Task exited with return code 0
[2023-06-09 21:55:02,809] {local_task_job.py:264} INFO - 0 downstream tasks scheduled from follow-on schedule check
