[2023-06-09 23:25:30,146] {taskinstance.py:1035} INFO - Dependencies all met for <TaskInstance: leads_raw_data_full_load_pipeline.parquet_to_postgres scheduled__2023-01-31T00:00:00+00:00 [queued]>
[2023-06-09 23:25:30,402] {taskinstance.py:1035} INFO - Dependencies all met for <TaskInstance: leads_raw_data_full_load_pipeline.parquet_to_postgres scheduled__2023-01-31T00:00:00+00:00 [queued]>
[2023-06-09 23:25:30,426] {taskinstance.py:1241} INFO - 
--------------------------------------------------------------------------------
[2023-06-09 23:25:30,443] {taskinstance.py:1242} INFO - Starting attempt 1 of 1
[2023-06-09 23:25:30,448] {taskinstance.py:1243} INFO - 
--------------------------------------------------------------------------------
[2023-06-09 23:25:32,588] {taskinstance.py:1262} INFO - Executing <Task(PythonOperator): parquet_to_postgres> on 2023-01-31 00:00:00+00:00
[2023-06-09 23:25:32,635] {standard_task_runner.py:52} INFO - Started process 25159 to run task
[2023-06-09 23:25:32,708] {standard_task_runner.py:76} INFO - Running: ['***', 'tasks', 'run', 'leads_raw_data_full_load_pipeline', 'parquet_to_postgres', 'scheduled__2023-01-31T00:00:00+00:00', '--job-id', '463', '--raw', '--subdir', 'DAGS_FOLDER/leads_raw_data_full_load_pipeline.py', '--cfg-path', '/tmp/tmpghla5l5j', '--error-file', '/tmp/tmp9xsswskz']
[2023-06-09 23:25:32,797] {standard_task_runner.py:77} INFO - Job 463: Subtask parquet_to_postgres
[2023-06-09 23:25:33,681] {logging_mixin.py:109} INFO - Running <TaskInstance: leads_raw_data_full_load_pipeline.parquet_to_postgres scheduled__2023-01-31T00:00:00+00:00 [running]> on host 6ba608d2de6e
[2023-06-09 23:25:33,925] {taskinstance.py:1414} INFO - Exporting the following env vars:
AIRFLOW_CTX_DAG_OWNER=***
AIRFLOW_CTX_DAG_ID=leads_raw_data_full_load_pipeline
AIRFLOW_CTX_TASK_ID=parquet_to_postgres
AIRFLOW_CTX_EXECUTION_DATE=2023-01-31T00:00:00+00:00
AIRFLOW_CTX_DAG_RUN_ID=scheduled__2023-01-31T00:00:00+00:00
[2023-06-09 23:25:42,928] {logging_mixin.py:109} INFO - Parquet file loaded into PostgreSQL successfully.
[2023-06-09 23:25:42,930] {python.py:152} INFO - Done. Returned value was: None
[2023-06-09 23:25:43,147] {taskinstance.py:1280} INFO - Marking task as SUCCESS. dag_id=leads_raw_data_full_load_pipeline, task_id=parquet_to_postgres, execution_date=20230131T000000, start_date=20230609T232530, end_date=20230609T232543
[2023-06-09 23:25:43,337] {local_task_job.py:212} WARNING - State of this instance has been externally set to success. Terminating instance.
[2023-06-09 23:25:43,360] {process_utils.py:100} INFO - Sending Signals.SIGTERM to GPID 25159
[2023-06-09 23:25:43,390] {process_utils.py:66} INFO - Process psutil.Process(pid=25159, status='terminated', exitcode=0, started='23:25:31') (25159) terminated with exit code 0
