[2023-06-09 22:35:11,358] {taskinstance.py:1035} INFO - Dependencies all met for <TaskInstance: sftp_raw_data_inc_load_pipeline.clean_sftp_files_data_16.csv manual__2023-06-09T22:03:08.195880+00:00 [queued]>
[2023-06-09 22:35:11,788] {taskinstance.py:1035} INFO - Dependencies all met for <TaskInstance: sftp_raw_data_inc_load_pipeline.clean_sftp_files_data_16.csv manual__2023-06-09T22:03:08.195880+00:00 [queued]>
[2023-06-09 22:35:11,790] {taskinstance.py:1241} INFO - 
--------------------------------------------------------------------------------
[2023-06-09 22:35:11,791] {taskinstance.py:1242} INFO - Starting attempt 1 of 1
[2023-06-09 22:35:11,792] {taskinstance.py:1243} INFO - 
--------------------------------------------------------------------------------
[2023-06-09 22:35:11,962] {taskinstance.py:1262} INFO - Executing <Task(PythonOperator): clean_sftp_files_data_16.csv> on 2023-06-09 22:03:08.195880+00:00
[2023-06-09 22:35:12,009] {standard_task_runner.py:52} INFO - Started process 19207 to run task
[2023-06-09 22:35:12,054] {standard_task_runner.py:76} INFO - Running: ['***', 'tasks', 'run', 'sftp_raw_data_inc_load_pipeline', 'clean_sftp_files_data_16.csv', 'manual__2023-06-09T22:03:08.195880+00:00', '--job-id', '415', '--raw', '--subdir', 'DAGS_FOLDER/sftp_raw_data_inc_load_pipeline.py', '--cfg-path', '/tmp/tmpveb6off0', '--error-file', '/tmp/tmpyeo5dhm7']
[2023-06-09 22:35:12,128] {standard_task_runner.py:77} INFO - Job 415: Subtask clean_sftp_files_data_16.csv
[2023-06-09 22:35:12,425] {logging_mixin.py:109} INFO - Running <TaskInstance: sftp_raw_data_inc_load_pipeline.clean_sftp_files_data_16.csv manual__2023-06-09T22:03:08.195880+00:00 [running]> on host 6ba608d2de6e
[2023-06-09 22:35:13,184] {taskinstance.py:1414} INFO - Exporting the following env vars:
AIRFLOW_CTX_DAG_EMAIL=Hassan@gmail.com
AIRFLOW_CTX_DAG_OWNER=Hassan
AIRFLOW_CTX_DAG_ID=sftp_raw_data_inc_load_pipeline
AIRFLOW_CTX_TASK_ID=clean_sftp_files_data_16.csv
AIRFLOW_CTX_EXECUTION_DATE=2023-06-09T22:03:08.195880+00:00
AIRFLOW_CTX_DAG_RUN_ID=manual__2023-06-09T22:03:08.195880+00:00
[2023-06-09 22:35:13,211] {python.py:152} INFO - Done. Returned value was: None
[2023-06-09 22:35:13,343] {taskinstance.py:1280} INFO - Marking task as SUCCESS. dag_id=sftp_raw_data_inc_load_pipeline, task_id=clean_sftp_files_data_16.csv, execution_date=20230609T220308, start_date=20230609T223511, end_date=20230609T223513
[2023-06-09 22:35:13,652] {local_task_job.py:154} INFO - Task exited with return code 0
[2023-06-09 22:35:14,328] {local_task_job.py:264} INFO - 0 downstream tasks scheduled from follow-on schedule check
