[2023-06-09 23:25:15,459] {taskinstance.py:1035} INFO - Dependencies all met for <TaskInstance: leads_raw_data_full_load_pipeline.parquet_to_postgres scheduled__2023-01-25T00:00:00+00:00 [queued]>
[2023-06-09 23:25:15,844] {taskinstance.py:1035} INFO - Dependencies all met for <TaskInstance: leads_raw_data_full_load_pipeline.parquet_to_postgres scheduled__2023-01-25T00:00:00+00:00 [queued]>
[2023-06-09 23:25:15,864] {taskinstance.py:1241} INFO - 
--------------------------------------------------------------------------------
[2023-06-09 23:25:15,865] {taskinstance.py:1242} INFO - Starting attempt 1 of 1
[2023-06-09 23:25:15,878] {taskinstance.py:1243} INFO - 
--------------------------------------------------------------------------------
[2023-06-09 23:25:16,163] {taskinstance.py:1262} INFO - Executing <Task(PythonOperator): parquet_to_postgres> on 2023-01-25 00:00:00+00:00
[2023-06-09 23:25:16,187] {standard_task_runner.py:52} INFO - Started process 25028 to run task
[2023-06-09 23:25:16,322] {standard_task_runner.py:76} INFO - Running: ['***', 'tasks', 'run', 'leads_raw_data_full_load_pipeline', 'parquet_to_postgres', 'scheduled__2023-01-25T00:00:00+00:00', '--job-id', '457', '--raw', '--subdir', 'DAGS_FOLDER/leads_raw_data_full_load_pipeline.py', '--cfg-path', '/tmp/tmpsx7nfgah', '--error-file', '/tmp/tmpsh0_1qtm']
[2023-06-09 23:25:16,402] {standard_task_runner.py:77} INFO - Job 457: Subtask parquet_to_postgres
[2023-06-09 23:25:16,750] {logging_mixin.py:109} INFO - Running <TaskInstance: leads_raw_data_full_load_pipeline.parquet_to_postgres scheduled__2023-01-25T00:00:00+00:00 [running]> on host 6ba608d2de6e
[2023-06-09 23:25:17,148] {taskinstance.py:1414} INFO - Exporting the following env vars:
AIRFLOW_CTX_DAG_OWNER=***
AIRFLOW_CTX_DAG_ID=leads_raw_data_full_load_pipeline
AIRFLOW_CTX_TASK_ID=parquet_to_postgres
AIRFLOW_CTX_EXECUTION_DATE=2023-01-25T00:00:00+00:00
AIRFLOW_CTX_DAG_RUN_ID=scheduled__2023-01-25T00:00:00+00:00
[2023-06-09 23:25:27,443] {logging_mixin.py:109} INFO - Parquet file loaded into PostgreSQL successfully.
[2023-06-09 23:25:27,445] {python.py:152} INFO - Done. Returned value was: None
[2023-06-09 23:25:27,524] {taskinstance.py:1280} INFO - Marking task as SUCCESS. dag_id=leads_raw_data_full_load_pipeline, task_id=parquet_to_postgres, execution_date=20230125T000000, start_date=20230609T232515, end_date=20230609T232527
[2023-06-09 23:25:27,839] {local_task_job.py:154} INFO - Task exited with return code 0
[2023-06-09 23:25:28,045] {local_task_job.py:264} INFO - 1 downstream tasks scheduled from follow-on schedule check
