[2023-06-09 21:54:21,077] {taskinstance.py:1035} INFO - Dependencies all met for <TaskInstance: sftp_raw_data_full_load_pipeline.load_sftp_data_data_10.csv scheduled__2023-06-08T00:00:00+00:00 [queued]>
[2023-06-09 21:54:21,265] {taskinstance.py:1035} INFO - Dependencies all met for <TaskInstance: sftp_raw_data_full_load_pipeline.load_sftp_data_data_10.csv scheduled__2023-06-08T00:00:00+00:00 [queued]>
[2023-06-09 21:54:21,267] {taskinstance.py:1241} INFO - 
--------------------------------------------------------------------------------
[2023-06-09 21:54:21,268] {taskinstance.py:1242} INFO - Starting attempt 1 of 1
[2023-06-09 21:54:21,268] {taskinstance.py:1243} INFO - 
--------------------------------------------------------------------------------
[2023-06-09 21:54:23,086] {taskinstance.py:1262} INFO - Executing <Task(PythonOperator): load_sftp_data_data_10.csv> on 2023-06-08 00:00:00+00:00
[2023-06-09 21:54:23,136] {standard_task_runner.py:52} INFO - Started process 11795 to run task
[2023-06-09 21:54:23,158] {standard_task_runner.py:76} INFO - Running: ['***', 'tasks', 'run', 'sftp_raw_data_full_load_pipeline', 'load_sftp_data_data_10.csv', 'scheduled__2023-06-08T00:00:00+00:00', '--job-id', '87', '--raw', '--subdir', 'DAGS_FOLDER/sftp_raw_data_full_load_pipeline.py', '--cfg-path', '/tmp/tmp8v8bd_2r', '--error-file', '/tmp/tmp3aag1zpe']
[2023-06-09 21:54:23,187] {standard_task_runner.py:77} INFO - Job 87: Subtask load_sftp_data_data_10.csv
[2023-06-09 21:54:24,158] {logging_mixin.py:109} INFO - Running <TaskInstance: sftp_raw_data_full_load_pipeline.load_sftp_data_data_10.csv scheduled__2023-06-08T00:00:00+00:00 [running]> on host 6ba608d2de6e
[2023-06-09 21:54:25,474] {taskinstance.py:1414} INFO - Exporting the following env vars:
AIRFLOW_CTX_DAG_EMAIL=Hassan@gmail.com
AIRFLOW_CTX_DAG_OWNER=Hassan
AIRFLOW_CTX_DAG_ID=sftp_raw_data_full_load_pipeline
AIRFLOW_CTX_TASK_ID=load_sftp_data_data_10.csv
AIRFLOW_CTX_EXECUTION_DATE=2023-06-08T00:00:00+00:00
AIRFLOW_CTX_DAG_RUN_ID=scheduled__2023-06-08T00:00:00+00:00
[2023-06-09 21:54:38,203] {python.py:152} INFO - Done. Returned value was: None
[2023-06-09 21:54:39,950] {taskinstance.py:1280} INFO - Marking task as SUCCESS. dag_id=sftp_raw_data_full_load_pipeline, task_id=load_sftp_data_data_10.csv, execution_date=20230608T000000, start_date=20230609T215421, end_date=20230609T215439
[2023-06-09 21:54:40,225] {local_task_job.py:154} INFO - Task exited with return code 0
[2023-06-09 21:54:40,701] {local_task_job.py:264} INFO - 1 downstream tasks scheduled from follow-on schedule check
