[2023-06-09 23:30:13,025] {taskinstance.py:1035} INFO - Dependencies all met for <TaskInstance: leads_raw_data_full_load_pipeline.parquet_to_postgres scheduled__2023-05-26T00:00:00+00:00 [queued]>
[2023-06-09 23:30:13,295] {taskinstance.py:1035} INFO - Dependencies all met for <TaskInstance: leads_raw_data_full_load_pipeline.parquet_to_postgres scheduled__2023-05-26T00:00:00+00:00 [queued]>
[2023-06-09 23:30:13,297] {taskinstance.py:1241} INFO - 
--------------------------------------------------------------------------------
[2023-06-09 23:30:13,298] {taskinstance.py:1242} INFO - Starting attempt 1 of 1
[2023-06-09 23:30:13,301] {taskinstance.py:1243} INFO - 
--------------------------------------------------------------------------------
[2023-06-09 23:30:13,640] {taskinstance.py:1262} INFO - Executing <Task(PythonOperator): parquet_to_postgres> on 2023-05-26 00:00:00+00:00
[2023-06-09 23:30:13,689] {standard_task_runner.py:52} INFO - Started process 27469 to run task
[2023-06-09 23:30:13,763] {standard_task_runner.py:76} INFO - Running: ['***', 'tasks', 'run', 'leads_raw_data_full_load_pipeline', 'parquet_to_postgres', 'scheduled__2023-05-26T00:00:00+00:00', '--job-id', '578', '--raw', '--subdir', 'DAGS_FOLDER/leads_raw_data_full_load_pipeline.py', '--cfg-path', '/tmp/tmpq2bk65w7', '--error-file', '/tmp/tmpb9u5a2f3']
[2023-06-09 23:30:13,776] {standard_task_runner.py:77} INFO - Job 578: Subtask parquet_to_postgres
[2023-06-09 23:30:14,223] {logging_mixin.py:109} INFO - Running <TaskInstance: leads_raw_data_full_load_pipeline.parquet_to_postgres scheduled__2023-05-26T00:00:00+00:00 [running]> on host 6ba608d2de6e
[2023-06-09 23:30:14,654] {taskinstance.py:1414} INFO - Exporting the following env vars:
AIRFLOW_CTX_DAG_OWNER=***
AIRFLOW_CTX_DAG_ID=leads_raw_data_full_load_pipeline
AIRFLOW_CTX_TASK_ID=parquet_to_postgres
AIRFLOW_CTX_EXECUTION_DATE=2023-05-26T00:00:00+00:00
AIRFLOW_CTX_DAG_RUN_ID=scheduled__2023-05-26T00:00:00+00:00
[2023-06-09 23:30:28,030] {logging_mixin.py:109} INFO - Parquet file loaded into PostgreSQL successfully.
[2023-06-09 23:30:28,036] {python.py:152} INFO - Done. Returned value was: None
[2023-06-09 23:30:29,387] {taskinstance.py:1280} INFO - Marking task as SUCCESS. dag_id=leads_raw_data_full_load_pipeline, task_id=parquet_to_postgres, execution_date=20230526T000000, start_date=20230609T233013, end_date=20230609T233029
[2023-06-09 23:30:29,884] {local_task_job.py:154} INFO - Task exited with return code 0
[2023-06-09 23:30:30,118] {local_task_job.py:264} INFO - 1 downstream tasks scheduled from follow-on schedule check
