[2023-06-09 22:33:46,215] {taskinstance.py:1035} INFO - Dependencies all met for <TaskInstance: sftp_raw_data_inc_load_pipeline.extract_from_file_data_3.csv manual__2023-06-09T22:03:08.195880+00:00 [queued]>
[2023-06-09 22:33:46,520] {taskinstance.py:1035} INFO - Dependencies all met for <TaskInstance: sftp_raw_data_inc_load_pipeline.extract_from_file_data_3.csv manual__2023-06-09T22:03:08.195880+00:00 [queued]>
[2023-06-09 22:33:46,530] {taskinstance.py:1241} INFO - 
--------------------------------------------------------------------------------
[2023-06-09 22:33:46,545] {taskinstance.py:1242} INFO - Starting attempt 5 of 5
[2023-06-09 22:33:46,569] {taskinstance.py:1243} INFO - 
--------------------------------------------------------------------------------
[2023-06-09 22:33:46,793] {taskinstance.py:1262} INFO - Executing <Task(PythonOperator): extract_from_file_data_3.csv> on 2023-06-09 22:03:08.195880+00:00
[2023-06-09 22:33:46,836] {standard_task_runner.py:52} INFO - Started process 18679 to run task
[2023-06-09 22:33:46,843] {standard_task_runner.py:76} INFO - Running: ['***', 'tasks', 'run', 'sftp_raw_data_inc_load_pipeline', 'extract_from_file_data_3.csv', 'manual__2023-06-09T22:03:08.195880+00:00', '--job-id', '369', '--raw', '--subdir', 'DAGS_FOLDER/sftp_raw_data_inc_load_pipeline.py', '--cfg-path', '/tmp/tmpq09hpvkm', '--error-file', '/tmp/tmp76bm8zp1']
[2023-06-09 22:33:46,861] {standard_task_runner.py:77} INFO - Job 369: Subtask extract_from_file_data_3.csv
[2023-06-09 22:33:47,189] {logging_mixin.py:109} INFO - Running <TaskInstance: sftp_raw_data_inc_load_pipeline.extract_from_file_data_3.csv manual__2023-06-09T22:03:08.195880+00:00 [running]> on host 6ba608d2de6e
[2023-06-09 22:33:47,640] {taskinstance.py:1414} INFO - Exporting the following env vars:
AIRFLOW_CTX_DAG_EMAIL=Hassan@gmail.com
AIRFLOW_CTX_DAG_OWNER=Hassan
AIRFLOW_CTX_DAG_ID=sftp_raw_data_inc_load_pipeline
AIRFLOW_CTX_TASK_ID=extract_from_file_data_3.csv
AIRFLOW_CTX_EXECUTION_DATE=2023-06-09T22:03:08.195880+00:00
AIRFLOW_CTX_DAG_RUN_ID=manual__2023-06-09T22:03:08.195880+00:00
[2023-06-09 22:33:50,207] {python.py:152} INFO - Done. Returned value was: None
[2023-06-09 22:33:50,788] {taskinstance.py:1280} INFO - Marking task as SUCCESS. dag_id=sftp_raw_data_inc_load_pipeline, task_id=extract_from_file_data_3.csv, execution_date=20230609T220308, start_date=20230609T223346, end_date=20230609T223350
[2023-06-09 22:33:51,023] {local_task_job.py:154} INFO - Task exited with return code 0
[2023-06-09 22:33:51,814] {local_task_job.py:264} INFO - 1 downstream tasks scheduled from follow-on schedule check
