[2023-06-09 15:08:14,814] {taskinstance.py:1035} INFO - Dependencies all met for <TaskInstance: sftp_raw_data_full_load_pipeline.extract_from_file_data_11.csv scheduled__2023-06-08T00:00:00+00:00 [queued]>
[2023-06-09 15:08:14,918] {taskinstance.py:1035} INFO - Dependencies all met for <TaskInstance: sftp_raw_data_full_load_pipeline.extract_from_file_data_11.csv scheduled__2023-06-08T00:00:00+00:00 [queued]>
[2023-06-09 15:08:14,919] {taskinstance.py:1241} INFO - 
--------------------------------------------------------------------------------
[2023-06-09 15:08:14,926] {taskinstance.py:1242} INFO - Starting attempt 1 of 1
[2023-06-09 15:08:14,931] {taskinstance.py:1243} INFO - 
--------------------------------------------------------------------------------
[2023-06-09 15:08:15,803] {taskinstance.py:1262} INFO - Executing <Task(PythonOperator): extract_from_file_data_11.csv> on 2023-06-08 00:00:00+00:00
[2023-06-09 15:08:15,826] {standard_task_runner.py:52} INFO - Started process 1331 to run task
[2023-06-09 15:08:15,837] {standard_task_runner.py:76} INFO - Running: ['***', 'tasks', 'run', 'sftp_raw_data_full_load_pipeline', 'extract_from_file_data_11.csv', 'scheduled__2023-06-08T00:00:00+00:00', '--job-id', '15', '--raw', '--subdir', 'DAGS_FOLDER/sftp_raw_data_full_load_pipeline.py', '--cfg-path', '/tmp/tmpg3sq44hu', '--error-file', '/tmp/tmpvx2cjwba']
[2023-06-09 15:08:15,855] {standard_task_runner.py:77} INFO - Job 15: Subtask extract_from_file_data_11.csv
[2023-06-09 15:08:16,004] {logging_mixin.py:109} INFO - Running <TaskInstance: sftp_raw_data_full_load_pipeline.extract_from_file_data_11.csv scheduled__2023-06-08T00:00:00+00:00 [running]> on host 8cb5811d1998
[2023-06-09 15:08:16,255] {taskinstance.py:1414} INFO - Exporting the following env vars:
AIRFLOW_CTX_DAG_EMAIL=Hassan@gmail.com
AIRFLOW_CTX_DAG_OWNER=Hassan
AIRFLOW_CTX_DAG_ID=sftp_raw_data_full_load_pipeline
AIRFLOW_CTX_TASK_ID=extract_from_file_data_11.csv
AIRFLOW_CTX_EXECUTION_DATE=2023-06-08T00:00:00+00:00
AIRFLOW_CTX_DAG_RUN_ID=scheduled__2023-06-08T00:00:00+00:00
[2023-06-09 15:08:16,266] {logging_mixin.py:109} INFO - ((), ())
[2023-06-09 15:08:16,355] {logging_mixin.py:109} INFO - Empty DataFrame
Columns: []
Index: []
[2023-06-09 15:08:16,369] {logging_mixin.py:109} INFO - [Errno 2] No such file or directory: './data/temp_files/2023-06-09_15:08:16.357772_leads_sftp.json'
[2023-06-09 15:08:16,430] {python.py:152} INFO - Done. Returned value was: None
[2023-06-09 15:08:16,908] {taskinstance.py:1280} INFO - Marking task as SUCCESS. dag_id=sftp_raw_data_full_load_pipeline, task_id=extract_from_file_data_11.csv, execution_date=20230608T000000, start_date=20230609T150814, end_date=20230609T150816
[2023-06-09 15:08:17,089] {local_task_job.py:154} INFO - Task exited with return code 0
[2023-06-09 15:08:17,694] {local_task_job.py:264} INFO - 1 downstream tasks scheduled from follow-on schedule check
[2023-06-09 15:21:55,661] {taskinstance.py:1035} INFO - Dependencies all met for <TaskInstance: sftp_raw_data_full_load_pipeline.extract_from_file_data_11.csv manual__2023-06-09T15:20:24.730543+00:00 [queued]>
[2023-06-09 15:21:55,793] {taskinstance.py:1035} INFO - Dependencies all met for <TaskInstance: sftp_raw_data_full_load_pipeline.extract_from_file_data_11.csv manual__2023-06-09T15:20:24.730543+00:00 [queued]>
[2023-06-09 15:21:55,797] {taskinstance.py:1241} INFO - 
--------------------------------------------------------------------------------
[2023-06-09 15:21:55,808] {taskinstance.py:1242} INFO - Starting attempt 1 of 1
[2023-06-09 15:21:55,809] {taskinstance.py:1243} INFO - 
--------------------------------------------------------------------------------
[2023-06-09 15:21:56,851] {taskinstance.py:1262} INFO - Executing <Task(PythonOperator): extract_from_file_data_11.csv> on 2023-06-09 15:20:24.730543+00:00
[2023-06-09 15:21:56,866] {standard_task_runner.py:52} INFO - Started process 3288 to run task
[2023-06-09 15:21:56,876] {standard_task_runner.py:76} INFO - Running: ['***', 'tasks', 'run', 'sftp_raw_data_full_load_pipeline', 'extract_from_file_data_11.csv', 'manual__2023-06-09T15:20:24.730543+00:00', '--job-id', '56', '--raw', '--subdir', 'DAGS_FOLDER/sftp_raw_data_full_load_pipeline.py', '--cfg-path', '/tmp/tmps70j7_ju', '--error-file', '/tmp/tmpjas0cazi']
[2023-06-09 15:21:56,886] {standard_task_runner.py:77} INFO - Job 56: Subtask extract_from_file_data_11.csv
[2023-06-09 15:21:57,018] {logging_mixin.py:109} INFO - Running <TaskInstance: sftp_raw_data_full_load_pipeline.extract_from_file_data_11.csv manual__2023-06-09T15:20:24.730543+00:00 [running]> on host 8cb5811d1998
[2023-06-09 15:21:57,295] {taskinstance.py:1414} INFO - Exporting the following env vars:
AIRFLOW_CTX_DAG_EMAIL=Hassan@gmail.com
AIRFLOW_CTX_DAG_OWNER=Hassan
AIRFLOW_CTX_DAG_ID=sftp_raw_data_full_load_pipeline
AIRFLOW_CTX_TASK_ID=extract_from_file_data_11.csv
AIRFLOW_CTX_EXECUTION_DATE=2023-06-09T15:20:24.730543+00:00
AIRFLOW_CTX_DAG_RUN_ID=manual__2023-06-09T15:20:24.730543+00:00
[2023-06-09 15:21:57,307] {logging_mixin.py:109} INFO - ((), ())
[2023-06-09 15:21:57,394] {logging_mixin.py:109} INFO - Empty DataFrame
Columns: []
Index: []
[2023-06-09 15:21:57,402] {logging_mixin.py:109} INFO - [Errno 2] No such file or directory: './data/temp_files/2023-06-09_15:21:57.396061_leads_sftp.json'
[2023-06-09 15:21:57,450] {python.py:152} INFO - Done. Returned value was: None
[2023-06-09 15:21:57,702] {taskinstance.py:1280} INFO - Marking task as SUCCESS. dag_id=sftp_raw_data_full_load_pipeline, task_id=extract_from_file_data_11.csv, execution_date=20230609T152024, start_date=20230609T152155, end_date=20230609T152157
[2023-06-09 15:21:57,869] {local_task_job.py:154} INFO - Task exited with return code 0
[2023-06-09 15:21:59,743] {local_task_job.py:264} INFO - 1 downstream tasks scheduled from follow-on schedule check
[2023-06-09 16:52:02,743] {taskinstance.py:1035} INFO - Dependencies all met for <TaskInstance: sftp_raw_data_full_load_pipeline.extract_from_file_data_11.csv scheduled__2023-06-08T00:00:00+00:00 [queued]>
[2023-06-09 16:52:02,980] {taskinstance.py:1035} INFO - Dependencies all met for <TaskInstance: sftp_raw_data_full_load_pipeline.extract_from_file_data_11.csv scheduled__2023-06-08T00:00:00+00:00 [queued]>
[2023-06-09 16:52:02,989] {taskinstance.py:1241} INFO - 
--------------------------------------------------------------------------------
[2023-06-09 16:52:02,994] {taskinstance.py:1242} INFO - Starting attempt 1 of 1
[2023-06-09 16:52:02,998] {taskinstance.py:1243} INFO - 
--------------------------------------------------------------------------------
[2023-06-09 16:52:05,001] {taskinstance.py:1262} INFO - Executing <Task(PythonOperator): extract_from_file_data_11.csv> on 2023-06-08 00:00:00+00:00
[2023-06-09 16:52:05,050] {standard_task_runner.py:52} INFO - Started process 677 to run task
[2023-06-09 16:52:05,091] {standard_task_runner.py:76} INFO - Running: ['***', 'tasks', 'run', 'sftp_raw_data_full_load_pipeline', 'extract_from_file_data_11.csv', 'scheduled__2023-06-08T00:00:00+00:00', '--job-id', '8', '--raw', '--subdir', 'DAGS_FOLDER/sftp_raw_data_full_load_pipeline.py', '--cfg-path', '/tmp/tmp7x78lbrt', '--error-file', '/tmp/tmpbgov7gog']
[2023-06-09 16:52:05,137] {standard_task_runner.py:77} INFO - Job 8: Subtask extract_from_file_data_11.csv
[2023-06-09 16:52:06,133] {logging_mixin.py:109} INFO - Running <TaskInstance: sftp_raw_data_full_load_pipeline.extract_from_file_data_11.csv scheduled__2023-06-08T00:00:00+00:00 [running]> on host 6ba608d2de6e
[2023-06-09 16:52:07,127] {taskinstance.py:1414} INFO - Exporting the following env vars:
AIRFLOW_CTX_DAG_EMAIL=Hassan@gmail.com
AIRFLOW_CTX_DAG_OWNER=Hassan
AIRFLOW_CTX_DAG_ID=sftp_raw_data_full_load_pipeline
AIRFLOW_CTX_TASK_ID=extract_from_file_data_11.csv
AIRFLOW_CTX_EXECUTION_DATE=2023-06-08T00:00:00+00:00
AIRFLOW_CTX_DAG_RUN_ID=scheduled__2023-06-08T00:00:00+00:00
[2023-06-09 16:52:11,421] {python.py:152} INFO - Done. Returned value was: None
[2023-06-09 16:52:13,653] {taskinstance.py:1280} INFO - Marking task as SUCCESS. dag_id=sftp_raw_data_full_load_pipeline, task_id=extract_from_file_data_11.csv, execution_date=20230608T000000, start_date=20230609T165202, end_date=20230609T165213
[2023-06-09 16:52:14,172] {local_task_job.py:154} INFO - Task exited with return code 0
[2023-06-09 16:52:15,981] {local_task_job.py:264} INFO - 1 downstream tasks scheduled from follow-on schedule check
