[2023-06-09 15:08:30,009] {taskinstance.py:1035} INFO - Dependencies all met for <TaskInstance: sftp_raw_data_full_load_pipeline.extract_from_file_data_5.csv scheduled__2023-06-08T00:00:00+00:00 [queued]>
[2023-06-09 15:08:30,200] {taskinstance.py:1035} INFO - Dependencies all met for <TaskInstance: sftp_raw_data_full_load_pipeline.extract_from_file_data_5.csv scheduled__2023-06-08T00:00:00+00:00 [queued]>
[2023-06-09 15:08:30,201] {taskinstance.py:1241} INFO - 
--------------------------------------------------------------------------------
[2023-06-09 15:08:30,203] {taskinstance.py:1242} INFO - Starting attempt 1 of 1
[2023-06-09 15:08:30,204] {taskinstance.py:1243} INFO - 
--------------------------------------------------------------------------------
[2023-06-09 15:08:30,344] {taskinstance.py:1262} INFO - Executing <Task(PythonOperator): extract_from_file_data_5.csv> on 2023-06-08 00:00:00+00:00
[2023-06-09 15:08:30,358] {standard_task_runner.py:52} INFO - Started process 1469 to run task
[2023-06-09 15:08:30,380] {standard_task_runner.py:76} INFO - Running: ['***', 'tasks', 'run', 'sftp_raw_data_full_load_pipeline', 'extract_from_file_data_5.csv', 'scheduled__2023-06-08T00:00:00+00:00', '--job-id', '21', '--raw', '--subdir', 'DAGS_FOLDER/sftp_raw_data_full_load_pipeline.py', '--cfg-path', '/tmp/tmp09ocj8by', '--error-file', '/tmp/tmp3xdtvtce']
[2023-06-09 15:08:30,402] {standard_task_runner.py:77} INFO - Job 21: Subtask extract_from_file_data_5.csv
[2023-06-09 15:08:30,696] {logging_mixin.py:109} INFO - Running <TaskInstance: sftp_raw_data_full_load_pipeline.extract_from_file_data_5.csv scheduled__2023-06-08T00:00:00+00:00 [running]> on host 8cb5811d1998
[2023-06-09 15:08:31,146] {taskinstance.py:1414} INFO - Exporting the following env vars:
AIRFLOW_CTX_DAG_EMAIL=Hassan@gmail.com
AIRFLOW_CTX_DAG_OWNER=Hassan
AIRFLOW_CTX_DAG_ID=sftp_raw_data_full_load_pipeline
AIRFLOW_CTX_TASK_ID=extract_from_file_data_5.csv
AIRFLOW_CTX_EXECUTION_DATE=2023-06-08T00:00:00+00:00
AIRFLOW_CTX_DAG_RUN_ID=scheduled__2023-06-08T00:00:00+00:00
[2023-06-09 15:08:31,177] {logging_mixin.py:109} INFO - ((), ())
[2023-06-09 15:08:31,400] {logging_mixin.py:109} INFO - Empty DataFrame
Columns: []
Index: []
[2023-06-09 15:08:31,432] {logging_mixin.py:109} INFO - [Errno 2] No such file or directory: './data/temp_files/2023-06-09_15:08:31.404494_leads_sftp.json'
[2023-06-09 15:08:31,503] {python.py:152} INFO - Done. Returned value was: None
[2023-06-09 15:08:32,227] {taskinstance.py:1280} INFO - Marking task as SUCCESS. dag_id=sftp_raw_data_full_load_pipeline, task_id=extract_from_file_data_5.csv, execution_date=20230608T000000, start_date=20230609T150830, end_date=20230609T150832
[2023-06-09 15:08:32,404] {local_task_job.py:154} INFO - Task exited with return code 0
[2023-06-09 15:08:34,320] {local_task_job.py:264} INFO - 1 downstream tasks scheduled from follow-on schedule check
[2023-06-09 15:22:12,109] {taskinstance.py:1035} INFO - Dependencies all met for <TaskInstance: sftp_raw_data_full_load_pipeline.extract_from_file_data_5.csv manual__2023-06-09T15:20:24.730543+00:00 [queued]>
[2023-06-09 15:22:12,325] {taskinstance.py:1035} INFO - Dependencies all met for <TaskInstance: sftp_raw_data_full_load_pipeline.extract_from_file_data_5.csv manual__2023-06-09T15:20:24.730543+00:00 [queued]>
[2023-06-09 15:22:12,330] {taskinstance.py:1241} INFO - 
--------------------------------------------------------------------------------
[2023-06-09 15:22:12,331] {taskinstance.py:1242} INFO - Starting attempt 1 of 1
[2023-06-09 15:22:12,334] {taskinstance.py:1243} INFO - 
--------------------------------------------------------------------------------
[2023-06-09 15:22:12,586] {taskinstance.py:1262} INFO - Executing <Task(PythonOperator): extract_from_file_data_5.csv> on 2023-06-09 15:20:24.730543+00:00
[2023-06-09 15:22:12,609] {standard_task_runner.py:52} INFO - Started process 3430 to run task
[2023-06-09 15:22:12,612] {standard_task_runner.py:76} INFO - Running: ['***', 'tasks', 'run', 'sftp_raw_data_full_load_pipeline', 'extract_from_file_data_5.csv', 'manual__2023-06-09T15:20:24.730543+00:00', '--job-id', '65', '--raw', '--subdir', 'DAGS_FOLDER/sftp_raw_data_full_load_pipeline.py', '--cfg-path', '/tmp/tmpbg6pupbv', '--error-file', '/tmp/tmp10b35_oy']
[2023-06-09 15:22:12,644] {standard_task_runner.py:77} INFO - Job 65: Subtask extract_from_file_data_5.csv
[2023-06-09 15:22:12,862] {logging_mixin.py:109} INFO - Running <TaskInstance: sftp_raw_data_full_load_pipeline.extract_from_file_data_5.csv manual__2023-06-09T15:20:24.730543+00:00 [running]> on host 8cb5811d1998
[2023-06-09 15:22:13,268] {taskinstance.py:1414} INFO - Exporting the following env vars:
AIRFLOW_CTX_DAG_EMAIL=Hassan@gmail.com
AIRFLOW_CTX_DAG_OWNER=Hassan
AIRFLOW_CTX_DAG_ID=sftp_raw_data_full_load_pipeline
AIRFLOW_CTX_TASK_ID=extract_from_file_data_5.csv
AIRFLOW_CTX_EXECUTION_DATE=2023-06-09T15:20:24.730543+00:00
AIRFLOW_CTX_DAG_RUN_ID=manual__2023-06-09T15:20:24.730543+00:00
[2023-06-09 15:22:13,279] {logging_mixin.py:109} INFO - ((), ())
[2023-06-09 15:22:13,459] {logging_mixin.py:109} INFO - Empty DataFrame
Columns: []
Index: []
[2023-06-09 15:22:13,467] {logging_mixin.py:109} INFO - [Errno 2] No such file or directory: './data/temp_files/2023-06-09_15:22:13.460731_leads_sftp.json'
[2023-06-09 15:22:13,544] {python.py:152} INFO - Done. Returned value was: None
[2023-06-09 15:22:14,288] {taskinstance.py:1280} INFO - Marking task as SUCCESS. dag_id=sftp_raw_data_full_load_pipeline, task_id=extract_from_file_data_5.csv, execution_date=20230609T152024, start_date=20230609T152212, end_date=20230609T152214
[2023-06-09 15:22:14,645] {local_task_job.py:154} INFO - Task exited with return code 0
[2023-06-09 15:22:15,931] {local_task_job.py:264} INFO - 1 downstream tasks scheduled from follow-on schedule check
[2023-06-09 16:52:27,815] {taskinstance.py:1035} INFO - Dependencies all met for <TaskInstance: sftp_raw_data_full_load_pipeline.extract_from_file_data_5.csv scheduled__2023-06-08T00:00:00+00:00 [queued]>
[2023-06-09 16:52:28,076] {taskinstance.py:1035} INFO - Dependencies all met for <TaskInstance: sftp_raw_data_full_load_pipeline.extract_from_file_data_5.csv scheduled__2023-06-08T00:00:00+00:00 [queued]>
[2023-06-09 16:52:28,077] {taskinstance.py:1241} INFO - 
--------------------------------------------------------------------------------
[2023-06-09 16:52:28,080] {taskinstance.py:1242} INFO - Starting attempt 1 of 1
[2023-06-09 16:52:28,083] {taskinstance.py:1243} INFO - 
--------------------------------------------------------------------------------
[2023-06-09 16:52:28,340] {taskinstance.py:1262} INFO - Executing <Task(PythonOperator): extract_from_file_data_5.csv> on 2023-06-08 00:00:00+00:00
[2023-06-09 16:52:28,379] {standard_task_runner.py:52} INFO - Started process 806 to run task
[2023-06-09 16:52:28,439] {standard_task_runner.py:76} INFO - Running: ['***', 'tasks', 'run', 'sftp_raw_data_full_load_pipeline', 'extract_from_file_data_5.csv', 'scheduled__2023-06-08T00:00:00+00:00', '--job-id', '20', '--raw', '--subdir', 'DAGS_FOLDER/sftp_raw_data_full_load_pipeline.py', '--cfg-path', '/tmp/tmpmll896sy', '--error-file', '/tmp/tmpz9p8xe7h']
[2023-06-09 16:52:28,455] {standard_task_runner.py:77} INFO - Job 20: Subtask extract_from_file_data_5.csv
[2023-06-09 16:52:28,862] {logging_mixin.py:109} INFO - Running <TaskInstance: sftp_raw_data_full_load_pipeline.extract_from_file_data_5.csv scheduled__2023-06-08T00:00:00+00:00 [running]> on host 6ba608d2de6e
[2023-06-09 16:52:29,224] {taskinstance.py:1414} INFO - Exporting the following env vars:
AIRFLOW_CTX_DAG_EMAIL=Hassan@gmail.com
AIRFLOW_CTX_DAG_OWNER=Hassan
AIRFLOW_CTX_DAG_ID=sftp_raw_data_full_load_pipeline
AIRFLOW_CTX_TASK_ID=extract_from_file_data_5.csv
AIRFLOW_CTX_EXECUTION_DATE=2023-06-08T00:00:00+00:00
AIRFLOW_CTX_DAG_RUN_ID=scheduled__2023-06-08T00:00:00+00:00
[2023-06-09 16:52:33,138] {python.py:152} INFO - Done. Returned value was: None
[2023-06-09 16:52:35,018] {taskinstance.py:1280} INFO - Marking task as SUCCESS. dag_id=sftp_raw_data_full_load_pipeline, task_id=extract_from_file_data_5.csv, execution_date=20230608T000000, start_date=20230609T165227, end_date=20230609T165235
[2023-06-09 16:52:35,451] {local_task_job.py:154} INFO - Task exited with return code 0
[2023-06-09 16:52:38,308] {local_task_job.py:264} INFO - 1 downstream tasks scheduled from follow-on schedule check
