[2023-06-09 15:08:13,056] {taskinstance.py:1035} INFO - Dependencies all met for <TaskInstance: sftp_raw_data_full_load_pipeline.extract_from_file_data_2.csv scheduled__2023-06-08T00:00:00+00:00 [queued]>
[2023-06-09 15:08:13,268] {taskinstance.py:1035} INFO - Dependencies all met for <TaskInstance: sftp_raw_data_full_load_pipeline.extract_from_file_data_2.csv scheduled__2023-06-08T00:00:00+00:00 [queued]>
[2023-06-09 15:08:13,270] {taskinstance.py:1241} INFO - 
--------------------------------------------------------------------------------
[2023-06-09 15:08:13,271] {taskinstance.py:1242} INFO - Starting attempt 1 of 1
[2023-06-09 15:08:13,276] {taskinstance.py:1243} INFO - 
--------------------------------------------------------------------------------
[2023-06-09 15:08:13,399] {taskinstance.py:1262} INFO - Executing <Task(PythonOperator): extract_from_file_data_2.csv> on 2023-06-08 00:00:00+00:00
[2023-06-09 15:08:13,422] {standard_task_runner.py:52} INFO - Started process 1312 to run task
[2023-06-09 15:08:13,444] {standard_task_runner.py:76} INFO - Running: ['***', 'tasks', 'run', 'sftp_raw_data_full_load_pipeline', 'extract_from_file_data_2.csv', 'scheduled__2023-06-08T00:00:00+00:00', '--job-id', '7', '--raw', '--subdir', 'DAGS_FOLDER/sftp_raw_data_full_load_pipeline.py', '--cfg-path', '/tmp/tmpmn7vd7pe', '--error-file', '/tmp/tmp26z_5wdp']
[2023-06-09 15:08:13,462] {standard_task_runner.py:77} INFO - Job 7: Subtask extract_from_file_data_2.csv
[2023-06-09 15:08:13,805] {logging_mixin.py:109} INFO - Running <TaskInstance: sftp_raw_data_full_load_pipeline.extract_from_file_data_2.csv scheduled__2023-06-08T00:00:00+00:00 [running]> on host 8cb5811d1998
[2023-06-09 15:08:14,222] {taskinstance.py:1414} INFO - Exporting the following env vars:
AIRFLOW_CTX_DAG_EMAIL=Hassan@gmail.com
AIRFLOW_CTX_DAG_OWNER=Hassan
AIRFLOW_CTX_DAG_ID=sftp_raw_data_full_load_pipeline
AIRFLOW_CTX_TASK_ID=extract_from_file_data_2.csv
AIRFLOW_CTX_EXECUTION_DATE=2023-06-08T00:00:00+00:00
AIRFLOW_CTX_DAG_RUN_ID=scheduled__2023-06-08T00:00:00+00:00
[2023-06-09 15:08:14,252] {logging_mixin.py:109} INFO - ((), ())
[2023-06-09 15:08:14,340] {logging_mixin.py:109} INFO - Empty DataFrame
Columns: []
Index: []
[2023-06-09 15:08:14,352] {logging_mixin.py:109} INFO - [Errno 2] No such file or directory: './data/temp_files/2023-06-09_15:08:14.341362_leads_sftp.json'
[2023-06-09 15:08:14,396] {python.py:152} INFO - Done. Returned value was: None
[2023-06-09 15:08:15,578] {taskinstance.py:1280} INFO - Marking task as SUCCESS. dag_id=sftp_raw_data_full_load_pipeline, task_id=extract_from_file_data_2.csv, execution_date=20230608T000000, start_date=20230609T150813, end_date=20230609T150815
[2023-06-09 15:08:15,695] {local_task_job.py:154} INFO - Task exited with return code 0
[2023-06-09 15:08:15,946] {local_task_job.py:264} INFO - 1 downstream tasks scheduled from follow-on schedule check
[2023-06-09 15:21:55,262] {taskinstance.py:1035} INFO - Dependencies all met for <TaskInstance: sftp_raw_data_full_load_pipeline.extract_from_file_data_2.csv manual__2023-06-09T15:20:24.730543+00:00 [queued]>
[2023-06-09 15:21:55,393] {taskinstance.py:1035} INFO - Dependencies all met for <TaskInstance: sftp_raw_data_full_load_pipeline.extract_from_file_data_2.csv manual__2023-06-09T15:20:24.730543+00:00 [queued]>
[2023-06-09 15:21:55,394] {taskinstance.py:1241} INFO - 
--------------------------------------------------------------------------------
[2023-06-09 15:21:55,395] {taskinstance.py:1242} INFO - Starting attempt 1 of 1
[2023-06-09 15:21:55,395] {taskinstance.py:1243} INFO - 
--------------------------------------------------------------------------------
[2023-06-09 15:21:55,479] {taskinstance.py:1262} INFO - Executing <Task(PythonOperator): extract_from_file_data_2.csv> on 2023-06-09 15:20:24.730543+00:00
[2023-06-09 15:21:55,499] {standard_task_runner.py:52} INFO - Started process 3278 to run task
[2023-06-09 15:21:55,521] {standard_task_runner.py:76} INFO - Running: ['***', 'tasks', 'run', 'sftp_raw_data_full_load_pipeline', 'extract_from_file_data_2.csv', 'manual__2023-06-09T15:20:24.730543+00:00', '--job-id', '53', '--raw', '--subdir', 'DAGS_FOLDER/sftp_raw_data_full_load_pipeline.py', '--cfg-path', '/tmp/tmpi29hykvg', '--error-file', '/tmp/tmpjivhlat_']
[2023-06-09 15:21:55,560] {standard_task_runner.py:77} INFO - Job 53: Subtask extract_from_file_data_2.csv
[2023-06-09 15:21:55,786] {logging_mixin.py:109} INFO - Running <TaskInstance: sftp_raw_data_full_load_pipeline.extract_from_file_data_2.csv manual__2023-06-09T15:20:24.730543+00:00 [running]> on host 8cb5811d1998
[2023-06-09 15:21:56,054] {taskinstance.py:1414} INFO - Exporting the following env vars:
AIRFLOW_CTX_DAG_EMAIL=Hassan@gmail.com
AIRFLOW_CTX_DAG_OWNER=Hassan
AIRFLOW_CTX_DAG_ID=sftp_raw_data_full_load_pipeline
AIRFLOW_CTX_TASK_ID=extract_from_file_data_2.csv
AIRFLOW_CTX_EXECUTION_DATE=2023-06-09T15:20:24.730543+00:00
AIRFLOW_CTX_DAG_RUN_ID=manual__2023-06-09T15:20:24.730543+00:00
[2023-06-09 15:21:56,068] {logging_mixin.py:109} INFO - ((), ())
[2023-06-09 15:21:56,172] {logging_mixin.py:109} INFO - Empty DataFrame
Columns: []
Index: []
[2023-06-09 15:21:56,182] {logging_mixin.py:109} INFO - [Errno 2] No such file or directory: './data/temp_files/2023-06-09_15:21:56.174867_leads_sftp.json'
[2023-06-09 15:21:56,243] {python.py:152} INFO - Done. Returned value was: None
[2023-06-09 15:21:58,618] {taskinstance.py:1280} INFO - Marking task as SUCCESS. dag_id=sftp_raw_data_full_load_pipeline, task_id=extract_from_file_data_2.csv, execution_date=20230609T152024, start_date=20230609T152155, end_date=20230609T152158
[2023-06-09 15:21:58,930] {local_task_job.py:154} INFO - Task exited with return code 0
[2023-06-09 15:22:01,065] {local_task_job.py:264} INFO - 1 downstream tasks scheduled from follow-on schedule check
[2023-06-09 16:52:02,527] {taskinstance.py:1035} INFO - Dependencies all met for <TaskInstance: sftp_raw_data_full_load_pipeline.extract_from_file_data_2.csv scheduled__2023-06-08T00:00:00+00:00 [queued]>
[2023-06-09 16:52:02,747] {taskinstance.py:1035} INFO - Dependencies all met for <TaskInstance: sftp_raw_data_full_load_pipeline.extract_from_file_data_2.csv scheduled__2023-06-08T00:00:00+00:00 [queued]>
[2023-06-09 16:52:02,752] {taskinstance.py:1241} INFO - 
--------------------------------------------------------------------------------
[2023-06-09 16:52:02,754] {taskinstance.py:1242} INFO - Starting attempt 1 of 1
[2023-06-09 16:52:02,755] {taskinstance.py:1243} INFO - 
--------------------------------------------------------------------------------
[2023-06-09 16:52:04,918] {taskinstance.py:1262} INFO - Executing <Task(PythonOperator): extract_from_file_data_2.csv> on 2023-06-08 00:00:00+00:00
[2023-06-09 16:52:05,003] {standard_task_runner.py:52} INFO - Started process 673 to run task
[2023-06-09 16:52:05,005] {standard_task_runner.py:76} INFO - Running: ['***', 'tasks', 'run', 'sftp_raw_data_full_load_pipeline', 'extract_from_file_data_2.csv', 'scheduled__2023-06-08T00:00:00+00:00', '--job-id', '7', '--raw', '--subdir', 'DAGS_FOLDER/sftp_raw_data_full_load_pipeline.py', '--cfg-path', '/tmp/tmpffmoe6iz', '--error-file', '/tmp/tmpi_repz48']
[2023-06-09 16:52:05,119] {standard_task_runner.py:77} INFO - Job 7: Subtask extract_from_file_data_2.csv
[2023-06-09 16:52:05,883] {logging_mixin.py:109} INFO - Running <TaskInstance: sftp_raw_data_full_load_pipeline.extract_from_file_data_2.csv scheduled__2023-06-08T00:00:00+00:00 [running]> on host 6ba608d2de6e
[2023-06-09 16:52:06,732] {taskinstance.py:1414} INFO - Exporting the following env vars:
AIRFLOW_CTX_DAG_EMAIL=Hassan@gmail.com
AIRFLOW_CTX_DAG_OWNER=Hassan
AIRFLOW_CTX_DAG_ID=sftp_raw_data_full_load_pipeline
AIRFLOW_CTX_TASK_ID=extract_from_file_data_2.csv
AIRFLOW_CTX_EXECUTION_DATE=2023-06-08T00:00:00+00:00
AIRFLOW_CTX_DAG_RUN_ID=scheduled__2023-06-08T00:00:00+00:00
[2023-06-09 16:52:11,502] {python.py:152} INFO - Done. Returned value was: None
[2023-06-09 16:52:14,083] {taskinstance.py:1280} INFO - Marking task as SUCCESS. dag_id=sftp_raw_data_full_load_pipeline, task_id=extract_from_file_data_2.csv, execution_date=20230608T000000, start_date=20230609T165202, end_date=20230609T165214
[2023-06-09 16:52:14,413] {local_task_job.py:154} INFO - Task exited with return code 0
[2023-06-09 16:52:16,376] {local_task_job.py:264} INFO - 1 downstream tasks scheduled from follow-on schedule check
