[2023-06-09 21:50:58,141] {taskinstance.py:1035} INFO - Dependencies all met for <TaskInstance: sftp_raw_data_full_load_pipeline.extract_from_file_data_2.csv scheduled__2023-06-08T00:00:00+00:00 [queued]>
[2023-06-09 21:50:58,218] {taskinstance.py:1035} INFO - Dependencies all met for <TaskInstance: sftp_raw_data_full_load_pipeline.extract_from_file_data_2.csv scheduled__2023-06-08T00:00:00+00:00 [queued]>
[2023-06-09 21:50:58,219] {taskinstance.py:1241} INFO - 
--------------------------------------------------------------------------------
[2023-06-09 21:50:58,220] {taskinstance.py:1242} INFO - Starting attempt 5 of 5
[2023-06-09 21:50:58,221] {taskinstance.py:1243} INFO - 
--------------------------------------------------------------------------------
[2023-06-09 21:50:58,262] {taskinstance.py:1262} INFO - Executing <Task(PythonOperator): extract_from_file_data_2.csv> on 2023-06-08 00:00:00+00:00
[2023-06-09 21:50:58,274] {standard_task_runner.py:52} INFO - Started process 11105 to run task
[2023-06-09 21:50:58,282] {standard_task_runner.py:76} INFO - Running: ['***', 'tasks', 'run', 'sftp_raw_data_full_load_pipeline', 'extract_from_file_data_2.csv', 'scheduled__2023-06-08T00:00:00+00:00', '--job-id', '55', '--raw', '--subdir', 'DAGS_FOLDER/sftp_raw_data_full_load_pipeline.py', '--cfg-path', '/tmp/tmp2x0vc8aq', '--error-file', '/tmp/tmp4m2bl_5k']
[2023-06-09 21:50:58,291] {standard_task_runner.py:77} INFO - Job 55: Subtask extract_from_file_data_2.csv
[2023-06-09 21:50:58,389] {logging_mixin.py:109} INFO - Running <TaskInstance: sftp_raw_data_full_load_pipeline.extract_from_file_data_2.csv scheduled__2023-06-08T00:00:00+00:00 [running]> on host 6ba608d2de6e
[2023-06-09 21:50:58,513] {taskinstance.py:1414} INFO - Exporting the following env vars:
AIRFLOW_CTX_DAG_EMAIL=Hassan@gmail.com
AIRFLOW_CTX_DAG_OWNER=Hassan
AIRFLOW_CTX_DAG_ID=sftp_raw_data_full_load_pipeline
AIRFLOW_CTX_TASK_ID=extract_from_file_data_2.csv
AIRFLOW_CTX_EXECUTION_DATE=2023-06-08T00:00:00+00:00
AIRFLOW_CTX_DAG_RUN_ID=scheduled__2023-06-08T00:00:00+00:00
[2023-06-09 21:50:59,121] {python.py:152} INFO - Done. Returned value was: None
[2023-06-09 21:50:59,150] {taskinstance.py:1280} INFO - Marking task as SUCCESS. dag_id=sftp_raw_data_full_load_pipeline, task_id=extract_from_file_data_2.csv, execution_date=20230608T000000, start_date=20230609T215058, end_date=20230609T215059
[2023-06-09 21:50:59,199] {local_task_job.py:154} INFO - Task exited with return code 0
[2023-06-09 21:50:59,391] {local_task_job.py:264} INFO - 0 downstream tasks scheduled from follow-on schedule check
