[2023-06-09 22:16:04,321] {taskinstance.py:1035} INFO - Dependencies all met for <TaskInstance: sftp_raw_data_inc_load_pipeline.load_sftp_data_data_4.csv manual__2023-06-09T22:03:08.195880+00:00 [queued]>
[2023-06-09 22:16:04,611] {taskinstance.py:1035} INFO - Dependencies all met for <TaskInstance: sftp_raw_data_inc_load_pipeline.load_sftp_data_data_4.csv manual__2023-06-09T22:03:08.195880+00:00 [queued]>
[2023-06-09 22:16:04,613] {taskinstance.py:1241} INFO - 
--------------------------------------------------------------------------------
[2023-06-09 22:16:04,614] {taskinstance.py:1242} INFO - Starting attempt 1 of 1
[2023-06-09 22:16:04,616] {taskinstance.py:1243} INFO - 
--------------------------------------------------------------------------------
[2023-06-09 22:16:04,771] {taskinstance.py:1262} INFO - Executing <Task(PythonOperator): load_sftp_data_data_4.csv> on 2023-06-09 22:03:08.195880+00:00
[2023-06-09 22:16:04,809] {standard_task_runner.py:52} INFO - Started process 15108 to run task
[2023-06-09 22:16:04,834] {standard_task_runner.py:76} INFO - Running: ['***', 'tasks', 'run', 'sftp_raw_data_inc_load_pipeline', 'load_sftp_data_data_4.csv', 'manual__2023-06-09T22:03:08.195880+00:00', '--job-id', '185', '--raw', '--subdir', 'DAGS_FOLDER/sftp_raw_data_inc_load_pipeline.py', '--cfg-path', '/tmp/tmpr1d0g1nz', '--error-file', '/tmp/tmpln2u0agp']
[2023-06-09 22:16:04,885] {standard_task_runner.py:77} INFO - Job 185: Subtask load_sftp_data_data_4.csv
[2023-06-09 22:16:05,275] {logging_mixin.py:109} INFO - Running <TaskInstance: sftp_raw_data_inc_load_pipeline.load_sftp_data_data_4.csv manual__2023-06-09T22:03:08.195880+00:00 [running]> on host 6ba608d2de6e
[2023-06-09 22:16:06,076] {taskinstance.py:1414} INFO - Exporting the following env vars:
AIRFLOW_CTX_DAG_EMAIL=Hassan@gmail.com
AIRFLOW_CTX_DAG_OWNER=Hassan
AIRFLOW_CTX_DAG_ID=sftp_raw_data_inc_load_pipeline
AIRFLOW_CTX_TASK_ID=load_sftp_data_data_4.csv
AIRFLOW_CTX_EXECUTION_DATE=2023-06-09T22:03:08.195880+00:00
AIRFLOW_CTX_DAG_RUN_ID=manual__2023-06-09T22:03:08.195880+00:00
[2023-06-09 22:16:18,431] {python.py:152} INFO - Done. Returned value was: None
[2023-06-09 22:16:18,523] {taskinstance.py:1280} INFO - Marking task as SUCCESS. dag_id=sftp_raw_data_inc_load_pipeline, task_id=load_sftp_data_data_4.csv, execution_date=20230609T220308, start_date=20230609T221604, end_date=20230609T221618
[2023-06-09 22:16:18,780] {local_task_job.py:154} INFO - Task exited with return code 0
[2023-06-09 22:16:19,524] {local_task_job.py:264} INFO - 1 downstream tasks scheduled from follow-on schedule check
