[2023-06-09 23:27:50,917] {taskinstance.py:1035} INFO - Dependencies all met for <TaskInstance: leads_raw_data_full_load_pipeline.parquet_to_postgres scheduled__2023-04-01T00:00:00+00:00 [queued]>
[2023-06-09 23:27:51,237] {taskinstance.py:1035} INFO - Dependencies all met for <TaskInstance: leads_raw_data_full_load_pipeline.parquet_to_postgres scheduled__2023-04-01T00:00:00+00:00 [queued]>
[2023-06-09 23:27:51,246] {taskinstance.py:1241} INFO - 
--------------------------------------------------------------------------------
[2023-06-09 23:27:51,260] {taskinstance.py:1242} INFO - Starting attempt 1 of 1
[2023-06-09 23:27:51,265] {taskinstance.py:1243} INFO - 
--------------------------------------------------------------------------------
[2023-06-09 23:27:53,521] {taskinstance.py:1262} INFO - Executing <Task(PythonOperator): parquet_to_postgres> on 2023-04-01 00:00:00+00:00
[2023-06-09 23:27:53,570] {standard_task_runner.py:52} INFO - Started process 26359 to run task
[2023-06-09 23:27:53,576] {standard_task_runner.py:76} INFO - Running: ['***', 'tasks', 'run', 'leads_raw_data_full_load_pipeline', 'parquet_to_postgres', 'scheduled__2023-04-01T00:00:00+00:00', '--job-id', '522', '--raw', '--subdir', 'DAGS_FOLDER/leads_raw_data_full_load_pipeline.py', '--cfg-path', '/tmp/tmpmvdsqgne', '--error-file', '/tmp/tmpdv7a4r2b']
[2023-06-09 23:27:53,588] {standard_task_runner.py:77} INFO - Job 522: Subtask parquet_to_postgres
[2023-06-09 23:27:54,142] {logging_mixin.py:109} INFO - Running <TaskInstance: leads_raw_data_full_load_pipeline.parquet_to_postgres scheduled__2023-04-01T00:00:00+00:00 [running]> on host 6ba608d2de6e
[2023-06-09 23:27:54,727] {taskinstance.py:1414} INFO - Exporting the following env vars:
AIRFLOW_CTX_DAG_OWNER=***
AIRFLOW_CTX_DAG_ID=leads_raw_data_full_load_pipeline
AIRFLOW_CTX_TASK_ID=parquet_to_postgres
AIRFLOW_CTX_EXECUTION_DATE=2023-04-01T00:00:00+00:00
AIRFLOW_CTX_DAG_RUN_ID=scheduled__2023-04-01T00:00:00+00:00
[2023-06-09 23:28:03,400] {logging_mixin.py:109} INFO - Parquet file loaded into PostgreSQL successfully.
[2023-06-09 23:28:03,402] {python.py:152} INFO - Done. Returned value was: None
[2023-06-09 23:28:04,063] {taskinstance.py:1280} INFO - Marking task as SUCCESS. dag_id=leads_raw_data_full_load_pipeline, task_id=parquet_to_postgres, execution_date=20230401T000000, start_date=20230609T232750, end_date=20230609T232804
[2023-06-09 23:28:04,235] {local_task_job.py:212} WARNING - State of this instance has been externally set to success. Terminating instance.
[2023-06-09 23:28:04,290] {process_utils.py:100} INFO - Sending Signals.SIGTERM to GPID 26359
[2023-06-09 23:28:04,301] {process_utils.py:66} INFO - Process psutil.Process(pid=26359, status='terminated', exitcode=0, started='23:27:52') (26359) terminated with exit code 0
