[2023-06-09 22:34:09,626] {taskinstance.py:1035} INFO - Dependencies all met for <TaskInstance: sftp_raw_data_inc_load_pipeline.load_sftp_data_data_11.csv manual__2023-06-09T22:03:08.195880+00:00 [queued]>
[2023-06-09 22:34:10,013] {taskinstance.py:1035} INFO - Dependencies all met for <TaskInstance: sftp_raw_data_inc_load_pipeline.load_sftp_data_data_11.csv manual__2023-06-09T22:03:08.195880+00:00 [queued]>
[2023-06-09 22:34:10,016] {taskinstance.py:1241} INFO - 
--------------------------------------------------------------------------------
[2023-06-09 22:34:10,022] {taskinstance.py:1242} INFO - Starting attempt 7 of 7
[2023-06-09 22:34:10,024] {taskinstance.py:1243} INFO - 
--------------------------------------------------------------------------------
[2023-06-09 22:34:10,455] {taskinstance.py:1262} INFO - Executing <Task(PythonOperator): load_sftp_data_data_11.csv> on 2023-06-09 22:03:08.195880+00:00
[2023-06-09 22:34:10,506] {standard_task_runner.py:52} INFO - Started process 18870 to run task
[2023-06-09 22:34:10,542] {standard_task_runner.py:76} INFO - Running: ['***', 'tasks', 'run', 'sftp_raw_data_inc_load_pipeline', 'load_sftp_data_data_11.csv', 'manual__2023-06-09T22:03:08.195880+00:00', '--job-id', '392', '--raw', '--subdir', 'DAGS_FOLDER/sftp_raw_data_inc_load_pipeline.py', '--cfg-path', '/tmp/tmpn5vlkaj3', '--error-file', '/tmp/tmpkkx0e577']
[2023-06-09 22:34:10,591] {standard_task_runner.py:77} INFO - Job 392: Subtask load_sftp_data_data_11.csv
[2023-06-09 22:34:11,731] {logging_mixin.py:109} INFO - Running <TaskInstance: sftp_raw_data_inc_load_pipeline.load_sftp_data_data_11.csv manual__2023-06-09T22:03:08.195880+00:00 [running]> on host 6ba608d2de6e
[2023-06-09 22:34:12,323] {taskinstance.py:1414} INFO - Exporting the following env vars:
AIRFLOW_CTX_DAG_EMAIL=Hassan@gmail.com
AIRFLOW_CTX_DAG_OWNER=Hassan
AIRFLOW_CTX_DAG_ID=sftp_raw_data_inc_load_pipeline
AIRFLOW_CTX_TASK_ID=load_sftp_data_data_11.csv
AIRFLOW_CTX_EXECUTION_DATE=2023-06-09T22:03:08.195880+00:00
AIRFLOW_CTX_DAG_RUN_ID=manual__2023-06-09T22:03:08.195880+00:00
[2023-06-09 22:34:25,472] {python.py:152} INFO - Done. Returned value was: None
[2023-06-09 22:34:26,248] {taskinstance.py:1280} INFO - Marking task as SUCCESS. dag_id=sftp_raw_data_inc_load_pipeline, task_id=load_sftp_data_data_11.csv, execution_date=20230609T220308, start_date=20230609T223409, end_date=20230609T223426
[2023-06-09 22:34:26,766] {local_task_job.py:154} INFO - Task exited with return code 0
[2023-06-09 22:34:28,021] {local_task_job.py:264} INFO - 1 downstream tasks scheduled from follow-on schedule check
