[2023-06-09 22:03:12,834] {taskinstance.py:1035} INFO - Dependencies all met for <TaskInstance: sftp_raw_data_inc_load_pipeline.create_table scheduled__2023-06-08T00:00:00+00:00 [queued]>
[2023-06-09 22:03:12,834] {taskinstance.py:1035} INFO - Dependencies all met for <TaskInstance: sftp_raw_data_inc_load_pipeline.create_table manual__2023-06-09T22:03:08.195880+00:00 [queued]>
[2023-06-09 22:03:12,887] {taskinstance.py:1035} INFO - Dependencies all met for <TaskInstance: sftp_raw_data_inc_load_pipeline.create_table manual__2023-06-09T22:03:08.195880+00:00 [queued]>
[2023-06-09 22:03:12,887] {taskinstance.py:1035} INFO - Dependencies all met for <TaskInstance: sftp_raw_data_inc_load_pipeline.create_table scheduled__2023-06-08T00:00:00+00:00 [queued]>
[2023-06-09 22:03:12,888] {taskinstance.py:1241} INFO - 
--------------------------------------------------------------------------------
[2023-06-09 22:03:12,889] {taskinstance.py:1241} INFO - 
--------------------------------------------------------------------------------
[2023-06-09 22:03:12,889] {taskinstance.py:1242} INFO - Starting attempt 1 of 1
[2023-06-09 22:03:12,889] {taskinstance.py:1242} INFO - Starting attempt 1 of 1
[2023-06-09 22:03:12,890] {taskinstance.py:1243} INFO - 
--------------------------------------------------------------------------------
[2023-06-09 22:03:12,890] {taskinstance.py:1243} INFO - 
--------------------------------------------------------------------------------
[2023-06-09 22:03:12,933] {taskinstance.py:1262} INFO - Executing <Task(PythonOperator): create_table> on 2023-06-08 00:00:00+00:00
[2023-06-09 22:03:12,933] {taskinstance.py:1262} INFO - Executing <Task(PythonOperator): create_table> on 2023-06-09 22:03:08.195880+00:00
[2023-06-09 22:03:12,943] {standard_task_runner.py:52} INFO - Started process 13020 to run task
[2023-06-09 22:03:12,944] {standard_task_runner.py:52} INFO - Started process 13022 to run task
[2023-06-09 22:03:12,953] {standard_task_runner.py:76} INFO - Running: ['***', 'tasks', 'run', 'sftp_raw_data_inc_load_pipeline', 'create_table', 'scheduled__2023-06-08T00:00:00+00:00', '--job-id', '111', '--raw', '--subdir', 'DAGS_FOLDER/sftp_raw_data_inc_load_pipeline.py', '--cfg-path', '/tmp/tmp_dqipo39', '--error-file', '/tmp/tmpkadygenl']
[2023-06-09 22:03:12,965] {standard_task_runner.py:77} INFO - Job 111: Subtask create_table
[2023-06-09 22:03:12,962] {standard_task_runner.py:76} INFO - Running: ['***', 'tasks', 'run', 'sftp_raw_data_inc_load_pipeline', 'create_table', 'manual__2023-06-09T22:03:08.195880+00:00', '--job-id', '112', '--raw', '--subdir', 'DAGS_FOLDER/sftp_raw_data_inc_load_pipeline.py', '--cfg-path', '/tmp/tmptuukuksq', '--error-file', '/tmp/tmpjfrmgouy']
[2023-06-09 22:03:12,973] {standard_task_runner.py:77} INFO - Job 112: Subtask create_table
[2023-06-09 22:03:13,073] {logging_mixin.py:109} INFO - Running <TaskInstance: sftp_raw_data_inc_load_pipeline.create_table scheduled__2023-06-08T00:00:00+00:00 [running]> on host 6ba608d2de6e
[2023-06-09 22:03:13,083] {logging_mixin.py:109} INFO - Running <TaskInstance: sftp_raw_data_inc_load_pipeline.create_table manual__2023-06-09T22:03:08.195880+00:00 [running]> on host 6ba608d2de6e
[2023-06-09 22:03:13,198] {taskinstance.py:1414} INFO - Exporting the following env vars:
AIRFLOW_CTX_DAG_EMAIL=Hassan@gmail.com
AIRFLOW_CTX_DAG_OWNER=Hassan
AIRFLOW_CTX_DAG_ID=sftp_raw_data_inc_load_pipeline
AIRFLOW_CTX_TASK_ID=create_table
AIRFLOW_CTX_EXECUTION_DATE=2023-06-08T00:00:00+00:00
AIRFLOW_CTX_DAG_RUN_ID=scheduled__2023-06-08T00:00:00+00:00
[2023-06-09 22:03:13,214] {taskinstance.py:1414} INFO - Exporting the following env vars:
AIRFLOW_CTX_DAG_EMAIL=Hassan@gmail.com
AIRFLOW_CTX_DAG_OWNER=Hassan
AIRFLOW_CTX_DAG_ID=sftp_raw_data_inc_load_pipeline
AIRFLOW_CTX_TASK_ID=create_table
AIRFLOW_CTX_EXECUTION_DATE=2023-06-09T22:03:08.195880+00:00
AIRFLOW_CTX_DAG_RUN_ID=manual__2023-06-09T22:03:08.195880+00:00
[2023-06-09 22:03:13,245] {logging_mixin.py:109} INFO - Successfull
[2023-06-09 22:03:13,246] {python.py:152} INFO - Done. Returned value was: None
[2023-06-09 22:03:13,258] {logging_mixin.py:109} INFO - Successfull
[2023-06-09 22:03:13,260] {python.py:152} INFO - Done. Returned value was: None
[2023-06-09 22:03:13,278] {taskinstance.py:1280} INFO - Marking task as SUCCESS. dag_id=sftp_raw_data_inc_load_pipeline, task_id=create_table, execution_date=20230608T000000, start_date=20230609T220312, end_date=20230609T220313
[2023-06-09 22:03:13,291] {taskinstance.py:1280} INFO - Marking task as SUCCESS. dag_id=sftp_raw_data_inc_load_pipeline, task_id=create_table, execution_date=20230609T220308, start_date=20230609T220312, end_date=20230609T220313
[2023-06-09 22:03:13,364] {local_task_job.py:154} INFO - Task exited with return code 0
[2023-06-09 22:03:13,365] {local_task_job.py:154} INFO - Task exited with return code 0
[2023-06-09 22:03:13,600] {local_task_job.py:264} INFO - 12 downstream tasks scheduled from follow-on schedule check
[2023-06-09 22:03:13,601] {local_task_job.py:264} INFO - 12 downstream tasks scheduled from follow-on schedule check
