[2023-06-09 22:15:15,039] {taskinstance.py:1035} INFO - Dependencies all met for <TaskInstance: sftp_raw_data_inc_load_pipeline.create_table manual__2023-06-09T22:03:08.195880+00:00 [queued]>
[2023-06-09 22:15:15,089] {taskinstance.py:1035} INFO - Dependencies all met for <TaskInstance: sftp_raw_data_inc_load_pipeline.create_table manual__2023-06-09T22:03:08.195880+00:00 [queued]>
[2023-06-09 22:15:15,091] {taskinstance.py:1241} INFO - 
--------------------------------------------------------------------------------
[2023-06-09 22:15:15,091] {taskinstance.py:1242} INFO - Starting attempt 2 of 2
[2023-06-09 22:15:15,092] {taskinstance.py:1243} INFO - 
--------------------------------------------------------------------------------
[2023-06-09 22:15:15,133] {taskinstance.py:1262} INFO - Executing <Task(PythonOperator): create_table> on 2023-06-09 22:03:08.195880+00:00
[2023-06-09 22:15:15,143] {standard_task_runner.py:52} INFO - Started process 14708 to run task
[2023-06-09 22:15:15,151] {standard_task_runner.py:76} INFO - Running: ['***', 'tasks', 'run', 'sftp_raw_data_inc_load_pipeline', 'create_table', 'manual__2023-06-09T22:03:08.195880+00:00', '--job-id', '149', '--raw', '--subdir', 'DAGS_FOLDER/sftp_raw_data_inc_load_pipeline.py', '--cfg-path', '/tmp/tmpmhwddt4e', '--error-file', '/tmp/tmphm13v1qa']
[2023-06-09 22:15:15,159] {standard_task_runner.py:77} INFO - Job 149: Subtask create_table
[2023-06-09 22:15:15,260] {logging_mixin.py:109} INFO - Running <TaskInstance: sftp_raw_data_inc_load_pipeline.create_table manual__2023-06-09T22:03:08.195880+00:00 [running]> on host 6ba608d2de6e
[2023-06-09 22:15:15,380] {taskinstance.py:1414} INFO - Exporting the following env vars:
AIRFLOW_CTX_DAG_EMAIL=Hassan@gmail.com
AIRFLOW_CTX_DAG_OWNER=Hassan
AIRFLOW_CTX_DAG_ID=sftp_raw_data_inc_load_pipeline
AIRFLOW_CTX_TASK_ID=create_table
AIRFLOW_CTX_EXECUTION_DATE=2023-06-09T22:03:08.195880+00:00
AIRFLOW_CTX_DAG_RUN_ID=manual__2023-06-09T22:03:08.195880+00:00
[2023-06-09 22:15:15,425] {logging_mixin.py:109} INFO - Successfull
[2023-06-09 22:15:15,427] {python.py:152} INFO - Done. Returned value was: None
[2023-06-09 22:15:15,458] {taskinstance.py:1280} INFO - Marking task as SUCCESS. dag_id=sftp_raw_data_inc_load_pipeline, task_id=create_table, execution_date=20230609T220308, start_date=20230609T221515, end_date=20230609T221515
[2023-06-09 22:15:15,525] {local_task_job.py:154} INFO - Task exited with return code 0
[2023-06-09 22:15:15,822] {local_task_job.py:264} INFO - 12 downstream tasks scheduled from follow-on schedule check
