[2023-06-09 22:20:14,967] {taskinstance.py:1035} INFO - Dependencies all met for <TaskInstance: sftp_raw_data_inc_load_pipeline.create_table manual__2023-06-09T22:03:08.195880+00:00 [queued]>
[2023-06-09 22:20:15,016] {taskinstance.py:1035} INFO - Dependencies all met for <TaskInstance: sftp_raw_data_inc_load_pipeline.create_table manual__2023-06-09T22:03:08.195880+00:00 [queued]>
[2023-06-09 22:20:15,017] {taskinstance.py:1241} INFO - 
--------------------------------------------------------------------------------
[2023-06-09 22:20:15,018] {taskinstance.py:1242} INFO - Starting attempt 3 of 3
[2023-06-09 22:20:15,019] {taskinstance.py:1243} INFO - 
--------------------------------------------------------------------------------
[2023-06-09 22:20:15,060] {taskinstance.py:1262} INFO - Executing <Task(PythonOperator): create_table> on 2023-06-09 22:03:08.195880+00:00
[2023-06-09 22:20:15,070] {standard_task_runner.py:52} INFO - Started process 15741 to run task
[2023-06-09 22:20:15,078] {standard_task_runner.py:76} INFO - Running: ['***', 'tasks', 'run', 'sftp_raw_data_inc_load_pipeline', 'create_table', 'manual__2023-06-09T22:03:08.195880+00:00', '--job-id', '204', '--raw', '--subdir', 'DAGS_FOLDER/sftp_raw_data_inc_load_pipeline.py', '--cfg-path', '/tmp/tmpkm6nuqfv', '--error-file', '/tmp/tmp7d8b5b5a']
[2023-06-09 22:20:15,087] {standard_task_runner.py:77} INFO - Job 204: Subtask create_table
[2023-06-09 22:20:15,184] {logging_mixin.py:109} INFO - Running <TaskInstance: sftp_raw_data_inc_load_pipeline.create_table manual__2023-06-09T22:03:08.195880+00:00 [running]> on host 6ba608d2de6e
[2023-06-09 22:20:15,301] {taskinstance.py:1414} INFO - Exporting the following env vars:
AIRFLOW_CTX_DAG_EMAIL=Hassan@gmail.com
AIRFLOW_CTX_DAG_OWNER=Hassan
AIRFLOW_CTX_DAG_ID=sftp_raw_data_inc_load_pipeline
AIRFLOW_CTX_TASK_ID=create_table
AIRFLOW_CTX_EXECUTION_DATE=2023-06-09T22:03:08.195880+00:00
AIRFLOW_CTX_DAG_RUN_ID=manual__2023-06-09T22:03:08.195880+00:00
[2023-06-09 22:20:15,352] {logging_mixin.py:109} INFO - Successfull
[2023-06-09 22:20:15,353] {python.py:152} INFO - Done. Returned value was: None
[2023-06-09 22:20:15,422] {taskinstance.py:1280} INFO - Marking task as SUCCESS. dag_id=sftp_raw_data_inc_load_pipeline, task_id=create_table, execution_date=20230609T220308, start_date=20230609T222014, end_date=20230609T222015
[2023-06-09 22:20:15,536] {local_task_job.py:154} INFO - Task exited with return code 0
[2023-06-09 22:20:15,725] {dagrun.py:549} WARNING - Failed to get task '<TaskInstance: sftp_raw_data_inc_load_pipeline.clean_sftp_files_data_3.csv manual__2023-06-09T22:03:08.195880+00:00 [removed]>' for dag 'sftp_raw_data_inc_load_pipeline'. Marking it as removed.
[2023-06-09 22:20:15,730] {dagrun.py:549} WARNING - Failed to get task '<TaskInstance: sftp_raw_data_inc_load_pipeline.extract_from_file_data_3.csv manual__2023-06-09T22:03:08.195880+00:00 [removed]>' for dag 'sftp_raw_data_inc_load_pipeline'. Marking it as removed.
[2023-06-09 22:20:15,733] {dagrun.py:549} WARNING - Failed to get task '<TaskInstance: sftp_raw_data_inc_load_pipeline.load_sftp_data_data_4.csv manual__2023-06-09T22:03:08.195880+00:00 [removed]>' for dag 'sftp_raw_data_inc_load_pipeline'. Marking it as removed.
[2023-06-09 22:20:15,736] {dagrun.py:549} WARNING - Failed to get task '<TaskInstance: sftp_raw_data_inc_load_pipeline.load_sftp_data_data_7.csv manual__2023-06-09T22:03:08.195880+00:00 [removed]>' for dag 'sftp_raw_data_inc_load_pipeline'. Marking it as removed.
[2023-06-09 22:20:15,740] {dagrun.py:549} WARNING - Failed to get task '<TaskInstance: sftp_raw_data_inc_load_pipeline.load_sftp_data_data_5.csv manual__2023-06-09T22:03:08.195880+00:00 [removed]>' for dag 'sftp_raw_data_inc_load_pipeline'. Marking it as removed.
[2023-06-09 22:20:15,743] {dagrun.py:549} WARNING - Failed to get task '<TaskInstance: sftp_raw_data_inc_load_pipeline.clean_sftp_files_data_2.csv manual__2023-06-09T22:03:08.195880+00:00 [removed]>' for dag 'sftp_raw_data_inc_load_pipeline'. Marking it as removed.
[2023-06-09 22:20:15,746] {dagrun.py:549} WARNING - Failed to get task '<TaskInstance: sftp_raw_data_inc_load_pipeline.extract_from_file_data_8.csv manual__2023-06-09T22:03:08.195880+00:00 [removed]>' for dag 'sftp_raw_data_inc_load_pipeline'. Marking it as removed.
[2023-06-09 22:20:15,750] {dagrun.py:549} WARNING - Failed to get task '<TaskInstance: sftp_raw_data_inc_load_pipeline.extract_from_file_data_9.csv manual__2023-06-09T22:03:08.195880+00:00 [removed]>' for dag 'sftp_raw_data_inc_load_pipeline'. Marking it as removed.
[2023-06-09 22:20:15,753] {dagrun.py:549} WARNING - Failed to get task '<TaskInstance: sftp_raw_data_inc_load_pipeline.load_sftp_data_data_6.csv manual__2023-06-09T22:03:08.195880+00:00 [removed]>' for dag 'sftp_raw_data_inc_load_pipeline'. Marking it as removed.
[2023-06-09 22:20:15,756] {dagrun.py:549} WARNING - Failed to get task '<TaskInstance: sftp_raw_data_inc_load_pipeline.clean_sftp_files_data_7.csv manual__2023-06-09T22:03:08.195880+00:00 [removed]>' for dag 'sftp_raw_data_inc_load_pipeline'. Marking it as removed.
[2023-06-09 22:20:15,759] {dagrun.py:549} WARNING - Failed to get task '<TaskInstance: sftp_raw_data_inc_load_pipeline.load_sftp_data_data_9.csv manual__2023-06-09T22:03:08.195880+00:00 [removed]>' for dag 'sftp_raw_data_inc_load_pipeline'. Marking it as removed.
[2023-06-09 22:20:15,762] {dagrun.py:549} WARNING - Failed to get task '<TaskInstance: sftp_raw_data_inc_load_pipeline.clean_sftp_files_data_4.csv manual__2023-06-09T22:03:08.195880+00:00 [removed]>' for dag 'sftp_raw_data_inc_load_pipeline'. Marking it as removed.
[2023-06-09 22:20:15,766] {dagrun.py:549} WARNING - Failed to get task '<TaskInstance: sftp_raw_data_inc_load_pipeline.load_sftp_data_data_8.csv manual__2023-06-09T22:03:08.195880+00:00 [removed]>' for dag 'sftp_raw_data_inc_load_pipeline'. Marking it as removed.
[2023-06-09 22:20:15,769] {dagrun.py:549} WARNING - Failed to get task '<TaskInstance: sftp_raw_data_inc_load_pipeline.extract_from_file_data_7.csv manual__2023-06-09T22:03:08.195880+00:00 [removed]>' for dag 'sftp_raw_data_inc_load_pipeline'. Marking it as removed.
[2023-06-09 22:20:15,772] {dagrun.py:549} WARNING - Failed to get task '<TaskInstance: sftp_raw_data_inc_load_pipeline.clean_sftp_files_data_8.csv manual__2023-06-09T22:03:08.195880+00:00 [removed]>' for dag 'sftp_raw_data_inc_load_pipeline'. Marking it as removed.
[2023-06-09 22:20:15,775] {dagrun.py:549} WARNING - Failed to get task '<TaskInstance: sftp_raw_data_inc_load_pipeline.clean_sftp_files_data_6.csv manual__2023-06-09T22:03:08.195880+00:00 [removed]>' for dag 'sftp_raw_data_inc_load_pipeline'. Marking it as removed.
[2023-06-09 22:20:15,778] {dagrun.py:549} WARNING - Failed to get task '<TaskInstance: sftp_raw_data_inc_load_pipeline.extract_from_file_data_5.csv manual__2023-06-09T22:03:08.195880+00:00 [removed]>' for dag 'sftp_raw_data_inc_load_pipeline'. Marking it as removed.
[2023-06-09 22:20:15,781] {dagrun.py:549} WARNING - Failed to get task '<TaskInstance: sftp_raw_data_inc_load_pipeline.extract_from_file_data_4.csv manual__2023-06-09T22:03:08.195880+00:00 [removed]>' for dag 'sftp_raw_data_inc_load_pipeline'. Marking it as removed.
[2023-06-09 22:20:15,785] {dagrun.py:549} WARNING - Failed to get task '<TaskInstance: sftp_raw_data_inc_load_pipeline.extract_from_file_data_6.csv manual__2023-06-09T22:03:08.195880+00:00 [removed]>' for dag 'sftp_raw_data_inc_load_pipeline'. Marking it as removed.
[2023-06-09 22:20:15,788] {dagrun.py:549} WARNING - Failed to get task '<TaskInstance: sftp_raw_data_inc_load_pipeline.clean_sftp_files_data_9.csv manual__2023-06-09T22:03:08.195880+00:00 [removed]>' for dag 'sftp_raw_data_inc_load_pipeline'. Marking it as removed.
[2023-06-09 22:20:15,791] {dagrun.py:549} WARNING - Failed to get task '<TaskInstance: sftp_raw_data_inc_load_pipeline.extract_from_file_data_1.csv manual__2023-06-09T22:03:08.195880+00:00 [removed]>' for dag 'sftp_raw_data_inc_load_pipeline'. Marking it as removed.
[2023-06-09 22:20:15,793] {dagrun.py:549} WARNING - Failed to get task '<TaskInstance: sftp_raw_data_inc_load_pipeline.load_sftp_data_data_1.csv manual__2023-06-09T22:03:08.195880+00:00 [removed]>' for dag 'sftp_raw_data_inc_load_pipeline'. Marking it as removed.
[2023-06-09 22:20:15,796] {dagrun.py:549} WARNING - Failed to get task '<TaskInstance: sftp_raw_data_inc_load_pipeline.clean_sftp_files_data_5.csv manual__2023-06-09T22:03:08.195880+00:00 [removed]>' for dag 'sftp_raw_data_inc_load_pipeline'. Marking it as removed.
[2023-06-09 22:20:15,800] {dagrun.py:549} WARNING - Failed to get task '<TaskInstance: sftp_raw_data_inc_load_pipeline.clean_sftp_files_data_1.csv manual__2023-06-09T22:03:08.195880+00:00 [removed]>' for dag 'sftp_raw_data_inc_load_pipeline'. Marking it as removed.
[2023-06-09 22:20:15,803] {dagrun.py:549} WARNING - Failed to get task '<TaskInstance: sftp_raw_data_inc_load_pipeline.extract_from_file_data_10.csv manual__2023-06-09T22:03:08.195880+00:00 [removed]>' for dag 'sftp_raw_data_inc_load_pipeline'. Marking it as removed.
[2023-06-09 22:20:15,806] {dagrun.py:549} WARNING - Failed to get task '<TaskInstance: sftp_raw_data_inc_load_pipeline.load_sftp_data_data_2.csv manual__2023-06-09T22:03:08.195880+00:00 [removed]>' for dag 'sftp_raw_data_inc_load_pipeline'. Marking it as removed.
[2023-06-09 22:20:15,810] {dagrun.py:549} WARNING - Failed to get task '<TaskInstance: sftp_raw_data_inc_load_pipeline.load_sftp_data_data_3.csv manual__2023-06-09T22:03:08.195880+00:00 [removed]>' for dag 'sftp_raw_data_inc_load_pipeline'. Marking it as removed.
[2023-06-09 22:20:15,813] {dagrun.py:549} WARNING - Failed to get task '<TaskInstance: sftp_raw_data_inc_load_pipeline.load_sftp_data_data_10.csv manual__2023-06-09T22:03:08.195880+00:00 [removed]>' for dag 'sftp_raw_data_inc_load_pipeline'. Marking it as removed.
[2023-06-09 22:20:15,816] {dagrun.py:549} WARNING - Failed to get task '<TaskInstance: sftp_raw_data_inc_load_pipeline.clean_sftp_files_data_10.csv manual__2023-06-09T22:03:08.195880+00:00 [removed]>' for dag 'sftp_raw_data_inc_load_pipeline'. Marking it as removed.
[2023-06-09 22:20:15,819] {dagrun.py:549} WARNING - Failed to get task '<TaskInstance: sftp_raw_data_inc_load_pipeline.extract_from_file_data_2.csv manual__2023-06-09T22:03:08.195880+00:00 [removed]>' for dag 'sftp_raw_data_inc_load_pipeline'. Marking it as removed.
[2023-06-09 22:20:15,890] {local_task_job.py:264} INFO - 12 downstream tasks scheduled from follow-on schedule check
