[2023-06-09 22:30:28,513] {taskinstance.py:1035} INFO - Dependencies all met for <TaskInstance: sftp_raw_data_inc_load_pipeline.create_table manual__2023-06-09T22:03:08.195880+00:00 [queued]>
[2023-06-09 22:30:28,565] {taskinstance.py:1035} INFO - Dependencies all met for <TaskInstance: sftp_raw_data_inc_load_pipeline.create_table manual__2023-06-09T22:03:08.195880+00:00 [queued]>
[2023-06-09 22:30:28,566] {taskinstance.py:1241} INFO - 
--------------------------------------------------------------------------------
[2023-06-09 22:30:28,567] {taskinstance.py:1242} INFO - Starting attempt 6 of 6
[2023-06-09 22:30:28,568] {taskinstance.py:1243} INFO - 
--------------------------------------------------------------------------------
[2023-06-09 22:30:28,610] {taskinstance.py:1262} INFO - Executing <Task(PythonOperator): create_table> on 2023-06-09 22:03:08.195880+00:00
[2023-06-09 22:30:28,621] {standard_task_runner.py:52} INFO - Started process 17848 to run task
[2023-06-09 22:30:28,627] {standard_task_runner.py:76} INFO - Running: ['***', 'tasks', 'run', 'sftp_raw_data_inc_load_pipeline', 'create_table', 'manual__2023-06-09T22:03:08.195880+00:00', '--job-id', '320', '--raw', '--subdir', 'DAGS_FOLDER/sftp_raw_data_inc_load_pipeline.py', '--cfg-path', '/tmp/tmpyhw4pxz7', '--error-file', '/tmp/tmpwyh1g3jh']
[2023-06-09 22:30:28,637] {standard_task_runner.py:77} INFO - Job 320: Subtask create_table
[2023-06-09 22:30:28,736] {logging_mixin.py:109} INFO - Running <TaskInstance: sftp_raw_data_inc_load_pipeline.create_table manual__2023-06-09T22:03:08.195880+00:00 [running]> on host 6ba608d2de6e
[2023-06-09 22:30:28,853] {taskinstance.py:1414} INFO - Exporting the following env vars:
AIRFLOW_CTX_DAG_EMAIL=Hassan@gmail.com
AIRFLOW_CTX_DAG_OWNER=Hassan
AIRFLOW_CTX_DAG_ID=sftp_raw_data_inc_load_pipeline
AIRFLOW_CTX_TASK_ID=create_table
AIRFLOW_CTX_EXECUTION_DATE=2023-06-09T22:03:08.195880+00:00
AIRFLOW_CTX_DAG_RUN_ID=manual__2023-06-09T22:03:08.195880+00:00
[2023-06-09 22:30:28,903] {logging_mixin.py:109} INFO - Successfull
[2023-06-09 22:30:28,904] {python.py:152} INFO - Done. Returned value was: None
[2023-06-09 22:30:28,934] {taskinstance.py:1280} INFO - Marking task as SUCCESS. dag_id=sftp_raw_data_inc_load_pipeline, task_id=create_table, execution_date=20230609T220308, start_date=20230609T223028, end_date=20230609T223028
[2023-06-09 22:30:29,001] {local_task_job.py:154} INFO - Task exited with return code 0
[2023-06-09 22:30:29,332] {local_task_job.py:264} INFO - 22 downstream tasks scheduled from follow-on schedule check
