[2023-06-09 15:21:40,187] {taskinstance.py:1035} INFO - Dependencies all met for <TaskInstance: sftp_raw_data_full_load_pipeline.create_table manual__2023-06-09T15:20:24.730543+00:00 [queued]>
[2023-06-09 15:21:40,233] {taskinstance.py:1035} INFO - Dependencies all met for <TaskInstance: sftp_raw_data_full_load_pipeline.create_table manual__2023-06-09T15:20:24.730543+00:00 [queued]>
[2023-06-09 15:21:40,234] {taskinstance.py:1241} INFO - 
--------------------------------------------------------------------------------
[2023-06-09 15:21:40,235] {taskinstance.py:1242} INFO - Starting attempt 3 of 3
[2023-06-09 15:21:40,237] {taskinstance.py:1243} INFO - 
--------------------------------------------------------------------------------
[2023-06-09 15:21:40,294] {taskinstance.py:1262} INFO - Executing <Task(PythonOperator): create_table> on 2023-06-09 15:20:24.730543+00:00
[2023-06-09 15:21:40,305] {standard_task_runner.py:52} INFO - Started process 3151 to run task
[2023-06-09 15:21:40,314] {standard_task_runner.py:76} INFO - Running: ['***', 'tasks', 'run', 'sftp_raw_data_full_load_pipeline', 'create_table', 'manual__2023-06-09T15:20:24.730543+00:00', '--job-id', '46', '--raw', '--subdir', 'DAGS_FOLDER/sftp_raw_data_full_load_pipeline.py', '--cfg-path', '/tmp/tmp2uengiya', '--error-file', '/tmp/tmpyj6nuewh']
[2023-06-09 15:21:40,323] {standard_task_runner.py:77} INFO - Job 46: Subtask create_table
[2023-06-09 15:21:40,436] {logging_mixin.py:109} INFO - Running <TaskInstance: sftp_raw_data_full_load_pipeline.create_table manual__2023-06-09T15:20:24.730543+00:00 [running]> on host 8cb5811d1998
[2023-06-09 15:21:40,559] {taskinstance.py:1414} INFO - Exporting the following env vars:
AIRFLOW_CTX_DAG_EMAIL=Hassan@gmail.com
AIRFLOW_CTX_DAG_OWNER=Hassan
AIRFLOW_CTX_DAG_ID=sftp_raw_data_full_load_pipeline
AIRFLOW_CTX_TASK_ID=create_table
AIRFLOW_CTX_EXECUTION_DATE=2023-06-09T15:20:24.730543+00:00
AIRFLOW_CTX_DAG_RUN_ID=manual__2023-06-09T15:20:24.730543+00:00
[2023-06-09 15:21:40,613] {logging_mixin.py:109} INFO - Successfull
[2023-06-09 15:21:40,614] {python.py:152} INFO - Done. Returned value was: None
[2023-06-09 15:21:40,647] {taskinstance.py:1280} INFO - Marking task as SUCCESS. dag_id=sftp_raw_data_full_load_pipeline, task_id=create_table, execution_date=20230609T152024, start_date=20230609T152140, end_date=20230609T152140
[2023-06-09 15:21:40,729] {local_task_job.py:154} INFO - Task exited with return code 0
[2023-06-09 15:21:41,076] {local_task_job.py:264} INFO - 22 downstream tasks scheduled from follow-on schedule check
