[2023-06-09 15:08:15,416] {taskinstance.py:1035} INFO - Dependencies all met for <TaskInstance: sftp_raw_data_full_load_pipeline.extract_from_file_data_12.csv scheduled__2023-06-08T00:00:00+00:00 [queued]>
[2023-06-09 15:08:15,465] {taskinstance.py:1035} INFO - Dependencies all met for <TaskInstance: sftp_raw_data_full_load_pipeline.extract_from_file_data_12.csv scheduled__2023-06-08T00:00:00+00:00 [queued]>
[2023-06-09 15:08:15,466] {taskinstance.py:1241} INFO - 
--------------------------------------------------------------------------------
[2023-06-09 15:08:15,467] {taskinstance.py:1242} INFO - Starting attempt 1 of 1
[2023-06-09 15:08:15,469] {taskinstance.py:1243} INFO - 
--------------------------------------------------------------------------------
[2023-06-09 15:08:16,078] {taskinstance.py:1262} INFO - Executing <Task(PythonOperator): extract_from_file_data_12.csv> on 2023-06-08 00:00:00+00:00
[2023-06-09 15:08:16,113] {standard_task_runner.py:52} INFO - Started process 1339 to run task
[2023-06-09 15:08:16,127] {standard_task_runner.py:76} INFO - Running: ['***', 'tasks', 'run', 'sftp_raw_data_full_load_pipeline', 'extract_from_file_data_12.csv', 'scheduled__2023-06-08T00:00:00+00:00', '--job-id', '19', '--raw', '--subdir', 'DAGS_FOLDER/sftp_raw_data_full_load_pipeline.py', '--cfg-path', '/tmp/tmpccpso2ow', '--error-file', '/tmp/tmpp7z4vuph']
[2023-06-09 15:08:16,151] {standard_task_runner.py:77} INFO - Job 19: Subtask extract_from_file_data_12.csv
[2023-06-09 15:08:16,349] {logging_mixin.py:109} INFO - Running <TaskInstance: sftp_raw_data_full_load_pipeline.extract_from_file_data_12.csv scheduled__2023-06-08T00:00:00+00:00 [running]> on host 8cb5811d1998
[2023-06-09 15:08:16,686] {taskinstance.py:1414} INFO - Exporting the following env vars:
AIRFLOW_CTX_DAG_EMAIL=Hassan@gmail.com
AIRFLOW_CTX_DAG_OWNER=Hassan
AIRFLOW_CTX_DAG_ID=sftp_raw_data_full_load_pipeline
AIRFLOW_CTX_TASK_ID=extract_from_file_data_12.csv
AIRFLOW_CTX_EXECUTION_DATE=2023-06-08T00:00:00+00:00
AIRFLOW_CTX_DAG_RUN_ID=scheduled__2023-06-08T00:00:00+00:00
[2023-06-09 15:08:16,698] {logging_mixin.py:109} INFO - ((), ())
[2023-06-09 15:08:16,791] {logging_mixin.py:109} INFO - Empty DataFrame
Columns: []
Index: []
[2023-06-09 15:08:16,812] {logging_mixin.py:109} INFO - [Errno 2] No such file or directory: './data/temp_files/2023-06-09_15:08:16.794616_leads_sftp.json'
[2023-06-09 15:08:16,852] {python.py:152} INFO - Done. Returned value was: None
[2023-06-09 15:08:18,905] {taskinstance.py:1280} INFO - Marking task as SUCCESS. dag_id=sftp_raw_data_full_load_pipeline, task_id=extract_from_file_data_12.csv, execution_date=20230608T000000, start_date=20230609T150815, end_date=20230609T150818
[2023-06-09 15:08:19,191] {local_task_job.py:154} INFO - Task exited with return code 0
[2023-06-09 15:08:20,904] {local_task_job.py:264} INFO - 1 downstream tasks scheduled from follow-on schedule check
[2023-06-09 15:21:56,603] {taskinstance.py:1035} INFO - Dependencies all met for <TaskInstance: sftp_raw_data_full_load_pipeline.extract_from_file_data_12.csv manual__2023-06-09T15:20:24.730543+00:00 [queued]>
[2023-06-09 15:21:56,661] {taskinstance.py:1035} INFO - Dependencies all met for <TaskInstance: sftp_raw_data_full_load_pipeline.extract_from_file_data_12.csv manual__2023-06-09T15:20:24.730543+00:00 [queued]>
[2023-06-09 15:21:56,663] {taskinstance.py:1241} INFO - 
--------------------------------------------------------------------------------
[2023-06-09 15:21:56,664] {taskinstance.py:1242} INFO - Starting attempt 1 of 1
[2023-06-09 15:21:56,666] {taskinstance.py:1243} INFO - 
--------------------------------------------------------------------------------
[2023-06-09 15:21:59,779] {taskinstance.py:1262} INFO - Executing <Task(PythonOperator): extract_from_file_data_12.csv> on 2023-06-09 15:20:24.730543+00:00
[2023-06-09 15:21:59,825] {standard_task_runner.py:52} INFO - Started process 3346 to run task
[2023-06-09 15:21:59,872] {standard_task_runner.py:76} INFO - Running: ['***', 'tasks', 'run', 'sftp_raw_data_full_load_pipeline', 'extract_from_file_data_12.csv', 'manual__2023-06-09T15:20:24.730543+00:00', '--job-id', '60', '--raw', '--subdir', 'DAGS_FOLDER/sftp_raw_data_full_load_pipeline.py', '--cfg-path', '/tmp/tmprd1bq0k9', '--error-file', '/tmp/tmp5432tprk']
[2023-06-09 15:21:59,956] {standard_task_runner.py:77} INFO - Job 60: Subtask extract_from_file_data_12.csv
[2023-06-09 15:22:00,400] {logging_mixin.py:109} INFO - Running <TaskInstance: sftp_raw_data_full_load_pipeline.extract_from_file_data_12.csv manual__2023-06-09T15:20:24.730543+00:00 [running]> on host 8cb5811d1998
[2023-06-09 15:22:00,739] {taskinstance.py:1414} INFO - Exporting the following env vars:
AIRFLOW_CTX_DAG_EMAIL=Hassan@gmail.com
AIRFLOW_CTX_DAG_OWNER=Hassan
AIRFLOW_CTX_DAG_ID=sftp_raw_data_full_load_pipeline
AIRFLOW_CTX_TASK_ID=extract_from_file_data_12.csv
AIRFLOW_CTX_EXECUTION_DATE=2023-06-09T15:20:24.730543+00:00
AIRFLOW_CTX_DAG_RUN_ID=manual__2023-06-09T15:20:24.730543+00:00
[2023-06-09 15:22:00,755] {logging_mixin.py:109} INFO - ((), ())
[2023-06-09 15:22:00,829] {logging_mixin.py:109} INFO - Empty DataFrame
Columns: []
Index: []
[2023-06-09 15:22:00,851] {logging_mixin.py:109} INFO - [Errno 2] No such file or directory: './data/temp_files/2023-06-09_15:22:00.833040_leads_sftp.json'
[2023-06-09 15:22:00,938] {python.py:152} INFO - Done. Returned value was: None
[2023-06-09 15:22:02,488] {taskinstance.py:1280} INFO - Marking task as SUCCESS. dag_id=sftp_raw_data_full_load_pipeline, task_id=extract_from_file_data_12.csv, execution_date=20230609T152024, start_date=20230609T152156, end_date=20230609T152202
[2023-06-09 15:22:02,747] {local_task_job.py:154} INFO - Task exited with return code 0
[2023-06-09 15:22:04,223] {local_task_job.py:264} INFO - 1 downstream tasks scheduled from follow-on schedule check
[2023-06-09 16:52:04,749] {taskinstance.py:1035} INFO - Dependencies all met for <TaskInstance: sftp_raw_data_full_load_pipeline.extract_from_file_data_12.csv scheduled__2023-06-08T00:00:00+00:00 [queued]>
[2023-06-09 16:52:05,145] {taskinstance.py:1035} INFO - Dependencies all met for <TaskInstance: sftp_raw_data_full_load_pipeline.extract_from_file_data_12.csv scheduled__2023-06-08T00:00:00+00:00 [queued]>
[2023-06-09 16:52:05,147] {taskinstance.py:1241} INFO - 
--------------------------------------------------------------------------------
[2023-06-09 16:52:05,150] {taskinstance.py:1242} INFO - Starting attempt 1 of 1
[2023-06-09 16:52:05,151] {taskinstance.py:1243} INFO - 
--------------------------------------------------------------------------------
[2023-06-09 16:52:05,272] {taskinstance.py:1262} INFO - Executing <Task(PythonOperator): extract_from_file_data_12.csv> on 2023-06-08 00:00:00+00:00
[2023-06-09 16:52:05,344] {standard_task_runner.py:52} INFO - Started process 684 to run task
[2023-06-09 16:52:05,422] {standard_task_runner.py:76} INFO - Running: ['***', 'tasks', 'run', 'sftp_raw_data_full_load_pipeline', 'extract_from_file_data_12.csv', 'scheduled__2023-06-08T00:00:00+00:00', '--job-id', '18', '--raw', '--subdir', 'DAGS_FOLDER/sftp_raw_data_full_load_pipeline.py', '--cfg-path', '/tmp/tmp6cnjs1nz', '--error-file', '/tmp/tmpug9m69po']
[2023-06-09 16:52:05,527] {standard_task_runner.py:77} INFO - Job 18: Subtask extract_from_file_data_12.csv
[2023-06-09 16:52:06,665] {logging_mixin.py:109} INFO - Running <TaskInstance: sftp_raw_data_full_load_pipeline.extract_from_file_data_12.csv scheduled__2023-06-08T00:00:00+00:00 [running]> on host 6ba608d2de6e
[2023-06-09 16:52:07,958] {taskinstance.py:1414} INFO - Exporting the following env vars:
AIRFLOW_CTX_DAG_EMAIL=Hassan@gmail.com
AIRFLOW_CTX_DAG_OWNER=Hassan
AIRFLOW_CTX_DAG_ID=sftp_raw_data_full_load_pipeline
AIRFLOW_CTX_TASK_ID=extract_from_file_data_12.csv
AIRFLOW_CTX_EXECUTION_DATE=2023-06-08T00:00:00+00:00
AIRFLOW_CTX_DAG_RUN_ID=scheduled__2023-06-08T00:00:00+00:00
[2023-06-09 16:52:12,822] {python.py:152} INFO - Done. Returned value was: None
[2023-06-09 16:52:14,508] {taskinstance.py:1280} INFO - Marking task as SUCCESS. dag_id=sftp_raw_data_full_load_pipeline, task_id=extract_from_file_data_12.csv, execution_date=20230608T000000, start_date=20230609T165204, end_date=20230609T165214
[2023-06-09 16:52:14,894] {local_task_job.py:154} INFO - Task exited with return code 0
[2023-06-09 16:52:17,370] {local_task_job.py:264} INFO - 1 downstream tasks scheduled from follow-on schedule check
