[2023-06-09 22:16:29,688] {taskinstance.py:1035} INFO - Dependencies all met for <TaskInstance: sftp_raw_data_inc_load_pipeline.clean_sftp_files_data_4.csv manual__2023-06-09T22:03:08.195880+00:00 [queued]>
[2023-06-09 22:16:29,977] {taskinstance.py:1035} INFO - Dependencies all met for <TaskInstance: sftp_raw_data_inc_load_pipeline.clean_sftp_files_data_4.csv manual__2023-06-09T22:03:08.195880+00:00 [queued]>
[2023-06-09 22:16:29,979] {taskinstance.py:1241} INFO - 
--------------------------------------------------------------------------------
[2023-06-09 22:16:29,981] {taskinstance.py:1242} INFO - Starting attempt 1 of 1
[2023-06-09 22:16:29,984] {taskinstance.py:1243} INFO - 
--------------------------------------------------------------------------------
[2023-06-09 22:16:30,149] {taskinstance.py:1262} INFO - Executing <Task(PythonOperator): clean_sftp_files_data_4.csv> on 2023-06-09 22:03:08.195880+00:00
[2023-06-09 22:16:30,185] {standard_task_runner.py:52} INFO - Started process 15241 to run task
[2023-06-09 22:16:30,218] {standard_task_runner.py:76} INFO - Running: ['***', 'tasks', 'run', 'sftp_raw_data_inc_load_pipeline', 'clean_sftp_files_data_4.csv', 'manual__2023-06-09T22:03:08.195880+00:00', '--job-id', '195', '--raw', '--subdir', 'DAGS_FOLDER/sftp_raw_data_inc_load_pipeline.py', '--cfg-path', '/tmp/tmpuvk_d0se', '--error-file', '/tmp/tmpn0n29a2m']
[2023-06-09 22:16:30,248] {standard_task_runner.py:77} INFO - Job 195: Subtask clean_sftp_files_data_4.csv
[2023-06-09 22:16:30,794] {logging_mixin.py:109} INFO - Running <TaskInstance: sftp_raw_data_inc_load_pipeline.clean_sftp_files_data_4.csv manual__2023-06-09T22:03:08.195880+00:00 [running]> on host 6ba608d2de6e
[2023-06-09 22:16:31,217] {taskinstance.py:1414} INFO - Exporting the following env vars:
AIRFLOW_CTX_DAG_EMAIL=Hassan@gmail.com
AIRFLOW_CTX_DAG_OWNER=Hassan
AIRFLOW_CTX_DAG_ID=sftp_raw_data_inc_load_pipeline
AIRFLOW_CTX_TASK_ID=clean_sftp_files_data_4.csv
AIRFLOW_CTX_EXECUTION_DATE=2023-06-09T22:03:08.195880+00:00
AIRFLOW_CTX_DAG_RUN_ID=manual__2023-06-09T22:03:08.195880+00:00
[2023-06-09 22:16:31,262] {python.py:152} INFO - Done. Returned value was: None
[2023-06-09 22:16:31,602] {taskinstance.py:1280} INFO - Marking task as SUCCESS. dag_id=sftp_raw_data_inc_load_pipeline, task_id=clean_sftp_files_data_4.csv, execution_date=20230609T220308, start_date=20230609T221629, end_date=20230609T221631
[2023-06-09 22:16:31,729] {local_task_job.py:154} INFO - Task exited with return code 0
[2023-06-09 22:16:32,334] {local_task_job.py:264} INFO - 0 downstream tasks scheduled from follow-on schedule check
