[2023-06-09 22:15:44,186] {taskinstance.py:1035} INFO - Dependencies all met for <TaskInstance: sftp_raw_data_inc_load_pipeline.extract_from_file_data_5.csv manual__2023-06-09T22:03:08.195880+00:00 [queued]>
[2023-06-09 22:15:44,521] {taskinstance.py:1035} INFO - Dependencies all met for <TaskInstance: sftp_raw_data_inc_load_pipeline.extract_from_file_data_5.csv manual__2023-06-09T22:03:08.195880+00:00 [queued]>
[2023-06-09 22:15:44,528] {taskinstance.py:1241} INFO - 
--------------------------------------------------------------------------------
[2023-06-09 22:15:44,535] {taskinstance.py:1242} INFO - Starting attempt 1 of 1
[2023-06-09 22:15:44,549] {taskinstance.py:1243} INFO - 
--------------------------------------------------------------------------------
[2023-06-09 22:15:44,859] {taskinstance.py:1262} INFO - Executing <Task(PythonOperator): extract_from_file_data_5.csv> on 2023-06-09 22:03:08.195880+00:00
[2023-06-09 22:15:44,910] {standard_task_runner.py:52} INFO - Started process 14977 to run task
[2023-06-09 22:15:44,957] {standard_task_runner.py:76} INFO - Running: ['***', 'tasks', 'run', 'sftp_raw_data_inc_load_pipeline', 'extract_from_file_data_5.csv', 'manual__2023-06-09T22:03:08.195880+00:00', '--job-id', '172', '--raw', '--subdir', 'DAGS_FOLDER/sftp_raw_data_inc_load_pipeline.py', '--cfg-path', '/tmp/tmp48dhkkij', '--error-file', '/tmp/tmpnnmg11k4']
[2023-06-09 22:15:45,022] {standard_task_runner.py:77} INFO - Job 172: Subtask extract_from_file_data_5.csv
[2023-06-09 22:15:45,287] {logging_mixin.py:109} INFO - Running <TaskInstance: sftp_raw_data_inc_load_pipeline.extract_from_file_data_5.csv manual__2023-06-09T22:03:08.195880+00:00 [running]> on host 6ba608d2de6e
[2023-06-09 22:15:45,971] {taskinstance.py:1414} INFO - Exporting the following env vars:
AIRFLOW_CTX_DAG_EMAIL=Hassan@gmail.com
AIRFLOW_CTX_DAG_OWNER=Hassan
AIRFLOW_CTX_DAG_ID=sftp_raw_data_inc_load_pipeline
AIRFLOW_CTX_TASK_ID=extract_from_file_data_5.csv
AIRFLOW_CTX_EXECUTION_DATE=2023-06-09T22:03:08.195880+00:00
AIRFLOW_CTX_DAG_RUN_ID=manual__2023-06-09T22:03:08.195880+00:00
[2023-06-09 22:15:49,356] {python.py:152} INFO - Done. Returned value was: None
[2023-06-09 22:15:49,655] {taskinstance.py:1280} INFO - Marking task as SUCCESS. dag_id=sftp_raw_data_inc_load_pipeline, task_id=extract_from_file_data_5.csv, execution_date=20230609T220308, start_date=20230609T221544, end_date=20230609T221549
[2023-06-09 22:15:50,168] {local_task_job.py:212} WARNING - State of this instance has been externally set to success. Terminating instance.
