[2023-06-09 22:29:17,518] {taskinstance.py:1035} INFO - Dependencies all met for <TaskInstance: sftp_raw_data_inc_load_pipeline.extract_from_file_data_5.csv manual__2023-06-09T22:03:08.195880+00:00 [queued]>
[2023-06-09 22:29:17,769] {taskinstance.py:1035} INFO - Dependencies all met for <TaskInstance: sftp_raw_data_inc_load_pipeline.extract_from_file_data_5.csv manual__2023-06-09T22:03:08.195880+00:00 [queued]>
[2023-06-09 22:29:17,770] {taskinstance.py:1241} INFO - 
--------------------------------------------------------------------------------
[2023-06-09 22:29:17,771] {taskinstance.py:1242} INFO - Starting attempt 3 of 3
[2023-06-09 22:29:17,772] {taskinstance.py:1243} INFO - 
--------------------------------------------------------------------------------
[2023-06-09 22:29:18,087] {taskinstance.py:1262} INFO - Executing <Task(PythonOperator): extract_from_file_data_5.csv> on 2023-06-09 22:03:08.195880+00:00
[2023-06-09 22:29:18,129] {standard_task_runner.py:52} INFO - Started process 17564 to run task
[2023-06-09 22:29:18,135] {standard_task_runner.py:76} INFO - Running: ['***', 'tasks', 'run', 'sftp_raw_data_inc_load_pipeline', 'extract_from_file_data_5.csv', 'manual__2023-06-09T22:03:08.195880+00:00', '--job-id', '294', '--raw', '--subdir', 'DAGS_FOLDER/sftp_raw_data_inc_load_pipeline.py', '--cfg-path', '/tmp/tmpswhlkjbr', '--error-file', '/tmp/tmpf4n5ueqt']
[2023-06-09 22:29:18,188] {standard_task_runner.py:77} INFO - Job 294: Subtask extract_from_file_data_5.csv
[2023-06-09 22:29:18,539] {logging_mixin.py:109} INFO - Running <TaskInstance: sftp_raw_data_inc_load_pipeline.extract_from_file_data_5.csv manual__2023-06-09T22:03:08.195880+00:00 [running]> on host 6ba608d2de6e
[2023-06-09 22:29:19,315] {taskinstance.py:1414} INFO - Exporting the following env vars:
AIRFLOW_CTX_DAG_EMAIL=Hassan@gmail.com
AIRFLOW_CTX_DAG_OWNER=Hassan
AIRFLOW_CTX_DAG_ID=sftp_raw_data_inc_load_pipeline
AIRFLOW_CTX_TASK_ID=extract_from_file_data_5.csv
AIRFLOW_CTX_EXECUTION_DATE=2023-06-09T22:03:08.195880+00:00
AIRFLOW_CTX_DAG_RUN_ID=manual__2023-06-09T22:03:08.195880+00:00
[2023-06-09 22:29:22,274] {python.py:152} INFO - Done. Returned value was: None
[2023-06-09 22:29:23,127] {taskinstance.py:1280} INFO - Marking task as SUCCESS. dag_id=sftp_raw_data_inc_load_pipeline, task_id=extract_from_file_data_5.csv, execution_date=20230609T220308, start_date=20230609T222917, end_date=20230609T222923
[2023-06-09 22:29:23,411] {local_task_job.py:212} WARNING - State of this instance has been externally set to success. Terminating instance.
[2023-06-09 22:29:23,477] {process_utils.py:100} INFO - Sending Signals.SIGTERM to GPID 17564
[2023-06-09 22:29:23,503] {process_utils.py:66} INFO - Process psutil.Process(pid=17564, status='terminated', exitcode=0, started='22:29:17') (17564) terminated with exit code 0
