[2023-06-09 22:31:01,600] {taskinstance.py:1035} INFO - Dependencies all met for <TaskInstance: sftp_raw_data_inc_load_pipeline.extract_from_file_data_5.csv manual__2023-06-09T22:03:08.195880+00:00 [queued]>
[2023-06-09 22:31:01,913] {taskinstance.py:1035} INFO - Dependencies all met for <TaskInstance: sftp_raw_data_inc_load_pipeline.extract_from_file_data_5.csv manual__2023-06-09T22:03:08.195880+00:00 [queued]>
[2023-06-09 22:31:01,914] {taskinstance.py:1241} INFO - 
--------------------------------------------------------------------------------
[2023-06-09 22:31:01,915] {taskinstance.py:1242} INFO - Starting attempt 4 of 4
[2023-06-09 22:31:01,916] {taskinstance.py:1243} INFO - 
--------------------------------------------------------------------------------
[2023-06-09 22:31:02,374] {taskinstance.py:1262} INFO - Executing <Task(PythonOperator): extract_from_file_data_5.csv> on 2023-06-09 22:03:08.195880+00:00
[2023-06-09 22:31:02,430] {standard_task_runner.py:52} INFO - Started process 18125 to run task
[2023-06-09 22:31:02,474] {standard_task_runner.py:76} INFO - Running: ['***', 'tasks', 'run', 'sftp_raw_data_inc_load_pipeline', 'extract_from_file_data_5.csv', 'manual__2023-06-09T22:03:08.195880+00:00', '--job-id', '339', '--raw', '--subdir', 'DAGS_FOLDER/sftp_raw_data_inc_load_pipeline.py', '--cfg-path', '/tmp/tmpkdi21giy', '--error-file', '/tmp/tmpd5xsyg20']
[2023-06-09 22:31:02,497] {standard_task_runner.py:77} INFO - Job 339: Subtask extract_from_file_data_5.csv
[2023-06-09 22:31:02,926] {logging_mixin.py:109} INFO - Running <TaskInstance: sftp_raw_data_inc_load_pipeline.extract_from_file_data_5.csv manual__2023-06-09T22:03:08.195880+00:00 [running]> on host 6ba608d2de6e
[2023-06-09 22:31:03,541] {taskinstance.py:1414} INFO - Exporting the following env vars:
AIRFLOW_CTX_DAG_EMAIL=Hassan@gmail.com
AIRFLOW_CTX_DAG_OWNER=Hassan
AIRFLOW_CTX_DAG_ID=sftp_raw_data_inc_load_pipeline
AIRFLOW_CTX_TASK_ID=extract_from_file_data_5.csv
AIRFLOW_CTX_EXECUTION_DATE=2023-06-09T22:03:08.195880+00:00
AIRFLOW_CTX_DAG_RUN_ID=manual__2023-06-09T22:03:08.195880+00:00
[2023-06-09 22:31:06,810] {python.py:152} INFO - Done. Returned value was: None
[2023-06-09 22:31:07,562] {taskinstance.py:1280} INFO - Marking task as SUCCESS. dag_id=sftp_raw_data_inc_load_pipeline, task_id=extract_from_file_data_5.csv, execution_date=20230609T220308, start_date=20230609T223101, end_date=20230609T223107
[2023-06-09 22:31:08,113] {local_task_job.py:212} WARNING - State of this instance has been externally set to success. Terminating instance.
