[2023-06-09 15:08:14,485] {taskinstance.py:1035} INFO - Dependencies all met for <TaskInstance: sftp_raw_data_full_load_pipeline.extract_from_file_data_20.csv scheduled__2023-06-08T00:00:00+00:00 [queued]>
[2023-06-09 15:08:14,580] {taskinstance.py:1035} INFO - Dependencies all met for <TaskInstance: sftp_raw_data_full_load_pipeline.extract_from_file_data_20.csv scheduled__2023-06-08T00:00:00+00:00 [queued]>
[2023-06-09 15:08:14,581] {taskinstance.py:1241} INFO - 
--------------------------------------------------------------------------------
[2023-06-09 15:08:14,582] {taskinstance.py:1242} INFO - Starting attempt 1 of 1
[2023-06-09 15:08:14,583] {taskinstance.py:1243} INFO - 
--------------------------------------------------------------------------------
[2023-06-09 15:08:14,648] {taskinstance.py:1262} INFO - Executing <Task(PythonOperator): extract_from_file_data_20.csv> on 2023-06-08 00:00:00+00:00
[2023-06-09 15:08:14,664] {standard_task_runner.py:52} INFO - Started process 1322 to run task
[2023-06-09 15:08:14,684] {standard_task_runner.py:76} INFO - Running: ['***', 'tasks', 'run', 'sftp_raw_data_full_load_pipeline', 'extract_from_file_data_20.csv', 'scheduled__2023-06-08T00:00:00+00:00', '--job-id', '10', '--raw', '--subdir', 'DAGS_FOLDER/sftp_raw_data_full_load_pipeline.py', '--cfg-path', '/tmp/tmp9mtb_f73', '--error-file', '/tmp/tmpq1fe9xrm']
[2023-06-09 15:08:14,708] {standard_task_runner.py:77} INFO - Job 10: Subtask extract_from_file_data_20.csv
[2023-06-09 15:08:14,902] {logging_mixin.py:109} INFO - Running <TaskInstance: sftp_raw_data_full_load_pipeline.extract_from_file_data_20.csv scheduled__2023-06-08T00:00:00+00:00 [running]> on host 8cb5811d1998
[2023-06-09 15:08:15,168] {taskinstance.py:1414} INFO - Exporting the following env vars:
AIRFLOW_CTX_DAG_EMAIL=Hassan@gmail.com
AIRFLOW_CTX_DAG_OWNER=Hassan
AIRFLOW_CTX_DAG_ID=sftp_raw_data_full_load_pipeline
AIRFLOW_CTX_TASK_ID=extract_from_file_data_20.csv
AIRFLOW_CTX_EXECUTION_DATE=2023-06-08T00:00:00+00:00
AIRFLOW_CTX_DAG_RUN_ID=scheduled__2023-06-08T00:00:00+00:00
[2023-06-09 15:08:15,180] {logging_mixin.py:109} INFO - ((), ())
[2023-06-09 15:08:15,227] {logging_mixin.py:109} INFO - Empty DataFrame
Columns: []
Index: []
[2023-06-09 15:08:15,236] {logging_mixin.py:109} INFO - [Errno 2] No such file or directory: './data/temp_files/2023-06-09_15:08:15.228772_leads_sftp.json'
[2023-06-09 15:08:15,266] {python.py:152} INFO - Done. Returned value was: None
[2023-06-09 15:08:15,949] {taskinstance.py:1280} INFO - Marking task as SUCCESS. dag_id=sftp_raw_data_full_load_pipeline, task_id=extract_from_file_data_20.csv, execution_date=20230608T000000, start_date=20230609T150814, end_date=20230609T150815
[2023-06-09 15:08:16,067] {local_task_job.py:154} INFO - Task exited with return code 0
[2023-06-09 15:08:18,018] {local_task_job.py:264} INFO - 1 downstream tasks scheduled from follow-on schedule check
[2023-06-09 15:22:14,037] {taskinstance.py:1035} INFO - Dependencies all met for <TaskInstance: sftp_raw_data_full_load_pipeline.extract_from_file_data_20.csv manual__2023-06-09T15:20:24.730543+00:00 [queued]>
[2023-06-09 15:22:14,288] {taskinstance.py:1035} INFO - Dependencies all met for <TaskInstance: sftp_raw_data_full_load_pipeline.extract_from_file_data_20.csv manual__2023-06-09T15:20:24.730543+00:00 [queued]>
[2023-06-09 15:22:14,291] {taskinstance.py:1241} INFO - 
--------------------------------------------------------------------------------
[2023-06-09 15:22:14,294] {taskinstance.py:1242} INFO - Starting attempt 1 of 1
[2023-06-09 15:22:14,296] {taskinstance.py:1243} INFO - 
--------------------------------------------------------------------------------
[2023-06-09 15:22:14,467] {taskinstance.py:1262} INFO - Executing <Task(PythonOperator): extract_from_file_data_20.csv> on 2023-06-09 15:20:24.730543+00:00
[2023-06-09 15:22:14,499] {standard_task_runner.py:52} INFO - Started process 3436 to run task
[2023-06-09 15:22:14,523] {standard_task_runner.py:76} INFO - Running: ['***', 'tasks', 'run', 'sftp_raw_data_full_load_pipeline', 'extract_from_file_data_20.csv', 'manual__2023-06-09T15:20:24.730543+00:00', '--job-id', '68', '--raw', '--subdir', 'DAGS_FOLDER/sftp_raw_data_full_load_pipeline.py', '--cfg-path', '/tmp/tmp32x4w3mj', '--error-file', '/tmp/tmpw0gyldxw']
[2023-06-09 15:22:14,593] {standard_task_runner.py:77} INFO - Job 68: Subtask extract_from_file_data_20.csv
[2023-06-09 15:22:15,153] {logging_mixin.py:109} INFO - Running <TaskInstance: sftp_raw_data_full_load_pipeline.extract_from_file_data_20.csv manual__2023-06-09T15:20:24.730543+00:00 [running]> on host 8cb5811d1998
[2023-06-09 15:22:15,416] {taskinstance.py:1414} INFO - Exporting the following env vars:
AIRFLOW_CTX_DAG_EMAIL=Hassan@gmail.com
AIRFLOW_CTX_DAG_OWNER=Hassan
AIRFLOW_CTX_DAG_ID=sftp_raw_data_full_load_pipeline
AIRFLOW_CTX_TASK_ID=extract_from_file_data_20.csv
AIRFLOW_CTX_EXECUTION_DATE=2023-06-09T15:20:24.730543+00:00
AIRFLOW_CTX_DAG_RUN_ID=manual__2023-06-09T15:20:24.730543+00:00
[2023-06-09 15:22:15,427] {logging_mixin.py:109} INFO - ((), ())
[2023-06-09 15:22:15,658] {logging_mixin.py:109} INFO - Empty DataFrame
Columns: []
Index: []
[2023-06-09 15:22:15,685] {logging_mixin.py:109} INFO - [Errno 2] No such file or directory: './data/temp_files/2023-06-09_15:22:15.665319_leads_sftp.json'
[2023-06-09 15:22:15,802] {python.py:152} INFO - Done. Returned value was: None
[2023-06-09 15:22:17,167] {taskinstance.py:1280} INFO - Marking task as SUCCESS. dag_id=sftp_raw_data_full_load_pipeline, task_id=extract_from_file_data_20.csv, execution_date=20230609T152024, start_date=20230609T152214, end_date=20230609T152217
[2023-06-09 15:22:17,377] {local_task_job.py:154} INFO - Task exited with return code 0
[2023-06-09 15:22:21,325] {local_task_job.py:264} INFO - 1 downstream tasks scheduled from follow-on schedule check
[2023-06-09 16:52:02,954] {taskinstance.py:1035} INFO - Dependencies all met for <TaskInstance: sftp_raw_data_full_load_pipeline.extract_from_file_data_20.csv scheduled__2023-06-08T00:00:00+00:00 [queued]>
[2023-06-09 16:52:03,218] {taskinstance.py:1035} INFO - Dependencies all met for <TaskInstance: sftp_raw_data_full_load_pipeline.extract_from_file_data_20.csv scheduled__2023-06-08T00:00:00+00:00 [queued]>
[2023-06-09 16:52:03,219] {taskinstance.py:1241} INFO - 
--------------------------------------------------------------------------------
[2023-06-09 16:52:03,222] {taskinstance.py:1242} INFO - Starting attempt 1 of 1
[2023-06-09 16:52:03,223] {taskinstance.py:1243} INFO - 
--------------------------------------------------------------------------------
[2023-06-09 16:52:03,384] {taskinstance.py:1262} INFO - Executing <Task(PythonOperator): extract_from_file_data_20.csv> on 2023-06-08 00:00:00+00:00
[2023-06-09 16:52:03,422] {standard_task_runner.py:52} INFO - Started process 641 to run task
[2023-06-09 16:52:03,456] {standard_task_runner.py:76} INFO - Running: ['***', 'tasks', 'run', 'sftp_raw_data_full_load_pipeline', 'extract_from_file_data_20.csv', 'scheduled__2023-06-08T00:00:00+00:00', '--job-id', '11', '--raw', '--subdir', 'DAGS_FOLDER/sftp_raw_data_full_load_pipeline.py', '--cfg-path', '/tmp/tmpk5znznub', '--error-file', '/tmp/tmp3v0usn88']
[2023-06-09 16:52:03,493] {standard_task_runner.py:77} INFO - Job 11: Subtask extract_from_file_data_20.csv
[2023-06-09 16:52:03,802] {logging_mixin.py:109} INFO - Running <TaskInstance: sftp_raw_data_full_load_pipeline.extract_from_file_data_20.csv scheduled__2023-06-08T00:00:00+00:00 [running]> on host 6ba608d2de6e
[2023-06-09 16:52:04,146] {taskinstance.py:1414} INFO - Exporting the following env vars:
AIRFLOW_CTX_DAG_EMAIL=Hassan@gmail.com
AIRFLOW_CTX_DAG_OWNER=Hassan
AIRFLOW_CTX_DAG_ID=sftp_raw_data_full_load_pipeline
AIRFLOW_CTX_TASK_ID=extract_from_file_data_20.csv
AIRFLOW_CTX_EXECUTION_DATE=2023-06-08T00:00:00+00:00
AIRFLOW_CTX_DAG_RUN_ID=scheduled__2023-06-08T00:00:00+00:00
[2023-06-09 16:52:07,452] {python.py:152} INFO - Done. Returned value was: None
[2023-06-09 16:52:07,602] {taskinstance.py:1280} INFO - Marking task as SUCCESS. dag_id=sftp_raw_data_full_load_pipeline, task_id=extract_from_file_data_20.csv, execution_date=20230608T000000, start_date=20230609T165202, end_date=20230609T165207
[2023-06-09 16:52:07,835] {local_task_job.py:154} INFO - Task exited with return code 0
[2023-06-09 16:52:08,116] {local_task_job.py:264} INFO - 1 downstream tasks scheduled from follow-on schedule check
