[2023-06-09 22:03:29,227] {taskinstance.py:1029} INFO - Dependencies not met for <TaskInstance: sftp_raw_data_inc_load_pipeline.extract_from_file_data_20.csv scheduled__2023-06-08T00:00:00+00:00 [success]>, dependency 'Task Instance State' FAILED: Task is in the 'success' state which is not a valid state for execution. The task must be cleared in order to be run.
[2023-06-09 22:03:29,254] {local_task_job.py:99} INFO - Task is not able to be run
[2023-06-09 22:03:38,137] {taskinstance.py:1035} INFO - Dependencies all met for <TaskInstance: sftp_raw_data_inc_load_pipeline.extract_from_file_data_20.csv manual__2023-06-09T22:03:08.195880+00:00 [queued]>
[2023-06-09 22:03:38,245] {taskinstance.py:1035} INFO - Dependencies all met for <TaskInstance: sftp_raw_data_inc_load_pipeline.extract_from_file_data_20.csv manual__2023-06-09T22:03:08.195880+00:00 [queued]>
[2023-06-09 22:03:38,246] {taskinstance.py:1241} INFO - 
--------------------------------------------------------------------------------
[2023-06-09 22:03:38,247] {taskinstance.py:1242} INFO - Starting attempt 1 of 1
[2023-06-09 22:03:38,248] {taskinstance.py:1243} INFO - 
--------------------------------------------------------------------------------
[2023-06-09 22:03:38,389] {taskinstance.py:1262} INFO - Executing <Task(PythonOperator): extract_from_file_data_20.csv> on 2023-06-09 22:03:08.195880+00:00
[2023-06-09 22:03:38,414] {standard_task_runner.py:52} INFO - Started process 13249 to run task
[2023-06-09 22:03:38,445] {standard_task_runner.py:76} INFO - Running: ['***', 'tasks', 'run', 'sftp_raw_data_inc_load_pipeline', 'extract_from_file_data_20.csv', 'manual__2023-06-09T22:03:08.195880+00:00', '--job-id', '132', '--raw', '--subdir', 'DAGS_FOLDER/sftp_raw_data_inc_load_pipeline.py', '--cfg-path', '/tmp/tmpxj2raarw', '--error-file', '/tmp/tmp6tunx9bm']
[2023-06-09 22:03:38,504] {standard_task_runner.py:77} INFO - Job 132: Subtask extract_from_file_data_20.csv
[2023-06-09 22:03:38,898] {logging_mixin.py:109} INFO - Running <TaskInstance: sftp_raw_data_inc_load_pipeline.extract_from_file_data_20.csv manual__2023-06-09T22:03:08.195880+00:00 [running]> on host 6ba608d2de6e
[2023-06-09 22:03:39,218] {taskinstance.py:1414} INFO - Exporting the following env vars:
AIRFLOW_CTX_DAG_EMAIL=Hassan@gmail.com
AIRFLOW_CTX_DAG_OWNER=Hassan
AIRFLOW_CTX_DAG_ID=sftp_raw_data_inc_load_pipeline
AIRFLOW_CTX_TASK_ID=extract_from_file_data_20.csv
AIRFLOW_CTX_EXECUTION_DATE=2023-06-09T22:03:08.195880+00:00
AIRFLOW_CTX_DAG_RUN_ID=manual__2023-06-09T22:03:08.195880+00:00
[2023-06-09 22:03:41,244] {python.py:152} INFO - Done. Returned value was: None
[2023-06-09 22:03:41,491] {taskinstance.py:1280} INFO - Marking task as SUCCESS. dag_id=sftp_raw_data_inc_load_pipeline, task_id=extract_from_file_data_20.csv, execution_date=20230609T220308, start_date=20230609T220338, end_date=20230609T220341
[2023-06-09 22:03:41,693] {local_task_job.py:154} INFO - Task exited with return code 0
[2023-06-09 22:03:42,238] {local_task_job.py:264} INFO - 1 downstream tasks scheduled from follow-on schedule check
