[2023-06-09 23:27:02,064] {taskinstance.py:1035} INFO - Dependencies all met for <TaskInstance: leads_raw_data_full_load_pipeline.parquet_to_postgres scheduled__2023-03-09T00:00:00+00:00 [queued]>
[2023-06-09 23:27:02,269] {taskinstance.py:1035} INFO - Dependencies all met for <TaskInstance: leads_raw_data_full_load_pipeline.parquet_to_postgres scheduled__2023-03-09T00:00:00+00:00 [queued]>
[2023-06-09 23:27:02,271] {taskinstance.py:1241} INFO - 
--------------------------------------------------------------------------------
[2023-06-09 23:27:02,272] {taskinstance.py:1242} INFO - Starting attempt 1 of 1
[2023-06-09 23:27:02,274] {taskinstance.py:1243} INFO - 
--------------------------------------------------------------------------------
[2023-06-09 23:27:02,390] {taskinstance.py:1262} INFO - Executing <Task(PythonOperator): parquet_to_postgres> on 2023-03-09 00:00:00+00:00
[2023-06-09 23:27:02,405] {standard_task_runner.py:52} INFO - Started process 25919 to run task
[2023-06-09 23:27:02,420] {standard_task_runner.py:76} INFO - Running: ['***', 'tasks', 'run', 'leads_raw_data_full_load_pipeline', 'parquet_to_postgres', 'scheduled__2023-03-09T00:00:00+00:00', '--job-id', '501', '--raw', '--subdir', 'DAGS_FOLDER/leads_raw_data_full_load_pipeline.py', '--cfg-path', '/tmp/tmptb1ut9k6', '--error-file', '/tmp/tmpw9z2wu89']
[2023-06-09 23:27:02,462] {standard_task_runner.py:77} INFO - Job 501: Subtask parquet_to_postgres
[2023-06-09 23:27:02,676] {logging_mixin.py:109} INFO - Running <TaskInstance: leads_raw_data_full_load_pipeline.parquet_to_postgres scheduled__2023-03-09T00:00:00+00:00 [running]> on host 6ba608d2de6e
[2023-06-09 23:27:03,145] {taskinstance.py:1414} INFO - Exporting the following env vars:
AIRFLOW_CTX_DAG_OWNER=***
AIRFLOW_CTX_DAG_ID=leads_raw_data_full_load_pipeline
AIRFLOW_CTX_TASK_ID=parquet_to_postgres
AIRFLOW_CTX_EXECUTION_DATE=2023-03-09T00:00:00+00:00
AIRFLOW_CTX_DAG_RUN_ID=scheduled__2023-03-09T00:00:00+00:00
[2023-06-09 23:27:05,368] {logging_mixin.py:109} INFO - Error loading Parquet file into PostgreSQL: (psycopg2.errors.UndefinedTable) table "leads_sft" does not exist

[SQL: 
DROP TABLE leads_sft]
(Background on this error at: http://sqlalche.me/e/13/f405)
[2023-06-09 23:27:05,370] {python.py:152} INFO - Done. Returned value was: None
[2023-06-09 23:27:05,787] {taskinstance.py:1280} INFO - Marking task as SUCCESS. dag_id=leads_raw_data_full_load_pipeline, task_id=parquet_to_postgres, execution_date=20230309T000000, start_date=20230609T232702, end_date=20230609T232705
[2023-06-09 23:27:06,107] {local_task_job.py:154} INFO - Task exited with return code 0
[2023-06-09 23:27:06,512] {local_task_job.py:264} INFO - 1 downstream tasks scheduled from follow-on schedule check
