[2023-06-09 15:08:14,967] {taskinstance.py:1035} INFO - Dependencies all met for <TaskInstance: sftp_raw_data_full_load_pipeline.extract_from_file_data_18.csv scheduled__2023-06-08T00:00:00+00:00 [queued]>
[2023-06-09 15:08:15,060] {taskinstance.py:1035} INFO - Dependencies all met for <TaskInstance: sftp_raw_data_full_load_pipeline.extract_from_file_data_18.csv scheduled__2023-06-08T00:00:00+00:00 [queued]>
[2023-06-09 15:08:15,062] {taskinstance.py:1241} INFO - 
--------------------------------------------------------------------------------
[2023-06-09 15:08:15,064] {taskinstance.py:1242} INFO - Starting attempt 1 of 1
[2023-06-09 15:08:15,065] {taskinstance.py:1243} INFO - 
--------------------------------------------------------------------------------
[2023-06-09 15:08:16,225] {taskinstance.py:1262} INFO - Executing <Task(PythonOperator): extract_from_file_data_18.csv> on 2023-06-08 00:00:00+00:00
[2023-06-09 15:08:16,237] {standard_task_runner.py:52} INFO - Started process 1341 to run task
[2023-06-09 15:08:16,265] {standard_task_runner.py:76} INFO - Running: ['***', 'tasks', 'run', 'sftp_raw_data_full_load_pipeline', 'extract_from_file_data_18.csv', 'scheduled__2023-06-08T00:00:00+00:00', '--job-id', '14', '--raw', '--subdir', 'DAGS_FOLDER/sftp_raw_data_full_load_pipeline.py', '--cfg-path', '/tmp/tmpw295mh69', '--error-file', '/tmp/tmpxspxye0p']
[2023-06-09 15:08:16,276] {standard_task_runner.py:77} INFO - Job 14: Subtask extract_from_file_data_18.csv
[2023-06-09 15:08:16,469] {logging_mixin.py:109} INFO - Running <TaskInstance: sftp_raw_data_full_load_pipeline.extract_from_file_data_18.csv scheduled__2023-06-08T00:00:00+00:00 [running]> on host 8cb5811d1998
[2023-06-09 15:08:18,202] {taskinstance.py:1414} INFO - Exporting the following env vars:
AIRFLOW_CTX_DAG_EMAIL=Hassan@gmail.com
AIRFLOW_CTX_DAG_OWNER=Hassan
AIRFLOW_CTX_DAG_ID=sftp_raw_data_full_load_pipeline
AIRFLOW_CTX_TASK_ID=extract_from_file_data_18.csv
AIRFLOW_CTX_EXECUTION_DATE=2023-06-08T00:00:00+00:00
AIRFLOW_CTX_DAG_RUN_ID=scheduled__2023-06-08T00:00:00+00:00
[2023-06-09 15:08:18,230] {logging_mixin.py:109} INFO - ((), ())
[2023-06-09 15:08:18,447] {logging_mixin.py:109} INFO - Empty DataFrame
Columns: []
Index: []
[2023-06-09 15:08:18,472] {logging_mixin.py:109} INFO - [Errno 2] No such file or directory: './data/temp_files/2023-06-09_15:08:18.452757_leads_sftp.json'
[2023-06-09 15:08:18,604] {python.py:152} INFO - Done. Returned value was: None
[2023-06-09 15:08:20,392] {taskinstance.py:1280} INFO - Marking task as SUCCESS. dag_id=sftp_raw_data_full_load_pipeline, task_id=extract_from_file_data_18.csv, execution_date=20230608T000000, start_date=20230609T150814, end_date=20230609T150820
[2023-06-09 15:08:20,704] {local_task_job.py:154} INFO - Task exited with return code 0
[2023-06-09 15:08:22,113] {local_task_job.py:264} INFO - 1 downstream tasks scheduled from follow-on schedule check
[2023-06-09 15:21:55,874] {taskinstance.py:1035} INFO - Dependencies all met for <TaskInstance: sftp_raw_data_full_load_pipeline.extract_from_file_data_18.csv manual__2023-06-09T15:20:24.730543+00:00 [queued]>
[2023-06-09 15:21:56,000] {taskinstance.py:1035} INFO - Dependencies all met for <TaskInstance: sftp_raw_data_full_load_pipeline.extract_from_file_data_18.csv manual__2023-06-09T15:20:24.730543+00:00 [queued]>
[2023-06-09 15:21:56,015] {taskinstance.py:1241} INFO - 
--------------------------------------------------------------------------------
[2023-06-09 15:21:56,016] {taskinstance.py:1242} INFO - Starting attempt 1 of 1
[2023-06-09 15:21:56,017] {taskinstance.py:1243} INFO - 
--------------------------------------------------------------------------------
[2023-06-09 15:21:57,115] {taskinstance.py:1262} INFO - Executing <Task(PythonOperator): extract_from_file_data_18.csv> on 2023-06-09 15:20:24.730543+00:00
[2023-06-09 15:21:57,138] {standard_task_runner.py:52} INFO - Started process 3296 to run task
[2023-06-09 15:21:57,175] {standard_task_runner.py:76} INFO - Running: ['***', 'tasks', 'run', 'sftp_raw_data_full_load_pipeline', 'extract_from_file_data_18.csv', 'manual__2023-06-09T15:20:24.730543+00:00', '--job-id', '57', '--raw', '--subdir', 'DAGS_FOLDER/sftp_raw_data_full_load_pipeline.py', '--cfg-path', '/tmp/tmpx5dz9lq2', '--error-file', '/tmp/tmpmfyumfqm']
[2023-06-09 15:21:57,195] {standard_task_runner.py:77} INFO - Job 57: Subtask extract_from_file_data_18.csv
[2023-06-09 15:21:57,438] {logging_mixin.py:109} INFO - Running <TaskInstance: sftp_raw_data_full_load_pipeline.extract_from_file_data_18.csv manual__2023-06-09T15:20:24.730543+00:00 [running]> on host 8cb5811d1998
[2023-06-09 15:21:57,871] {taskinstance.py:1414} INFO - Exporting the following env vars:
AIRFLOW_CTX_DAG_EMAIL=Hassan@gmail.com
AIRFLOW_CTX_DAG_OWNER=Hassan
AIRFLOW_CTX_DAG_ID=sftp_raw_data_full_load_pipeline
AIRFLOW_CTX_TASK_ID=extract_from_file_data_18.csv
AIRFLOW_CTX_EXECUTION_DATE=2023-06-09T15:20:24.730543+00:00
AIRFLOW_CTX_DAG_RUN_ID=manual__2023-06-09T15:20:24.730543+00:00
[2023-06-09 15:21:57,882] {logging_mixin.py:109} INFO - ((), ())
[2023-06-09 15:21:58,071] {logging_mixin.py:109} INFO - Empty DataFrame
Columns: []
Index: []
[2023-06-09 15:21:58,099] {logging_mixin.py:109} INFO - [Errno 2] No such file or directory: './data/temp_files/2023-06-09_15:21:58.075766_leads_sftp.json'
[2023-06-09 15:21:58,179] {python.py:152} INFO - Done. Returned value was: None
[2023-06-09 15:22:00,334] {taskinstance.py:1280} INFO - Marking task as SUCCESS. dag_id=sftp_raw_data_full_load_pipeline, task_id=extract_from_file_data_18.csv, execution_date=20230609T152024, start_date=20230609T152155, end_date=20230609T152200
[2023-06-09 15:22:00,664] {local_task_job.py:154} INFO - Task exited with return code 0
[2023-06-09 15:22:02,161] {local_task_job.py:264} INFO - 1 downstream tasks scheduled from follow-on schedule check
[2023-06-09 16:52:04,190] {taskinstance.py:1035} INFO - Dependencies all met for <TaskInstance: sftp_raw_data_full_load_pipeline.extract_from_file_data_18.csv scheduled__2023-06-08T00:00:00+00:00 [queued]>
[2023-06-09 16:52:04,520] {taskinstance.py:1035} INFO - Dependencies all met for <TaskInstance: sftp_raw_data_full_load_pipeline.extract_from_file_data_18.csv scheduled__2023-06-08T00:00:00+00:00 [queued]>
[2023-06-09 16:52:04,525] {taskinstance.py:1241} INFO - 
--------------------------------------------------------------------------------
[2023-06-09 16:52:04,530] {taskinstance.py:1242} INFO - Starting attempt 1 of 1
[2023-06-09 16:52:04,539] {taskinstance.py:1243} INFO - 
--------------------------------------------------------------------------------
[2023-06-09 16:52:04,873] {taskinstance.py:1262} INFO - Executing <Task(PythonOperator): extract_from_file_data_18.csv> on 2023-06-08 00:00:00+00:00
[2023-06-09 16:52:04,904] {standard_task_runner.py:52} INFO - Started process 671 to run task
[2023-06-09 16:52:04,995] {standard_task_runner.py:76} INFO - Running: ['***', 'tasks', 'run', 'sftp_raw_data_full_load_pipeline', 'extract_from_file_data_18.csv', 'scheduled__2023-06-08T00:00:00+00:00', '--job-id', '13', '--raw', '--subdir', 'DAGS_FOLDER/sftp_raw_data_full_load_pipeline.py', '--cfg-path', '/tmp/tmpxjw68mlm', '--error-file', '/tmp/tmpkz7o6gtd']
[2023-06-09 16:52:05,138] {standard_task_runner.py:77} INFO - Job 13: Subtask extract_from_file_data_18.csv
[2023-06-09 16:52:05,734] {logging_mixin.py:109} INFO - Running <TaskInstance: sftp_raw_data_full_load_pipeline.extract_from_file_data_18.csv scheduled__2023-06-08T00:00:00+00:00 [running]> on host 6ba608d2de6e
[2023-06-09 16:52:06,818] {taskinstance.py:1414} INFO - Exporting the following env vars:
AIRFLOW_CTX_DAG_EMAIL=Hassan@gmail.com
AIRFLOW_CTX_DAG_OWNER=Hassan
AIRFLOW_CTX_DAG_ID=sftp_raw_data_full_load_pipeline
AIRFLOW_CTX_TASK_ID=extract_from_file_data_18.csv
AIRFLOW_CTX_EXECUTION_DATE=2023-06-08T00:00:00+00:00
AIRFLOW_CTX_DAG_RUN_ID=scheduled__2023-06-08T00:00:00+00:00
[2023-06-09 16:52:11,118] {python.py:152} INFO - Done. Returned value was: None
[2023-06-09 16:52:12,784] {taskinstance.py:1280} INFO - Marking task as SUCCESS. dag_id=sftp_raw_data_full_load_pipeline, task_id=extract_from_file_data_18.csv, execution_date=20230608T000000, start_date=20230609T165204, end_date=20230609T165212
[2023-06-09 16:52:13,079] {local_task_job.py:154} INFO - Task exited with return code 0
[2023-06-09 16:52:15,554] {local_task_job.py:264} INFO - 1 downstream tasks scheduled from follow-on schedule check
