[2023-06-09 15:08:12,493] {taskinstance.py:1035} INFO - Dependencies all met for <TaskInstance: sftp_raw_data_full_load_pipeline.extract_from_file_data_21.csv scheduled__2023-06-08T00:00:00+00:00 [queued]>
[2023-06-09 15:08:12,691] {taskinstance.py:1035} INFO - Dependencies all met for <TaskInstance: sftp_raw_data_full_load_pipeline.extract_from_file_data_21.csv scheduled__2023-06-08T00:00:00+00:00 [queued]>
[2023-06-09 15:08:12,697] {taskinstance.py:1241} INFO - 
--------------------------------------------------------------------------------
[2023-06-09 15:08:12,711] {taskinstance.py:1242} INFO - Starting attempt 1 of 1
[2023-06-09 15:08:12,713] {taskinstance.py:1243} INFO - 
--------------------------------------------------------------------------------
[2023-06-09 15:08:13,298] {taskinstance.py:1262} INFO - Executing <Task(PythonOperator): extract_from_file_data_21.csv> on 2023-06-08 00:00:00+00:00
[2023-06-09 15:08:13,321] {standard_task_runner.py:52} INFO - Started process 1310 to run task
[2023-06-09 15:08:13,332] {standard_task_runner.py:76} INFO - Running: ['***', 'tasks', 'run', 'sftp_raw_data_full_load_pipeline', 'extract_from_file_data_21.csv', 'scheduled__2023-06-08T00:00:00+00:00', '--job-id', '6', '--raw', '--subdir', 'DAGS_FOLDER/sftp_raw_data_full_load_pipeline.py', '--cfg-path', '/tmp/tmpytczjmnr', '--error-file', '/tmp/tmp8u8w5682']
[2023-06-09 15:08:13,353] {standard_task_runner.py:77} INFO - Job 6: Subtask extract_from_file_data_21.csv
[2023-06-09 15:08:13,491] {logging_mixin.py:109} INFO - Running <TaskInstance: sftp_raw_data_full_load_pipeline.extract_from_file_data_21.csv scheduled__2023-06-08T00:00:00+00:00 [running]> on host 8cb5811d1998
[2023-06-09 15:08:14,112] {taskinstance.py:1414} INFO - Exporting the following env vars:
AIRFLOW_CTX_DAG_EMAIL=Hassan@gmail.com
AIRFLOW_CTX_DAG_OWNER=Hassan
AIRFLOW_CTX_DAG_ID=sftp_raw_data_full_load_pipeline
AIRFLOW_CTX_TASK_ID=extract_from_file_data_21.csv
AIRFLOW_CTX_EXECUTION_DATE=2023-06-08T00:00:00+00:00
AIRFLOW_CTX_DAG_RUN_ID=scheduled__2023-06-08T00:00:00+00:00
[2023-06-09 15:08:14,149] {logging_mixin.py:109} INFO - ((), ())
[2023-06-09 15:08:14,311] {logging_mixin.py:109} INFO - Empty DataFrame
Columns: []
Index: []
[2023-06-09 15:08:14,334] {logging_mixin.py:109} INFO - [Errno 2] No such file or directory: './data/temp_files/2023-06-09_15:08:14.313491_leads_sftp.json'
[2023-06-09 15:08:14,387] {python.py:152} INFO - Done. Returned value was: None
[2023-06-09 15:08:15,665] {taskinstance.py:1280} INFO - Marking task as SUCCESS. dag_id=sftp_raw_data_full_load_pipeline, task_id=extract_from_file_data_21.csv, execution_date=20230608T000000, start_date=20230609T150812, end_date=20230609T150815
[2023-06-09 15:08:15,761] {local_task_job.py:154} INFO - Task exited with return code 0
[2023-06-09 15:08:16,627] {local_task_job.py:264} INFO - 1 downstream tasks scheduled from follow-on schedule check
[2023-06-09 15:21:55,466] {taskinstance.py:1035} INFO - Dependencies all met for <TaskInstance: sftp_raw_data_full_load_pipeline.extract_from_file_data_21.csv manual__2023-06-09T15:20:24.730543+00:00 [queued]>
[2023-06-09 15:21:55,585] {taskinstance.py:1035} INFO - Dependencies all met for <TaskInstance: sftp_raw_data_full_load_pipeline.extract_from_file_data_21.csv manual__2023-06-09T15:20:24.730543+00:00 [queued]>
[2023-06-09 15:21:55,587] {taskinstance.py:1241} INFO - 
--------------------------------------------------------------------------------
[2023-06-09 15:21:55,588] {taskinstance.py:1242} INFO - Starting attempt 1 of 1
[2023-06-09 15:21:55,591] {taskinstance.py:1243} INFO - 
--------------------------------------------------------------------------------
[2023-06-09 15:21:55,729] {taskinstance.py:1262} INFO - Executing <Task(PythonOperator): extract_from_file_data_21.csv> on 2023-06-09 15:20:24.730543+00:00
[2023-06-09 15:21:55,751] {standard_task_runner.py:52} INFO - Started process 3280 to run task
[2023-06-09 15:21:55,781] {standard_task_runner.py:76} INFO - Running: ['***', 'tasks', 'run', 'sftp_raw_data_full_load_pipeline', 'extract_from_file_data_21.csv', 'manual__2023-06-09T15:20:24.730543+00:00', '--job-id', '52', '--raw', '--subdir', 'DAGS_FOLDER/sftp_raw_data_full_load_pipeline.py', '--cfg-path', '/tmp/tmplsgsag8g', '--error-file', '/tmp/tmpwdkkgweb']
[2023-06-09 15:21:55,806] {standard_task_runner.py:77} INFO - Job 52: Subtask extract_from_file_data_21.csv
[2023-06-09 15:21:56,070] {logging_mixin.py:109} INFO - Running <TaskInstance: sftp_raw_data_full_load_pipeline.extract_from_file_data_21.csv manual__2023-06-09T15:20:24.730543+00:00 [running]> on host 8cb5811d1998
[2023-06-09 15:21:56,317] {taskinstance.py:1414} INFO - Exporting the following env vars:
AIRFLOW_CTX_DAG_EMAIL=Hassan@gmail.com
AIRFLOW_CTX_DAG_OWNER=Hassan
AIRFLOW_CTX_DAG_ID=sftp_raw_data_full_load_pipeline
AIRFLOW_CTX_TASK_ID=extract_from_file_data_21.csv
AIRFLOW_CTX_EXECUTION_DATE=2023-06-09T15:20:24.730543+00:00
AIRFLOW_CTX_DAG_RUN_ID=manual__2023-06-09T15:20:24.730543+00:00
[2023-06-09 15:21:56,330] {logging_mixin.py:109} INFO - ((), ())
[2023-06-09 15:21:56,436] {logging_mixin.py:109} INFO - Empty DataFrame
Columns: []
Index: []
[2023-06-09 15:21:56,443] {logging_mixin.py:109} INFO - [Errno 2] No such file or directory: './data/temp_files/2023-06-09_15:21:56.437766_leads_sftp.json'
[2023-06-09 15:21:56,467] {python.py:152} INFO - Done. Returned value was: None
[2023-06-09 15:21:57,839] {taskinstance.py:1280} INFO - Marking task as SUCCESS. dag_id=sftp_raw_data_full_load_pipeline, task_id=extract_from_file_data_21.csv, execution_date=20230609T152024, start_date=20230609T152155, end_date=20230609T152157
[2023-06-09 15:21:58,053] {local_task_job.py:154} INFO - Task exited with return code 0
[2023-06-09 15:21:59,346] {local_task_job.py:264} INFO - 1 downstream tasks scheduled from follow-on schedule check
[2023-06-09 16:52:01,419] {taskinstance.py:1035} INFO - Dependencies all met for <TaskInstance: sftp_raw_data_full_load_pipeline.extract_from_file_data_21.csv scheduled__2023-06-08T00:00:00+00:00 [queued]>
[2023-06-09 16:52:01,753] {taskinstance.py:1035} INFO - Dependencies all met for <TaskInstance: sftp_raw_data_full_load_pipeline.extract_from_file_data_21.csv scheduled__2023-06-08T00:00:00+00:00 [queued]>
[2023-06-09 16:52:01,762] {taskinstance.py:1241} INFO - 
--------------------------------------------------------------------------------
[2023-06-09 16:52:01,765] {taskinstance.py:1242} INFO - Starting attempt 1 of 1
[2023-06-09 16:52:01,768] {taskinstance.py:1243} INFO - 
--------------------------------------------------------------------------------
[2023-06-09 16:52:03,308] {taskinstance.py:1262} INFO - Executing <Task(PythonOperator): extract_from_file_data_21.csv> on 2023-06-08 00:00:00+00:00
[2023-06-09 16:52:03,339] {standard_task_runner.py:52} INFO - Started process 639 to run task
[2023-06-09 16:52:03,389] {standard_task_runner.py:76} INFO - Running: ['***', 'tasks', 'run', 'sftp_raw_data_full_load_pipeline', 'extract_from_file_data_21.csv', 'scheduled__2023-06-08T00:00:00+00:00', '--job-id', '5', '--raw', '--subdir', 'DAGS_FOLDER/sftp_raw_data_full_load_pipeline.py', '--cfg-path', '/tmp/tmpfo398s_f', '--error-file', '/tmp/tmph4d0uzgo']
[2023-06-09 16:52:03,399] {standard_task_runner.py:77} INFO - Job 5: Subtask extract_from_file_data_21.csv
[2023-06-09 16:52:03,545] {logging_mixin.py:109} INFO - Running <TaskInstance: sftp_raw_data_full_load_pipeline.extract_from_file_data_21.csv scheduled__2023-06-08T00:00:00+00:00 [running]> on host 6ba608d2de6e
[2023-06-09 16:52:04,158] {taskinstance.py:1414} INFO - Exporting the following env vars:
AIRFLOW_CTX_DAG_EMAIL=Hassan@gmail.com
AIRFLOW_CTX_DAG_OWNER=Hassan
AIRFLOW_CTX_DAG_ID=sftp_raw_data_full_load_pipeline
AIRFLOW_CTX_TASK_ID=extract_from_file_data_21.csv
AIRFLOW_CTX_EXECUTION_DATE=2023-06-08T00:00:00+00:00
AIRFLOW_CTX_DAG_RUN_ID=scheduled__2023-06-08T00:00:00+00:00
[2023-06-09 16:52:07,895] {python.py:152} INFO - Done. Returned value was: None
[2023-06-09 16:52:07,973] {taskinstance.py:1280} INFO - Marking task as SUCCESS. dag_id=sftp_raw_data_full_load_pipeline, task_id=extract_from_file_data_21.csv, execution_date=20230608T000000, start_date=20230609T165201, end_date=20230609T165207
[2023-06-09 16:52:08,108] {local_task_job.py:154} INFO - Task exited with return code 0
[2023-06-09 16:52:08,713] {local_task_job.py:264} INFO - 1 downstream tasks scheduled from follow-on schedule check
