[2023-06-09 22:28:58,017] {taskinstance.py:1035} INFO - Dependencies all met for <TaskInstance: sftp_raw_data_inc_load_pipeline.extract_from_file_data_17.csv manual__2023-06-09T22:03:08.195880+00:00 [queued]>
[2023-06-09 22:28:58,117] {taskinstance.py:1035} INFO - Dependencies all met for <TaskInstance: sftp_raw_data_inc_load_pipeline.extract_from_file_data_17.csv manual__2023-06-09T22:03:08.195880+00:00 [queued]>
[2023-06-09 22:28:58,119] {taskinstance.py:1241} INFO - 
--------------------------------------------------------------------------------
[2023-06-09 22:28:58,121] {taskinstance.py:1242} INFO - Starting attempt 5 of 5
[2023-06-09 22:28:58,128] {taskinstance.py:1243} INFO - 
--------------------------------------------------------------------------------
[2023-06-09 22:28:58,228] {taskinstance.py:1262} INFO - Executing <Task(PythonOperator): extract_from_file_data_17.csv> on 2023-06-09 22:03:08.195880+00:00
[2023-06-09 22:28:58,237] {standard_task_runner.py:52} INFO - Started process 17407 to run task
[2023-06-09 22:28:58,263] {standard_task_runner.py:76} INFO - Running: ['***', 'tasks', 'run', 'sftp_raw_data_inc_load_pipeline', 'extract_from_file_data_17.csv', 'manual__2023-06-09T22:03:08.195880+00:00', '--job-id', '283', '--raw', '--subdir', 'DAGS_FOLDER/sftp_raw_data_inc_load_pipeline.py', '--cfg-path', '/tmp/tmp2po2ef9w', '--error-file', '/tmp/tmphpc57lb6']
[2023-06-09 22:28:58,282] {standard_task_runner.py:77} INFO - Job 283: Subtask extract_from_file_data_17.csv
[2023-06-09 22:28:58,509] {logging_mixin.py:109} INFO - Running <TaskInstance: sftp_raw_data_inc_load_pipeline.extract_from_file_data_17.csv manual__2023-06-09T22:03:08.195880+00:00 [running]> on host 6ba608d2de6e
[2023-06-09 22:28:58,870] {taskinstance.py:1414} INFO - Exporting the following env vars:
AIRFLOW_CTX_DAG_EMAIL=Hassan@gmail.com
AIRFLOW_CTX_DAG_OWNER=Hassan
AIRFLOW_CTX_DAG_ID=sftp_raw_data_inc_load_pipeline
AIRFLOW_CTX_TASK_ID=extract_from_file_data_17.csv
AIRFLOW_CTX_EXECUTION_DATE=2023-06-09T22:03:08.195880+00:00
AIRFLOW_CTX_DAG_RUN_ID=manual__2023-06-09T22:03:08.195880+00:00
[2023-06-09 22:29:02,308] {python.py:152} INFO - Done. Returned value was: None
[2023-06-09 22:29:02,938] {taskinstance.py:1280} INFO - Marking task as SUCCESS. dag_id=sftp_raw_data_inc_load_pipeline, task_id=extract_from_file_data_17.csv, execution_date=20230609T220308, start_date=20230609T222858, end_date=20230609T222902
[2023-06-09 22:29:03,169] {local_task_job.py:154} INFO - Task exited with return code 0
[2023-06-09 22:29:05,616] {local_task_job.py:264} INFO - 1 downstream tasks scheduled from follow-on schedule check
