[2023-06-09 22:30:40,875] {taskinstance.py:1035} INFO - Dependencies all met for <TaskInstance: sftp_raw_data_inc_load_pipeline.extract_from_file_data_17.csv manual__2023-06-09T22:03:08.195880+00:00 [queued]>
[2023-06-09 22:30:41,082] {taskinstance.py:1035} INFO - Dependencies all met for <TaskInstance: sftp_raw_data_inc_load_pipeline.extract_from_file_data_17.csv manual__2023-06-09T22:03:08.195880+00:00 [queued]>
[2023-06-09 22:30:41,083] {taskinstance.py:1241} INFO - 
--------------------------------------------------------------------------------
[2023-06-09 22:30:41,084] {taskinstance.py:1242} INFO - Starting attempt 6 of 6
[2023-06-09 22:30:41,085] {taskinstance.py:1243} INFO - 
--------------------------------------------------------------------------------
[2023-06-09 22:30:41,629] {taskinstance.py:1262} INFO - Executing <Task(PythonOperator): extract_from_file_data_17.csv> on 2023-06-09 22:03:08.195880+00:00
[2023-06-09 22:30:41,646] {standard_task_runner.py:52} INFO - Started process 17957 to run task
[2023-06-09 22:30:41,696] {standard_task_runner.py:76} INFO - Running: ['***', 'tasks', 'run', 'sftp_raw_data_inc_load_pipeline', 'extract_from_file_data_17.csv', 'manual__2023-06-09T22:03:08.195880+00:00', '--job-id', '323', '--raw', '--subdir', 'DAGS_FOLDER/sftp_raw_data_inc_load_pipeline.py', '--cfg-path', '/tmp/tmp5a83sljm', '--error-file', '/tmp/tmparcz_hlv']
[2023-06-09 22:30:41,731] {standard_task_runner.py:77} INFO - Job 323: Subtask extract_from_file_data_17.csv
[2023-06-09 22:30:41,891] {logging_mixin.py:109} INFO - Running <TaskInstance: sftp_raw_data_inc_load_pipeline.extract_from_file_data_17.csv manual__2023-06-09T22:03:08.195880+00:00 [running]> on host 6ba608d2de6e
[2023-06-09 22:30:42,228] {taskinstance.py:1414} INFO - Exporting the following env vars:
AIRFLOW_CTX_DAG_EMAIL=Hassan@gmail.com
AIRFLOW_CTX_DAG_OWNER=Hassan
AIRFLOW_CTX_DAG_ID=sftp_raw_data_inc_load_pipeline
AIRFLOW_CTX_TASK_ID=extract_from_file_data_17.csv
AIRFLOW_CTX_EXECUTION_DATE=2023-06-09T22:03:08.195880+00:00
AIRFLOW_CTX_DAG_RUN_ID=manual__2023-06-09T22:03:08.195880+00:00
[2023-06-09 22:30:44,811] {python.py:152} INFO - Done. Returned value was: None
[2023-06-09 22:30:45,209] {taskinstance.py:1280} INFO - Marking task as SUCCESS. dag_id=sftp_raw_data_inc_load_pipeline, task_id=extract_from_file_data_17.csv, execution_date=20230609T220308, start_date=20230609T223040, end_date=20230609T223045
[2023-06-09 22:30:45,591] {local_task_job.py:154} INFO - Task exited with return code 0
[2023-06-09 22:30:46,170] {local_task_job.py:264} INFO - 1 downstream tasks scheduled from follow-on schedule check
