[2023-06-09 23:27:17,874] {taskinstance.py:1035} INFO - Dependencies all met for <TaskInstance: leads_raw_data_full_load_pipeline.parquet_to_postgres scheduled__2023-03-17T00:00:00+00:00 [queued]>
[2023-06-09 23:27:18,417] {taskinstance.py:1035} INFO - Dependencies all met for <TaskInstance: leads_raw_data_full_load_pipeline.parquet_to_postgres scheduled__2023-03-17T00:00:00+00:00 [queued]>
[2023-06-09 23:27:18,422] {taskinstance.py:1241} INFO - 
--------------------------------------------------------------------------------
[2023-06-09 23:27:18,441] {taskinstance.py:1242} INFO - Starting attempt 1 of 1
[2023-06-09 23:27:18,454] {taskinstance.py:1243} INFO - 
--------------------------------------------------------------------------------
[2023-06-09 23:27:20,912] {taskinstance.py:1262} INFO - Executing <Task(PythonOperator): parquet_to_postgres> on 2023-03-17 00:00:00+00:00
[2023-06-09 23:27:20,930] {standard_task_runner.py:52} INFO - Started process 26074 to run task
[2023-06-09 23:27:20,960] {standard_task_runner.py:76} INFO - Running: ['***', 'tasks', 'run', 'leads_raw_data_full_load_pipeline', 'parquet_to_postgres', 'scheduled__2023-03-17T00:00:00+00:00', '--job-id', '508', '--raw', '--subdir', 'DAGS_FOLDER/leads_raw_data_full_load_pipeline.py', '--cfg-path', '/tmp/tmpjha21b1o', '--error-file', '/tmp/tmpdo2gk3a4']
[2023-06-09 23:27:20,973] {standard_task_runner.py:77} INFO - Job 508: Subtask parquet_to_postgres
[2023-06-09 23:27:21,239] {logging_mixin.py:109} INFO - Running <TaskInstance: leads_raw_data_full_load_pipeline.parquet_to_postgres scheduled__2023-03-17T00:00:00+00:00 [running]> on host 6ba608d2de6e
[2023-06-09 23:27:21,552] {taskinstance.py:1414} INFO - Exporting the following env vars:
AIRFLOW_CTX_DAG_OWNER=***
AIRFLOW_CTX_DAG_ID=leads_raw_data_full_load_pipeline
AIRFLOW_CTX_TASK_ID=parquet_to_postgres
AIRFLOW_CTX_EXECUTION_DATE=2023-03-17T00:00:00+00:00
AIRFLOW_CTX_DAG_RUN_ID=scheduled__2023-03-17T00:00:00+00:00
[2023-06-09 23:27:31,211] {logging_mixin.py:109} INFO - Parquet file loaded into PostgreSQL successfully.
[2023-06-09 23:27:31,214] {python.py:152} INFO - Done. Returned value was: None
[2023-06-09 23:27:31,304] {taskinstance.py:1280} INFO - Marking task as SUCCESS. dag_id=leads_raw_data_full_load_pipeline, task_id=parquet_to_postgres, execution_date=20230317T000000, start_date=20230609T232717, end_date=20230609T232731
[2023-06-09 23:27:31,630] {local_task_job.py:154} INFO - Task exited with return code 0
[2023-06-09 23:27:33,042] {local_task_job.py:264} INFO - 0 downstream tasks scheduled from follow-on schedule check
