[2023-06-09 21:25:55,867] {taskinstance.py:1035} INFO - Dependencies all met for <TaskInstance: sftp_raw_data_full_load_pipeline.load_sftp_datadata_2.csv scheduled__2023-06-08T00:00:00+00:00 [queued]>
[2023-06-09 21:25:55,945] {taskinstance.py:1035} INFO - Dependencies all met for <TaskInstance: sftp_raw_data_full_load_pipeline.load_sftp_datadata_2.csv scheduled__2023-06-08T00:00:00+00:00 [queued]>
[2023-06-09 21:25:55,947] {taskinstance.py:1241} INFO - 
--------------------------------------------------------------------------------
[2023-06-09 21:25:55,948] {taskinstance.py:1242} INFO - Starting attempt 2 of 2
[2023-06-09 21:25:55,949] {taskinstance.py:1243} INFO - 
--------------------------------------------------------------------------------
[2023-06-09 21:25:55,988] {taskinstance.py:1262} INFO - Executing <Task(PythonOperator): load_sftp_datadata_2.csv> on 2023-06-08 00:00:00+00:00
[2023-06-09 21:25:55,999] {standard_task_runner.py:52} INFO - Started process 8110 to run task
[2023-06-09 21:25:56,006] {standard_task_runner.py:76} INFO - Running: ['***', 'tasks', 'run', 'sftp_raw_data_full_load_pipeline', 'load_sftp_datadata_2.csv', 'scheduled__2023-06-08T00:00:00+00:00', '--job-id', '49', '--raw', '--subdir', 'DAGS_FOLDER/sftp_raw_data_full_load_pipeline.py', '--cfg-path', '/tmp/tmp0k431lta', '--error-file', '/tmp/tmpxpz5af1u']
[2023-06-09 21:25:56,015] {standard_task_runner.py:77} INFO - Job 49: Subtask load_sftp_datadata_2.csv
[2023-06-09 21:25:56,115] {logging_mixin.py:109} INFO - Running <TaskInstance: sftp_raw_data_full_load_pipeline.load_sftp_datadata_2.csv scheduled__2023-06-08T00:00:00+00:00 [running]> on host 6ba608d2de6e
[2023-06-09 21:25:56,229] {taskinstance.py:1414} INFO - Exporting the following env vars:
AIRFLOW_CTX_DAG_EMAIL=Hassan@gmail.com
AIRFLOW_CTX_DAG_OWNER=Hassan
AIRFLOW_CTX_DAG_ID=sftp_raw_data_full_load_pipeline
AIRFLOW_CTX_TASK_ID=load_sftp_datadata_2.csv
AIRFLOW_CTX_EXECUTION_DATE=2023-06-08T00:00:00+00:00
AIRFLOW_CTX_DAG_RUN_ID=scheduled__2023-06-08T00:00:00+00:00
[2023-06-09 21:25:56,253] {logging_mixin.py:109} INFO - error while inserting to table: [Errno 2] No such file or directory: '/opt/data/temp_files/None'
[2023-06-09 21:25:56,299] {local_task_job.py:154} INFO - Task exited with return code 1
[2023-06-09 21:25:56,358] {taskinstance.py:1280} INFO - Marking task as FAILED. dag_id=sftp_raw_data_full_load_pipeline, task_id=load_sftp_datadata_2.csv, execution_date=20230608T000000, start_date=20230609T212555, end_date=20230609T212556
[2023-06-09 21:25:56,467] {local_task_job.py:264} INFO - 0 downstream tasks scheduled from follow-on schedule check
