[2023-06-09 21:29:06,713] {taskinstance.py:1035} INFO - Dependencies all met for <TaskInstance: sftp_raw_data_full_load_pipeline.load_sftp_datadata_2.csv scheduled__2023-06-08T00:00:00+00:00 [queued]>
[2023-06-09 21:29:06,788] {taskinstance.py:1035} INFO - Dependencies all met for <TaskInstance: sftp_raw_data_full_load_pipeline.load_sftp_datadata_2.csv scheduled__2023-06-08T00:00:00+00:00 [queued]>
[2023-06-09 21:29:06,789] {taskinstance.py:1241} INFO - 
--------------------------------------------------------------------------------
[2023-06-09 21:29:06,790] {taskinstance.py:1242} INFO - Starting attempt 3 of 3
[2023-06-09 21:29:06,791] {taskinstance.py:1243} INFO - 
--------------------------------------------------------------------------------
[2023-06-09 21:29:06,829] {taskinstance.py:1262} INFO - Executing <Task(PythonOperator): load_sftp_datadata_2.csv> on 2023-06-08 00:00:00+00:00
[2023-06-09 21:29:06,840] {standard_task_runner.py:52} INFO - Started process 8506 to run task
[2023-06-09 21:29:06,848] {standard_task_runner.py:76} INFO - Running: ['***', 'tasks', 'run', 'sftp_raw_data_full_load_pipeline', 'load_sftp_datadata_2.csv', 'scheduled__2023-06-08T00:00:00+00:00', '--job-id', '51', '--raw', '--subdir', 'DAGS_FOLDER/sftp_raw_data_full_load_pipeline.py', '--cfg-path', '/tmp/tmpeui1pv50', '--error-file', '/tmp/tmp2kl4o5ox']
[2023-06-09 21:29:06,857] {standard_task_runner.py:77} INFO - Job 51: Subtask load_sftp_datadata_2.csv
[2023-06-09 21:29:06,954] {logging_mixin.py:109} INFO - Running <TaskInstance: sftp_raw_data_full_load_pipeline.load_sftp_datadata_2.csv scheduled__2023-06-08T00:00:00+00:00 [running]> on host 6ba608d2de6e
[2023-06-09 21:29:07,068] {taskinstance.py:1414} INFO - Exporting the following env vars:
AIRFLOW_CTX_DAG_EMAIL=Hassan@gmail.com
AIRFLOW_CTX_DAG_OWNER=Hassan
AIRFLOW_CTX_DAG_ID=sftp_raw_data_full_load_pipeline
AIRFLOW_CTX_TASK_ID=load_sftp_datadata_2.csv
AIRFLOW_CTX_EXECUTION_DATE=2023-06-08T00:00:00+00:00
AIRFLOW_CTX_DAG_RUN_ID=scheduled__2023-06-08T00:00:00+00:00
[2023-06-09 21:29:07,091] {logging_mixin.py:109} INFO - error while inserting to table: Invalid file path or buffer object type: <class 'NoneType'>
[2023-06-09 21:29:07,140] {local_task_job.py:154} INFO - Task exited with return code 1
[2023-06-09 21:29:07,201] {taskinstance.py:1280} INFO - Marking task as FAILED. dag_id=sftp_raw_data_full_load_pipeline, task_id=load_sftp_datadata_2.csv, execution_date=20230608T000000, start_date=20230609T212906, end_date=20230609T212907
[2023-06-09 21:29:07,314] {local_task_job.py:264} INFO - 0 downstream tasks scheduled from follow-on schedule check
