[2023-06-09 21:41:06,237] {taskinstance.py:1035} INFO - Dependencies all met for <TaskInstance: sftp_raw_data_full_load_pipeline.load_sftp_datadata_2.csv scheduled__2023-06-08T00:00:00+00:00 [queued]>
[2023-06-09 21:41:06,313] {taskinstance.py:1035} INFO - Dependencies all met for <TaskInstance: sftp_raw_data_full_load_pipeline.load_sftp_datadata_2.csv scheduled__2023-06-08T00:00:00+00:00 [queued]>
[2023-06-09 21:41:06,314] {taskinstance.py:1241} INFO - 
--------------------------------------------------------------------------------
[2023-06-09 21:41:06,315] {taskinstance.py:1242} INFO - Starting attempt 4 of 4
[2023-06-09 21:41:06,316] {taskinstance.py:1243} INFO - 
--------------------------------------------------------------------------------
[2023-06-09 21:41:06,361] {taskinstance.py:1262} INFO - Executing <Task(PythonOperator): load_sftp_datadata_2.csv> on 2023-06-08 00:00:00+00:00
[2023-06-09 21:41:06,372] {standard_task_runner.py:52} INFO - Started process 9928 to run task
[2023-06-09 21:41:06,380] {standard_task_runner.py:76} INFO - Running: ['***', 'tasks', 'run', 'sftp_raw_data_full_load_pipeline', 'load_sftp_datadata_2.csv', 'scheduled__2023-06-08T00:00:00+00:00', '--job-id', '53', '--raw', '--subdir', 'DAGS_FOLDER/sftp_raw_data_full_load_pipeline.py', '--cfg-path', '/tmp/tmpzz4pemhb', '--error-file', '/tmp/tmpjwv_pg8g']
[2023-06-09 21:41:06,390] {standard_task_runner.py:77} INFO - Job 53: Subtask load_sftp_datadata_2.csv
[2023-06-09 21:41:06,494] {logging_mixin.py:109} INFO - Running <TaskInstance: sftp_raw_data_full_load_pipeline.load_sftp_datadata_2.csv scheduled__2023-06-08T00:00:00+00:00 [running]> on host 6ba608d2de6e
[2023-06-09 21:41:06,609] {taskinstance.py:1414} INFO - Exporting the following env vars:
AIRFLOW_CTX_DAG_EMAIL=Hassan@gmail.com
AIRFLOW_CTX_DAG_OWNER=Hassan
AIRFLOW_CTX_DAG_ID=sftp_raw_data_full_load_pipeline
AIRFLOW_CTX_TASK_ID=load_sftp_datadata_2.csv
AIRFLOW_CTX_EXECUTION_DATE=2023-06-08T00:00:00+00:00
AIRFLOW_CTX_DAG_RUN_ID=scheduled__2023-06-08T00:00:00+00:00
[2023-06-09 21:41:06,632] {logging_mixin.py:109} INFO - error while inserting to table: Invalid file path or buffer object type: <class 'NoneType'>
[2023-06-09 21:41:06,672] {local_task_job.py:154} INFO - Task exited with return code 1
[2023-06-09 21:41:06,734] {taskinstance.py:1280} INFO - Marking task as FAILED. dag_id=sftp_raw_data_full_load_pipeline, task_id=load_sftp_datadata_2.csv, execution_date=20230608T000000, start_date=20230609T214106, end_date=20230609T214106
[2023-06-09 21:41:06,841] {local_task_job.py:264} INFO - 0 downstream tasks scheduled from follow-on schedule check
