[2023-06-09 23:24:20,636] {taskinstance.py:1035} INFO - Dependencies all met for <TaskInstance: leads_raw_data_full_load_pipeline.parquet_to_postgres manual__2023-06-09T23:24:14.126315+00:00 [queued]>
[2023-06-09 23:24:20,765] {taskinstance.py:1035} INFO - Dependencies all met for <TaskInstance: leads_raw_data_full_load_pipeline.parquet_to_postgres manual__2023-06-09T23:24:14.126315+00:00 [queued]>
[2023-06-09 23:24:20,769] {taskinstance.py:1241} INFO - 
--------------------------------------------------------------------------------
[2023-06-09 23:24:20,770] {taskinstance.py:1242} INFO - Starting attempt 1 of 1
[2023-06-09 23:24:20,771] {taskinstance.py:1243} INFO - 
--------------------------------------------------------------------------------
[2023-06-09 23:24:20,875] {taskinstance.py:1262} INFO - Executing <Task(PythonOperator): parquet_to_postgres> on 2023-06-09 23:24:14.126315+00:00
[2023-06-09 23:24:20,885] {standard_task_runner.py:52} INFO - Started process 24538 to run task
[2023-06-09 23:24:20,906] {standard_task_runner.py:76} INFO - Running: ['***', 'tasks', 'run', 'leads_raw_data_full_load_pipeline', 'parquet_to_postgres', 'manual__2023-06-09T23:24:14.126315+00:00', '--job-id', '432', '--raw', '--subdir', 'DAGS_FOLDER/leads_raw_data_full_load_pipeline.py', '--cfg-path', '/tmp/tmp3c8s91eu', '--error-file', '/tmp/tmp8ors8jwy']
[2023-06-09 23:24:20,925] {standard_task_runner.py:77} INFO - Job 432: Subtask parquet_to_postgres
[2023-06-09 23:24:21,213] {logging_mixin.py:109} INFO - Running <TaskInstance: leads_raw_data_full_load_pipeline.parquet_to_postgres manual__2023-06-09T23:24:14.126315+00:00 [running]> on host 6ba608d2de6e
[2023-06-09 23:24:21,525] {taskinstance.py:1414} INFO - Exporting the following env vars:
AIRFLOW_CTX_DAG_OWNER=***
AIRFLOW_CTX_DAG_ID=leads_raw_data_full_load_pipeline
AIRFLOW_CTX_TASK_ID=parquet_to_postgres
AIRFLOW_CTX_EXECUTION_DATE=2023-06-09T23:24:14.126315+00:00
AIRFLOW_CTX_DAG_RUN_ID=manual__2023-06-09T23:24:14.126315+00:00
[2023-06-09 23:24:29,317] {logging_mixin.py:109} INFO - Parquet file loaded into PostgreSQL successfully.
[2023-06-09 23:24:29,321] {python.py:152} INFO - Done. Returned value was: None
[2023-06-09 23:24:30,770] {taskinstance.py:1280} INFO - Marking task as SUCCESS. dag_id=leads_raw_data_full_load_pipeline, task_id=parquet_to_postgres, execution_date=20230609T232414, start_date=20230609T232420, end_date=20230609T232430
[2023-06-09 23:24:31,431] {local_task_job.py:154} INFO - Task exited with return code 0
[2023-06-09 23:24:31,999] {local_task_job.py:264} INFO - 1 downstream tasks scheduled from follow-on schedule check
[2023-06-09 23:30:46,243] {taskinstance.py:1035} INFO - Dependencies all met for <TaskInstance: leads_raw_data_full_load_pipeline.parquet_to_postgres scheduled__2023-06-08T00:00:00+00:00 [queued]>
[2023-06-09 23:30:46,346] {taskinstance.py:1035} INFO - Dependencies all met for <TaskInstance: leads_raw_data_full_load_pipeline.parquet_to_postgres scheduled__2023-06-08T00:00:00+00:00 [queued]>
[2023-06-09 23:30:46,348] {taskinstance.py:1241} INFO - 
--------------------------------------------------------------------------------
[2023-06-09 23:30:46,349] {taskinstance.py:1242} INFO - Starting attempt 1 of 1
[2023-06-09 23:30:46,351] {taskinstance.py:1243} INFO - 
--------------------------------------------------------------------------------
[2023-06-09 23:30:46,447] {taskinstance.py:1262} INFO - Executing <Task(PythonOperator): parquet_to_postgres> on 2023-06-08 00:00:00+00:00
[2023-06-09 23:30:46,459] {standard_task_runner.py:52} INFO - Started process 27716 to run task
[2023-06-09 23:30:46,472] {standard_task_runner.py:76} INFO - Running: ['***', 'tasks', 'run', 'leads_raw_data_full_load_pipeline', 'parquet_to_postgres', 'scheduled__2023-06-08T00:00:00+00:00', '--job-id', '591', '--raw', '--subdir', 'DAGS_FOLDER/leads_raw_data_full_load_pipeline.py', '--cfg-path', '/tmp/tmp24bwvw0v', '--error-file', '/tmp/tmpqkjj00d2']
[2023-06-09 23:30:46,489] {standard_task_runner.py:77} INFO - Job 591: Subtask parquet_to_postgres
[2023-06-09 23:30:46,641] {logging_mixin.py:109} INFO - Running <TaskInstance: leads_raw_data_full_load_pipeline.parquet_to_postgres scheduled__2023-06-08T00:00:00+00:00 [running]> on host 6ba608d2de6e
[2023-06-09 23:30:46,839] {taskinstance.py:1414} INFO - Exporting the following env vars:
AIRFLOW_CTX_DAG_OWNER=***
AIRFLOW_CTX_DAG_ID=leads_raw_data_full_load_pipeline
AIRFLOW_CTX_TASK_ID=parquet_to_postgres
AIRFLOW_CTX_EXECUTION_DATE=2023-06-08T00:00:00+00:00
AIRFLOW_CTX_DAG_RUN_ID=scheduled__2023-06-08T00:00:00+00:00
[2023-06-09 23:30:50,914] {logging_mixin.py:109} INFO - Error loading Parquet file into PostgreSQL: (psycopg2.errors.UndefinedTable) table "leads_sft" does not exist

[SQL: 
DROP TABLE leads_sft]
(Background on this error at: http://sqlalche.me/e/13/f405)
[2023-06-09 23:30:50,921] {python.py:152} INFO - Done. Returned value was: None
[2023-06-09 23:30:51,139] {taskinstance.py:1280} INFO - Marking task as SUCCESS. dag_id=leads_raw_data_full_load_pipeline, task_id=parquet_to_postgres, execution_date=20230608T000000, start_date=20230609T233046, end_date=20230609T233051
[2023-06-09 23:30:51,281] {local_task_job.py:154} INFO - Task exited with return code 0
[2023-06-09 23:30:51,415] {local_task_job.py:264} INFO - 1 downstream tasks scheduled from follow-on schedule check
