[2023-06-09 22:28:58,794] {taskinstance.py:1035} INFO - Dependencies all met for <TaskInstance: sftp_raw_data_inc_load_pipeline.extract_from_file_data_8.csv manual__2023-06-09T22:03:08.195880+00:00 [queued]>
[2023-06-09 22:28:59,069] {taskinstance.py:1035} INFO - Dependencies all met for <TaskInstance: sftp_raw_data_inc_load_pipeline.extract_from_file_data_8.csv manual__2023-06-09T22:03:08.195880+00:00 [queued]>
[2023-06-09 22:28:59,070] {taskinstance.py:1241} INFO - 
--------------------------------------------------------------------------------
[2023-06-09 22:28:59,071] {taskinstance.py:1242} INFO - Starting attempt 3 of 3
[2023-06-09 22:28:59,072] {taskinstance.py:1243} INFO - 
--------------------------------------------------------------------------------
[2023-06-09 22:28:59,734] {taskinstance.py:1262} INFO - Executing <Task(PythonOperator): extract_from_file_data_8.csv> on 2023-06-09 22:03:08.195880+00:00
[2023-06-09 22:28:59,788] {standard_task_runner.py:52} INFO - Started process 17426 to run task
[2023-06-09 22:28:59,809] {standard_task_runner.py:76} INFO - Running: ['***', 'tasks', 'run', 'sftp_raw_data_inc_load_pipeline', 'extract_from_file_data_8.csv', 'manual__2023-06-09T22:03:08.195880+00:00', '--job-id', '289', '--raw', '--subdir', 'DAGS_FOLDER/sftp_raw_data_inc_load_pipeline.py', '--cfg-path', '/tmp/tmpre6gaket', '--error-file', '/tmp/tmpy0j499rs']
[2023-06-09 22:28:59,860] {standard_task_runner.py:77} INFO - Job 289: Subtask extract_from_file_data_8.csv
[2023-06-09 22:29:00,243] {logging_mixin.py:109} INFO - Running <TaskInstance: sftp_raw_data_inc_load_pipeline.extract_from_file_data_8.csv manual__2023-06-09T22:03:08.195880+00:00 [running]> on host 6ba608d2de6e
[2023-06-09 22:29:00,608] {taskinstance.py:1414} INFO - Exporting the following env vars:
AIRFLOW_CTX_DAG_EMAIL=Hassan@gmail.com
AIRFLOW_CTX_DAG_OWNER=Hassan
AIRFLOW_CTX_DAG_ID=sftp_raw_data_inc_load_pipeline
AIRFLOW_CTX_TASK_ID=extract_from_file_data_8.csv
AIRFLOW_CTX_EXECUTION_DATE=2023-06-09T22:03:08.195880+00:00
AIRFLOW_CTX_DAG_RUN_ID=manual__2023-06-09T22:03:08.195880+00:00
[2023-06-09 22:29:03,594] {python.py:152} INFO - Done. Returned value was: None
[2023-06-09 22:29:05,790] {taskinstance.py:1280} INFO - Marking task as SUCCESS. dag_id=sftp_raw_data_inc_load_pipeline, task_id=extract_from_file_data_8.csv, execution_date=20230609T220308, start_date=20230609T222858, end_date=20230609T222905
[2023-06-09 22:29:06,119] {local_task_job.py:154} INFO - Task exited with return code 0
[2023-06-09 22:29:08,707] {local_task_job.py:264} INFO - 1 downstream tasks scheduled from follow-on schedule check
