[2023-06-09 22:33:48,172] {taskinstance.py:1035} INFO - Dependencies all met for <TaskInstance: sftp_raw_data_inc_load_pipeline.extract_from_file_data_8.csv manual__2023-06-09T22:03:08.195880+00:00 [queued]>
[2023-06-09 22:33:48,351] {taskinstance.py:1035} INFO - Dependencies all met for <TaskInstance: sftp_raw_data_inc_load_pipeline.extract_from_file_data_8.csv manual__2023-06-09T22:03:08.195880+00:00 [queued]>
[2023-06-09 22:33:48,352] {taskinstance.py:1241} INFO - 
--------------------------------------------------------------------------------
[2023-06-09 22:33:48,353] {taskinstance.py:1242} INFO - Starting attempt 5 of 5
[2023-06-09 22:33:48,354] {taskinstance.py:1243} INFO - 
--------------------------------------------------------------------------------
[2023-06-09 22:33:48,651] {taskinstance.py:1262} INFO - Executing <Task(PythonOperator): extract_from_file_data_8.csv> on 2023-06-09 22:03:08.195880+00:00
[2023-06-09 22:33:48,699] {standard_task_runner.py:52} INFO - Started process 18707 to run task
[2023-06-09 22:33:48,751] {standard_task_runner.py:76} INFO - Running: ['***', 'tasks', 'run', 'sftp_raw_data_inc_load_pipeline', 'extract_from_file_data_8.csv', 'manual__2023-06-09T22:03:08.195880+00:00', '--job-id', '380', '--raw', '--subdir', 'DAGS_FOLDER/sftp_raw_data_inc_load_pipeline.py', '--cfg-path', '/tmp/tmp687dqm3h', '--error-file', '/tmp/tmpcjjs_0dj']
[2023-06-09 22:33:48,793] {standard_task_runner.py:77} INFO - Job 380: Subtask extract_from_file_data_8.csv
[2023-06-09 22:33:49,285] {logging_mixin.py:109} INFO - Running <TaskInstance: sftp_raw_data_inc_load_pipeline.extract_from_file_data_8.csv manual__2023-06-09T22:03:08.195880+00:00 [running]> on host 6ba608d2de6e
[2023-06-09 22:33:50,550] {taskinstance.py:1414} INFO - Exporting the following env vars:
AIRFLOW_CTX_DAG_EMAIL=Hassan@gmail.com
AIRFLOW_CTX_DAG_OWNER=Hassan
AIRFLOW_CTX_DAG_ID=sftp_raw_data_inc_load_pipeline
AIRFLOW_CTX_TASK_ID=extract_from_file_data_8.csv
AIRFLOW_CTX_EXECUTION_DATE=2023-06-09T22:03:08.195880+00:00
AIRFLOW_CTX_DAG_RUN_ID=manual__2023-06-09T22:03:08.195880+00:00
[2023-06-09 22:33:55,008] {python.py:152} INFO - Done. Returned value was: None
[2023-06-09 22:33:55,390] {taskinstance.py:1280} INFO - Marking task as SUCCESS. dag_id=sftp_raw_data_inc_load_pipeline, task_id=extract_from_file_data_8.csv, execution_date=20230609T220308, start_date=20230609T223348, end_date=20230609T223355
[2023-06-09 22:33:55,797] {local_task_job.py:154} INFO - Task exited with return code 0
[2023-06-09 22:33:57,567] {local_task_job.py:264} INFO - 1 downstream tasks scheduled from follow-on schedule check
