[2023-06-09 22:03:25,669] {taskinstance.py:1029} INFO - Dependencies not met for <TaskInstance: sftp_raw_data_inc_load_pipeline.extract_from_file_data_15.csv scheduled__2023-06-08T00:00:00+00:00 [success]>, dependency 'Task Instance State' FAILED: Task is in the 'success' state which is not a valid state for execution. The task must be cleared in order to be run.
[2023-06-09 22:03:25,688] {local_task_job.py:99} INFO - Task is not able to be run
[2023-06-09 22:03:37,399] {taskinstance.py:1035} INFO - Dependencies all met for <TaskInstance: sftp_raw_data_inc_load_pipeline.extract_from_file_data_15.csv manual__2023-06-09T22:03:08.195880+00:00 [queued]>
[2023-06-09 22:03:37,620] {taskinstance.py:1035} INFO - Dependencies all met for <TaskInstance: sftp_raw_data_inc_load_pipeline.extract_from_file_data_15.csv manual__2023-06-09T22:03:08.195880+00:00 [queued]>
[2023-06-09 22:03:37,621] {taskinstance.py:1241} INFO - 
--------------------------------------------------------------------------------
[2023-06-09 22:03:37,622] {taskinstance.py:1242} INFO - Starting attempt 1 of 1
[2023-06-09 22:03:37,624] {taskinstance.py:1243} INFO - 
--------------------------------------------------------------------------------
[2023-06-09 22:03:37,808] {taskinstance.py:1262} INFO - Executing <Task(PythonOperator): extract_from_file_data_15.csv> on 2023-06-09 22:03:08.195880+00:00
[2023-06-09 22:03:37,823] {standard_task_runner.py:52} INFO - Started process 13244 to run task
[2023-06-09 22:03:37,865] {standard_task_runner.py:76} INFO - Running: ['***', 'tasks', 'run', 'sftp_raw_data_inc_load_pipeline', 'extract_from_file_data_15.csv', 'manual__2023-06-09T22:03:08.195880+00:00', '--job-id', '129', '--raw', '--subdir', 'DAGS_FOLDER/sftp_raw_data_inc_load_pipeline.py', '--cfg-path', '/tmp/tmpig6epbq2', '--error-file', '/tmp/tmpeocyezct']
[2023-06-09 22:03:37,918] {standard_task_runner.py:77} INFO - Job 129: Subtask extract_from_file_data_15.csv
[2023-06-09 22:03:38,295] {logging_mixin.py:109} INFO - Running <TaskInstance: sftp_raw_data_inc_load_pipeline.extract_from_file_data_15.csv manual__2023-06-09T22:03:08.195880+00:00 [running]> on host 6ba608d2de6e
[2023-06-09 22:03:38,709] {taskinstance.py:1414} INFO - Exporting the following env vars:
AIRFLOW_CTX_DAG_EMAIL=Hassan@gmail.com
AIRFLOW_CTX_DAG_OWNER=Hassan
AIRFLOW_CTX_DAG_ID=sftp_raw_data_inc_load_pipeline
AIRFLOW_CTX_TASK_ID=extract_from_file_data_15.csv
AIRFLOW_CTX_EXECUTION_DATE=2023-06-09T22:03:08.195880+00:00
AIRFLOW_CTX_DAG_RUN_ID=manual__2023-06-09T22:03:08.195880+00:00
[2023-06-09 22:03:40,583] {python.py:152} INFO - Done. Returned value was: None
[2023-06-09 22:03:40,673] {taskinstance.py:1280} INFO - Marking task as SUCCESS. dag_id=sftp_raw_data_inc_load_pipeline, task_id=extract_from_file_data_15.csv, execution_date=20230609T220308, start_date=20230609T220337, end_date=20230609T220340
[2023-06-09 22:03:40,847] {local_task_job.py:154} INFO - Task exited with return code 0
[2023-06-09 22:03:41,336] {local_task_job.py:264} INFO - 1 downstream tasks scheduled from follow-on schedule check
