[2023-06-09 22:30:41,669] {taskinstance.py:1035} INFO - Dependencies all met for <TaskInstance: sftp_raw_data_inc_load_pipeline.extract_from_file_data_15.csv manual__2023-06-09T22:03:08.195880+00:00 [queued]>
[2023-06-09 22:30:41,897] {taskinstance.py:1035} INFO - Dependencies all met for <TaskInstance: sftp_raw_data_inc_load_pipeline.extract_from_file_data_15.csv manual__2023-06-09T22:03:08.195880+00:00 [queued]>
[2023-06-09 22:30:41,901] {taskinstance.py:1241} INFO - 
--------------------------------------------------------------------------------
[2023-06-09 22:30:41,904] {taskinstance.py:1242} INFO - Starting attempt 6 of 6
[2023-06-09 22:30:41,908] {taskinstance.py:1243} INFO - 
--------------------------------------------------------------------------------
[2023-06-09 22:30:42,970] {taskinstance.py:1262} INFO - Executing <Task(PythonOperator): extract_from_file_data_15.csv> on 2023-06-09 22:03:08.195880+00:00
[2023-06-09 22:30:43,005] {standard_task_runner.py:52} INFO - Started process 17965 to run task
[2023-06-09 22:30:43,027] {standard_task_runner.py:76} INFO - Running: ['***', 'tasks', 'run', 'sftp_raw_data_inc_load_pipeline', 'extract_from_file_data_15.csv', 'manual__2023-06-09T22:03:08.195880+00:00', '--job-id', '329', '--raw', '--subdir', 'DAGS_FOLDER/sftp_raw_data_inc_load_pipeline.py', '--cfg-path', '/tmp/tmpr1y1wiwt', '--error-file', '/tmp/tmp98ej27v5']
[2023-06-09 22:30:43,054] {standard_task_runner.py:77} INFO - Job 329: Subtask extract_from_file_data_15.csv
[2023-06-09 22:30:43,583] {logging_mixin.py:109} INFO - Running <TaskInstance: sftp_raw_data_inc_load_pipeline.extract_from_file_data_15.csv manual__2023-06-09T22:03:08.195880+00:00 [running]> on host 6ba608d2de6e
[2023-06-09 22:30:44,642] {taskinstance.py:1414} INFO - Exporting the following env vars:
AIRFLOW_CTX_DAG_EMAIL=Hassan@gmail.com
AIRFLOW_CTX_DAG_OWNER=Hassan
AIRFLOW_CTX_DAG_ID=sftp_raw_data_inc_load_pipeline
AIRFLOW_CTX_TASK_ID=extract_from_file_data_15.csv
AIRFLOW_CTX_EXECUTION_DATE=2023-06-09T22:03:08.195880+00:00
AIRFLOW_CTX_DAG_RUN_ID=manual__2023-06-09T22:03:08.195880+00:00
[2023-06-09 22:30:48,300] {python.py:152} INFO - Done. Returned value was: None
[2023-06-09 22:30:50,382] {taskinstance.py:1280} INFO - Marking task as SUCCESS. dag_id=sftp_raw_data_inc_load_pipeline, task_id=extract_from_file_data_15.csv, execution_date=20230609T220308, start_date=20230609T223041, end_date=20230609T223050
[2023-06-09 22:30:50,782] {local_task_job.py:154} INFO - Task exited with return code 0
[2023-06-09 22:30:53,611] {local_task_job.py:264} INFO - 1 downstream tasks scheduled from follow-on schedule check
