[2023-06-09 15:08:36,741] {taskinstance.py:1035} INFO - Dependencies all met for <TaskInstance: sftp_raw_data_full_load_pipeline.load_sftp_datadata_17.csv scheduled__2023-06-08T00:00:00+00:00 [queued]>
[2023-06-09 15:08:36,954] {taskinstance.py:1035} INFO - Dependencies all met for <TaskInstance: sftp_raw_data_full_load_pipeline.load_sftp_datadata_17.csv scheduled__2023-06-08T00:00:00+00:00 [queued]>
[2023-06-09 15:08:36,956] {taskinstance.py:1241} INFO - 
--------------------------------------------------------------------------------
[2023-06-09 15:08:36,958] {taskinstance.py:1242} INFO - Starting attempt 1 of 1
[2023-06-09 15:08:36,960] {taskinstance.py:1243} INFO - 
--------------------------------------------------------------------------------
[2023-06-09 15:08:37,195] {taskinstance.py:1262} INFO - Executing <Task(PythonOperator): load_sftp_datadata_17.csv> on 2023-06-08 00:00:00+00:00
[2023-06-09 15:08:37,235] {standard_task_runner.py:52} INFO - Started process 1548 to run task
[2023-06-09 15:08:37,295] {standard_task_runner.py:76} INFO - Running: ['***', 'tasks', 'run', 'sftp_raw_data_full_load_pipeline', 'load_sftp_datadata_17.csv', 'scheduled__2023-06-08T00:00:00+00:00', '--job-id', '36', '--raw', '--subdir', 'DAGS_FOLDER/sftp_raw_data_full_load_pipeline.py', '--cfg-path', '/tmp/tmppsn9e1q1', '--error-file', '/tmp/tmpkawcmtlm']
[2023-06-09 15:08:37,361] {standard_task_runner.py:77} INFO - Job 36: Subtask load_sftp_datadata_17.csv
[2023-06-09 15:08:37,935] {logging_mixin.py:109} INFO - Running <TaskInstance: sftp_raw_data_full_load_pipeline.load_sftp_datadata_17.csv scheduled__2023-06-08T00:00:00+00:00 [running]> on host 8cb5811d1998
[2023-06-09 15:08:38,636] {taskinstance.py:1414} INFO - Exporting the following env vars:
AIRFLOW_CTX_DAG_EMAIL=Hassan@gmail.com
AIRFLOW_CTX_DAG_OWNER=Hassan
AIRFLOW_CTX_DAG_ID=sftp_raw_data_full_load_pipeline
AIRFLOW_CTX_TASK_ID=load_sftp_datadata_17.csv
AIRFLOW_CTX_EXECUTION_DATE=2023-06-08T00:00:00+00:00
AIRFLOW_CTX_DAG_RUN_ID=scheduled__2023-06-08T00:00:00+00:00
[2023-06-09 15:08:38,777] {logging_mixin.py:109} INFO - error while inserting to table: [Errno 2] No such file or directory: '../data/temp_files/None'
[2023-06-09 15:08:38,910] {local_task_job.py:154} INFO - Task exited with return code 1
[2023-06-09 15:08:39,089] {taskinstance.py:1280} INFO - Marking task as FAILED. dag_id=sftp_raw_data_full_load_pipeline, task_id=load_sftp_datadata_17.csv, execution_date=20230608T000000, start_date=20230609T150836, end_date=20230609T150839
[2023-06-09 15:08:41,376] {local_task_job.py:264} INFO - 0 downstream tasks scheduled from follow-on schedule check
[2023-06-09 15:22:17,863] {taskinstance.py:1035} INFO - Dependencies all met for <TaskInstance: sftp_raw_data_full_load_pipeline.load_sftp_datadata_17.csv manual__2023-06-09T15:20:24.730543+00:00 [queued]>
[2023-06-09 15:22:18,118] {taskinstance.py:1035} INFO - Dependencies all met for <TaskInstance: sftp_raw_data_full_load_pipeline.load_sftp_datadata_17.csv manual__2023-06-09T15:20:24.730543+00:00 [queued]>
[2023-06-09 15:22:18,122] {taskinstance.py:1241} INFO - 
--------------------------------------------------------------------------------
[2023-06-09 15:22:18,125] {taskinstance.py:1242} INFO - Starting attempt 1 of 1
[2023-06-09 15:22:18,126] {taskinstance.py:1243} INFO - 
--------------------------------------------------------------------------------
[2023-06-09 15:22:18,449] {taskinstance.py:1262} INFO - Executing <Task(PythonOperator): load_sftp_datadata_17.csv> on 2023-06-09 15:20:24.730543+00:00
[2023-06-09 15:22:18,497] {standard_task_runner.py:52} INFO - Started process 3497 to run task
[2023-06-09 15:22:18,528] {standard_task_runner.py:76} INFO - Running: ['***', 'tasks', 'run', 'sftp_raw_data_full_load_pipeline', 'load_sftp_datadata_17.csv', 'manual__2023-06-09T15:20:24.730543+00:00', '--job-id', '76', '--raw', '--subdir', 'DAGS_FOLDER/sftp_raw_data_full_load_pipeline.py', '--cfg-path', '/tmp/tmpbirn6a5g', '--error-file', '/tmp/tmp9d7uzx8w']
[2023-06-09 15:22:18,570] {standard_task_runner.py:77} INFO - Job 76: Subtask load_sftp_datadata_17.csv
[2023-06-09 15:22:18,987] {logging_mixin.py:109} INFO - Running <TaskInstance: sftp_raw_data_full_load_pipeline.load_sftp_datadata_17.csv manual__2023-06-09T15:20:24.730543+00:00 [running]> on host 8cb5811d1998
[2023-06-09 15:22:19,936] {taskinstance.py:1414} INFO - Exporting the following env vars:
AIRFLOW_CTX_DAG_EMAIL=Hassan@gmail.com
AIRFLOW_CTX_DAG_OWNER=Hassan
AIRFLOW_CTX_DAG_ID=sftp_raw_data_full_load_pipeline
AIRFLOW_CTX_TASK_ID=load_sftp_datadata_17.csv
AIRFLOW_CTX_EXECUTION_DATE=2023-06-09T15:20:24.730543+00:00
AIRFLOW_CTX_DAG_RUN_ID=manual__2023-06-09T15:20:24.730543+00:00
[2023-06-09 15:22:20,030] {logging_mixin.py:109} INFO - error while inserting to table: [Errno 2] No such file or directory: '../data/temp_files/None'
[2023-06-09 15:22:20,241] {local_task_job.py:154} INFO - Task exited with return code 1
[2023-06-09 15:22:20,541] {taskinstance.py:1280} INFO - Marking task as FAILED. dag_id=sftp_raw_data_full_load_pipeline, task_id=load_sftp_datadata_17.csv, execution_date=20230609T152024, start_date=20230609T152217, end_date=20230609T152220
[2023-06-09 15:22:22,688] {local_task_job.py:264} INFO - 0 downstream tasks scheduled from follow-on schedule check
[2023-06-09 16:52:32,806] {taskinstance.py:1035} INFO - Dependencies all met for <TaskInstance: sftp_raw_data_full_load_pipeline.load_sftp_datadata_17.csv scheduled__2023-06-08T00:00:00+00:00 [queued]>
[2023-06-09 16:52:33,183] {taskinstance.py:1035} INFO - Dependencies all met for <TaskInstance: sftp_raw_data_full_load_pipeline.load_sftp_datadata_17.csv scheduled__2023-06-08T00:00:00+00:00 [queued]>
[2023-06-09 16:52:33,189] {taskinstance.py:1241} INFO - 
--------------------------------------------------------------------------------
[2023-06-09 16:52:33,199] {taskinstance.py:1242} INFO - Starting attempt 1 of 1
[2023-06-09 16:52:33,201] {taskinstance.py:1243} INFO - 
--------------------------------------------------------------------------------
[2023-06-09 16:52:33,447] {taskinstance.py:1262} INFO - Executing <Task(PythonOperator): load_sftp_datadata_17.csv> on 2023-06-08 00:00:00+00:00
[2023-06-09 16:52:33,497] {standard_task_runner.py:52} INFO - Started process 836 to run task
[2023-06-09 16:52:33,537] {standard_task_runner.py:76} INFO - Running: ['***', 'tasks', 'run', 'sftp_raw_data_full_load_pipeline', 'load_sftp_datadata_17.csv', 'scheduled__2023-06-08T00:00:00+00:00', '--job-id', '28', '--raw', '--subdir', 'DAGS_FOLDER/sftp_raw_data_full_load_pipeline.py', '--cfg-path', '/tmp/tmpysvcvsdc', '--error-file', '/tmp/tmp3by05c3h']
[2023-06-09 16:52:33,592] {standard_task_runner.py:77} INFO - Job 28: Subtask load_sftp_datadata_17.csv
[2023-06-09 16:52:34,066] {logging_mixin.py:109} INFO - Running <TaskInstance: sftp_raw_data_full_load_pipeline.load_sftp_datadata_17.csv scheduled__2023-06-08T00:00:00+00:00 [running]> on host 6ba608d2de6e
[2023-06-09 16:52:34,905] {taskinstance.py:1414} INFO - Exporting the following env vars:
AIRFLOW_CTX_DAG_EMAIL=Hassan@gmail.com
AIRFLOW_CTX_DAG_OWNER=Hassan
AIRFLOW_CTX_DAG_ID=sftp_raw_data_full_load_pipeline
AIRFLOW_CTX_TASK_ID=load_sftp_datadata_17.csv
AIRFLOW_CTX_EXECUTION_DATE=2023-06-08T00:00:00+00:00
AIRFLOW_CTX_DAG_RUN_ID=scheduled__2023-06-08T00:00:00+00:00
[2023-06-09 16:52:35,132] {logging_mixin.py:109} INFO - error while inserting to table: [Errno 2] No such file or directory: '/opt/data/temp_files/None'
[2023-06-09 16:52:35,315] {local_task_job.py:154} INFO - Task exited with return code 1
[2023-06-09 16:52:35,630] {taskinstance.py:1280} INFO - Marking task as FAILED. dag_id=sftp_raw_data_full_load_pipeline, task_id=load_sftp_datadata_17.csv, execution_date=20230608T000000, start_date=20230609T165232, end_date=20230609T165235
[2023-06-09 16:52:38,850] {local_task_job.py:264} INFO - 0 downstream tasks scheduled from follow-on schedule check
