[2023-06-09 23:25:04,582] {taskinstance.py:1035} INFO - Dependencies all met for <TaskInstance: leads_raw_data_full_load_pipeline.parquet_to_postgres scheduled__2023-01-20T00:00:00+00:00 [queued]>
[2023-06-09 23:25:04,764] {taskinstance.py:1035} INFO - Dependencies all met for <TaskInstance: leads_raw_data_full_load_pipeline.parquet_to_postgres scheduled__2023-01-20T00:00:00+00:00 [queued]>
[2023-06-09 23:25:04,766] {taskinstance.py:1241} INFO - 
--------------------------------------------------------------------------------
[2023-06-09 23:25:04,768] {taskinstance.py:1242} INFO - Starting attempt 1 of 1
[2023-06-09 23:25:04,771] {taskinstance.py:1243} INFO - 
--------------------------------------------------------------------------------
[2023-06-09 23:25:04,887] {taskinstance.py:1262} INFO - Executing <Task(PythonOperator): parquet_to_postgres> on 2023-01-20 00:00:00+00:00
[2023-06-09 23:25:04,905] {standard_task_runner.py:52} INFO - Started process 24920 to run task
[2023-06-09 23:25:04,931] {standard_task_runner.py:76} INFO - Running: ['***', 'tasks', 'run', 'leads_raw_data_full_load_pipeline', 'parquet_to_postgres', 'scheduled__2023-01-20T00:00:00+00:00', '--job-id', '452', '--raw', '--subdir', 'DAGS_FOLDER/leads_raw_data_full_load_pipeline.py', '--cfg-path', '/tmp/tmpc0_fx4hb', '--error-file', '/tmp/tmpfuhg4mb1']
[2023-06-09 23:25:04,950] {standard_task_runner.py:77} INFO - Job 452: Subtask parquet_to_postgres
[2023-06-09 23:25:05,146] {logging_mixin.py:109} INFO - Running <TaskInstance: leads_raw_data_full_load_pipeline.parquet_to_postgres scheduled__2023-01-20T00:00:00+00:00 [running]> on host 6ba608d2de6e
[2023-06-09 23:25:05,316] {taskinstance.py:1414} INFO - Exporting the following env vars:
AIRFLOW_CTX_DAG_OWNER=***
AIRFLOW_CTX_DAG_ID=leads_raw_data_full_load_pipeline
AIRFLOW_CTX_TASK_ID=parquet_to_postgres
AIRFLOW_CTX_EXECUTION_DATE=2023-01-20T00:00:00+00:00
AIRFLOW_CTX_DAG_RUN_ID=scheduled__2023-01-20T00:00:00+00:00
[2023-06-09 23:25:12,828] {logging_mixin.py:109} INFO - Parquet file loaded into PostgreSQL successfully.
[2023-06-09 23:25:12,832] {python.py:152} INFO - Done. Returned value was: None
[2023-06-09 23:25:15,300] {taskinstance.py:1280} INFO - Marking task as SUCCESS. dag_id=leads_raw_data_full_load_pipeline, task_id=parquet_to_postgres, execution_date=20230120T000000, start_date=20230609T232504, end_date=20230609T232515
[2023-06-09 23:25:15,598] {local_task_job.py:212} WARNING - State of this instance has been externally set to success. Terminating instance.
[2023-06-09 23:25:15,723] {process_utils.py:100} INFO - Sending Signals.SIGTERM to GPID 24920
[2023-06-09 23:25:15,737] {process_utils.py:66} INFO - Process psutil.Process(pid=24920, status='terminated', exitcode=0, started='23:25:04') (24920) terminated with exit code 0
