[2023-06-09 22:15:45,071] {taskinstance.py:1035} INFO - Dependencies all met for <TaskInstance: sftp_raw_data_inc_load_pipeline.extract_from_file_data_4.csv manual__2023-06-09T22:03:08.195880+00:00 [queued]>
[2023-06-09 22:15:45,559] {taskinstance.py:1035} INFO - Dependencies all met for <TaskInstance: sftp_raw_data_inc_load_pipeline.extract_from_file_data_4.csv manual__2023-06-09T22:03:08.195880+00:00 [queued]>
[2023-06-09 22:15:45,562] {taskinstance.py:1241} INFO - 
--------------------------------------------------------------------------------
[2023-06-09 22:15:45,563] {taskinstance.py:1242} INFO - Starting attempt 1 of 1
[2023-06-09 22:15:45,565] {taskinstance.py:1243} INFO - 
--------------------------------------------------------------------------------
[2023-06-09 22:15:46,060] {taskinstance.py:1262} INFO - Executing <Task(PythonOperator): extract_from_file_data_4.csv> on 2023-06-09 22:03:08.195880+00:00
[2023-06-09 22:15:46,168] {standard_task_runner.py:52} INFO - Started process 14993 to run task
[2023-06-09 22:15:46,245] {standard_task_runner.py:76} INFO - Running: ['***', 'tasks', 'run', 'sftp_raw_data_inc_load_pipeline', 'extract_from_file_data_4.csv', 'manual__2023-06-09T22:03:08.195880+00:00', '--job-id', '174', '--raw', '--subdir', 'DAGS_FOLDER/sftp_raw_data_inc_load_pipeline.py', '--cfg-path', '/tmp/tmptqiepcnu', '--error-file', '/tmp/tmpx5f9v7ar']
[2023-06-09 22:15:46,315] {standard_task_runner.py:77} INFO - Job 174: Subtask extract_from_file_data_4.csv
[2023-06-09 22:15:46,796] {logging_mixin.py:109} INFO - Running <TaskInstance: sftp_raw_data_inc_load_pipeline.extract_from_file_data_4.csv manual__2023-06-09T22:03:08.195880+00:00 [running]> on host 6ba608d2de6e
[2023-06-09 22:15:47,621] {taskinstance.py:1414} INFO - Exporting the following env vars:
AIRFLOW_CTX_DAG_EMAIL=Hassan@gmail.com
AIRFLOW_CTX_DAG_OWNER=Hassan
AIRFLOW_CTX_DAG_ID=sftp_raw_data_inc_load_pipeline
AIRFLOW_CTX_TASK_ID=extract_from_file_data_4.csv
AIRFLOW_CTX_EXECUTION_DATE=2023-06-09T22:03:08.195880+00:00
AIRFLOW_CTX_DAG_RUN_ID=manual__2023-06-09T22:03:08.195880+00:00
[2023-06-09 22:15:50,739] {python.py:152} INFO - Done. Returned value was: None
[2023-06-09 22:15:51,296] {taskinstance.py:1280} INFO - Marking task as SUCCESS. dag_id=sftp_raw_data_inc_load_pipeline, task_id=extract_from_file_data_4.csv, execution_date=20230609T220308, start_date=20230609T221545, end_date=20230609T221551
[2023-06-09 22:15:51,500] {local_task_job.py:212} WARNING - State of this instance has been externally set to success. Terminating instance.
