[2023-06-09 15:08:14,308] {taskinstance.py:1035} INFO - Dependencies all met for <TaskInstance: sftp_raw_data_full_load_pipeline.extract_from_file_data_19.csv scheduled__2023-06-08T00:00:00+00:00 [queued]>
[2023-06-09 15:08:14,409] {taskinstance.py:1035} INFO - Dependencies all met for <TaskInstance: sftp_raw_data_full_load_pipeline.extract_from_file_data_19.csv scheduled__2023-06-08T00:00:00+00:00 [queued]>
[2023-06-09 15:08:14,412] {taskinstance.py:1241} INFO - 
--------------------------------------------------------------------------------
[2023-06-09 15:08:14,413] {taskinstance.py:1242} INFO - Starting attempt 1 of 1
[2023-06-09 15:08:14,415] {taskinstance.py:1243} INFO - 
--------------------------------------------------------------------------------
[2023-06-09 15:08:14,515] {taskinstance.py:1262} INFO - Executing <Task(PythonOperator): extract_from_file_data_19.csv> on 2023-06-08 00:00:00+00:00
[2023-06-09 15:08:14,525] {standard_task_runner.py:52} INFO - Started process 1320 to run task
[2023-06-09 15:08:14,544] {standard_task_runner.py:76} INFO - Running: ['***', 'tasks', 'run', 'sftp_raw_data_full_load_pipeline', 'extract_from_file_data_19.csv', 'scheduled__2023-06-08T00:00:00+00:00', '--job-id', '9', '--raw', '--subdir', 'DAGS_FOLDER/sftp_raw_data_full_load_pipeline.py', '--cfg-path', '/tmp/tmpmgaxxhdb', '--error-file', '/tmp/tmpxy_s3b3j']
[2023-06-09 15:08:14,570] {standard_task_runner.py:77} INFO - Job 9: Subtask extract_from_file_data_19.csv
[2023-06-09 15:08:14,775] {logging_mixin.py:109} INFO - Running <TaskInstance: sftp_raw_data_full_load_pipeline.extract_from_file_data_19.csv scheduled__2023-06-08T00:00:00+00:00 [running]> on host 8cb5811d1998
[2023-06-09 15:08:14,999] {taskinstance.py:1414} INFO - Exporting the following env vars:
AIRFLOW_CTX_DAG_EMAIL=Hassan@gmail.com
AIRFLOW_CTX_DAG_OWNER=Hassan
AIRFLOW_CTX_DAG_ID=sftp_raw_data_full_load_pipeline
AIRFLOW_CTX_TASK_ID=extract_from_file_data_19.csv
AIRFLOW_CTX_EXECUTION_DATE=2023-06-08T00:00:00+00:00
AIRFLOW_CTX_DAG_RUN_ID=scheduled__2023-06-08T00:00:00+00:00
[2023-06-09 15:08:15,007] {logging_mixin.py:109} INFO - ((), ())
[2023-06-09 15:08:15,068] {logging_mixin.py:109} INFO - Empty DataFrame
Columns: []
Index: []
[2023-06-09 15:08:15,079] {logging_mixin.py:109} INFO - [Errno 2] No such file or directory: './data/temp_files/2023-06-09_15:08:15.069868_leads_sftp.json'
[2023-06-09 15:08:15,143] {python.py:152} INFO - Done. Returned value was: None
[2023-06-09 15:08:16,306] {taskinstance.py:1280} INFO - Marking task as SUCCESS. dag_id=sftp_raw_data_full_load_pipeline, task_id=extract_from_file_data_19.csv, execution_date=20230608T000000, start_date=20230609T150814, end_date=20230609T150816
[2023-06-09 15:08:16,444] {local_task_job.py:154} INFO - Task exited with return code 0
[2023-06-09 15:08:18,400] {local_task_job.py:264} INFO - 1 downstream tasks scheduled from follow-on schedule check
[2023-06-09 15:21:56,791] {taskinstance.py:1035} INFO - Dependencies all met for <TaskInstance: sftp_raw_data_full_load_pipeline.extract_from_file_data_19.csv manual__2023-06-09T15:20:24.730543+00:00 [queued]>
[2023-06-09 15:21:56,836] {taskinstance.py:1035} INFO - Dependencies all met for <TaskInstance: sftp_raw_data_full_load_pipeline.extract_from_file_data_19.csv manual__2023-06-09T15:20:24.730543+00:00 [queued]>
[2023-06-09 15:21:56,838] {taskinstance.py:1241} INFO - 
--------------------------------------------------------------------------------
[2023-06-09 15:21:56,838] {taskinstance.py:1242} INFO - Starting attempt 1 of 1
[2023-06-09 15:21:56,839] {taskinstance.py:1243} INFO - 
--------------------------------------------------------------------------------
[2023-06-09 15:21:56,894] {taskinstance.py:1262} INFO - Executing <Task(PythonOperator): extract_from_file_data_19.csv> on 2023-06-09 15:20:24.730543+00:00
[2023-06-09 15:21:56,903] {standard_task_runner.py:52} INFO - Started process 3290 to run task
[2023-06-09 15:21:56,916] {standard_task_runner.py:76} INFO - Running: ['***', 'tasks', 'run', 'sftp_raw_data_full_load_pipeline', 'extract_from_file_data_19.csv', 'manual__2023-06-09T15:20:24.730543+00:00', '--job-id', '62', '--raw', '--subdir', 'DAGS_FOLDER/sftp_raw_data_full_load_pipeline.py', '--cfg-path', '/tmp/tmpxt25m642', '--error-file', '/tmp/tmpd11gymwe']
[2023-06-09 15:21:56,927] {standard_task_runner.py:77} INFO - Job 62: Subtask extract_from_file_data_19.csv
[2023-06-09 15:21:57,048] {logging_mixin.py:109} INFO - Running <TaskInstance: sftp_raw_data_full_load_pipeline.extract_from_file_data_19.csv manual__2023-06-09T15:20:24.730543+00:00 [running]> on host 8cb5811d1998
[2023-06-09 15:21:59,127] {taskinstance.py:1414} INFO - Exporting the following env vars:
AIRFLOW_CTX_DAG_EMAIL=Hassan@gmail.com
AIRFLOW_CTX_DAG_OWNER=Hassan
AIRFLOW_CTX_DAG_ID=sftp_raw_data_full_load_pipeline
AIRFLOW_CTX_TASK_ID=extract_from_file_data_19.csv
AIRFLOW_CTX_EXECUTION_DATE=2023-06-09T15:20:24.730543+00:00
AIRFLOW_CTX_DAG_RUN_ID=manual__2023-06-09T15:20:24.730543+00:00
[2023-06-09 15:21:59,146] {logging_mixin.py:109} INFO - ((), ())
[2023-06-09 15:21:59,438] {logging_mixin.py:109} INFO - Empty DataFrame
Columns: []
Index: []
[2023-06-09 15:21:59,497] {logging_mixin.py:109} INFO - [Errno 2] No such file or directory: './data/temp_files/2023-06-09_15:21:59.451099_leads_sftp.json'
[2023-06-09 15:21:59,622] {python.py:152} INFO - Done. Returned value was: None
[2023-06-09 15:22:01,068] {taskinstance.py:1280} INFO - Marking task as SUCCESS. dag_id=sftp_raw_data_full_load_pipeline, task_id=extract_from_file_data_19.csv, execution_date=20230609T152024, start_date=20230609T152156, end_date=20230609T152201
[2023-06-09 15:22:01,194] {local_task_job.py:154} INFO - Task exited with return code 0
[2023-06-09 15:22:02,940] {local_task_job.py:264} INFO - 1 downstream tasks scheduled from follow-on schedule check
[2023-06-09 16:52:03,697] {taskinstance.py:1035} INFO - Dependencies all met for <TaskInstance: sftp_raw_data_full_load_pipeline.extract_from_file_data_19.csv scheduled__2023-06-08T00:00:00+00:00 [queued]>
[2023-06-09 16:52:03,951] {taskinstance.py:1035} INFO - Dependencies all met for <TaskInstance: sftp_raw_data_full_load_pipeline.extract_from_file_data_19.csv scheduled__2023-06-08T00:00:00+00:00 [queued]>
[2023-06-09 16:52:03,953] {taskinstance.py:1241} INFO - 
--------------------------------------------------------------------------------
[2023-06-09 16:52:03,955] {taskinstance.py:1242} INFO - Starting attempt 1 of 1
[2023-06-09 16:52:03,956] {taskinstance.py:1243} INFO - 
--------------------------------------------------------------------------------
[2023-06-09 16:52:05,115] {taskinstance.py:1262} INFO - Executing <Task(PythonOperator): extract_from_file_data_19.csv> on 2023-06-08 00:00:00+00:00
[2023-06-09 16:52:05,206] {standard_task_runner.py:52} INFO - Started process 681 to run task
[2023-06-09 16:52:05,208] {standard_task_runner.py:76} INFO - Running: ['***', 'tasks', 'run', 'sftp_raw_data_full_load_pipeline', 'extract_from_file_data_19.csv', 'scheduled__2023-06-08T00:00:00+00:00', '--job-id', '15', '--raw', '--subdir', 'DAGS_FOLDER/sftp_raw_data_full_load_pipeline.py', '--cfg-path', '/tmp/tmpze4r0wt3', '--error-file', '/tmp/tmpth5se31h']
[2023-06-09 16:52:05,283] {standard_task_runner.py:77} INFO - Job 15: Subtask extract_from_file_data_19.csv
[2023-06-09 16:52:06,026] {logging_mixin.py:109} INFO - Running <TaskInstance: sftp_raw_data_full_load_pipeline.extract_from_file_data_19.csv scheduled__2023-06-08T00:00:00+00:00 [running]> on host 6ba608d2de6e
[2023-06-09 16:52:06,880] {taskinstance.py:1414} INFO - Exporting the following env vars:
AIRFLOW_CTX_DAG_EMAIL=Hassan@gmail.com
AIRFLOW_CTX_DAG_OWNER=Hassan
AIRFLOW_CTX_DAG_ID=sftp_raw_data_full_load_pipeline
AIRFLOW_CTX_TASK_ID=extract_from_file_data_19.csv
AIRFLOW_CTX_EXECUTION_DATE=2023-06-08T00:00:00+00:00
AIRFLOW_CTX_DAG_RUN_ID=scheduled__2023-06-08T00:00:00+00:00
[2023-06-09 16:52:11,061] {python.py:152} INFO - Done. Returned value was: None
[2023-06-09 16:52:12,498] {taskinstance.py:1280} INFO - Marking task as SUCCESS. dag_id=sftp_raw_data_full_load_pipeline, task_id=extract_from_file_data_19.csv, execution_date=20230608T000000, start_date=20230609T165203, end_date=20230609T165212
[2023-06-09 16:52:12,955] {local_task_job.py:154} INFO - Task exited with return code 0
[2023-06-09 16:52:15,058] {local_task_job.py:264} INFO - 1 downstream tasks scheduled from follow-on schedule check
