[2023-06-09 21:53:58,904] {taskinstance.py:1035} INFO - Dependencies all met for <TaskInstance: sftp_raw_data_full_load_pipeline.extract_from_file_data_19.csv scheduled__2023-06-08T00:00:00+00:00 [queued]>
[2023-06-09 21:53:59,100] {taskinstance.py:1035} INFO - Dependencies all met for <TaskInstance: sftp_raw_data_full_load_pipeline.extract_from_file_data_19.csv scheduled__2023-06-08T00:00:00+00:00 [queued]>
[2023-06-09 21:53:59,117] {taskinstance.py:1241} INFO - 
--------------------------------------------------------------------------------
[2023-06-09 21:53:59,119] {taskinstance.py:1242} INFO - Starting attempt 2 of 2
[2023-06-09 21:53:59,120] {taskinstance.py:1243} INFO - 
--------------------------------------------------------------------------------
[2023-06-09 21:53:59,389] {taskinstance.py:1262} INFO - Executing <Task(PythonOperator): extract_from_file_data_19.csv> on 2023-06-08 00:00:00+00:00
[2023-06-09 21:53:59,425] {standard_task_runner.py:52} INFO - Started process 11603 to run task
[2023-06-09 21:53:59,475] {standard_task_runner.py:76} INFO - Running: ['***', 'tasks', 'run', 'sftp_raw_data_full_load_pipeline', 'extract_from_file_data_19.csv', 'scheduled__2023-06-08T00:00:00+00:00', '--job-id', '68', '--raw', '--subdir', 'DAGS_FOLDER/sftp_raw_data_full_load_pipeline.py', '--cfg-path', '/tmp/tmpui5bxl05', '--error-file', '/tmp/tmpwlx5fauw']
[2023-06-09 21:53:59,503] {standard_task_runner.py:77} INFO - Job 68: Subtask extract_from_file_data_19.csv
[2023-06-09 21:54:00,077] {logging_mixin.py:109} INFO - Running <TaskInstance: sftp_raw_data_full_load_pipeline.extract_from_file_data_19.csv scheduled__2023-06-08T00:00:00+00:00 [running]> on host 6ba608d2de6e
[2023-06-09 21:54:01,102] {taskinstance.py:1414} INFO - Exporting the following env vars:
AIRFLOW_CTX_DAG_EMAIL=Hassan@gmail.com
AIRFLOW_CTX_DAG_OWNER=Hassan
AIRFLOW_CTX_DAG_ID=sftp_raw_data_full_load_pipeline
AIRFLOW_CTX_TASK_ID=extract_from_file_data_19.csv
AIRFLOW_CTX_EXECUTION_DATE=2023-06-08T00:00:00+00:00
AIRFLOW_CTX_DAG_RUN_ID=scheduled__2023-06-08T00:00:00+00:00
[2023-06-09 21:54:03,984] {python.py:152} INFO - Done. Returned value was: None
[2023-06-09 21:54:06,683] {taskinstance.py:1280} INFO - Marking task as SUCCESS. dag_id=sftp_raw_data_full_load_pipeline, task_id=extract_from_file_data_19.csv, execution_date=20230608T000000, start_date=20230609T215358, end_date=20230609T215406
[2023-06-09 21:54:07,046] {local_task_job.py:154} INFO - Task exited with return code 0
[2023-06-09 21:54:09,434] {local_task_job.py:264} INFO - 1 downstream tasks scheduled from follow-on schedule check
