[2023-06-09 23:24:30,908] {taskinstance.py:1035} INFO - Dependencies all met for <TaskInstance: leads_raw_data_full_load_pipeline.parquet_to_postgres scheduled__2023-01-07T00:00:00+00:00 [queued]>
[2023-06-09 23:24:31,241] {taskinstance.py:1035} INFO - Dependencies all met for <TaskInstance: leads_raw_data_full_load_pipeline.parquet_to_postgres scheduled__2023-01-07T00:00:00+00:00 [queued]>
[2023-06-09 23:24:31,243] {taskinstance.py:1241} INFO - 
--------------------------------------------------------------------------------
[2023-06-09 23:24:31,246] {taskinstance.py:1242} INFO - Starting attempt 1 of 1
[2023-06-09 23:24:31,249] {taskinstance.py:1243} INFO - 
--------------------------------------------------------------------------------
[2023-06-09 23:24:31,505] {taskinstance.py:1262} INFO - Executing <Task(PythonOperator): parquet_to_postgres> on 2023-01-07 00:00:00+00:00
[2023-06-09 23:24:31,561] {standard_task_runner.py:52} INFO - Started process 24649 to run task
[2023-06-09 23:24:31,574] {standard_task_runner.py:76} INFO - Running: ['***', 'tasks', 'run', 'leads_raw_data_full_load_pipeline', 'parquet_to_postgres', 'scheduled__2023-01-07T00:00:00+00:00', '--job-id', '439', '--raw', '--subdir', 'DAGS_FOLDER/leads_raw_data_full_load_pipeline.py', '--cfg-path', '/tmp/tmpjz2nx97q', '--error-file', '/tmp/tmpt04y5hif']
[2023-06-09 23:24:31,594] {standard_task_runner.py:77} INFO - Job 439: Subtask parquet_to_postgres
[2023-06-09 23:24:31,980] {logging_mixin.py:109} INFO - Running <TaskInstance: leads_raw_data_full_load_pipeline.parquet_to_postgres scheduled__2023-01-07T00:00:00+00:00 [running]> on host 6ba608d2de6e
[2023-06-09 23:24:32,291] {taskinstance.py:1414} INFO - Exporting the following env vars:
AIRFLOW_CTX_DAG_OWNER=***
AIRFLOW_CTX_DAG_ID=leads_raw_data_full_load_pipeline
AIRFLOW_CTX_TASK_ID=parquet_to_postgres
AIRFLOW_CTX_EXECUTION_DATE=2023-01-07T00:00:00+00:00
AIRFLOW_CTX_DAG_RUN_ID=scheduled__2023-01-07T00:00:00+00:00
[2023-06-09 23:24:39,902] {logging_mixin.py:109} INFO - Parquet file loaded into PostgreSQL successfully.
[2023-06-09 23:24:39,904] {python.py:152} INFO - Done. Returned value was: None
[2023-06-09 23:24:39,982] {taskinstance.py:1280} INFO - Marking task as SUCCESS. dag_id=leads_raw_data_full_load_pipeline, task_id=parquet_to_postgres, execution_date=20230107T000000, start_date=20230609T232430, end_date=20230609T232439
[2023-06-09 23:24:40,200] {local_task_job.py:154} INFO - Task exited with return code 0
[2023-06-09 23:24:41,088] {local_task_job.py:264} INFO - 0 downstream tasks scheduled from follow-on schedule check
