[2023-06-09 23:27:27,026] {taskinstance.py:1035} INFO - Dependencies all met for <TaskInstance: leads_raw_data_full_load_pipeline.parquet_to_postgres scheduled__2023-03-20T00:00:00+00:00 [queued]>
[2023-06-09 23:27:27,209] {taskinstance.py:1035} INFO - Dependencies all met for <TaskInstance: leads_raw_data_full_load_pipeline.parquet_to_postgres scheduled__2023-03-20T00:00:00+00:00 [queued]>
[2023-06-09 23:27:27,211] {taskinstance.py:1241} INFO - 
--------------------------------------------------------------------------------
[2023-06-09 23:27:27,219] {taskinstance.py:1242} INFO - Starting attempt 1 of 1
[2023-06-09 23:27:27,223] {taskinstance.py:1243} INFO - 
--------------------------------------------------------------------------------
[2023-06-09 23:27:27,386] {taskinstance.py:1262} INFO - Executing <Task(PythonOperator): parquet_to_postgres> on 2023-03-20 00:00:00+00:00
[2023-06-09 23:27:27,419] {standard_task_runner.py:52} INFO - Started process 26127 to run task
[2023-06-09 23:27:27,427] {standard_task_runner.py:76} INFO - Running: ['***', 'tasks', 'run', 'leads_raw_data_full_load_pipeline', 'parquet_to_postgres', 'scheduled__2023-03-20T00:00:00+00:00', '--job-id', '511', '--raw', '--subdir', 'DAGS_FOLDER/leads_raw_data_full_load_pipeline.py', '--cfg-path', '/tmp/tmpykurm8qg', '--error-file', '/tmp/tmpqvsvdp66']
[2023-06-09 23:27:27,448] {standard_task_runner.py:77} INFO - Job 511: Subtask parquet_to_postgres
[2023-06-09 23:27:27,649] {logging_mixin.py:109} INFO - Running <TaskInstance: leads_raw_data_full_load_pipeline.parquet_to_postgres scheduled__2023-03-20T00:00:00+00:00 [running]> on host 6ba608d2de6e
[2023-06-09 23:27:28,048] {taskinstance.py:1414} INFO - Exporting the following env vars:
AIRFLOW_CTX_DAG_OWNER=***
AIRFLOW_CTX_DAG_ID=leads_raw_data_full_load_pipeline
AIRFLOW_CTX_TASK_ID=parquet_to_postgres
AIRFLOW_CTX_EXECUTION_DATE=2023-03-20T00:00:00+00:00
AIRFLOW_CTX_DAG_RUN_ID=scheduled__2023-03-20T00:00:00+00:00
[2023-06-09 23:27:36,021] {logging_mixin.py:109} INFO - Parquet file loaded into PostgreSQL successfully.
[2023-06-09 23:27:36,024] {python.py:152} INFO - Done. Returned value was: None
[2023-06-09 23:27:37,403] {taskinstance.py:1280} INFO - Marking task as SUCCESS. dag_id=leads_raw_data_full_load_pipeline, task_id=parquet_to_postgres, execution_date=20230320T000000, start_date=20230609T232727, end_date=20230609T232737
[2023-06-09 23:27:38,059] {local_task_job.py:154} INFO - Task exited with return code 0
[2023-06-09 23:27:38,508] {local_task_job.py:264} INFO - 1 downstream tasks scheduled from follow-on schedule check
