[2023-06-09 22:03:26,046] {taskinstance.py:1029} INFO - Dependencies not met for <TaskInstance: sftp_raw_data_inc_load_pipeline.extract_from_file_data_14.csv scheduled__2023-06-08T00:00:00+00:00 [success]>, dependency 'Task Instance State' FAILED: Task is in the 'success' state which is not a valid state for execution. The task must be cleared in order to be run.
[2023-06-09 22:03:26,063] {local_task_job.py:99} INFO - Task is not able to be run
[2023-06-09 22:03:26,675] {taskinstance.py:1035} INFO - Dependencies all met for <TaskInstance: sftp_raw_data_inc_load_pipeline.extract_from_file_data_14.csv manual__2023-06-09T22:03:08.195880+00:00 [queued]>
[2023-06-09 22:03:27,078] {taskinstance.py:1035} INFO - Dependencies all met for <TaskInstance: sftp_raw_data_inc_load_pipeline.extract_from_file_data_14.csv manual__2023-06-09T22:03:08.195880+00:00 [queued]>
[2023-06-09 22:03:27,085] {taskinstance.py:1241} INFO - 
--------------------------------------------------------------------------------
[2023-06-09 22:03:27,094] {taskinstance.py:1242} INFO - Starting attempt 1 of 1
[2023-06-09 22:03:27,095] {taskinstance.py:1243} INFO - 
--------------------------------------------------------------------------------
[2023-06-09 22:03:27,447] {taskinstance.py:1262} INFO - Executing <Task(PythonOperator): extract_from_file_data_14.csv> on 2023-06-09 22:03:08.195880+00:00
[2023-06-09 22:03:27,527] {standard_task_runner.py:52} INFO - Started process 13180 to run task
[2023-06-09 22:03:27,587] {standard_task_runner.py:76} INFO - Running: ['***', 'tasks', 'run', 'sftp_raw_data_inc_load_pipeline', 'extract_from_file_data_14.csv', 'manual__2023-06-09T22:03:08.195880+00:00', '--job-id', '118', '--raw', '--subdir', 'DAGS_FOLDER/sftp_raw_data_inc_load_pipeline.py', '--cfg-path', '/tmp/tmp4drohd0k', '--error-file', '/tmp/tmpgj1dkhfp']
[2023-06-09 22:03:27,693] {standard_task_runner.py:77} INFO - Job 118: Subtask extract_from_file_data_14.csv
[2023-06-09 22:03:27,885] {logging_mixin.py:109} INFO - Running <TaskInstance: sftp_raw_data_inc_load_pipeline.extract_from_file_data_14.csv manual__2023-06-09T22:03:08.195880+00:00 [running]> on host 6ba608d2de6e
[2023-06-09 22:03:28,872] {taskinstance.py:1414} INFO - Exporting the following env vars:
AIRFLOW_CTX_DAG_EMAIL=Hassan@gmail.com
AIRFLOW_CTX_DAG_OWNER=Hassan
AIRFLOW_CTX_DAG_ID=sftp_raw_data_inc_load_pipeline
AIRFLOW_CTX_TASK_ID=extract_from_file_data_14.csv
AIRFLOW_CTX_EXECUTION_DATE=2023-06-09T22:03:08.195880+00:00
AIRFLOW_CTX_DAG_RUN_ID=manual__2023-06-09T22:03:08.195880+00:00
[2023-06-09 22:03:32,584] {python.py:152} INFO - Done. Returned value was: None
[2023-06-09 22:03:32,870] {taskinstance.py:1280} INFO - Marking task as SUCCESS. dag_id=sftp_raw_data_inc_load_pipeline, task_id=extract_from_file_data_14.csv, execution_date=20230609T220308, start_date=20230609T220326, end_date=20230609T220332
[2023-06-09 22:03:33,034] {local_task_job.py:154} INFO - Task exited with return code 0
[2023-06-09 22:03:33,451] {local_task_job.py:264} INFO - 1 downstream tasks scheduled from follow-on schedule check
