[2023-06-09 22:29:15,485] {taskinstance.py:1035} INFO - Dependencies all met for <TaskInstance: sftp_raw_data_inc_load_pipeline.extract_from_file_data_14.csv manual__2023-06-09T22:03:08.195880+00:00 [queued]>
[2023-06-09 22:29:15,689] {taskinstance.py:1035} INFO - Dependencies all met for <TaskInstance: sftp_raw_data_inc_load_pipeline.extract_from_file_data_14.csv manual__2023-06-09T22:03:08.195880+00:00 [queued]>
[2023-06-09 22:29:15,694] {taskinstance.py:1241} INFO - 
--------------------------------------------------------------------------------
[2023-06-09 22:29:15,699] {taskinstance.py:1242} INFO - Starting attempt 5 of 5
[2023-06-09 22:29:15,703] {taskinstance.py:1243} INFO - 
--------------------------------------------------------------------------------
[2023-06-09 22:29:15,901] {taskinstance.py:1262} INFO - Executing <Task(PythonOperator): extract_from_file_data_14.csv> on 2023-06-09 22:03:08.195880+00:00
[2023-06-09 22:29:15,937] {standard_task_runner.py:52} INFO - Started process 17554 to run task
[2023-06-09 22:29:15,980] {standard_task_runner.py:76} INFO - Running: ['***', 'tasks', 'run', 'sftp_raw_data_inc_load_pipeline', 'extract_from_file_data_14.csv', 'manual__2023-06-09T22:03:08.195880+00:00', '--job-id', '292', '--raw', '--subdir', 'DAGS_FOLDER/sftp_raw_data_inc_load_pipeline.py', '--cfg-path', '/tmp/tmpqewooggb', '--error-file', '/tmp/tmpn6_ybxer']
[2023-06-09 22:29:16,024] {standard_task_runner.py:77} INFO - Job 292: Subtask extract_from_file_data_14.csv
[2023-06-09 22:29:16,446] {logging_mixin.py:109} INFO - Running <TaskInstance: sftp_raw_data_inc_load_pipeline.extract_from_file_data_14.csv manual__2023-06-09T22:03:08.195880+00:00 [running]> on host 6ba608d2de6e
[2023-06-09 22:29:16,643] {taskinstance.py:1414} INFO - Exporting the following env vars:
AIRFLOW_CTX_DAG_EMAIL=Hassan@gmail.com
AIRFLOW_CTX_DAG_OWNER=Hassan
AIRFLOW_CTX_DAG_ID=sftp_raw_data_inc_load_pipeline
AIRFLOW_CTX_TASK_ID=extract_from_file_data_14.csv
AIRFLOW_CTX_EXECUTION_DATE=2023-06-09T22:03:08.195880+00:00
AIRFLOW_CTX_DAG_RUN_ID=manual__2023-06-09T22:03:08.195880+00:00
[2023-06-09 22:29:19,679] {python.py:152} INFO - Done. Returned value was: None
[2023-06-09 22:29:19,884] {taskinstance.py:1280} INFO - Marking task as SUCCESS. dag_id=sftp_raw_data_inc_load_pipeline, task_id=extract_from_file_data_14.csv, execution_date=20230609T220308, start_date=20230609T222915, end_date=20230609T222919
[2023-06-09 22:29:20,289] {local_task_job.py:154} INFO - Task exited with return code 0
[2023-06-09 22:29:21,159] {local_task_job.py:264} INFO - 1 downstream tasks scheduled from follow-on schedule check
