[2023-06-09 22:31:02,033] {taskinstance.py:1035} INFO - Dependencies all met for <TaskInstance: sftp_raw_data_inc_load_pipeline.extract_from_file_data_14.csv manual__2023-06-09T22:03:08.195880+00:00 [queued]>
[2023-06-09 22:31:02,307] {taskinstance.py:1035} INFO - Dependencies all met for <TaskInstance: sftp_raw_data_inc_load_pipeline.extract_from_file_data_14.csv manual__2023-06-09T22:03:08.195880+00:00 [queued]>
[2023-06-09 22:31:02,310] {taskinstance.py:1241} INFO - 
--------------------------------------------------------------------------------
[2023-06-09 22:31:02,315] {taskinstance.py:1242} INFO - Starting attempt 6 of 6
[2023-06-09 22:31:02,326] {taskinstance.py:1243} INFO - 
--------------------------------------------------------------------------------
[2023-06-09 22:31:02,914] {taskinstance.py:1262} INFO - Executing <Task(PythonOperator): extract_from_file_data_14.csv> on 2023-06-09 22:03:08.195880+00:00
[2023-06-09 22:31:02,957] {standard_task_runner.py:52} INFO - Started process 18127 to run task
[2023-06-09 22:31:02,985] {standard_task_runner.py:76} INFO - Running: ['***', 'tasks', 'run', 'sftp_raw_data_inc_load_pipeline', 'extract_from_file_data_14.csv', 'manual__2023-06-09T22:03:08.195880+00:00', '--job-id', '340', '--raw', '--subdir', 'DAGS_FOLDER/sftp_raw_data_inc_load_pipeline.py', '--cfg-path', '/tmp/tmphh6eumis', '--error-file', '/tmp/tmp9v1cq0ra']
[2023-06-09 22:31:03,011] {standard_task_runner.py:77} INFO - Job 340: Subtask extract_from_file_data_14.csv
[2023-06-09 22:31:03,567] {logging_mixin.py:109} INFO - Running <TaskInstance: sftp_raw_data_inc_load_pipeline.extract_from_file_data_14.csv manual__2023-06-09T22:03:08.195880+00:00 [running]> on host 6ba608d2de6e
[2023-06-09 22:31:05,114] {taskinstance.py:1414} INFO - Exporting the following env vars:
AIRFLOW_CTX_DAG_EMAIL=Hassan@gmail.com
AIRFLOW_CTX_DAG_OWNER=Hassan
AIRFLOW_CTX_DAG_ID=sftp_raw_data_inc_load_pipeline
AIRFLOW_CTX_TASK_ID=extract_from_file_data_14.csv
AIRFLOW_CTX_EXECUTION_DATE=2023-06-09T22:03:08.195880+00:00
AIRFLOW_CTX_DAG_RUN_ID=manual__2023-06-09T22:03:08.195880+00:00
[2023-06-09 22:31:09,520] {python.py:152} INFO - Done. Returned value was: None
[2023-06-09 22:31:09,803] {taskinstance.py:1280} INFO - Marking task as SUCCESS. dag_id=sftp_raw_data_inc_load_pipeline, task_id=extract_from_file_data_14.csv, execution_date=20230609T220308, start_date=20230609T223102, end_date=20230609T223109
[2023-06-09 22:31:10,054] {local_task_job.py:154} INFO - Task exited with return code 0
[2023-06-09 22:31:10,772] {local_task_job.py:264} INFO - 0 downstream tasks scheduled from follow-on schedule check
