[2023-06-09 15:08:15,215] {taskinstance.py:1035} INFO - Dependencies all met for <TaskInstance: sftp_raw_data_full_load_pipeline.extract_from_file_data_14.csv scheduled__2023-06-08T00:00:00+00:00 [queued]>
[2023-06-09 15:08:15,274] {taskinstance.py:1035} INFO - Dependencies all met for <TaskInstance: sftp_raw_data_full_load_pipeline.extract_from_file_data_14.csv scheduled__2023-06-08T00:00:00+00:00 [queued]>
[2023-06-09 15:08:15,276] {taskinstance.py:1241} INFO - 
--------------------------------------------------------------------------------
[2023-06-09 15:08:15,276] {taskinstance.py:1242} INFO - Starting attempt 1 of 1
[2023-06-09 15:08:15,279] {taskinstance.py:1243} INFO - 
--------------------------------------------------------------------------------
[2023-06-09 15:08:15,830] {taskinstance.py:1262} INFO - Executing <Task(PythonOperator): extract_from_file_data_14.csv> on 2023-06-08 00:00:00+00:00
[2023-06-09 15:08:15,846] {standard_task_runner.py:52} INFO - Started process 1335 to run task
[2023-06-09 15:08:15,867] {standard_task_runner.py:76} INFO - Running: ['***', 'tasks', 'run', 'sftp_raw_data_full_load_pipeline', 'extract_from_file_data_14.csv', 'scheduled__2023-06-08T00:00:00+00:00', '--job-id', '17', '--raw', '--subdir', 'DAGS_FOLDER/sftp_raw_data_full_load_pipeline.py', '--cfg-path', '/tmp/tmp48cza37v', '--error-file', '/tmp/tmpdto9rfkx']
[2023-06-09 15:08:15,881] {standard_task_runner.py:77} INFO - Job 17: Subtask extract_from_file_data_14.csv
[2023-06-09 15:08:16,053] {logging_mixin.py:109} INFO - Running <TaskInstance: sftp_raw_data_full_load_pipeline.extract_from_file_data_14.csv scheduled__2023-06-08T00:00:00+00:00 [running]> on host 8cb5811d1998
[2023-06-09 15:08:16,328] {taskinstance.py:1414} INFO - Exporting the following env vars:
AIRFLOW_CTX_DAG_EMAIL=Hassan@gmail.com
AIRFLOW_CTX_DAG_OWNER=Hassan
AIRFLOW_CTX_DAG_ID=sftp_raw_data_full_load_pipeline
AIRFLOW_CTX_TASK_ID=extract_from_file_data_14.csv
AIRFLOW_CTX_EXECUTION_DATE=2023-06-08T00:00:00+00:00
AIRFLOW_CTX_DAG_RUN_ID=scheduled__2023-06-08T00:00:00+00:00
[2023-06-09 15:08:16,338] {logging_mixin.py:109} INFO - ((), ())
[2023-06-09 15:08:16,517] {logging_mixin.py:109} INFO - Empty DataFrame
Columns: []
Index: []
[2023-06-09 15:08:16,536] {logging_mixin.py:109} INFO - [Errno 2] No such file or directory: './data/temp_files/2023-06-09_15:08:16.519613_leads_sftp.json'
[2023-06-09 15:08:16,579] {python.py:152} INFO - Done. Returned value was: None
[2023-06-09 15:08:17,211] {taskinstance.py:1280} INFO - Marking task as SUCCESS. dag_id=sftp_raw_data_full_load_pipeline, task_id=extract_from_file_data_14.csv, execution_date=20230608T000000, start_date=20230609T150815, end_date=20230609T150817
[2023-06-09 15:08:17,392] {local_task_job.py:154} INFO - Task exited with return code 0
[2023-06-09 15:08:19,678] {local_task_job.py:264} INFO - 1 downstream tasks scheduled from follow-on schedule check
[2023-06-09 15:21:56,714] {taskinstance.py:1035} INFO - Dependencies all met for <TaskInstance: sftp_raw_data_full_load_pipeline.extract_from_file_data_14.csv manual__2023-06-09T15:20:24.730543+00:00 [queued]>
[2023-06-09 15:21:56,757] {taskinstance.py:1035} INFO - Dependencies all met for <TaskInstance: sftp_raw_data_full_load_pipeline.extract_from_file_data_14.csv manual__2023-06-09T15:20:24.730543+00:00 [queued]>
[2023-06-09 15:21:56,768] {taskinstance.py:1241} INFO - 
--------------------------------------------------------------------------------
[2023-06-09 15:21:56,769] {taskinstance.py:1242} INFO - Starting attempt 1 of 1
[2023-06-09 15:21:56,770] {taskinstance.py:1243} INFO - 
--------------------------------------------------------------------------------
[2023-06-09 15:21:59,359] {taskinstance.py:1262} INFO - Executing <Task(PythonOperator): extract_from_file_data_14.csv> on 2023-06-09 15:20:24.730543+00:00
[2023-06-09 15:21:59,422] {standard_task_runner.py:52} INFO - Started process 3336 to run task
[2023-06-09 15:21:59,466] {standard_task_runner.py:76} INFO - Running: ['***', 'tasks', 'run', 'sftp_raw_data_full_load_pipeline', 'extract_from_file_data_14.csv', 'manual__2023-06-09T15:20:24.730543+00:00', '--job-id', '61', '--raw', '--subdir', 'DAGS_FOLDER/sftp_raw_data_full_load_pipeline.py', '--cfg-path', '/tmp/tmpx6h2tq_f', '--error-file', '/tmp/tmp1rtj09s4']
[2023-06-09 15:21:59,530] {standard_task_runner.py:77} INFO - Job 61: Subtask extract_from_file_data_14.csv
[2023-06-09 15:22:00,171] {logging_mixin.py:109} INFO - Running <TaskInstance: sftp_raw_data_full_load_pipeline.extract_from_file_data_14.csv manual__2023-06-09T15:20:24.730543+00:00 [running]> on host 8cb5811d1998
[2023-06-09 15:22:01,423] {taskinstance.py:1414} INFO - Exporting the following env vars:
AIRFLOW_CTX_DAG_EMAIL=Hassan@gmail.com
AIRFLOW_CTX_DAG_OWNER=Hassan
AIRFLOW_CTX_DAG_ID=sftp_raw_data_full_load_pipeline
AIRFLOW_CTX_TASK_ID=extract_from_file_data_14.csv
AIRFLOW_CTX_EXECUTION_DATE=2023-06-09T15:20:24.730543+00:00
AIRFLOW_CTX_DAG_RUN_ID=manual__2023-06-09T15:20:24.730543+00:00
[2023-06-09 15:22:01,438] {logging_mixin.py:109} INFO - ((), ())
[2023-06-09 15:22:01,568] {logging_mixin.py:109} INFO - Empty DataFrame
Columns: []
Index: []
[2023-06-09 15:22:01,585] {logging_mixin.py:109} INFO - [Errno 2] No such file or directory: './data/temp_files/2023-06-09_15:22:01.571008_leads_sftp.json'
[2023-06-09 15:22:01,680] {python.py:152} INFO - Done. Returned value was: None
[2023-06-09 15:22:02,933] {taskinstance.py:1280} INFO - Marking task as SUCCESS. dag_id=sftp_raw_data_full_load_pipeline, task_id=extract_from_file_data_14.csv, execution_date=20230609T152024, start_date=20230609T152156, end_date=20230609T152202
[2023-06-09 15:22:03,425] {local_task_job.py:154} INFO - Task exited with return code 0
[2023-06-09 15:22:04,586] {local_task_job.py:264} INFO - 1 downstream tasks scheduled from follow-on schedule check
[2023-06-09 16:52:03,204] {taskinstance.py:1035} INFO - Dependencies all met for <TaskInstance: sftp_raw_data_full_load_pipeline.extract_from_file_data_14.csv scheduled__2023-06-08T00:00:00+00:00 [queued]>
[2023-06-09 16:52:03,400] {taskinstance.py:1035} INFO - Dependencies all met for <TaskInstance: sftp_raw_data_full_load_pipeline.extract_from_file_data_14.csv scheduled__2023-06-08T00:00:00+00:00 [queued]>
[2023-06-09 16:52:03,406] {taskinstance.py:1241} INFO - 
--------------------------------------------------------------------------------
[2023-06-09 16:52:03,413] {taskinstance.py:1242} INFO - Starting attempt 1 of 1
[2023-06-09 16:52:03,416] {taskinstance.py:1243} INFO - 
--------------------------------------------------------------------------------
[2023-06-09 16:52:03,557] {taskinstance.py:1262} INFO - Executing <Task(PythonOperator): extract_from_file_data_14.csv> on 2023-06-08 00:00:00+00:00
[2023-06-09 16:52:03,585] {standard_task_runner.py:52} INFO - Started process 643 to run task
[2023-06-09 16:52:03,598] {standard_task_runner.py:76} INFO - Running: ['***', 'tasks', 'run', 'sftp_raw_data_full_load_pipeline', 'extract_from_file_data_14.csv', 'scheduled__2023-06-08T00:00:00+00:00', '--job-id', '14', '--raw', '--subdir', 'DAGS_FOLDER/sftp_raw_data_full_load_pipeline.py', '--cfg-path', '/tmp/tmpiigbjhpw', '--error-file', '/tmp/tmpyab2wfb8']
[2023-06-09 16:52:03,618] {standard_task_runner.py:77} INFO - Job 14: Subtask extract_from_file_data_14.csv
[2023-06-09 16:52:04,059] {logging_mixin.py:109} INFO - Running <TaskInstance: sftp_raw_data_full_load_pipeline.extract_from_file_data_14.csv scheduled__2023-06-08T00:00:00+00:00 [running]> on host 6ba608d2de6e
[2023-06-09 16:52:04,731] {taskinstance.py:1414} INFO - Exporting the following env vars:
AIRFLOW_CTX_DAG_EMAIL=Hassan@gmail.com
AIRFLOW_CTX_DAG_OWNER=Hassan
AIRFLOW_CTX_DAG_ID=sftp_raw_data_full_load_pipeline
AIRFLOW_CTX_TASK_ID=extract_from_file_data_14.csv
AIRFLOW_CTX_EXECUTION_DATE=2023-06-08T00:00:00+00:00
AIRFLOW_CTX_DAG_RUN_ID=scheduled__2023-06-08T00:00:00+00:00
[2023-06-09 16:52:08,043] {python.py:152} INFO - Done. Returned value was: None
[2023-06-09 16:52:08,140] {taskinstance.py:1280} INFO - Marking task as SUCCESS. dag_id=sftp_raw_data_full_load_pipeline, task_id=extract_from_file_data_14.csv, execution_date=20230608T000000, start_date=20230609T165203, end_date=20230609T165208
[2023-06-09 16:52:08,478] {local_task_job.py:154} INFO - Task exited with return code 0
[2023-06-09 16:52:09,071] {local_task_job.py:264} INFO - 1 downstream tasks scheduled from follow-on schedule check
