[2023-06-09 21:54:16,040] {taskinstance.py:1035} INFO - Dependencies all met for <TaskInstance: sftp_raw_data_full_load_pipeline.extract_from_file_data_14.csv scheduled__2023-06-08T00:00:00+00:00 [queued]>
[2023-06-09 21:54:16,233] {taskinstance.py:1035} INFO - Dependencies all met for <TaskInstance: sftp_raw_data_full_load_pipeline.extract_from_file_data_14.csv scheduled__2023-06-08T00:00:00+00:00 [queued]>
[2023-06-09 21:54:16,234] {taskinstance.py:1241} INFO - 
--------------------------------------------------------------------------------
[2023-06-09 21:54:16,236] {taskinstance.py:1242} INFO - Starting attempt 2 of 2
[2023-06-09 21:54:16,237] {taskinstance.py:1243} INFO - 
--------------------------------------------------------------------------------
[2023-06-09 21:54:16,638] {taskinstance.py:1262} INFO - Executing <Task(PythonOperator): extract_from_file_data_14.csv> on 2023-06-08 00:00:00+00:00
[2023-06-09 21:54:16,701] {standard_task_runner.py:52} INFO - Started process 11752 to run task
[2023-06-09 21:54:16,726] {standard_task_runner.py:76} INFO - Running: ['***', 'tasks', 'run', 'sftp_raw_data_full_load_pipeline', 'extract_from_file_data_14.csv', 'scheduled__2023-06-08T00:00:00+00:00', '--job-id', '77', '--raw', '--subdir', 'DAGS_FOLDER/sftp_raw_data_full_load_pipeline.py', '--cfg-path', '/tmp/tmp_c7rgbpy', '--error-file', '/tmp/tmp8yf41no7']
[2023-06-09 21:54:16,749] {standard_task_runner.py:77} INFO - Job 77: Subtask extract_from_file_data_14.csv
[2023-06-09 21:54:17,171] {logging_mixin.py:109} INFO - Running <TaskInstance: sftp_raw_data_full_load_pipeline.extract_from_file_data_14.csv scheduled__2023-06-08T00:00:00+00:00 [running]> on host 6ba608d2de6e
[2023-06-09 21:54:17,704] {taskinstance.py:1414} INFO - Exporting the following env vars:
AIRFLOW_CTX_DAG_EMAIL=Hassan@gmail.com
AIRFLOW_CTX_DAG_OWNER=Hassan
AIRFLOW_CTX_DAG_ID=sftp_raw_data_full_load_pipeline
AIRFLOW_CTX_TASK_ID=extract_from_file_data_14.csv
AIRFLOW_CTX_EXECUTION_DATE=2023-06-08T00:00:00+00:00
AIRFLOW_CTX_DAG_RUN_ID=scheduled__2023-06-08T00:00:00+00:00
[2023-06-09 21:54:20,582] {python.py:152} INFO - Done. Returned value was: None
[2023-06-09 21:54:21,527] {taskinstance.py:1280} INFO - Marking task as SUCCESS. dag_id=sftp_raw_data_full_load_pipeline, task_id=extract_from_file_data_14.csv, execution_date=20230608T000000, start_date=20230609T215416, end_date=20230609T215421
[2023-06-09 21:54:21,643] {local_task_job.py:154} INFO - Task exited with return code 0
[2023-06-09 21:54:23,678] {local_task_job.py:264} INFO - 1 downstream tasks scheduled from follow-on schedule check
