[2023-06-09 22:35:23,251] {taskinstance.py:1035} INFO - Dependencies all met for <TaskInstance: sftp_raw_data_inc_load_pipeline.clean_sftp_files_data_9.csv manual__2023-06-09T22:03:08.195880+00:00 [queued]>
[2023-06-09 22:35:23,356] {taskinstance.py:1035} INFO - Dependencies all met for <TaskInstance: sftp_raw_data_inc_load_pipeline.clean_sftp_files_data_9.csv manual__2023-06-09T22:03:08.195880+00:00 [queued]>
[2023-06-09 22:35:23,367] {taskinstance.py:1241} INFO - 
--------------------------------------------------------------------------------
[2023-06-09 22:35:23,368] {taskinstance.py:1242} INFO - Starting attempt 2 of 2
[2023-06-09 22:35:23,369] {taskinstance.py:1243} INFO - 
--------------------------------------------------------------------------------
[2023-06-09 22:35:23,423] {taskinstance.py:1262} INFO - Executing <Task(PythonOperator): clean_sftp_files_data_9.csv> on 2023-06-09 22:03:08.195880+00:00
[2023-06-09 22:35:23,434] {standard_task_runner.py:52} INFO - Started process 19273 to run task
[2023-06-09 22:35:23,452] {standard_task_runner.py:76} INFO - Running: ['***', 'tasks', 'run', 'sftp_raw_data_inc_load_pipeline', 'clean_sftp_files_data_9.csv', 'manual__2023-06-09T22:03:08.195880+00:00', '--job-id', '430', '--raw', '--subdir', 'DAGS_FOLDER/sftp_raw_data_inc_load_pipeline.py', '--cfg-path', '/tmp/tmpx87cqae2', '--error-file', '/tmp/tmpxnz133e9']
[2023-06-09 22:35:23,467] {standard_task_runner.py:77} INFO - Job 430: Subtask clean_sftp_files_data_9.csv
[2023-06-09 22:35:23,637] {logging_mixin.py:109} INFO - Running <TaskInstance: sftp_raw_data_inc_load_pipeline.clean_sftp_files_data_9.csv manual__2023-06-09T22:03:08.195880+00:00 [running]> on host 6ba608d2de6e
[2023-06-09 22:35:23,881] {taskinstance.py:1414} INFO - Exporting the following env vars:
AIRFLOW_CTX_DAG_EMAIL=Hassan@gmail.com
AIRFLOW_CTX_DAG_OWNER=Hassan
AIRFLOW_CTX_DAG_ID=sftp_raw_data_inc_load_pipeline
AIRFLOW_CTX_TASK_ID=clean_sftp_files_data_9.csv
AIRFLOW_CTX_EXECUTION_DATE=2023-06-09T22:03:08.195880+00:00
AIRFLOW_CTX_DAG_RUN_ID=manual__2023-06-09T22:03:08.195880+00:00
[2023-06-09 22:35:23,889] {python.py:152} INFO - Done. Returned value was: None
[2023-06-09 22:35:23,941] {taskinstance.py:1280} INFO - Marking task as SUCCESS. dag_id=sftp_raw_data_inc_load_pipeline, task_id=clean_sftp_files_data_9.csv, execution_date=20230609T220308, start_date=20230609T223523, end_date=20230609T223523
[2023-06-09 22:35:24,095] {local_task_job.py:154} INFO - Task exited with return code 0
[2023-06-09 22:35:24,223] {local_task_job.py:264} INFO - 0 downstream tasks scheduled from follow-on schedule check
