[2023-06-09 21:54:58,043] {taskinstance.py:1035} INFO - Dependencies all met for <TaskInstance: sftp_raw_data_full_load_pipeline.clean_sftp_files_data_6.csv scheduled__2023-06-08T00:00:00+00:00 [queued]>
[2023-06-09 21:54:58,346] {taskinstance.py:1035} INFO - Dependencies all met for <TaskInstance: sftp_raw_data_full_load_pipeline.clean_sftp_files_data_6.csv scheduled__2023-06-08T00:00:00+00:00 [queued]>
[2023-06-09 21:54:58,349] {taskinstance.py:1241} INFO - 
--------------------------------------------------------------------------------
[2023-06-09 21:54:58,352] {taskinstance.py:1242} INFO - Starting attempt 1 of 1
[2023-06-09 21:54:58,355] {taskinstance.py:1243} INFO - 
--------------------------------------------------------------------------------
[2023-06-09 21:54:58,569] {taskinstance.py:1262} INFO - Executing <Task(PythonOperator): clean_sftp_files_data_6.csv> on 2023-06-08 00:00:00+00:00
[2023-06-09 21:54:58,584] {standard_task_runner.py:52} INFO - Started process 11991 to run task
[2023-06-09 21:54:58,633] {standard_task_runner.py:76} INFO - Running: ['***', 'tasks', 'run', 'sftp_raw_data_full_load_pipeline', 'clean_sftp_files_data_6.csv', 'scheduled__2023-06-08T00:00:00+00:00', '--job-id', '107', '--raw', '--subdir', 'DAGS_FOLDER/sftp_raw_data_full_load_pipeline.py', '--cfg-path', '/tmp/tmpbnkvp9sp', '--error-file', '/tmp/tmpul97l0ve']
[2023-06-09 21:54:58,669] {standard_task_runner.py:77} INFO - Job 107: Subtask clean_sftp_files_data_6.csv
[2023-06-09 21:54:58,900] {logging_mixin.py:109} INFO - Running <TaskInstance: sftp_raw_data_full_load_pipeline.clean_sftp_files_data_6.csv scheduled__2023-06-08T00:00:00+00:00 [running]> on host 6ba608d2de6e
[2023-06-09 21:54:59,103] {taskinstance.py:1414} INFO - Exporting the following env vars:
AIRFLOW_CTX_DAG_EMAIL=Hassan@gmail.com
AIRFLOW_CTX_DAG_OWNER=Hassan
AIRFLOW_CTX_DAG_ID=sftp_raw_data_full_load_pipeline
AIRFLOW_CTX_TASK_ID=clean_sftp_files_data_6.csv
AIRFLOW_CTX_EXECUTION_DATE=2023-06-08T00:00:00+00:00
AIRFLOW_CTX_DAG_RUN_ID=scheduled__2023-06-08T00:00:00+00:00
[2023-06-09 21:54:59,114] {python.py:152} INFO - Done. Returned value was: None
[2023-06-09 21:54:59,240] {taskinstance.py:1280} INFO - Marking task as SUCCESS. dag_id=sftp_raw_data_full_load_pipeline, task_id=clean_sftp_files_data_6.csv, execution_date=20230608T000000, start_date=20230609T215458, end_date=20230609T215459
[2023-06-09 21:54:59,475] {local_task_job.py:154} INFO - Task exited with return code 0
[2023-06-09 21:54:59,706] {local_task_job.py:264} INFO - 0 downstream tasks scheduled from follow-on schedule check
