[2023-06-09 23:24:57,478] {taskinstance.py:1035} INFO - Dependencies all met for <TaskInstance: leads_raw_data_full_load_pipeline.parquet_to_postgres scheduled__2023-01-18T00:00:00+00:00 [queued]>
[2023-06-09 23:24:57,628] {taskinstance.py:1035} INFO - Dependencies all met for <TaskInstance: leads_raw_data_full_load_pipeline.parquet_to_postgres scheduled__2023-01-18T00:00:00+00:00 [queued]>
[2023-06-09 23:24:57,630] {taskinstance.py:1241} INFO - 
--------------------------------------------------------------------------------
[2023-06-09 23:24:57,633] {taskinstance.py:1242} INFO - Starting attempt 1 of 1
[2023-06-09 23:24:57,636] {taskinstance.py:1243} INFO - 
--------------------------------------------------------------------------------
[2023-06-09 23:24:57,737] {taskinstance.py:1262} INFO - Executing <Task(PythonOperator): parquet_to_postgres> on 2023-01-18 00:00:00+00:00
[2023-06-09 23:24:57,748] {standard_task_runner.py:52} INFO - Started process 24876 to run task
[2023-06-09 23:24:57,831] {standard_task_runner.py:76} INFO - Running: ['***', 'tasks', 'run', 'leads_raw_data_full_load_pipeline', 'parquet_to_postgres', 'scheduled__2023-01-18T00:00:00+00:00', '--job-id', '450', '--raw', '--subdir', 'DAGS_FOLDER/leads_raw_data_full_load_pipeline.py', '--cfg-path', '/tmp/tmphmir2iho', '--error-file', '/tmp/tmp6i9xangs']
[2023-06-09 23:24:57,952] {standard_task_runner.py:77} INFO - Job 450: Subtask parquet_to_postgres
[2023-06-09 23:24:58,594] {logging_mixin.py:109} INFO - Running <TaskInstance: leads_raw_data_full_load_pipeline.parquet_to_postgres scheduled__2023-01-18T00:00:00+00:00 [running]> on host 6ba608d2de6e
[2023-06-09 23:24:58,906] {taskinstance.py:1414} INFO - Exporting the following env vars:
AIRFLOW_CTX_DAG_OWNER=***
AIRFLOW_CTX_DAG_ID=leads_raw_data_full_load_pipeline
AIRFLOW_CTX_TASK_ID=parquet_to_postgres
AIRFLOW_CTX_EXECUTION_DATE=2023-01-18T00:00:00+00:00
AIRFLOW_CTX_DAG_RUN_ID=scheduled__2023-01-18T00:00:00+00:00
[2023-06-09 23:25:06,242] {logging_mixin.py:109} INFO - Parquet file loaded into PostgreSQL successfully.
[2023-06-09 23:25:06,244] {python.py:152} INFO - Done. Returned value was: None
[2023-06-09 23:25:06,312] {taskinstance.py:1280} INFO - Marking task as SUCCESS. dag_id=leads_raw_data_full_load_pipeline, task_id=parquet_to_postgres, execution_date=20230118T000000, start_date=20230609T232457, end_date=20230609T232506
[2023-06-09 23:25:06,569] {local_task_job.py:154} INFO - Task exited with return code 0
[2023-06-09 23:25:08,327] {local_task_job.py:264} INFO - 0 downstream tasks scheduled from follow-on schedule check
