[2023-06-09 22:34:08,660] {taskinstance.py:1035} INFO - Dependencies all met for <TaskInstance: sftp_raw_data_inc_load_pipeline.load_sftp_data_data_22.csv manual__2023-06-09T22:03:08.195880+00:00 [queued]>
[2023-06-09 22:34:08,997] {taskinstance.py:1035} INFO - Dependencies all met for <TaskInstance: sftp_raw_data_inc_load_pipeline.load_sftp_data_data_22.csv manual__2023-06-09T22:03:08.195880+00:00 [queued]>
[2023-06-09 22:34:09,007] {taskinstance.py:1241} INFO - 
--------------------------------------------------------------------------------
[2023-06-09 22:34:09,009] {taskinstance.py:1242} INFO - Starting attempt 7 of 7
[2023-06-09 22:34:09,015] {taskinstance.py:1243} INFO - 
--------------------------------------------------------------------------------
[2023-06-09 22:34:09,243] {taskinstance.py:1262} INFO - Executing <Task(PythonOperator): load_sftp_data_data_22.csv> on 2023-06-09 22:03:08.195880+00:00
[2023-06-09 22:34:09,295] {standard_task_runner.py:52} INFO - Started process 18868 to run task
[2023-06-09 22:34:09,309] {standard_task_runner.py:76} INFO - Running: ['***', 'tasks', 'run', 'sftp_raw_data_inc_load_pipeline', 'load_sftp_data_data_22.csv', 'manual__2023-06-09T22:03:08.195880+00:00', '--job-id', '391', '--raw', '--subdir', 'DAGS_FOLDER/sftp_raw_data_inc_load_pipeline.py', '--cfg-path', '/tmp/tmp_fve7m5x', '--error-file', '/tmp/tmpyvwc27fz']
[2023-06-09 22:34:09,364] {standard_task_runner.py:77} INFO - Job 391: Subtask load_sftp_data_data_22.csv
[2023-06-09 22:34:09,758] {logging_mixin.py:109} INFO - Running <TaskInstance: sftp_raw_data_inc_load_pipeline.load_sftp_data_data_22.csv manual__2023-06-09T22:03:08.195880+00:00 [running]> on host 6ba608d2de6e
[2023-06-09 22:34:10,348] {taskinstance.py:1414} INFO - Exporting the following env vars:
AIRFLOW_CTX_DAG_EMAIL=Hassan@gmail.com
AIRFLOW_CTX_DAG_OWNER=Hassan
AIRFLOW_CTX_DAG_ID=sftp_raw_data_inc_load_pipeline
AIRFLOW_CTX_TASK_ID=load_sftp_data_data_22.csv
AIRFLOW_CTX_EXECUTION_DATE=2023-06-09T22:03:08.195880+00:00
AIRFLOW_CTX_DAG_RUN_ID=manual__2023-06-09T22:03:08.195880+00:00
[2023-06-09 22:34:25,115] {python.py:152} INFO - Done. Returned value was: None
[2023-06-09 22:34:25,708] {taskinstance.py:1280} INFO - Marking task as SUCCESS. dag_id=sftp_raw_data_inc_load_pipeline, task_id=load_sftp_data_data_22.csv, execution_date=20230609T220308, start_date=20230609T223408, end_date=20230609T223425
[2023-06-09 22:34:26,765] {local_task_job.py:154} INFO - Task exited with return code 0
[2023-06-09 22:34:27,280] {local_task_job.py:264} INFO - 1 downstream tasks scheduled from follow-on schedule check
