[2023-06-09 21:54:20,092] {taskinstance.py:1035} INFO - Dependencies all met for <TaskInstance: sftp_raw_data_full_load_pipeline.load_sftp_data_data_6.csv scheduled__2023-06-08T00:00:00+00:00 [queued]>
[2023-06-09 21:54:20,339] {taskinstance.py:1035} INFO - Dependencies all met for <TaskInstance: sftp_raw_data_full_load_pipeline.load_sftp_data_data_6.csv scheduled__2023-06-08T00:00:00+00:00 [queued]>
[2023-06-09 21:54:20,341] {taskinstance.py:1241} INFO - 
--------------------------------------------------------------------------------
[2023-06-09 21:54:20,343] {taskinstance.py:1242} INFO - Starting attempt 1 of 1
[2023-06-09 21:54:20,344] {taskinstance.py:1243} INFO - 
--------------------------------------------------------------------------------
[2023-06-09 21:54:21,224] {taskinstance.py:1262} INFO - Executing <Task(PythonOperator): load_sftp_data_data_6.csv> on 2023-06-08 00:00:00+00:00
[2023-06-09 21:54:21,240] {standard_task_runner.py:52} INFO - Started process 11768 to run task
[2023-06-09 21:54:21,254] {standard_task_runner.py:76} INFO - Running: ['***', 'tasks', 'run', 'sftp_raw_data_full_load_pipeline', 'load_sftp_data_data_6.csv', 'scheduled__2023-06-08T00:00:00+00:00', '--job-id', '83', '--raw', '--subdir', 'DAGS_FOLDER/sftp_raw_data_full_load_pipeline.py', '--cfg-path', '/tmp/tmpiquhq5ho', '--error-file', '/tmp/tmpoa3uej0d']
[2023-06-09 21:54:21,282] {standard_task_runner.py:77} INFO - Job 83: Subtask load_sftp_data_data_6.csv
[2023-06-09 21:54:21,441] {logging_mixin.py:109} INFO - Running <TaskInstance: sftp_raw_data_full_load_pipeline.load_sftp_data_data_6.csv scheduled__2023-06-08T00:00:00+00:00 [running]> on host 6ba608d2de6e
[2023-06-09 21:54:21,621] {taskinstance.py:1414} INFO - Exporting the following env vars:
AIRFLOW_CTX_DAG_EMAIL=Hassan@gmail.com
AIRFLOW_CTX_DAG_OWNER=Hassan
AIRFLOW_CTX_DAG_ID=sftp_raw_data_full_load_pipeline
AIRFLOW_CTX_TASK_ID=load_sftp_data_data_6.csv
AIRFLOW_CTX_EXECUTION_DATE=2023-06-08T00:00:00+00:00
AIRFLOW_CTX_DAG_RUN_ID=scheduled__2023-06-08T00:00:00+00:00
[2023-06-09 21:54:34,010] {python.py:152} INFO - Done. Returned value was: None
[2023-06-09 21:54:34,458] {taskinstance.py:1280} INFO - Marking task as SUCCESS. dag_id=sftp_raw_data_full_load_pipeline, task_id=load_sftp_data_data_6.csv, execution_date=20230608T000000, start_date=20230609T215420, end_date=20230609T215434
[2023-06-09 21:54:35,439] {local_task_job.py:154} INFO - Task exited with return code 0
[2023-06-09 21:54:36,426] {local_task_job.py:264} INFO - 1 downstream tasks scheduled from follow-on schedule check
