[2023-06-09 15:08:12,757] {taskinstance.py:1035} INFO - Dependencies all met for <TaskInstance: sftp_raw_data_full_load_pipeline.extract_from_file_data_16.csv scheduled__2023-06-08T00:00:00+00:00 [queued]>
[2023-06-09 15:08:12,946] {taskinstance.py:1035} INFO - Dependencies all met for <TaskInstance: sftp_raw_data_full_load_pipeline.extract_from_file_data_16.csv scheduled__2023-06-08T00:00:00+00:00 [queued]>
[2023-06-09 15:08:12,956] {taskinstance.py:1241} INFO - 
--------------------------------------------------------------------------------
[2023-06-09 15:08:12,958] {taskinstance.py:1242} INFO - Starting attempt 1 of 1
[2023-06-09 15:08:12,959] {taskinstance.py:1243} INFO - 
--------------------------------------------------------------------------------
[2023-06-09 15:08:14,429] {taskinstance.py:1262} INFO - Executing <Task(PythonOperator): extract_from_file_data_16.csv> on 2023-06-08 00:00:00+00:00
[2023-06-09 15:08:14,456] {standard_task_runner.py:52} INFO - Started process 1318 to run task
[2023-06-09 15:08:14,481] {standard_task_runner.py:76} INFO - Running: ['***', 'tasks', 'run', 'sftp_raw_data_full_load_pipeline', 'extract_from_file_data_16.csv', 'scheduled__2023-06-08T00:00:00+00:00', '--job-id', '5', '--raw', '--subdir', 'DAGS_FOLDER/sftp_raw_data_full_load_pipeline.py', '--cfg-path', '/tmp/tmpdpydyemk', '--error-file', '/tmp/tmp8gr7b3bo']
[2023-06-09 15:08:14,490] {standard_task_runner.py:77} INFO - Job 5: Subtask extract_from_file_data_16.csv
[2023-06-09 15:08:14,641] {logging_mixin.py:109} INFO - Running <TaskInstance: sftp_raw_data_full_load_pipeline.extract_from_file_data_16.csv scheduled__2023-06-08T00:00:00+00:00 [running]> on host 8cb5811d1998
[2023-06-09 15:08:14,901] {taskinstance.py:1414} INFO - Exporting the following env vars:
AIRFLOW_CTX_DAG_EMAIL=Hassan@gmail.com
AIRFLOW_CTX_DAG_OWNER=Hassan
AIRFLOW_CTX_DAG_ID=sftp_raw_data_full_load_pipeline
AIRFLOW_CTX_TASK_ID=extract_from_file_data_16.csv
AIRFLOW_CTX_EXECUTION_DATE=2023-06-08T00:00:00+00:00
AIRFLOW_CTX_DAG_RUN_ID=scheduled__2023-06-08T00:00:00+00:00
[2023-06-09 15:08:14,919] {logging_mixin.py:109} INFO - ((), ())
[2023-06-09 15:08:15,020] {logging_mixin.py:109} INFO - Empty DataFrame
Columns: []
Index: []
[2023-06-09 15:08:15,029] {logging_mixin.py:109} INFO - [Errno 2] No such file or directory: './data/temp_files/2023-06-09_15:08:15.022389_leads_sftp.json'
[2023-06-09 15:08:15,088] {python.py:152} INFO - Done. Returned value was: None
[2023-06-09 15:08:16,632] {taskinstance.py:1280} INFO - Marking task as SUCCESS. dag_id=sftp_raw_data_full_load_pipeline, task_id=extract_from_file_data_16.csv, execution_date=20230608T000000, start_date=20230609T150812, end_date=20230609T150816
[2023-06-09 15:08:16,792] {local_task_job.py:154} INFO - Task exited with return code 0
[2023-06-09 15:08:18,893] {local_task_job.py:264} INFO - 1 downstream tasks scheduled from follow-on schedule check
[2023-06-09 15:21:54,348] {taskinstance.py:1035} INFO - Dependencies all met for <TaskInstance: sftp_raw_data_full_load_pipeline.extract_from_file_data_16.csv manual__2023-06-09T15:20:24.730543+00:00 [queued]>
[2023-06-09 15:21:54,554] {taskinstance.py:1035} INFO - Dependencies all met for <TaskInstance: sftp_raw_data_full_load_pipeline.extract_from_file_data_16.csv manual__2023-06-09T15:20:24.730543+00:00 [queued]>
[2023-06-09 15:21:54,555] {taskinstance.py:1241} INFO - 
--------------------------------------------------------------------------------
[2023-06-09 15:21:54,556] {taskinstance.py:1242} INFO - Starting attempt 1 of 1
[2023-06-09 15:21:54,557] {taskinstance.py:1243} INFO - 
--------------------------------------------------------------------------------
[2023-06-09 15:21:55,192] {taskinstance.py:1262} INFO - Executing <Task(PythonOperator): extract_from_file_data_16.csv> on 2023-06-09 15:20:24.730543+00:00
[2023-06-09 15:21:55,205] {standard_task_runner.py:52} INFO - Started process 3274 to run task
[2023-06-09 15:21:55,239] {standard_task_runner.py:76} INFO - Running: ['***', 'tasks', 'run', 'sftp_raw_data_full_load_pipeline', 'extract_from_file_data_16.csv', 'manual__2023-06-09T15:20:24.730543+00:00', '--job-id', '47', '--raw', '--subdir', 'DAGS_FOLDER/sftp_raw_data_full_load_pipeline.py', '--cfg-path', '/tmp/tmpu4wdu6pv', '--error-file', '/tmp/tmpavgsj3h8']
[2023-06-09 15:21:55,255] {standard_task_runner.py:77} INFO - Job 47: Subtask extract_from_file_data_16.csv
[2023-06-09 15:21:55,431] {logging_mixin.py:109} INFO - Running <TaskInstance: sftp_raw_data_full_load_pipeline.extract_from_file_data_16.csv manual__2023-06-09T15:20:24.730543+00:00 [running]> on host 8cb5811d1998
[2023-06-09 15:21:55,735] {taskinstance.py:1414} INFO - Exporting the following env vars:
AIRFLOW_CTX_DAG_EMAIL=Hassan@gmail.com
AIRFLOW_CTX_DAG_OWNER=Hassan
AIRFLOW_CTX_DAG_ID=sftp_raw_data_full_load_pipeline
AIRFLOW_CTX_TASK_ID=extract_from_file_data_16.csv
AIRFLOW_CTX_EXECUTION_DATE=2023-06-09T15:20:24.730543+00:00
AIRFLOW_CTX_DAG_RUN_ID=manual__2023-06-09T15:20:24.730543+00:00
[2023-06-09 15:21:55,760] {logging_mixin.py:109} INFO - ((), ())
[2023-06-09 15:21:55,867] {logging_mixin.py:109} INFO - Empty DataFrame
Columns: []
Index: []
[2023-06-09 15:21:55,876] {logging_mixin.py:109} INFO - [Errno 2] No such file or directory: './data/temp_files/2023-06-09_15:21:55.870246_leads_sftp.json'
[2023-06-09 15:21:55,946] {python.py:152} INFO - Done. Returned value was: None
[2023-06-09 15:21:56,911] {taskinstance.py:1280} INFO - Marking task as SUCCESS. dag_id=sftp_raw_data_full_load_pipeline, task_id=extract_from_file_data_16.csv, execution_date=20230609T152024, start_date=20230609T152154, end_date=20230609T152156
[2023-06-09 15:21:57,041] {local_task_job.py:154} INFO - Task exited with return code 0
[2023-06-09 15:21:57,415] {local_task_job.py:264} INFO - 1 downstream tasks scheduled from follow-on schedule check
[2023-06-09 16:52:01,715] {taskinstance.py:1035} INFO - Dependencies all met for <TaskInstance: sftp_raw_data_full_load_pipeline.extract_from_file_data_16.csv scheduled__2023-06-08T00:00:00+00:00 [queued]>
[2023-06-09 16:52:02,063] {taskinstance.py:1035} INFO - Dependencies all met for <TaskInstance: sftp_raw_data_full_load_pipeline.extract_from_file_data_16.csv scheduled__2023-06-08T00:00:00+00:00 [queued]>
[2023-06-09 16:52:02,068] {taskinstance.py:1241} INFO - 
--------------------------------------------------------------------------------
[2023-06-09 16:52:02,075] {taskinstance.py:1242} INFO - Starting attempt 1 of 1
[2023-06-09 16:52:02,079] {taskinstance.py:1243} INFO - 
--------------------------------------------------------------------------------
[2023-06-09 16:52:04,108] {taskinstance.py:1262} INFO - Executing <Task(PythonOperator): extract_from_file_data_16.csv> on 2023-06-08 00:00:00+00:00
[2023-06-09 16:52:04,131] {standard_task_runner.py:52} INFO - Started process 653 to run task
[2023-06-09 16:52:04,194] {standard_task_runner.py:76} INFO - Running: ['***', 'tasks', 'run', 'sftp_raw_data_full_load_pipeline', 'extract_from_file_data_16.csv', 'scheduled__2023-06-08T00:00:00+00:00', '--job-id', '10', '--raw', '--subdir', 'DAGS_FOLDER/sftp_raw_data_full_load_pipeline.py', '--cfg-path', '/tmp/tmp4j7z5xzz', '--error-file', '/tmp/tmpeyubqbhk']
[2023-06-09 16:52:04,261] {standard_task_runner.py:77} INFO - Job 10: Subtask extract_from_file_data_16.csv
[2023-06-09 16:52:05,057] {logging_mixin.py:109} INFO - Running <TaskInstance: sftp_raw_data_full_load_pipeline.extract_from_file_data_16.csv scheduled__2023-06-08T00:00:00+00:00 [running]> on host 6ba608d2de6e
[2023-06-09 16:52:06,312] {taskinstance.py:1414} INFO - Exporting the following env vars:
AIRFLOW_CTX_DAG_EMAIL=Hassan@gmail.com
AIRFLOW_CTX_DAG_OWNER=Hassan
AIRFLOW_CTX_DAG_ID=sftp_raw_data_full_load_pipeline
AIRFLOW_CTX_TASK_ID=extract_from_file_data_16.csv
AIRFLOW_CTX_EXECUTION_DATE=2023-06-08T00:00:00+00:00
AIRFLOW_CTX_DAG_RUN_ID=scheduled__2023-06-08T00:00:00+00:00
[2023-06-09 16:52:09,492] {python.py:152} INFO - Done. Returned value was: None
[2023-06-09 16:52:09,655] {taskinstance.py:1280} INFO - Marking task as SUCCESS. dag_id=sftp_raw_data_full_load_pipeline, task_id=extract_from_file_data_16.csv, execution_date=20230608T000000, start_date=20230609T165201, end_date=20230609T165209
[2023-06-09 16:52:09,947] {local_task_job.py:154} INFO - Task exited with return code 0
[2023-06-09 16:52:11,482] {local_task_job.py:264} INFO - 1 downstream tasks scheduled from follow-on schedule check
