[2023-06-09 22:29:17,782] {taskinstance.py:1035} INFO - Dependencies all met for <TaskInstance: sftp_raw_data_inc_load_pipeline.extract_from_file_data_7.csv manual__2023-06-09T22:03:08.195880+00:00 [queued]>
[2023-06-09 22:29:17,951] {taskinstance.py:1035} INFO - Dependencies all met for <TaskInstance: sftp_raw_data_inc_load_pipeline.extract_from_file_data_7.csv manual__2023-06-09T22:03:08.195880+00:00 [queued]>
[2023-06-09 22:29:17,952] {taskinstance.py:1241} INFO - 
--------------------------------------------------------------------------------
[2023-06-09 22:29:17,953] {taskinstance.py:1242} INFO - Starting attempt 3 of 3
[2023-06-09 22:29:17,954] {taskinstance.py:1243} INFO - 
--------------------------------------------------------------------------------
[2023-06-09 22:29:18,454] {taskinstance.py:1262} INFO - Executing <Task(PythonOperator): extract_from_file_data_7.csv> on 2023-06-09 22:03:08.195880+00:00
[2023-06-09 22:29:18,487] {standard_task_runner.py:52} INFO - Started process 17566 to run task
[2023-06-09 22:29:18,539] {standard_task_runner.py:76} INFO - Running: ['***', 'tasks', 'run', 'sftp_raw_data_inc_load_pipeline', 'extract_from_file_data_7.csv', 'manual__2023-06-09T22:03:08.195880+00:00', '--job-id', '295', '--raw', '--subdir', 'DAGS_FOLDER/sftp_raw_data_inc_load_pipeline.py', '--cfg-path', '/tmp/tmpw5cp3ul_', '--error-file', '/tmp/tmpe3hk8h2p']
[2023-06-09 22:29:18,581] {standard_task_runner.py:77} INFO - Job 295: Subtask extract_from_file_data_7.csv
[2023-06-09 22:29:18,870] {logging_mixin.py:109} INFO - Running <TaskInstance: sftp_raw_data_inc_load_pipeline.extract_from_file_data_7.csv manual__2023-06-09T22:03:08.195880+00:00 [running]> on host 6ba608d2de6e
[2023-06-09 22:29:19,923] {taskinstance.py:1414} INFO - Exporting the following env vars:
AIRFLOW_CTX_DAG_EMAIL=Hassan@gmail.com
AIRFLOW_CTX_DAG_OWNER=Hassan
AIRFLOW_CTX_DAG_ID=sftp_raw_data_inc_load_pipeline
AIRFLOW_CTX_TASK_ID=extract_from_file_data_7.csv
AIRFLOW_CTX_EXECUTION_DATE=2023-06-09T22:03:08.195880+00:00
AIRFLOW_CTX_DAG_RUN_ID=manual__2023-06-09T22:03:08.195880+00:00
[2023-06-09 22:29:22,506] {python.py:152} INFO - Done. Returned value was: None
[2023-06-09 22:29:23,362] {taskinstance.py:1280} INFO - Marking task as SUCCESS. dag_id=sftp_raw_data_inc_load_pipeline, task_id=extract_from_file_data_7.csv, execution_date=20230609T220308, start_date=20230609T222917, end_date=20230609T222923
[2023-06-09 22:29:24,071] {local_task_job.py:154} INFO - Task exited with return code 0
[2023-06-09 22:29:24,996] {local_task_job.py:264} INFO - 1 downstream tasks scheduled from follow-on schedule check
