[2023-06-09 22:31:03,354] {taskinstance.py:1035} INFO - Dependencies all met for <TaskInstance: sftp_raw_data_inc_load_pipeline.extract_from_file_data_9.csv manual__2023-06-09T22:03:08.195880+00:00 [queued]>
[2023-06-09 22:31:03,640] {taskinstance.py:1035} INFO - Dependencies all met for <TaskInstance: sftp_raw_data_inc_load_pipeline.extract_from_file_data_9.csv manual__2023-06-09T22:03:08.195880+00:00 [queued]>
[2023-06-09 22:31:03,645] {taskinstance.py:1241} INFO - 
--------------------------------------------------------------------------------
[2023-06-09 22:31:03,646] {taskinstance.py:1242} INFO - Starting attempt 4 of 4
[2023-06-09 22:31:03,648] {taskinstance.py:1243} INFO - 
--------------------------------------------------------------------------------
[2023-06-09 22:31:03,888] {taskinstance.py:1262} INFO - Executing <Task(PythonOperator): extract_from_file_data_9.csv> on 2023-06-09 22:03:08.195880+00:00
[2023-06-09 22:31:03,924] {standard_task_runner.py:52} INFO - Started process 18137 to run task
[2023-06-09 22:31:04,001] {standard_task_runner.py:76} INFO - Running: ['***', 'tasks', 'run', 'sftp_raw_data_inc_load_pipeline', 'extract_from_file_data_9.csv', 'manual__2023-06-09T22:03:08.195880+00:00', '--job-id', '345', '--raw', '--subdir', 'DAGS_FOLDER/sftp_raw_data_inc_load_pipeline.py', '--cfg-path', '/tmp/tmp7c2roz7o', '--error-file', '/tmp/tmp4e8g81ij']
[2023-06-09 22:31:04,075] {standard_task_runner.py:77} INFO - Job 345: Subtask extract_from_file_data_9.csv
[2023-06-09 22:31:05,032] {logging_mixin.py:109} INFO - Running <TaskInstance: sftp_raw_data_inc_load_pipeline.extract_from_file_data_9.csv manual__2023-06-09T22:03:08.195880+00:00 [running]> on host 6ba608d2de6e
[2023-06-09 22:31:07,263] {taskinstance.py:1414} INFO - Exporting the following env vars:
AIRFLOW_CTX_DAG_EMAIL=Hassan@gmail.com
AIRFLOW_CTX_DAG_OWNER=Hassan
AIRFLOW_CTX_DAG_ID=sftp_raw_data_inc_load_pipeline
AIRFLOW_CTX_TASK_ID=extract_from_file_data_9.csv
AIRFLOW_CTX_EXECUTION_DATE=2023-06-09T22:03:08.195880+00:00
AIRFLOW_CTX_DAG_RUN_ID=manual__2023-06-09T22:03:08.195880+00:00
[2023-06-09 22:31:11,883] {python.py:152} INFO - Done. Returned value was: None
[2023-06-09 22:31:12,306] {taskinstance.py:1280} INFO - Marking task as SUCCESS. dag_id=sftp_raw_data_inc_load_pipeline, task_id=extract_from_file_data_9.csv, execution_date=20230609T220308, start_date=20230609T223103, end_date=20230609T223112
[2023-06-09 22:31:12,657] {local_task_job.py:154} INFO - Task exited with return code 0
[2023-06-09 22:31:13,529] {local_task_job.py:264} INFO - 0 downstream tasks scheduled from follow-on schedule check
