[2023-06-09 21:54:57,851] {taskinstance.py:1035} INFO - Dependencies all met for <TaskInstance: sftp_raw_data_full_load_pipeline.clean_sftp_files_data_7.csv scheduled__2023-06-08T00:00:00+00:00 [queued]>
[2023-06-09 21:54:58,138] {taskinstance.py:1035} INFO - Dependencies all met for <TaskInstance: sftp_raw_data_full_load_pipeline.clean_sftp_files_data_7.csv scheduled__2023-06-08T00:00:00+00:00 [queued]>
[2023-06-09 21:54:58,140] {taskinstance.py:1241} INFO - 
--------------------------------------------------------------------------------
[2023-06-09 21:54:58,142] {taskinstance.py:1242} INFO - Starting attempt 1 of 1
[2023-06-09 21:54:58,144] {taskinstance.py:1243} INFO - 
--------------------------------------------------------------------------------
[2023-06-09 21:54:58,437] {taskinstance.py:1262} INFO - Executing <Task(PythonOperator): clean_sftp_files_data_7.csv> on 2023-06-08 00:00:00+00:00
[2023-06-09 21:54:58,477] {standard_task_runner.py:52} INFO - Started process 11989 to run task
[2023-06-09 21:54:58,514] {standard_task_runner.py:76} INFO - Running: ['***', 'tasks', 'run', 'sftp_raw_data_full_load_pipeline', 'clean_sftp_files_data_7.csv', 'scheduled__2023-06-08T00:00:00+00:00', '--job-id', '106', '--raw', '--subdir', 'DAGS_FOLDER/sftp_raw_data_full_load_pipeline.py', '--cfg-path', '/tmp/tmpk6g1pq9d', '--error-file', '/tmp/tmpv271z50w']
[2023-06-09 21:54:58,558] {standard_task_runner.py:77} INFO - Job 106: Subtask clean_sftp_files_data_7.csv
[2023-06-09 21:54:59,124] {logging_mixin.py:109} INFO - Running <TaskInstance: sftp_raw_data_full_load_pipeline.clean_sftp_files_data_7.csv scheduled__2023-06-08T00:00:00+00:00 [running]> on host 6ba608d2de6e
[2023-06-09 21:54:59,676] {taskinstance.py:1414} INFO - Exporting the following env vars:
AIRFLOW_CTX_DAG_EMAIL=Hassan@gmail.com
AIRFLOW_CTX_DAG_OWNER=Hassan
AIRFLOW_CTX_DAG_ID=sftp_raw_data_full_load_pipeline
AIRFLOW_CTX_TASK_ID=clean_sftp_files_data_7.csv
AIRFLOW_CTX_EXECUTION_DATE=2023-06-08T00:00:00+00:00
AIRFLOW_CTX_DAG_RUN_ID=scheduled__2023-06-08T00:00:00+00:00
[2023-06-09 21:54:59,685] {python.py:152} INFO - Done. Returned value was: None
[2023-06-09 21:54:59,771] {taskinstance.py:1280} INFO - Marking task as SUCCESS. dag_id=sftp_raw_data_full_load_pipeline, task_id=clean_sftp_files_data_7.csv, execution_date=20230608T000000, start_date=20230609T215457, end_date=20230609T215459
[2023-06-09 21:54:59,887] {local_task_job.py:154} INFO - Task exited with return code 0
[2023-06-09 21:55:00,025] {local_task_job.py:264} INFO - 0 downstream tasks scheduled from follow-on schedule check
