[2023-06-09 23:26:45,505] {taskinstance.py:1035} INFO - Dependencies all met for <TaskInstance: leads_raw_data_full_load_pipeline.parquet_to_postgres scheduled__2023-03-02T00:00:00+00:00 [queued]>
[2023-06-09 23:26:45,639] {taskinstance.py:1035} INFO - Dependencies all met for <TaskInstance: leads_raw_data_full_load_pipeline.parquet_to_postgres scheduled__2023-03-02T00:00:00+00:00 [queued]>
[2023-06-09 23:26:45,643] {taskinstance.py:1241} INFO - 
--------------------------------------------------------------------------------
[2023-06-09 23:26:45,644] {taskinstance.py:1242} INFO - Starting attempt 1 of 1
[2023-06-09 23:26:45,645] {taskinstance.py:1243} INFO - 
--------------------------------------------------------------------------------
[2023-06-09 23:26:45,743] {taskinstance.py:1262} INFO - Executing <Task(PythonOperator): parquet_to_postgres> on 2023-03-02 00:00:00+00:00
[2023-06-09 23:26:45,769] {standard_task_runner.py:52} INFO - Started process 25767 to run task
[2023-06-09 23:26:45,791] {standard_task_runner.py:76} INFO - Running: ['***', 'tasks', 'run', 'leads_raw_data_full_load_pipeline', 'parquet_to_postgres', 'scheduled__2023-03-02T00:00:00+00:00', '--job-id', '493', '--raw', '--subdir', 'DAGS_FOLDER/leads_raw_data_full_load_pipeline.py', '--cfg-path', '/tmp/tmpf5647bt4', '--error-file', '/tmp/tmp4p4zm6s8']
[2023-06-09 23:26:45,828] {standard_task_runner.py:77} INFO - Job 493: Subtask parquet_to_postgres
[2023-06-09 23:26:46,117] {logging_mixin.py:109} INFO - Running <TaskInstance: leads_raw_data_full_load_pipeline.parquet_to_postgres scheduled__2023-03-02T00:00:00+00:00 [running]> on host 6ba608d2de6e
[2023-06-09 23:26:46,380] {taskinstance.py:1414} INFO - Exporting the following env vars:
AIRFLOW_CTX_DAG_OWNER=***
AIRFLOW_CTX_DAG_ID=leads_raw_data_full_load_pipeline
AIRFLOW_CTX_TASK_ID=parquet_to_postgres
AIRFLOW_CTX_EXECUTION_DATE=2023-03-02T00:00:00+00:00
AIRFLOW_CTX_DAG_RUN_ID=scheduled__2023-03-02T00:00:00+00:00
[2023-06-09 23:26:53,527] {logging_mixin.py:109} INFO - Parquet file loaded into PostgreSQL successfully.
[2023-06-09 23:26:53,532] {python.py:152} INFO - Done. Returned value was: None
[2023-06-09 23:26:54,633] {taskinstance.py:1280} INFO - Marking task as SUCCESS. dag_id=leads_raw_data_full_load_pipeline, task_id=parquet_to_postgres, execution_date=20230302T000000, start_date=20230609T232645, end_date=20230609T232654
[2023-06-09 23:26:55,012] {local_task_job.py:154} INFO - Task exited with return code 0
[2023-06-09 23:26:57,066] {local_task_job.py:264} INFO - 0 downstream tasks scheduled from follow-on schedule check
