[2023-06-09 22:16:00,911] {taskinstance.py:1035} INFO - Dependencies all met for <TaskInstance: sftp_raw_data_inc_load_pipeline.load_sftp_data_data_10.csv manual__2023-06-09T22:03:08.195880+00:00 [queued]>
[2023-06-09 22:16:01,192] {taskinstance.py:1035} INFO - Dependencies all met for <TaskInstance: sftp_raw_data_inc_load_pipeline.load_sftp_data_data_10.csv manual__2023-06-09T22:03:08.195880+00:00 [queued]>
[2023-06-09 22:16:01,199] {taskinstance.py:1241} INFO - 
--------------------------------------------------------------------------------
[2023-06-09 22:16:01,201] {taskinstance.py:1242} INFO - Starting attempt 1 of 1
[2023-06-09 22:16:01,205] {taskinstance.py:1243} INFO - 
--------------------------------------------------------------------------------
[2023-06-09 22:16:01,400] {taskinstance.py:1262} INFO - Executing <Task(PythonOperator): load_sftp_data_data_10.csv> on 2023-06-09 22:03:08.195880+00:00
[2023-06-09 22:16:01,451] {standard_task_runner.py:52} INFO - Started process 15095 to run task
[2023-06-09 22:16:01,485] {standard_task_runner.py:76} INFO - Running: ['***', 'tasks', 'run', 'sftp_raw_data_inc_load_pipeline', 'load_sftp_data_data_10.csv', 'manual__2023-06-09T22:03:08.195880+00:00', '--job-id', '184', '--raw', '--subdir', 'DAGS_FOLDER/sftp_raw_data_inc_load_pipeline.py', '--cfg-path', '/tmp/tmpybs6q053', '--error-file', '/tmp/tmpmzaiv729']
[2023-06-09 22:16:01,514] {standard_task_runner.py:77} INFO - Job 184: Subtask load_sftp_data_data_10.csv
[2023-06-09 22:16:01,857] {logging_mixin.py:109} INFO - Running <TaskInstance: sftp_raw_data_inc_load_pipeline.load_sftp_data_data_10.csv manual__2023-06-09T22:03:08.195880+00:00 [running]> on host 6ba608d2de6e
[2023-06-09 22:16:02,210] {taskinstance.py:1414} INFO - Exporting the following env vars:
AIRFLOW_CTX_DAG_EMAIL=Hassan@gmail.com
AIRFLOW_CTX_DAG_OWNER=Hassan
AIRFLOW_CTX_DAG_ID=sftp_raw_data_inc_load_pipeline
AIRFLOW_CTX_TASK_ID=load_sftp_data_data_10.csv
AIRFLOW_CTX_EXECUTION_DATE=2023-06-09T22:03:08.195880+00:00
AIRFLOW_CTX_DAG_RUN_ID=manual__2023-06-09T22:03:08.195880+00:00
[2023-06-09 22:16:09,915] {python.py:152} INFO - Done. Returned value was: None
[2023-06-09 22:16:09,985] {taskinstance.py:1280} INFO - Marking task as SUCCESS. dag_id=sftp_raw_data_inc_load_pipeline, task_id=load_sftp_data_data_10.csv, execution_date=20230609T220308, start_date=20230609T221600, end_date=20230609T221609
[2023-06-09 22:16:10,357] {local_task_job.py:154} INFO - Task exited with return code 0
[2023-06-09 22:16:11,125] {local_task_job.py:264} INFO - 0 downstream tasks scheduled from follow-on schedule check
