[2023-06-09 15:08:32,101] {taskinstance.py:1035} INFO - Dependencies all met for <TaskInstance: sftp_raw_data_full_load_pipeline.extract_from_file_data_4.csv scheduled__2023-06-08T00:00:00+00:00 [queued]>
[2023-06-09 15:08:32,230] {taskinstance.py:1035} INFO - Dependencies all met for <TaskInstance: sftp_raw_data_full_load_pipeline.extract_from_file_data_4.csv scheduled__2023-06-08T00:00:00+00:00 [queued]>
[2023-06-09 15:08:32,244] {taskinstance.py:1241} INFO - 
--------------------------------------------------------------------------------
[2023-06-09 15:08:32,245] {taskinstance.py:1242} INFO - Starting attempt 1 of 1
[2023-06-09 15:08:32,246] {taskinstance.py:1243} INFO - 
--------------------------------------------------------------------------------
[2023-06-09 15:08:32,405] {taskinstance.py:1262} INFO - Executing <Task(PythonOperator): extract_from_file_data_4.csv> on 2023-06-08 00:00:00+00:00
[2023-06-09 15:08:32,428] {standard_task_runner.py:52} INFO - Started process 1475 to run task
[2023-06-09 15:08:32,456] {standard_task_runner.py:76} INFO - Running: ['***', 'tasks', 'run', 'sftp_raw_data_full_load_pipeline', 'extract_from_file_data_4.csv', 'scheduled__2023-06-08T00:00:00+00:00', '--job-id', '24', '--raw', '--subdir', 'DAGS_FOLDER/sftp_raw_data_full_load_pipeline.py', '--cfg-path', '/tmp/tmp0rrbs96v', '--error-file', '/tmp/tmp8988ybid']
[2023-06-09 15:08:32,495] {standard_task_runner.py:77} INFO - Job 24: Subtask extract_from_file_data_4.csv
[2023-06-09 15:08:32,754] {logging_mixin.py:109} INFO - Running <TaskInstance: sftp_raw_data_full_load_pipeline.extract_from_file_data_4.csv scheduled__2023-06-08T00:00:00+00:00 [running]> on host 8cb5811d1998
[2023-06-09 15:08:33,130] {taskinstance.py:1414} INFO - Exporting the following env vars:
AIRFLOW_CTX_DAG_EMAIL=Hassan@gmail.com
AIRFLOW_CTX_DAG_OWNER=Hassan
AIRFLOW_CTX_DAG_ID=sftp_raw_data_full_load_pipeline
AIRFLOW_CTX_TASK_ID=extract_from_file_data_4.csv
AIRFLOW_CTX_EXECUTION_DATE=2023-06-08T00:00:00+00:00
AIRFLOW_CTX_DAG_RUN_ID=scheduled__2023-06-08T00:00:00+00:00
[2023-06-09 15:08:33,137] {logging_mixin.py:109} INFO - ((), ())
[2023-06-09 15:08:33,208] {logging_mixin.py:109} INFO - Empty DataFrame
Columns: []
Index: []
[2023-06-09 15:08:33,216] {logging_mixin.py:109} INFO - [Errno 2] No such file or directory: './data/temp_files/2023-06-09_15:08:33.209756_leads_sftp.json'
[2023-06-09 15:08:33,338] {python.py:152} INFO - Done. Returned value was: None
[2023-06-09 15:08:35,188] {taskinstance.py:1280} INFO - Marking task as SUCCESS. dag_id=sftp_raw_data_full_load_pipeline, task_id=extract_from_file_data_4.csv, execution_date=20230608T000000, start_date=20230609T150832, end_date=20230609T150835
[2023-06-09 15:08:35,434] {local_task_job.py:154} INFO - Task exited with return code 0
[2023-06-09 15:08:38,905] {local_task_job.py:264} INFO - 1 downstream tasks scheduled from follow-on schedule check
[2023-06-09 15:21:55,069] {taskinstance.py:1035} INFO - Dependencies all met for <TaskInstance: sftp_raw_data_full_load_pipeline.extract_from_file_data_4.csv manual__2023-06-09T15:20:24.730543+00:00 [queued]>
[2023-06-09 15:21:55,185] {taskinstance.py:1035} INFO - Dependencies all met for <TaskInstance: sftp_raw_data_full_load_pipeline.extract_from_file_data_4.csv manual__2023-06-09T15:20:24.730543+00:00 [queued]>
[2023-06-09 15:21:55,197] {taskinstance.py:1241} INFO - 
--------------------------------------------------------------------------------
[2023-06-09 15:21:55,198] {taskinstance.py:1242} INFO - Starting attempt 1 of 1
[2023-06-09 15:21:55,199] {taskinstance.py:1243} INFO - 
--------------------------------------------------------------------------------
[2023-06-09 15:21:55,315] {taskinstance.py:1262} INFO - Executing <Task(PythonOperator): extract_from_file_data_4.csv> on 2023-06-09 15:20:24.730543+00:00
[2023-06-09 15:21:55,334] {standard_task_runner.py:52} INFO - Started process 3276 to run task
[2023-06-09 15:21:55,418] {standard_task_runner.py:76} INFO - Running: ['***', 'tasks', 'run', 'sftp_raw_data_full_load_pipeline', 'extract_from_file_data_4.csv', 'manual__2023-06-09T15:20:24.730543+00:00', '--job-id', '51', '--raw', '--subdir', 'DAGS_FOLDER/sftp_raw_data_full_load_pipeline.py', '--cfg-path', '/tmp/tmpb6g6n2zc', '--error-file', '/tmp/tmpodzrh4lq']
[2023-06-09 15:21:55,430] {standard_task_runner.py:77} INFO - Job 51: Subtask extract_from_file_data_4.csv
[2023-06-09 15:21:55,732] {logging_mixin.py:109} INFO - Running <TaskInstance: sftp_raw_data_full_load_pipeline.extract_from_file_data_4.csv manual__2023-06-09T15:20:24.730543+00:00 [running]> on host 8cb5811d1998
[2023-06-09 15:21:55,999] {taskinstance.py:1414} INFO - Exporting the following env vars:
AIRFLOW_CTX_DAG_EMAIL=Hassan@gmail.com
AIRFLOW_CTX_DAG_OWNER=Hassan
AIRFLOW_CTX_DAG_ID=sftp_raw_data_full_load_pipeline
AIRFLOW_CTX_TASK_ID=extract_from_file_data_4.csv
AIRFLOW_CTX_EXECUTION_DATE=2023-06-09T15:20:24.730543+00:00
AIRFLOW_CTX_DAG_RUN_ID=manual__2023-06-09T15:20:24.730543+00:00
[2023-06-09 15:21:56,006] {logging_mixin.py:109} INFO - ((), ())
[2023-06-09 15:21:56,105] {logging_mixin.py:109} INFO - Empty DataFrame
Columns: []
Index: []
[2023-06-09 15:21:56,115] {logging_mixin.py:109} INFO - [Errno 2] No such file or directory: './data/temp_files/2023-06-09_15:21:56.107068_leads_sftp.json'
[2023-06-09 15:21:56,148] {python.py:152} INFO - Done. Returned value was: None
[2023-06-09 15:21:57,119] {taskinstance.py:1280} INFO - Marking task as SUCCESS. dag_id=sftp_raw_data_full_load_pipeline, task_id=extract_from_file_data_4.csv, execution_date=20230609T152024, start_date=20230609T152155, end_date=20230609T152157
[2023-06-09 15:21:57,280] {local_task_job.py:154} INFO - Task exited with return code 0
[2023-06-09 15:21:58,350] {local_task_job.py:264} INFO - 1 downstream tasks scheduled from follow-on schedule check
[2023-06-09 16:52:29,624] {taskinstance.py:1035} INFO - Dependencies all met for <TaskInstance: sftp_raw_data_full_load_pipeline.extract_from_file_data_4.csv scheduled__2023-06-08T00:00:00+00:00 [queued]>
[2023-06-09 16:52:29,963] {taskinstance.py:1035} INFO - Dependencies all met for <TaskInstance: sftp_raw_data_full_load_pipeline.extract_from_file_data_4.csv scheduled__2023-06-08T00:00:00+00:00 [queued]>
[2023-06-09 16:52:29,967] {taskinstance.py:1241} INFO - 
--------------------------------------------------------------------------------
[2023-06-09 16:52:29,971] {taskinstance.py:1242} INFO - Starting attempt 1 of 1
[2023-06-09 16:52:29,974] {taskinstance.py:1243} INFO - 
--------------------------------------------------------------------------------
[2023-06-09 16:52:30,181] {taskinstance.py:1262} INFO - Executing <Task(PythonOperator): extract_from_file_data_4.csv> on 2023-06-08 00:00:00+00:00
[2023-06-09 16:52:30,234] {standard_task_runner.py:52} INFO - Started process 818 to run task
[2023-06-09 16:52:30,240] {standard_task_runner.py:76} INFO - Running: ['***', 'tasks', 'run', 'sftp_raw_data_full_load_pipeline', 'extract_from_file_data_4.csv', 'scheduled__2023-06-08T00:00:00+00:00', '--job-id', '26', '--raw', '--subdir', 'DAGS_FOLDER/sftp_raw_data_full_load_pipeline.py', '--cfg-path', '/tmp/tmpbw7m2zpt', '--error-file', '/tmp/tmphfg143am']
[2023-06-09 16:52:30,263] {standard_task_runner.py:77} INFO - Job 26: Subtask extract_from_file_data_4.csv
[2023-06-09 16:52:30,727] {logging_mixin.py:109} INFO - Running <TaskInstance: sftp_raw_data_full_load_pipeline.extract_from_file_data_4.csv scheduled__2023-06-08T00:00:00+00:00 [running]> on host 6ba608d2de6e
[2023-06-09 16:52:31,629] {taskinstance.py:1414} INFO - Exporting the following env vars:
AIRFLOW_CTX_DAG_EMAIL=Hassan@gmail.com
AIRFLOW_CTX_DAG_OWNER=Hassan
AIRFLOW_CTX_DAG_ID=sftp_raw_data_full_load_pipeline
AIRFLOW_CTX_TASK_ID=extract_from_file_data_4.csv
AIRFLOW_CTX_EXECUTION_DATE=2023-06-08T00:00:00+00:00
AIRFLOW_CTX_DAG_RUN_ID=scheduled__2023-06-08T00:00:00+00:00
[2023-06-09 16:52:34,860] {python.py:152} INFO - Done. Returned value was: None
[2023-06-09 16:52:36,782] {taskinstance.py:1280} INFO - Marking task as SUCCESS. dag_id=sftp_raw_data_full_load_pipeline, task_id=extract_from_file_data_4.csv, execution_date=20230608T000000, start_date=20230609T165229, end_date=20230609T165236
[2023-06-09 16:52:37,280] {local_task_job.py:154} INFO - Task exited with return code 0
[2023-06-09 16:52:39,998] {local_task_job.py:264} INFO - 1 downstream tasks scheduled from follow-on schedule check
