[2023-06-09 22:34:10,673] {taskinstance.py:1035} INFO - Dependencies all met for <TaskInstance: sftp_raw_data_inc_load_pipeline.load_sftp_data_data_18.csv manual__2023-06-09T22:03:08.195880+00:00 [queued]>
[2023-06-09 22:34:11,062] {taskinstance.py:1035} INFO - Dependencies all met for <TaskInstance: sftp_raw_data_inc_load_pipeline.load_sftp_data_data_18.csv manual__2023-06-09T22:03:08.195880+00:00 [queued]>
[2023-06-09 22:34:11,064] {taskinstance.py:1241} INFO - 
--------------------------------------------------------------------------------
[2023-06-09 22:34:11,066] {taskinstance.py:1242} INFO - Starting attempt 7 of 7
[2023-06-09 22:34:11,067] {taskinstance.py:1243} INFO - 
--------------------------------------------------------------------------------
[2023-06-09 22:34:11,697] {taskinstance.py:1262} INFO - Executing <Task(PythonOperator): load_sftp_data_data_18.csv> on 2023-06-09 22:03:08.195880+00:00
[2023-06-09 22:34:11,806] {standard_task_runner.py:52} INFO - Started process 18876 to run task
[2023-06-09 22:34:11,837] {standard_task_runner.py:76} INFO - Running: ['***', 'tasks', 'run', 'sftp_raw_data_inc_load_pipeline', 'load_sftp_data_data_18.csv', 'manual__2023-06-09T22:03:08.195880+00:00', '--job-id', '396', '--raw', '--subdir', 'DAGS_FOLDER/sftp_raw_data_inc_load_pipeline.py', '--cfg-path', '/tmp/tmp0bbuo43f', '--error-file', '/tmp/tmp68kpup_w']
[2023-06-09 22:34:12,010] {standard_task_runner.py:77} INFO - Job 396: Subtask load_sftp_data_data_18.csv
[2023-06-09 22:34:12,912] {logging_mixin.py:109} INFO - Running <TaskInstance: sftp_raw_data_inc_load_pipeline.load_sftp_data_data_18.csv manual__2023-06-09T22:03:08.195880+00:00 [running]> on host 6ba608d2de6e
[2023-06-09 22:34:15,581] {taskinstance.py:1414} INFO - Exporting the following env vars:
AIRFLOW_CTX_DAG_EMAIL=Hassan@gmail.com
AIRFLOW_CTX_DAG_OWNER=Hassan
AIRFLOW_CTX_DAG_ID=sftp_raw_data_inc_load_pipeline
AIRFLOW_CTX_TASK_ID=load_sftp_data_data_18.csv
AIRFLOW_CTX_EXECUTION_DATE=2023-06-09T22:03:08.195880+00:00
AIRFLOW_CTX_DAG_RUN_ID=manual__2023-06-09T22:03:08.195880+00:00
[2023-06-09 22:34:31,165] {python.py:152} INFO - Done. Returned value was: None
[2023-06-09 22:34:31,393] {taskinstance.py:1280} INFO - Marking task as SUCCESS. dag_id=sftp_raw_data_inc_load_pipeline, task_id=load_sftp_data_data_18.csv, execution_date=20230609T220308, start_date=20230609T223410, end_date=20230609T223431
[2023-06-09 22:34:31,975] {local_task_job.py:154} INFO - Task exited with return code 0
[2023-06-09 22:34:32,302] {local_task_job.py:264} INFO - 1 downstream tasks scheduled from follow-on schedule check
