[2023-06-09 15:08:31,541] {taskinstance.py:1035} INFO - Dependencies all met for <TaskInstance: sftp_raw_data_full_load_pipeline.extract_from_file_data_9.csv scheduled__2023-06-08T00:00:00+00:00 [queued]>
[2023-06-09 15:08:31,814] {taskinstance.py:1035} INFO - Dependencies all met for <TaskInstance: sftp_raw_data_full_load_pipeline.extract_from_file_data_9.csv scheduled__2023-06-08T00:00:00+00:00 [queued]>
[2023-06-09 15:08:31,818] {taskinstance.py:1241} INFO - 
--------------------------------------------------------------------------------
[2023-06-09 15:08:31,822] {taskinstance.py:1242} INFO - Starting attempt 1 of 1
[2023-06-09 15:08:31,827] {taskinstance.py:1243} INFO - 
--------------------------------------------------------------------------------
[2023-06-09 15:08:32,042] {taskinstance.py:1262} INFO - Executing <Task(PythonOperator): extract_from_file_data_9.csv> on 2023-06-08 00:00:00+00:00
[2023-06-09 15:08:32,075] {standard_task_runner.py:52} INFO - Started process 1471 to run task
[2023-06-09 15:08:32,091] {standard_task_runner.py:76} INFO - Running: ['***', 'tasks', 'run', 'sftp_raw_data_full_load_pipeline', 'extract_from_file_data_9.csv', 'scheduled__2023-06-08T00:00:00+00:00', '--job-id', '23', '--raw', '--subdir', 'DAGS_FOLDER/sftp_raw_data_full_load_pipeline.py', '--cfg-path', '/tmp/tmpr7ya695f', '--error-file', '/tmp/tmps79f4cx4']
[2023-06-09 15:08:32,101] {standard_task_runner.py:77} INFO - Job 23: Subtask extract_from_file_data_9.csv
[2023-06-09 15:08:32,330] {logging_mixin.py:109} INFO - Running <TaskInstance: sftp_raw_data_full_load_pipeline.extract_from_file_data_9.csv scheduled__2023-06-08T00:00:00+00:00 [running]> on host 8cb5811d1998
[2023-06-09 15:08:32,633] {taskinstance.py:1414} INFO - Exporting the following env vars:
AIRFLOW_CTX_DAG_EMAIL=Hassan@gmail.com
AIRFLOW_CTX_DAG_OWNER=Hassan
AIRFLOW_CTX_DAG_ID=sftp_raw_data_full_load_pipeline
AIRFLOW_CTX_TASK_ID=extract_from_file_data_9.csv
AIRFLOW_CTX_EXECUTION_DATE=2023-06-08T00:00:00+00:00
AIRFLOW_CTX_DAG_RUN_ID=scheduled__2023-06-08T00:00:00+00:00
[2023-06-09 15:08:32,643] {logging_mixin.py:109} INFO - ((), ())
[2023-06-09 15:08:32,741] {logging_mixin.py:109} INFO - Empty DataFrame
Columns: []
Index: []
[2023-06-09 15:08:32,768] {logging_mixin.py:109} INFO - [Errno 2] No such file or directory: './data/temp_files/2023-06-09_15:08:32.743115_leads_sftp.json'
[2023-06-09 15:08:32,821] {python.py:152} INFO - Done. Returned value was: None
[2023-06-09 15:08:34,318] {taskinstance.py:1280} INFO - Marking task as SUCCESS. dag_id=sftp_raw_data_full_load_pipeline, task_id=extract_from_file_data_9.csv, execution_date=20230608T000000, start_date=20230609T150831, end_date=20230609T150834
[2023-06-09 15:08:34,452] {local_task_job.py:154} INFO - Task exited with return code 0
[2023-06-09 15:08:37,885] {local_task_job.py:264} INFO - 1 downstream tasks scheduled from follow-on schedule check
[2023-06-09 15:22:13,314] {taskinstance.py:1035} INFO - Dependencies all met for <TaskInstance: sftp_raw_data_full_load_pipeline.extract_from_file_data_9.csv manual__2023-06-09T15:20:24.730543+00:00 [queued]>
[2023-06-09 15:22:13,541] {taskinstance.py:1035} INFO - Dependencies all met for <TaskInstance: sftp_raw_data_full_load_pipeline.extract_from_file_data_9.csv manual__2023-06-09T15:20:24.730543+00:00 [queued]>
[2023-06-09 15:22:13,542] {taskinstance.py:1241} INFO - 
--------------------------------------------------------------------------------
[2023-06-09 15:22:13,543] {taskinstance.py:1242} INFO - Starting attempt 1 of 1
[2023-06-09 15:22:13,545] {taskinstance.py:1243} INFO - 
--------------------------------------------------------------------------------
[2023-06-09 15:22:13,723] {taskinstance.py:1262} INFO - Executing <Task(PythonOperator): extract_from_file_data_9.csv> on 2023-06-09 15:20:24.730543+00:00
[2023-06-09 15:22:13,753] {standard_task_runner.py:52} INFO - Started process 3434 to run task
[2023-06-09 15:22:13,810] {standard_task_runner.py:76} INFO - Running: ['***', 'tasks', 'run', 'sftp_raw_data_full_load_pipeline', 'extract_from_file_data_9.csv', 'manual__2023-06-09T15:20:24.730543+00:00', '--job-id', '67', '--raw', '--subdir', 'DAGS_FOLDER/sftp_raw_data_full_load_pipeline.py', '--cfg-path', '/tmp/tmp395unyha', '--error-file', '/tmp/tmplb_4o63i']
[2023-06-09 15:22:13,880] {standard_task_runner.py:77} INFO - Job 67: Subtask extract_from_file_data_9.csv
[2023-06-09 15:22:14,181] {logging_mixin.py:109} INFO - Running <TaskInstance: sftp_raw_data_full_load_pipeline.extract_from_file_data_9.csv manual__2023-06-09T15:20:24.730543+00:00 [running]> on host 8cb5811d1998
[2023-06-09 15:22:14,793] {taskinstance.py:1414} INFO - Exporting the following env vars:
AIRFLOW_CTX_DAG_EMAIL=Hassan@gmail.com
AIRFLOW_CTX_DAG_OWNER=Hassan
AIRFLOW_CTX_DAG_ID=sftp_raw_data_full_load_pipeline
AIRFLOW_CTX_TASK_ID=extract_from_file_data_9.csv
AIRFLOW_CTX_EXECUTION_DATE=2023-06-09T15:20:24.730543+00:00
AIRFLOW_CTX_DAG_RUN_ID=manual__2023-06-09T15:20:24.730543+00:00
[2023-06-09 15:22:14,815] {logging_mixin.py:109} INFO - ((), ())
[2023-06-09 15:22:15,081] {logging_mixin.py:109} INFO - Empty DataFrame
Columns: []
Index: []
[2023-06-09 15:22:15,101] {logging_mixin.py:109} INFO - [Errno 2] No such file or directory: './data/temp_files/2023-06-09_15:22:15.082771_leads_sftp.json'
[2023-06-09 15:22:15,232] {python.py:152} INFO - Done. Returned value was: None
[2023-06-09 15:22:16,670] {taskinstance.py:1280} INFO - Marking task as SUCCESS. dag_id=sftp_raw_data_full_load_pipeline, task_id=extract_from_file_data_9.csv, execution_date=20230609T152024, start_date=20230609T152213, end_date=20230609T152216
[2023-06-09 15:22:17,017] {local_task_job.py:154} INFO - Task exited with return code 0
[2023-06-09 15:22:19,714] {local_task_job.py:264} INFO - 1 downstream tasks scheduled from follow-on schedule check
[2023-06-09 16:52:28,807] {taskinstance.py:1035} INFO - Dependencies all met for <TaskInstance: sftp_raw_data_full_load_pipeline.extract_from_file_data_9.csv scheduled__2023-06-08T00:00:00+00:00 [queued]>
[2023-06-09 16:52:29,066] {taskinstance.py:1035} INFO - Dependencies all met for <TaskInstance: sftp_raw_data_full_load_pipeline.extract_from_file_data_9.csv scheduled__2023-06-08T00:00:00+00:00 [queued]>
[2023-06-09 16:52:29,069] {taskinstance.py:1241} INFO - 
--------------------------------------------------------------------------------
[2023-06-09 16:52:29,073] {taskinstance.py:1242} INFO - Starting attempt 1 of 1
[2023-06-09 16:52:29,077] {taskinstance.py:1243} INFO - 
--------------------------------------------------------------------------------
[2023-06-09 16:52:29,304] {taskinstance.py:1262} INFO - Executing <Task(PythonOperator): extract_from_file_data_9.csv> on 2023-06-08 00:00:00+00:00
[2023-06-09 16:52:29,332] {standard_task_runner.py:52} INFO - Started process 814 to run task
[2023-06-09 16:52:29,345] {standard_task_runner.py:76} INFO - Running: ['***', 'tasks', 'run', 'sftp_raw_data_full_load_pipeline', 'extract_from_file_data_9.csv', 'scheduled__2023-06-08T00:00:00+00:00', '--job-id', '24', '--raw', '--subdir', 'DAGS_FOLDER/sftp_raw_data_full_load_pipeline.py', '--cfg-path', '/tmp/tmphi4txzoe', '--error-file', '/tmp/tmp9amc2mw4']
[2023-06-09 16:52:29,371] {standard_task_runner.py:77} INFO - Job 24: Subtask extract_from_file_data_9.csv
[2023-06-09 16:52:29,689] {logging_mixin.py:109} INFO - Running <TaskInstance: sftp_raw_data_full_load_pipeline.extract_from_file_data_9.csv scheduled__2023-06-08T00:00:00+00:00 [running]> on host 6ba608d2de6e
[2023-06-09 16:52:30,250] {taskinstance.py:1414} INFO - Exporting the following env vars:
AIRFLOW_CTX_DAG_EMAIL=Hassan@gmail.com
AIRFLOW_CTX_DAG_OWNER=Hassan
AIRFLOW_CTX_DAG_ID=sftp_raw_data_full_load_pipeline
AIRFLOW_CTX_TASK_ID=extract_from_file_data_9.csv
AIRFLOW_CTX_EXECUTION_DATE=2023-06-08T00:00:00+00:00
AIRFLOW_CTX_DAG_RUN_ID=scheduled__2023-06-08T00:00:00+00:00
[2023-06-09 16:52:33,074] {python.py:152} INFO - Done. Returned value was: None
[2023-06-09 16:52:34,839] {taskinstance.py:1280} INFO - Marking task as SUCCESS. dag_id=sftp_raw_data_full_load_pipeline, task_id=extract_from_file_data_9.csv, execution_date=20230608T000000, start_date=20230609T165228, end_date=20230609T165234
[2023-06-09 16:52:35,147] {local_task_job.py:154} INFO - Task exited with return code 0
[2023-06-09 16:52:37,856] {local_task_job.py:264} INFO - 1 downstream tasks scheduled from follow-on schedule check
