[2023-06-09 22:20:24,183] {taskinstance.py:1035} INFO - Dependencies all met for <TaskInstance: sftp_raw_data_inc_load_pipeline.extract_from_file_data_16.csv manual__2023-06-09T22:03:08.195880+00:00 [queued]>
[2023-06-09 22:20:24,355] {taskinstance.py:1035} INFO - Dependencies all met for <TaskInstance: sftp_raw_data_inc_load_pipeline.extract_from_file_data_16.csv manual__2023-06-09T22:03:08.195880+00:00 [queued]>
[2023-06-09 22:20:24,357] {taskinstance.py:1241} INFO - 
--------------------------------------------------------------------------------
[2023-06-09 22:20:24,358] {taskinstance.py:1242} INFO - Starting attempt 3 of 3
[2023-06-09 22:20:24,359] {taskinstance.py:1243} INFO - 
--------------------------------------------------------------------------------
[2023-06-09 22:20:24,716] {taskinstance.py:1262} INFO - Executing <Task(PythonOperator): extract_from_file_data_16.csv> on 2023-06-09 22:03:08.195880+00:00
[2023-06-09 22:20:24,738] {standard_task_runner.py:52} INFO - Started process 15825 to run task
[2023-06-09 22:20:24,769] {standard_task_runner.py:76} INFO - Running: ['***', 'tasks', 'run', 'sftp_raw_data_inc_load_pipeline', 'extract_from_file_data_16.csv', 'manual__2023-06-09T22:03:08.195880+00:00', '--job-id', '205', '--raw', '--subdir', 'DAGS_FOLDER/sftp_raw_data_inc_load_pipeline.py', '--cfg-path', '/tmp/tmplu9736va', '--error-file', '/tmp/tmpl5ain087']
[2023-06-09 22:20:24,785] {standard_task_runner.py:77} INFO - Job 205: Subtask extract_from_file_data_16.csv
[2023-06-09 22:20:24,965] {logging_mixin.py:109} INFO - Running <TaskInstance: sftp_raw_data_inc_load_pipeline.extract_from_file_data_16.csv manual__2023-06-09T22:03:08.195880+00:00 [running]> on host 6ba608d2de6e
[2023-06-09 22:20:25,262] {taskinstance.py:1414} INFO - Exporting the following env vars:
AIRFLOW_CTX_DAG_EMAIL=Hassan@gmail.com
AIRFLOW_CTX_DAG_OWNER=Hassan
AIRFLOW_CTX_DAG_ID=sftp_raw_data_inc_load_pipeline
AIRFLOW_CTX_TASK_ID=extract_from_file_data_16.csv
AIRFLOW_CTX_EXECUTION_DATE=2023-06-09T22:03:08.195880+00:00
AIRFLOW_CTX_DAG_RUN_ID=manual__2023-06-09T22:03:08.195880+00:00
[2023-06-09 22:20:26,730] {python.py:152} INFO - Done. Returned value was: None
[2023-06-09 22:20:26,888] {taskinstance.py:1280} INFO - Marking task as SUCCESS. dag_id=sftp_raw_data_inc_load_pipeline, task_id=extract_from_file_data_16.csv, execution_date=20230609T220308, start_date=20230609T222024, end_date=20230609T222026
[2023-06-09 22:20:27,215] {local_task_job.py:154} INFO - Task exited with return code 0
[2023-06-09 22:20:28,405] {local_task_job.py:264} INFO - 0 downstream tasks scheduled from follow-on schedule check
