[2023-06-09 22:28:56,299] {taskinstance.py:1035} INFO - Dependencies all met for <TaskInstance: sftp_raw_data_inc_load_pipeline.extract_from_file_data_16.csv manual__2023-06-09T22:03:08.195880+00:00 [queued]>
[2023-06-09 22:28:56,516] {taskinstance.py:1035} INFO - Dependencies all met for <TaskInstance: sftp_raw_data_inc_load_pipeline.extract_from_file_data_16.csv manual__2023-06-09T22:03:08.195880+00:00 [queued]>
[2023-06-09 22:28:56,517] {taskinstance.py:1241} INFO - 
--------------------------------------------------------------------------------
[2023-06-09 22:28:56,520] {taskinstance.py:1242} INFO - Starting attempt 5 of 5
[2023-06-09 22:28:56,523] {taskinstance.py:1243} INFO - 
--------------------------------------------------------------------------------
[2023-06-09 22:28:56,700] {taskinstance.py:1262} INFO - Executing <Task(PythonOperator): extract_from_file_data_16.csv> on 2023-06-09 22:03:08.195880+00:00
[2023-06-09 22:28:56,716] {standard_task_runner.py:52} INFO - Started process 17399 to run task
[2023-06-09 22:28:56,734] {standard_task_runner.py:76} INFO - Running: ['***', 'tasks', 'run', 'sftp_raw_data_inc_load_pipeline', 'extract_from_file_data_16.csv', 'manual__2023-06-09T22:03:08.195880+00:00', '--job-id', '277', '--raw', '--subdir', 'DAGS_FOLDER/sftp_raw_data_inc_load_pipeline.py', '--cfg-path', '/tmp/tmppfmjv69u', '--error-file', '/tmp/tmp6yhld7hf']
[2023-06-09 22:28:56,769] {standard_task_runner.py:77} INFO - Job 277: Subtask extract_from_file_data_16.csv
[2023-06-09 22:28:57,119] {logging_mixin.py:109} INFO - Running <TaskInstance: sftp_raw_data_inc_load_pipeline.extract_from_file_data_16.csv manual__2023-06-09T22:03:08.195880+00:00 [running]> on host 6ba608d2de6e
[2023-06-09 22:28:57,980] {taskinstance.py:1414} INFO - Exporting the following env vars:
AIRFLOW_CTX_DAG_EMAIL=Hassan@gmail.com
AIRFLOW_CTX_DAG_OWNER=Hassan
AIRFLOW_CTX_DAG_ID=sftp_raw_data_inc_load_pipeline
AIRFLOW_CTX_TASK_ID=extract_from_file_data_16.csv
AIRFLOW_CTX_EXECUTION_DATE=2023-06-09T22:03:08.195880+00:00
AIRFLOW_CTX_DAG_RUN_ID=manual__2023-06-09T22:03:08.195880+00:00
[2023-06-09 22:28:59,977] {python.py:152} INFO - Done. Returned value was: None
[2023-06-09 22:29:00,256] {taskinstance.py:1280} INFO - Marking task as SUCCESS. dag_id=sftp_raw_data_inc_load_pipeline, task_id=extract_from_file_data_16.csv, execution_date=20230609T220308, start_date=20230609T222856, end_date=20230609T222900
[2023-06-09 22:29:00,515] {local_task_job.py:154} INFO - Task exited with return code 0
[2023-06-09 22:29:00,789] {local_task_job.py:264} INFO - 1 downstream tasks scheduled from follow-on schedule check
